2.0719 	WARNING 	We strongly recommend you activate the PTB sound engine in PsychoPy prefs as the preferred audio engine. Its timing is vastly superior. Your prefs are currently set to use ['sounddevice', 'PTB', 'pyo', 'pygame'] (in that order).
10.6070 	EXP 	Created window1 = Window(allowGUI=True, allowStencil=False, autoLog=True, backendConf=UNKNOWN, bitsMode=UNKNOWN, blendMode='avg', bpc=(8, 8, 8), color=array([0, 0, 0]), colorSpace='rgb', depthBits=8, fullscr=<method-wrapper '__getattribute__' of attributeSetter object at 0x7fa092ee2520>, gamma=None, gammaErrorPolicy='raise', lms=UNKNOWN, monitor=<psychopy.monitors.calibTools.Monitor object at 0x7fa091468700>, multiSample=False, name='window1', numSamples=2, pos=(560, 350), screen=0, size=array([2240, 1400]), stencilBits=0, stereo=False, units='height', useFBO=True, useRetina=True, viewOri=0.0, viewPos=None, viewScale=None, waitBlanking=True, winType='pyglet')
10.6072 	EXP 	window1: mouseVisible = True
10.6072 	EXP 	window1: Attempting to measure frame rate of screen (0) ...
10.6072 	EXP 	window1: recordFrameIntervals = False
10.7752 	EXP 	window1: recordFrameIntervals = True
10.9589 	EXP 	Screen (0) actual frame rate measured at 60.01Hz
10.9590 	EXP 	window1: recordFrameIntervals = False
11.0070 	WARNING 	launchHubServer: If using the iohub mouse or eyetracker devices, fullScr should be True.
13.6409 	EXP 	window1: mouseVisible = True
13.6411 	EXP 	window1: mouseVisible = True
13.6411 	EXP 	window1: mouseVisible = True
13.7256 	EXP 	Created RecallIns = TextStim(__class__=<class 'psychopy.visual.text.TextStim'>, alignHoriz=method-wrapper(...), alignText='center', alignVert=method-wrapper(...), anchorHoriz='center', anchorVert='center', antialias=True, autoDraw=False, autoLog=True, bold=False, color=array([1., 1., 1.]), colorSpace='rgb', contrast=1.0, depth=0.0, flipHoriz=False, flipVert=False, font='Open Sans', fontFiles=[], height=0.05, italic=False, languageStyle='LTR', name='RecallIns', opacity=1.0, ori=0.0, pos=array([ 500., -500.]), rgb=UNKNOWN, text=str(...), units='height', win=Window(...), wrapWidth=1)
13.7274 	EXP 	Created Lettergrid = TextStim(__class__=<class 'psychopy.visual.text.TextStim'>, alignHoriz=method-wrapper(...), alignText='center', alignVert=method-wrapper(...), anchorHoriz='center', anchorVert='center', antialias=True, autoDraw=False, autoLog=True, bold=False, color=array([1., 1., 1.]), colorSpace='rgb', contrast=1.0, depth=-1.0, flipHoriz=False, flipVert=False, font='Open Sans', fontFiles=[], height=0.05, italic=False, languageStyle='LTR', name='Lettergrid', opacity=1.0, ori=0.0, pos=array([0., 0.]), rgb=UNKNOWN, text='', units='height', win=Window(...), wrapWidth=1)
13.7291 	EXP 	Created Lettergrid_2 = TextStim(__class__=<class 'psychopy.visual.text.TextStim'>, alignHoriz=method-wrapper(...), alignText='center', alignVert=method-wrapper(...), anchorHoriz='center', anchorVert='center', antialias=True, autoDraw=False, autoLog=True, bold=False, color=array([1., 1., 1.]), colorSpace='rgb', contrast=1.0, depth=-2.0, flipHoriz=False, flipVert=False, font='Open Sans', fontFiles=[], height=0.05, italic=False, languageStyle='LTR', name='Lettergrid_2', opacity=1.0, ori=0.0, pos=array([50.,  0.]), rgb=UNKNOWN, text='', units='height', win=Window(...), wrapWidth=1)
13.7309 	EXP 	Created Lettergrid_3 = TextStim(__class__=<class 'psychopy.visual.text.TextStim'>, alignHoriz=method-wrapper(...), alignText='center', alignVert=method-wrapper(...), anchorHoriz='center', anchorVert='center', antialias=True, autoDraw=False, autoLog=True, bold=False, color=array([1., 1., 1.]), colorSpace='rgb', contrast=1.0, depth=-3.0, flipHoriz=False, flipVert=False, font='Open Sans', fontFiles=[], height=0.05, italic=False, languageStyle='LTR', name='Lettergrid_3', opacity=1.0, ori=0.0, pos=array([100.,   0.]), rgb=UNKNOWN, text='', units='height', win=Window(...), wrapWidth=1)
13.7327 	EXP 	Created Lettergrid_4 = TextStim(__class__=<class 'psychopy.visual.text.TextStim'>, alignHoriz=method-wrapper(...), alignText='center', alignVert=method-wrapper(...), anchorHoriz='center', anchorVert='center', antialias=True, autoDraw=False, autoLog=True, bold=False, color=array([1., 1., 1.]), colorSpace='rgb', contrast=1.0, depth=-4.0, flipHoriz=False, flipVert=False, font='Open Sans', fontFiles=[], height=0.05, italic=False, languageStyle='LTR', name='Lettergrid_4', opacity=1.0, ori=0.0, pos=array([150.,   0.]), rgb=UNKNOWN, text='', units='height', win=Window(...), wrapWidth=1)
13.7457 	EXP 	Created text_3 = TextStim(__class__=<class 'psychopy.visual.text.TextStim'>, alignHoriz=method-wrapper(...), alignText='center', alignVert=method-wrapper(...), anchorHoriz='center', anchorVert='center', antialias=True, autoDraw=False, autoLog=True, bold=False, color=array([1., 1., 1.]), colorSpace='rgb', contrast=1.0, depth=-1.0, flipHoriz=False, flipVert=False, font='Open Sans', fontFiles=[], height=0.05, italic=False, languageStyle='LTR', name='text_3', opacity=1.0, ori=0.0, pos=array([0., 0.]), rgb=UNKNOWN, text=str(...), units='height', win=Window(...), wrapWidth=1)
13.7761 	EXP 	Created MathPracIns1 = TextStim(__class__=<class 'psychopy.visual.text.TextStim'>, alignHoriz=method-wrapper(...), alignText='center', alignVert=method-wrapper(...), anchorHoriz='center', anchorVert='center', antialias=True, autoDraw=False, autoLog=True, bold=False, color=array([1., 1., 1.]), colorSpace='rgb', contrast=1.0, depth=0.0, flipHoriz=False, flipVert=False, font='Open Sans', fontFiles=[], height=0.05, italic=False, languageStyle='LTR', name='MathPracIns1', opacity=1.0, ori=0.0, pos=array([0., 0.]), rgb=UNKNOWN, text=str(...), units='height', win=Window(...), wrapWidth=1)
13.7763 	EXP 	window1: mouseVisible = True
13.8124 	EXP 	Created MathInsPrac2 = TextStim(__class__=<class 'psychopy.visual.text.TextStim'>, alignHoriz=method-wrapper(...), alignText='center', alignVert=method-wrapper(...), anchorHoriz='center', anchorVert='center', antialias=True, autoDraw=False, autoLog=True, bold=False, color=array([1., 1., 1.]), colorSpace='rgb', contrast=1.0, depth=0.0, flipHoriz=False, flipVert=False, font='Open Sans', fontFiles=[], height=0.05, italic=False, languageStyle='LTR', name='MathInsPrac2', opacity=1.0, ori=0.0, pos=array([0., 0.]), rgb=UNKNOWN, text=str(...), units='height', win=Window(...), wrapWidth=1)
13.8125 	EXP 	window1: mouseVisible = True
13.8307 	EXP 	Created PracMathIns3 = TextStim(__class__=<class 'psychopy.visual.text.TextStim'>, alignHoriz=method-wrapper(...), alignText='center', alignVert=method-wrapper(...), anchorHoriz='center', anchorVert='center', antialias=True, autoDraw=False, autoLog=True, bold=False, color=array([1., 1., 1.]), colorSpace='rgb', contrast=1.0, depth=0.0, flipHoriz=False, flipVert=False, font='Open Sans', fontFiles=[], height=0.05, italic=False, languageStyle='LTR', name='PracMathIns3', opacity=1.0, ori=0.0, pos=array([0., 0.]), rgb=UNKNOWN, text=str(...), units='height', win=Window(...), wrapWidth=1)
13.8308 	EXP 	window1: mouseVisible = True
13.8334 	EXP 	Created blank500 = TextStim(__class__=<class 'psychopy.visual.text.TextStim'>, alignHoriz=method-wrapper(...), alignText='center', alignVert=method-wrapper(...), anchorHoriz='center', anchorVert='center', antialias=True, autoDraw=False, autoLog=True, bold=False, color=array([1., 1., 1.]), colorSpace='rgb', contrast=1.0, depth=0.0, flipHoriz=False, flipVert=False, font='Open Sans', fontFiles=[], height=0.05, italic=False, languageStyle='LTR', name='blank500', opacity=1.0, ori=0.0, pos=array([0., 0.]), rgb=UNKNOWN, text='', units='height', win=Window(...), wrapWidth=1)
13.8404 	EXP 	Created ContIns = TextStim(__class__=<class 'psychopy.visual.text.TextStim'>, alignHoriz=method-wrapper(...), alignText='center', alignVert=method-wrapper(...), anchorHoriz='center', anchorVert='center', antialias=True, autoDraw=False, autoLog=True, bold=False, color=array([1., 1., 1.]), colorSpace='rgb', contrast=1.0, depth=-2.0, flipHoriz=False, flipVert=False, font='Open Sans', fontFiles=[], height=0.05, italic=False, languageStyle='LTR', name='ContIns', opacity=1.0, ori=0.0, pos=array([0., 0.]), rgb=UNKNOWN, text=str(...), units='height', win=Window(...), wrapWidth=1)
13.8406 	EXP 	window1: mouseVisible = True
13.8442 	EXP 	Created isiPracMath2 = TextStim(__class__=<class 'psychopy.visual.text.TextStim'>, alignHoriz=method-wrapper(...), alignText='center', alignVert=method-wrapper(...), anchorHoriz='center', anchorVert='center', antialias=True, autoDraw=False, autoLog=True, bold=False, color=array([1., 1., 1.]), colorSpace='rgb', contrast=1.0, depth=0.0, flipHoriz=False, flipVert=False, font='Open Sans', fontFiles=[], height=0.05, italic=False, languageStyle='LTR', name='isiPracMath2', opacity=1.0, ori=0.0, pos=array([0., 0.]), rgb=UNKNOWN, text='+', units='height', win=Window(...), wrapWidth=1)
13.8507 	EXP 	Created testingText = TextStim(__class__=<class 'psychopy.visual.text.TextStim'>, alignHoriz=method-wrapper(...), alignText='center', alignVert=method-wrapper(...), anchorHoriz='center', anchorVert='center', antialias=True, autoDraw=False, autoLog=True, bold=False, color=array([1., 1., 1.]), colorSpace='rgb', contrast=1.0, depth=0.0, flipHoriz=False, flipVert=False, font='Open Sans', fontFiles=[], height=0.05, italic=False, languageStyle='LTR', name='testingText', opacity=1.0, ori=0.0, pos=array([0., 0.]), rgb=UNKNOWN, text='Experiment complete!', units='height', win=Window(...), wrapWidth=1)
23.7731 	DATA 	Mouse: Left button down, pos=(551,365)
23.8571 	DATA 	Mouse:  Left button up, pos=(551,365)
49.2240 	DATA 	Mouse: Left button down, pos=(734,185)
49.3088 	DATA 	Mouse:  Left button up, pos=(734,185)
50.1077 	DATA 	Mouse: wheel shift=(0,0), pos=(160,138)
50.1244 	DATA 	Mouse: wheel shift=(0,0), pos=(160,138)
50.1407 	DATA 	Mouse: wheel shift=(1,1), pos=(160,138)
50.1580 	DATA 	Mouse: wheel shift=(1,3), pos=(160,138)
50.1745 	DATA 	Mouse: wheel shift=(1,4), pos=(160,138)
50.1916 	DATA 	Mouse: wheel shift=(1,5), pos=(160,138)
50.2074 	DATA 	Mouse: wheel shift=(1,3), pos=(160,138)
50.2245 	DATA 	Mouse: wheel shift=(0,2), pos=(160,138)
50.2412 	DATA 	Mouse: wheel shift=(0,1), pos=(160,138)
50.2580 	DATA 	Mouse: wheel shift=(0,0), pos=(160,138)
50.2751 	DATA 	Mouse: wheel shift=(0,0), pos=(160,138)
50.2910 	DATA 	Mouse: wheel shift=(0,0), pos=(160,138)
50.3075 	DATA 	Mouse: wheel shift=(0,0), pos=(160,138)
50.3415 	DATA 	Mouse: wheel shift=(0,0), pos=(160,138)
50.3419 	DATA 	Mouse: wheel shift=(0,0), pos=(160,138)
50.8249 	DATA 	Mouse: Left button down, pos=(665,326)
50.9246 	DATA 	Mouse:  Left button up, pos=(665,326)
51.0580 	DATA 	Mouse: Left button down, pos=(665,326)
51.1746 	DATA 	Mouse:  Left button up, pos=(665,326)
51.4556 	DATA 	Keypress: space
51.6074 	DATA 	Keypress: space
51.7920 	DATA 	Keypress: space
52.1746 	DATA 	Mouse: Left button down, pos=(665,326)
52.3249 	DATA 	Mouse:  Left button up, pos=(665,326)
52.4411 	DATA 	Mouse: Left button down, pos=(665,326)
52.5579 	DATA 	Mouse:  Left button up, pos=(665,326)
52.7081 	DATA 	Mouse: Left button down, pos=(665,326)
52.8412 	DATA 	Mouse:  Left button up, pos=(665,326)
53.0245 	DATA 	Mouse: Left button down, pos=(665,326)
53.2080 	DATA 	Mouse:  Left button up, pos=(665,326)
53.6910 	DATA 	Keypress: return
54.5902 	DATA 	Mouse: Left button down, pos=(508,273)
54.6010 	EXP 	Imported practiceletters.xlsx as conditions, 1 conditions, 1 params
54.6043 	EXP 	Created sequence: random, trialTypes=1, nReps=4, seed=None
54.6055 	EXP 	New trial (rep=0, index=0): {'letters': "P'"}
54.6068 	EXP 	New trial (rep=1, index=0): {'letters': "P'"}
54.6082 	EXP 	New trial (rep=2, index=0): {'letters': "P'"}
54.6094 	EXP 	New trial (rep=3, index=0): {'letters': "P'"}
54.6275 	EXP 	window1: mouseVisible = True
