2.7898 	WARNING 	We strongly recommend you activate the PTB sound engine in PsychoPy prefs as the preferred audio engine. Its timing is vastly superior. Your prefs are currently set to use ['sounddevice', 'PTB', 'pyo', 'pygame'] (in that order).
12.4582 	WARNING 	User requested fullscreen with size [1024  768], but screen is actually [1680, 1050]. Using actual size
13.4777 	EXP 	Created window1 = Window(allowGUI=False, allowStencil=False, autoLog=True, backendConf=UNKNOWN, bitsMode=UNKNOWN, blendMode='avg', bpc=(8, 8, 8), color=array([0, 0, 0]), colorSpace='rgb', depthBits=8, fullscr=<method-wrapper '__getattribute__' of attributeSetter object at 0x7f7d91175670>, gamma=None, gammaErrorPolicy='raise', lms=UNKNOWN, monitor=<psychopy.monitors.calibTools.Monitor object at 0x7f7d8f3f88b0>, multiSample=False, name='window1', numSamples=2, pos=[420.0, 262.5], screen=0, size=array([3360, 2100]), stencilBits=0, stereo=False, units='height', useFBO=True, useRetina=True, viewOri=0.0, viewPos=None, viewScale=None, waitBlanking=True, winType='pyglet')
13.4779 	EXP 	window1: mouseVisible = True
13.4780 	EXP 	window1: Attempting to measure frame rate of screen (0) ...
13.4780 	EXP 	window1: recordFrameIntervals = False
13.6956 	EXP 	window1: recordFrameIntervals = True
13.9096 	EXP 	Screen (0) actual frame rate measured at 60.18Hz
13.9097 	EXP 	window1: recordFrameIntervals = False
16.8112 	EXP 	Created NBox = Rect(__class__=<class 'psychopy.visual.rect.Rect'>, anchor=('center', 'top'), autoDraw=False, autoLog=True, closeShape=True, color=method-wrapper(...), colorSpace='rgb', contrast=None, depth=0.0, fillColor=array([1, 1, 1]), fillColorSpace='rgb', fillRGB=array([1, 1, 1]), interpolate=True, lineColor=array([1., 1., 1.]), lineColorSpace='rgb', lineRGB=array([1, 1, 1]), lineWidth=1.0, name='NBox', opacity=1.0, ori=0.0, pos=array([0.5, 0. ]), size=array([0.25, 0.25]), units='height', vertices=ndarray(...), win=Window(...))
16.8140 	EXP 	Created SBox = Rect(__class__=<class 'psychopy.visual.rect.Rect'>, anchor=('center', 'top'), autoDraw=False, autoLog=True, closeShape=True, color=method-wrapper(...), colorSpace='rgb', contrast=None, depth=-1.0, fillColor=array([1, 1, 1]), fillColorSpace='rgb', fillRGB=array([1, 1, 1]), interpolate=True, lineColor=array([1., 1., 1.]), lineColorSpace='rgb', lineRGB=array([1, 1, 1]), lineWidth=1.0, name='SBox', opacity=1.0, ori=0.0, pos=array([-0.5,  0. ]), size=array([0.25, 0.25]), units='height', vertices=ndarray(...), win=Window(...))
16.8165 	EXP 	Created KBox = Rect(__class__=<class 'psychopy.visual.rect.Rect'>, anchor=('center', 'top'), autoDraw=False, autoLog=True, closeShape=True, color=method-wrapper(...), colorSpace='rgb', contrast=None, depth=-2.0, fillColor=array([1, 1, 1]), fillColorSpace='rgb', fillRGB=array([1, 1, 1]), interpolate=True, lineColor=array([1., 1., 1.]), lineColorSpace='rgb', lineRGB=array([1, 1, 1]), lineWidth=1.0, name='KBox', opacity=1.0, ori=0.0, pos=array([0., 0.]), size=array([0.25, 0.25]), units='height', vertices=ndarray(...), win=Window(...))
16.8169 	EXP 	window1: mouseVisible = True
16.8448 	EXP 	NBox: autoDraw = True
16.8448 	EXP 	SBox: autoDraw = True
16.8448 	EXP 	KBox: autoDraw = True
173.3138 	DATA 	Mouse: Left button down, pos=(366,398)
173.4265 	DATA 	Mouse:  Left button up, pos=(366,398)
174.7444 	DATA 	Mouse: Left button down, pos=(309,378)
175.0443 	DATA 	Mouse:  Left button up, pos=(308,376)
175.4904 	DATA 	Mouse: Left button down, pos=(303,383)
175.7230 	DATA 	Mouse:  Left button up, pos=(303,383)
176.0463 	DATA 	Mouse: Left button down, pos=(303,383)
176.2571 	DATA 	Mouse:  Left button up, pos=(303,383)
177.1421 	DATA 	Mouse: Left button down, pos=(826,395)
177.1668 	EXP 	KBox: color = 'blue'
177.1843 	EXP 	KBox: color = 'blue'
177.2018 	EXP 	KBox: color = 'blue'
177.2189 	EXP 	KBox: color = 'blue'
177.2358 	EXP 	KBox: color = 'blue'
177.2531 	EXP 	KBox: color = 'blue'
177.2703 	EXP 	KBox: color = 'blue'
177.2879 	EXP 	KBox: color = 'blue'
177.3057 	EXP 	KBox: color = 'blue'
177.3230 	EXP 	KBox: color = 'blue'
177.3411 	EXP 	KBox: color = 'blue'
177.3583 	EXP 	KBox: color = 'blue'
177.3782 	EXP 	KBox: color = 'blue'
177.3799 	DATA 	Mouse:  Left button up, pos=(826,395)
177.3954 	EXP 	KBox: color = 'blue'
177.4123 	EXP 	KBox: color = 'blue'
177.4302 	EXP 	KBox: color = 'blue'
177.4475 	EXP 	KBox: color = 'blue'
177.4650 	EXP 	KBox: color = 'blue'
177.4824 	EXP 	KBox: color = 'blue'
177.4994 	EXP 	KBox: color = 'blue'
177.5161 	EXP 	KBox: color = 'blue'
177.5331 	EXP 	KBox: color = 'blue'
177.5497 	EXP 	KBox: color = 'blue'
177.5662 	EXP 	KBox: color = 'blue'
177.5865 	EXP 	KBox: color = 'blue'
177.6059 	EXP 	KBox: color = 'blue'
177.6237 	EXP 	KBox: color = 'blue'
177.6424 	EXP 	KBox: color = 'blue'
177.6625 	EXP 	KBox: color = 'blue'
177.6799 	EXP 	KBox: color = 'blue'
177.6986 	EXP 	KBox: color = 'blue'
177.7220 	EXP 	KBox: color = 'blue'
177.7415 	EXP 	KBox: color = 'blue'
177.7614 	EXP 	KBox: color = 'blue'
177.7812 	EXP 	KBox: color = 'blue'
177.8031 	EXP 	KBox: color = 'blue'
177.8224 	EXP 	KBox: color = 'blue'
177.8422 	EXP 	KBox: color = 'blue'
177.8631 	EXP 	KBox: color = 'blue'
177.8824 	EXP 	KBox: color = 'blue'
177.9042 	EXP 	KBox: color = 'blue'
177.9239 	EXP 	KBox: color = 'blue'
177.9442 	EXP 	KBox: color = 'blue'
177.9632 	EXP 	KBox: color = 'blue'
177.9839 	EXP 	KBox: color = 'blue'
178.0035 	EXP 	KBox: color = 'blue'
178.0242 	EXP 	KBox: color = 'blue'
178.0460 	EXP 	KBox: color = 'blue'
178.0658 	EXP 	KBox: color = 'blue'
178.0853 	EXP 	KBox: color = 'blue'
178.1067 	EXP 	KBox: color = 'blue'
178.1235 	EXP 	KBox: color = 'blue'
178.1454 	EXP 	KBox: color = 'blue'
178.1633 	EXP 	KBox: color = 'blue'
178.1826 	EXP 	KBox: color = 'blue'
178.2026 	EXP 	KBox: color = 'blue'
178.2247 	EXP 	KBox: color = 'blue'
178.2402 	EXP 	KBox: color = 'blue'
178.2586 	EXP 	KBox: color = 'blue'
178.2785 	EXP 	KBox: color = 'blue'
178.2950 	EXP 	KBox: color = 'blue'
178.3132 	EXP 	KBox: color = 'blue'
178.3304 	EXP 	KBox: color = 'blue'
178.3468 	EXP 	KBox: color = 'blue'
178.3640 	EXP 	KBox: color = 'blue'
178.3811 	EXP 	KBox: color = 'blue'
178.3987 	EXP 	KBox: color = 'blue'
178.4070 	DATA 	Mouse: Left button down, pos=(1334,406)
178.4177 	EXP 	KBox: color = 'blue'
178.4357 	EXP 	KBox: color = 'blue'
178.4543 	EXP 	KBox: color = 'blue'
178.4729 	EXP 	KBox: color = 'blue'
178.4914 	EXP 	KBox: color = 'blue'
178.5121 	EXP 	KBox: color = 'blue'
178.5317 	EXP 	KBox: color = 'blue'
178.5508 	EXP 	KBox: color = 'blue'
178.5698 	EXP 	KBox: color = 'blue'
178.5877 	EXP 	KBox: color = 'blue'
178.5909 	DATA 	Mouse:  Left button up, pos=(1334,406)
178.6062 	EXP 	KBox: color = 'blue'
178.6227 	EXP 	KBox: color = 'blue'
178.6394 	EXP 	KBox: color = 'blue'
178.6558 	EXP 	KBox: color = 'blue'
178.6723 	EXP 	KBox: color = 'blue'
178.6888 	EXP 	KBox: color = 'blue'
178.7055 	EXP 	KBox: color = 'blue'
178.7217 	EXP 	KBox: color = 'blue'
178.7382 	EXP 	KBox: color = 'blue'
178.7549 	EXP 	KBox: color = 'blue'
178.7713 	EXP 	KBox: color = 'blue'
178.7882 	EXP 	KBox: color = 'blue'
178.8048 	EXP 	KBox: color = 'blue'
178.8212 	EXP 	KBox: color = 'blue'
178.8383 	EXP 	KBox: color = 'blue'
178.8552 	EXP 	KBox: color = 'blue'
178.8724 	EXP 	KBox: color = 'blue'
178.8896 	EXP 	KBox: color = 'blue'
178.9066 	EXP 	KBox: color = 'blue'
178.9237 	EXP 	KBox: color = 'blue'
178.9265 	DATA 	Mouse: Left button down, pos=(1334,406)
178.9447 	EXP 	KBox: color = 'blue'
178.9610 	EXP 	KBox: color = 'blue'
178.9803 	EXP 	KBox: color = 'blue'
179.0013 	EXP 	KBox: color = 'blue'
179.0213 	EXP 	KBox: color = 'blue'
179.0403 	EXP 	KBox: color = 'blue'
179.0592 	EXP 	KBox: color = 'blue'
179.0787 	EXP 	KBox: color = 'blue'
179.0975 	EXP 	KBox: color = 'blue'
179.1179 	EXP 	KBox: color = 'blue'
179.1371 	EXP 	KBox: color = 'blue'
179.1561 	EXP 	KBox: color = 'blue'
179.1756 	EXP 	KBox: color = 'blue'
179.1962 	EXP 	KBox: color = 'blue'
179.2148 	EXP 	KBox: color = 'blue'
179.2353 	EXP 	KBox: color = 'blue'
179.2402 	DATA 	Mouse:  Left button up, pos=(1334,411)
179.2561 	EXP 	KBox: color = 'blue'
179.2746 	EXP 	KBox: color = 'blue'
179.2942 	EXP 	KBox: color = 'blue'
179.3108 	EXP 	KBox: color = 'blue'
179.3282 	EXP 	KBox: color = 'blue'
179.3445 	EXP 	KBox: color = 'blue'
179.3627 	EXP 	KBox: color = 'blue'
179.3796 	EXP 	KBox: color = 'blue'
179.3965 	EXP 	KBox: color = 'blue'
179.4133 	EXP 	KBox: color = 'blue'
179.4303 	EXP 	KBox: color = 'blue'
179.4475 	EXP 	KBox: color = 'blue'
179.4648 	EXP 	KBox: color = 'blue'
179.4818 	EXP 	KBox: color = 'blue'
179.4995 	EXP 	KBox: color = 'blue'
179.5159 	EXP 	KBox: color = 'blue'
179.5327 	EXP 	KBox: color = 'blue'
179.5494 	EXP 	KBox: color = 'blue'
179.5661 	EXP 	KBox: color = 'blue'
179.5831 	EXP 	KBox: color = 'blue'
179.5998 	EXP 	KBox: color = 'blue'
179.6168 	EXP 	KBox: color = 'blue'
179.6340 	EXP 	KBox: color = 'blue'
179.6508 	EXP 	KBox: color = 'blue'
179.6675 	EXP 	KBox: color = 'blue'
179.6842 	EXP 	KBox: color = 'blue'
179.7010 	EXP 	KBox: color = 'blue'
179.7178 	EXP 	KBox: color = 'blue'
179.7347 	EXP 	KBox: color = 'blue'
179.7514 	EXP 	KBox: color = 'blue'
179.7680 	EXP 	KBox: color = 'blue'
179.7850 	EXP 	KBox: color = 'blue'
179.8018 	EXP 	KBox: color = 'blue'
179.8189 	EXP 	KBox: color = 'blue'
179.8360 	EXP 	KBox: color = 'blue'
179.8530 	EXP 	KBox: color = 'blue'
179.8702 	EXP 	KBox: color = 'blue'
179.8876 	EXP 	KBox: color = 'blue'
179.9046 	EXP 	KBox: color = 'blue'
179.9214 	EXP 	KBox: color = 'blue'
179.9387 	EXP 	KBox: color = 'blue'
179.9555 	EXP 	KBox: color = 'blue'
179.9722 	EXP 	KBox: color = 'blue'
179.9889 	EXP 	KBox: color = 'blue'
180.0056 	EXP 	KBox: color = 'blue'
180.0224 	EXP 	KBox: color = 'blue'
180.0399 	EXP 	KBox: color = 'blue'
180.0564 	EXP 	KBox: color = 'blue'
180.0729 	EXP 	KBox: color = 'blue'
180.0905 	EXP 	KBox: color = 'blue'
180.1072 	EXP 	KBox: color = 'blue'
180.1268 	EXP 	KBox: color = 'blue'
180.1445 	EXP 	KBox: color = 'blue'
180.1620 	EXP 	KBox: color = 'blue'
180.1807 	EXP 	KBox: color = 'blue'
180.1976 	EXP 	KBox: color = 'blue'
180.2153 	EXP 	KBox: color = 'blue'
180.2319 	EXP 	KBox: color = 'blue'
180.2488 	EXP 	KBox: color = 'blue'
180.2658 	EXP 	KBox: color = 'blue'
180.2836 	EXP 	KBox: color = 'blue'
180.3004 	EXP 	KBox: color = 'blue'
180.3169 	EXP 	KBox: color = 'blue'
180.3351 	EXP 	KBox: color = 'blue'
180.3522 	EXP 	KBox: color = 'blue'
180.3693 	EXP 	KBox: color = 'blue'
180.3861 	EXP 	KBox: color = 'blue'
180.4031 	EXP 	KBox: color = 'blue'
180.4202 	EXP 	KBox: color = 'blue'
180.4368 	EXP 	KBox: color = 'blue'
180.4539 	EXP 	KBox: color = 'blue'
180.4704 	EXP 	KBox: color = 'blue'
180.4869 	EXP 	KBox: color = 'blue'
180.5037 	EXP 	KBox: color = 'blue'
180.5202 	EXP 	KBox: color = 'blue'
180.5371 	EXP 	KBox: color = 'blue'
180.5539 	EXP 	KBox: color = 'blue'
180.5703 	EXP 	KBox: color = 'blue'
180.5872 	EXP 	KBox: color = 'blue'
180.6042 	EXP 	KBox: color = 'blue'
180.6212 	EXP 	KBox: color = 'blue'
180.6381 	EXP 	KBox: color = 'blue'
180.6548 	EXP 	KBox: color = 'blue'
180.6715 	EXP 	KBox: color = 'blue'
180.6884 	EXP 	KBox: color = 'blue'
180.7056 	EXP 	KBox: color = 'blue'
180.7221 	EXP 	KBox: color = 'blue'
180.7392 	EXP 	KBox: color = 'blue'
180.7561 	EXP 	KBox: color = 'blue'
180.7729 	EXP 	KBox: color = 'blue'
180.7903 	EXP 	KBox: color = 'blue'
180.8070 	EXP 	KBox: color = 'blue'
180.8238 	EXP 	KBox: color = 'blue'
180.8403 	EXP 	KBox: color = 'blue'
180.8602 	EXP 	KBox: color = 'blue'
180.8780 	EXP 	KBox: color = 'blue'
180.8938 	EXP 	KBox: color = 'blue'
180.9110 	EXP 	KBox: color = 'blue'
180.9281 	EXP 	KBox: color = 'blue'
180.9456 	EXP 	KBox: color = 'blue'
180.9626 	EXP 	KBox: color = 'blue'
180.9800 	EXP 	KBox: color = 'blue'
180.9976 	EXP 	KBox: color = 'blue'
181.0150 	EXP 	KBox: color = 'blue'
181.0323 	EXP 	KBox: color = 'blue'
181.0510 	EXP 	KBox: color = 'blue'
181.0686 	EXP 	KBox: color = 'blue'
181.0871 	EXP 	KBox: color = 'blue'
181.1079 	EXP 	KBox: color = 'blue'
181.1219 	EXP 	KBox: color = 'blue'
181.1408 	EXP 	KBox: color = 'blue'
181.1620 	EXP 	KBox: color = 'blue'
181.1791 	EXP 	KBox: color = 'blue'
181.1982 	EXP 	KBox: color = 'blue'
181.2145 	EXP 	KBox: color = 'blue'
181.2337 	EXP 	KBox: color = 'blue'
181.2516 	EXP 	KBox: color = 'blue'
181.2697 	EXP 	KBox: color = 'blue'
181.2880 	EXP 	KBox: color = 'blue'
181.3068 	EXP 	KBox: color = 'blue'
181.3237 	EXP 	KBox: color = 'blue'
181.3260 	DATA 	Mouse: Left button down, pos=(1348,394)
181.3422 	EXP 	KBox: color = 'blue'
181.3620 	EXP 	KBox: color = 'blue'
181.3811 	EXP 	KBox: color = 'blue'
181.3994 	EXP 	KBox: color = 'blue'
181.4170 	EXP 	KBox: color = 'blue'
181.4350 	EXP 	KBox: color = 'blue'
181.4524 	EXP 	KBox: color = 'blue'
181.4700 	EXP 	KBox: color = 'blue'
181.4881 	EXP 	KBox: color = 'blue'
181.5057 	EXP 	KBox: color = 'blue'
181.5233 	EXP 	KBox: color = 'blue'
181.5407 	EXP 	KBox: color = 'blue'
181.5612 	EXP 	KBox: color = 'blue'
181.5778 	EXP 	KBox: color = 'blue'
181.5957 	EXP 	KBox: color = 'blue'
181.6138 	EXP 	KBox: color = 'blue'
181.6326 	EXP 	KBox: color = 'blue'
181.6421 	DATA 	Mouse:  Left button up, pos=(1349,409)
181.6527 	EXP 	KBox: color = 'blue'
181.6693 	EXP 	KBox: color = 'blue'
181.6861 	EXP 	KBox: color = 'blue'
181.7027 	EXP 	KBox: color = 'blue'
181.7196 	EXP 	KBox: color = 'blue'
181.7367 	EXP 	KBox: color = 'blue'
181.7540 	EXP 	KBox: color = 'blue'
181.7706 	EXP 	KBox: color = 'blue'
181.7881 	EXP 	KBox: color = 'blue'
181.8054 	EXP 	KBox: color = 'blue'
181.8248 	EXP 	KBox: color = 'blue'
181.8450 	EXP 	KBox: color = 'blue'
181.8623 	EXP 	KBox: color = 'blue'
181.8814 	EXP 	KBox: color = 'blue'
181.8997 	EXP 	KBox: color = 'blue'
181.9181 	EXP 	KBox: color = 'blue'
181.9358 	EXP 	KBox: color = 'blue'
181.9540 	EXP 	KBox: color = 'blue'
181.9720 	EXP 	KBox: color = 'blue'
181.9900 	EXP 	KBox: color = 'blue'
182.0079 	EXP 	KBox: color = 'blue'
182.0282 	EXP 	KBox: color = 'blue'
182.0445 	EXP 	KBox: color = 'blue'
182.0637 	EXP 	KBox: color = 'blue'
182.0803 	EXP 	KBox: color = 'blue'
182.0985 	EXP 	KBox: color = 'blue'
182.1158 	EXP 	KBox: color = 'blue'
182.1337 	EXP 	KBox: color = 'blue'
182.1526 	EXP 	KBox: color = 'blue'
182.1709 	EXP 	KBox: color = 'blue'
182.1885 	EXP 	KBox: color = 'blue'
182.2084 	EXP 	KBox: color = 'blue'
182.2231 	EXP 	KBox: color = 'blue'
182.2436 	EXP 	KBox: color = 'blue'
182.2618 	EXP 	KBox: color = 'blue'
182.2786 	EXP 	KBox: color = 'blue'
182.2977 	EXP 	KBox: color = 'blue'
182.3158 	EXP 	KBox: color = 'blue'
182.3344 	EXP 	KBox: color = 'blue'
182.3524 	EXP 	KBox: color = 'blue'
182.3719 	EXP 	KBox: color = 'blue'
182.3907 	EXP 	KBox: color = 'blue'
182.3934 	DATA 	Mouse: Left button down, pos=(1298,343)
182.4124 	EXP 	KBox: color = 'blue'
182.4330 	EXP 	KBox: color = 'blue'
182.4521 	EXP 	KBox: color = 'blue'
182.4717 	EXP 	KBox: color = 'blue'
182.4915 	EXP 	KBox: color = 'blue'
182.5119 	EXP 	KBox: color = 'blue'
182.5348 	EXP 	KBox: color = 'blue'
182.5543 	EXP 	KBox: color = 'blue'
182.5748 	EXP 	KBox: color = 'blue'
182.5946 	EXP 	KBox: color = 'blue'
182.6154 	EXP 	KBox: color = 'blue'
182.6374 	EXP 	KBox: color = 'blue'
182.6414 	DATA 	Mouse:  Left button up, pos=(1298,343)
182.6578 	EXP 	KBox: color = 'blue'
182.6757 	EXP 	KBox: color = 'blue'
182.6954 	EXP 	KBox: color = 'blue'
182.7114 	EXP 	KBox: color = 'blue'
182.7290 	EXP 	KBox: color = 'blue'
182.7490 	EXP 	KBox: color = 'blue'
182.7670 	EXP 	KBox: color = 'blue'
182.7849 	EXP 	KBox: color = 'blue'
182.8020 	EXP 	KBox: color = 'blue'
182.8195 	EXP 	KBox: color = 'blue'
182.8409 	EXP 	KBox: color = 'blue'
182.8636 	EXP 	KBox: color = 'blue'
182.8921 	EXP 	KBox: color = 'blue'
182.9135 	EXP 	KBox: color = 'blue'
182.9354 	EXP 	KBox: color = 'blue'
182.9566 	EXP 	KBox: color = 'blue'
182.9788 	EXP 	KBox: color = 'blue'
183.0005 	EXP 	KBox: color = 'blue'
183.0240 	EXP 	KBox: color = 'blue'
183.0425 	EXP 	KBox: color = 'blue'
183.0647 	EXP 	KBox: color = 'blue'
183.0834 	EXP 	KBox: color = 'blue'
183.1043 	EXP 	KBox: color = 'blue'
183.1262 	EXP 	KBox: color = 'blue'
183.1452 	EXP 	KBox: color = 'blue'
183.1617 	EXP 	KBox: color = 'blue'
183.1789 	EXP 	KBox: color = 'blue'
183.1960 	EXP 	KBox: color = 'blue'
183.2158 	EXP 	KBox: color = 'blue'
183.2328 	EXP 	KBox: color = 'blue'
183.2519 	EXP 	KBox: color = 'blue'
183.2686 	EXP 	KBox: color = 'blue'
183.2867 	EXP 	KBox: color = 'blue'
183.3062 	EXP 	KBox: color = 'blue'
183.3245 	EXP 	KBox: color = 'blue'
183.3450 	EXP 	KBox: color = 'blue'
183.3676 	EXP 	KBox: color = 'blue'
183.3870 	EXP 	KBox: color = 'blue'
183.4074 	EXP 	KBox: color = 'blue'
183.4257 	EXP 	KBox: color = 'blue'
183.4454 	EXP 	KBox: color = 'blue'
183.4625 	EXP 	KBox: color = 'blue'
183.4801 	EXP 	KBox: color = 'blue'
183.4970 	EXP 	KBox: color = 'blue'
183.5152 	EXP 	KBox: color = 'blue'
183.5338 	EXP 	KBox: color = 'blue'
183.5534 	EXP 	KBox: color = 'blue'
183.5729 	EXP 	KBox: color = 'blue'
183.5915 	EXP 	KBox: color = 'blue'
183.6118 	EXP 	KBox: color = 'blue'
183.6303 	EXP 	KBox: color = 'blue'
183.6498 	EXP 	KBox: color = 'blue'
183.6672 	EXP 	KBox: color = 'blue'
183.6852 	EXP 	KBox: color = 'blue'
183.7051 	EXP 	KBox: color = 'blue'
183.7245 	EXP 	KBox: color = 'blue'
183.7453 	EXP 	KBox: color = 'blue'
183.7647 	EXP 	KBox: color = 'blue'
183.7856 	EXP 	KBox: color = 'blue'
183.8068 	EXP 	KBox: color = 'blue'
183.8266 	EXP 	KBox: color = 'blue'
183.8474 	EXP 	KBox: color = 'blue'
183.8674 	EXP 	KBox: color = 'blue'
183.8883 	EXP 	KBox: color = 'blue'
183.9099 	EXP 	KBox: color = 'blue'
183.9290 	EXP 	KBox: color = 'blue'
183.9486 	EXP 	KBox: color = 'blue'
183.9678 	EXP 	KBox: color = 'blue'
183.9875 	EXP 	KBox: color = 'blue'
184.0059 	EXP 	KBox: color = 'blue'
184.0245 	EXP 	KBox: color = 'blue'
184.0437 	EXP 	KBox: color = 'blue'
184.0623 	EXP 	KBox: color = 'blue'
184.0812 	EXP 	KBox: color = 'blue'
184.0995 	EXP 	KBox: color = 'blue'
184.1180 	EXP 	KBox: color = 'blue'
184.1370 	EXP 	KBox: color = 'blue'
184.1555 	EXP 	KBox: color = 'blue'
184.1747 	EXP 	KBox: color = 'blue'
184.1934 	EXP 	KBox: color = 'blue'
184.2132 	EXP 	KBox: color = 'blue'
184.2328 	EXP 	KBox: color = 'blue'
184.2506 	EXP 	KBox: color = 'blue'
184.2590 	DATA 	Mouse: Left button down, pos=(280,414)
184.2701 	EXP 	KBox: color = 'blue'
184.2904 	EXP 	KBox: color = 'blue'
184.3115 	EXP 	KBox: color = 'blue'
184.3312 	EXP 	KBox: color = 'blue'
184.3499 	EXP 	KBox: color = 'blue'
184.3693 	EXP 	KBox: color = 'blue'
184.3883 	EXP 	KBox: color = 'blue'
184.4083 	EXP 	KBox: color = 'blue'
184.4269 	EXP 	KBox: color = 'blue'
184.4463 	EXP 	KBox: color = 'blue'
184.4493 	DATA 	Mouse:  Left button up, pos=(280,414)
184.4656 	EXP 	KBox: color = 'blue'
184.4842 	EXP 	KBox: color = 'blue'
184.5024 	EXP 	KBox: color = 'blue'
184.5206 	EXP 	KBox: color = 'blue'
184.5394 	EXP 	KBox: color = 'blue'
184.5574 	EXP 	KBox: color = 'blue'
184.5747 	EXP 	KBox: color = 'blue'
184.5956 	EXP 	KBox: color = 'blue'
184.6121 	EXP 	KBox: color = 'blue'
184.6302 	EXP 	KBox: color = 'blue'
184.6491 	EXP 	KBox: color = 'blue'
184.6676 	EXP 	KBox: color = 'blue'
184.6856 	EXP 	KBox: color = 'blue'
184.7038 	EXP 	KBox: color = 'blue'
184.7216 	EXP 	KBox: color = 'blue'
184.7399 	EXP 	KBox: color = 'blue'
184.7570 	EXP 	KBox: color = 'blue'
184.7742 	EXP 	KBox: color = 'blue'
184.7947 	EXP 	KBox: color = 'blue'
184.8125 	EXP 	KBox: color = 'blue'
184.8309 	EXP 	KBox: color = 'blue'
184.8488 	EXP 	KBox: color = 'blue'
184.8668 	EXP 	KBox: color = 'blue'
184.8843 	EXP 	KBox: color = 'blue'
184.9019 	EXP 	KBox: color = 'blue'
184.9201 	EXP 	KBox: color = 'blue'
184.9384 	EXP 	KBox: color = 'blue'
184.9567 	EXP 	KBox: color = 'blue'
184.9738 	EXP 	KBox: color = 'blue'
184.9913 	EXP 	KBox: color = 'blue'
185.0122 	EXP 	KBox: color = 'blue'
185.0294 	EXP 	KBox: color = 'blue'
185.0482 	EXP 	KBox: color = 'blue'
185.0665 	EXP 	KBox: color = 'blue'
185.0825 	EXP 	KBox: color = 'blue'
185.1010 	EXP 	KBox: color = 'blue'
185.1194 	EXP 	KBox: color = 'blue'
185.1375 	EXP 	KBox: color = 'blue'
185.1557 	EXP 	KBox: color = 'blue'
185.1742 	EXP 	KBox: color = 'blue'
185.1920 	EXP 	KBox: color = 'blue'
185.2120 	EXP 	KBox: color = 'blue'
185.2294 	EXP 	KBox: color = 'blue'
185.2472 	EXP 	KBox: color = 'blue'
185.2649 	EXP 	KBox: color = 'blue'
185.2830 	EXP 	KBox: color = 'blue'
185.3020 	EXP 	KBox: color = 'blue'
185.3206 	EXP 	KBox: color = 'blue'
185.3412 	EXP 	KBox: color = 'blue'
185.3577 	EXP 	KBox: color = 'blue'
185.3782 	EXP 	KBox: color = 'blue'
185.3961 	EXP 	KBox: color = 'blue'
185.4139 	EXP 	KBox: color = 'blue'
185.4325 	EXP 	KBox: color = 'blue'
185.4518 	EXP 	KBox: color = 'blue'
185.4694 	EXP 	KBox: color = 'blue'
185.4874 	EXP 	KBox: color = 'blue'
185.5063 	EXP 	KBox: color = 'blue'
185.5245 	EXP 	KBox: color = 'blue'
185.5425 	EXP 	KBox: color = 'blue'
185.5622 	EXP 	KBox: color = 'blue'
185.5794 	EXP 	KBox: color = 'blue'
185.5967 	EXP 	KBox: color = 'blue'
185.6151 	EXP 	KBox: color = 'blue'
185.6329 	EXP 	KBox: color = 'blue'
185.6504 	EXP 	KBox: color = 'blue'
185.6682 	EXP 	KBox: color = 'blue'
185.6864 	EXP 	KBox: color = 'blue'
185.7047 	EXP 	KBox: color = 'blue'
185.7226 	EXP 	KBox: color = 'blue'
185.7410 	EXP 	KBox: color = 'blue'
185.7623 	EXP 	KBox: color = 'blue'
185.7779 	EXP 	KBox: color = 'blue'
185.7965 	EXP 	KBox: color = 'blue'
185.8148 	EXP 	KBox: color = 'blue'
185.8326 	EXP 	KBox: color = 'blue'
185.8509 	EXP 	KBox: color = 'blue'
185.8687 	EXP 	KBox: color = 'blue'
185.8874 	EXP 	KBox: color = 'blue'
185.9056 	EXP 	KBox: color = 'blue'
185.9234 	EXP 	KBox: color = 'blue'
185.9409 	EXP 	KBox: color = 'blue'
185.9609 	EXP 	KBox: color = 'blue'
185.9786 	EXP 	KBox: color = 'blue'
185.9971 	EXP 	KBox: color = 'blue'
186.0150 	EXP 	KBox: color = 'blue'
186.0330 	EXP 	KBox: color = 'blue'
186.0506 	EXP 	KBox: color = 'blue'
186.0682 	EXP 	KBox: color = 'blue'
186.0870 	EXP 	KBox: color = 'blue'
186.1050 	EXP 	KBox: color = 'blue'
186.1232 	EXP 	KBox: color = 'blue'
186.1410 	EXP 	KBox: color = 'blue'
186.1583 	EXP 	KBox: color = 'blue'
186.1790 	EXP 	KBox: color = 'blue'
186.1957 	EXP 	KBox: color = 'blue'
186.2122 	EXP 	KBox: color = 'blue'
186.2290 	EXP 	KBox: color = 'blue'
186.2462 	EXP 	KBox: color = 'blue'
186.2634 	EXP 	KBox: color = 'blue'
186.2808 	EXP 	KBox: color = 'blue'
186.2982 	EXP 	KBox: color = 'blue'
186.3149 	EXP 	KBox: color = 'blue'
186.3319 	EXP 	KBox: color = 'blue'
186.3499 	EXP 	KBox: color = 'blue'
186.3668 	EXP 	KBox: color = 'blue'
186.3839 	EXP 	KBox: color = 'blue'
186.4000 	EXP 	KBox: color = 'blue'
186.4166 	EXP 	KBox: color = 'blue'
186.4335 	EXP 	KBox: color = 'blue'
186.4505 	EXP 	KBox: color = 'blue'
186.4674 	EXP 	KBox: color = 'blue'
186.4836 	EXP 	KBox: color = 'blue'
186.5003 	EXP 	KBox: color = 'blue'
186.5177 	EXP 	KBox: color = 'blue'
186.5370 	EXP 	KBox: color = 'blue'
186.5540 	EXP 	KBox: color = 'blue'
186.5702 	EXP 	KBox: color = 'blue'
186.5864 	EXP 	KBox: color = 'blue'
186.6030 	EXP 	KBox: color = 'blue'
186.6197 	EXP 	KBox: color = 'blue'
186.6377 	EXP 	KBox: color = 'blue'
186.6546 	EXP 	KBox: color = 'blue'
186.6715 	EXP 	KBox: color = 'blue'
186.6885 	EXP 	KBox: color = 'blue'
186.7054 	EXP 	KBox: color = 'blue'
186.7222 	EXP 	KBox: color = 'blue'
186.7391 	EXP 	KBox: color = 'blue'
186.7558 	EXP 	KBox: color = 'blue'
186.7728 	EXP 	KBox: color = 'blue'
186.7896 	EXP 	KBox: color = 'blue'
186.8066 	EXP 	KBox: color = 'blue'
186.8235 	EXP 	KBox: color = 'blue'
186.8403 	EXP 	KBox: color = 'blue'
186.8567 	EXP 	KBox: color = 'blue'
186.8764 	EXP 	KBox: color = 'blue'
186.8945 	EXP 	KBox: color = 'blue'
186.9107 	EXP 	KBox: color = 'blue'
186.9284 	EXP 	KBox: color = 'blue'
186.9462 	EXP 	KBox: color = 'blue'
186.9637 	EXP 	KBox: color = 'blue'
186.9803 	EXP 	KBox: color = 'blue'
186.9971 	EXP 	KBox: color = 'blue'
187.0142 	EXP 	KBox: color = 'blue'
187.0312 	EXP 	KBox: color = 'blue'
187.0485 	EXP 	KBox: color = 'blue'
187.0650 	EXP 	KBox: color = 'blue'
187.0818 	EXP 	KBox: color = 'blue'
187.0992 	EXP 	KBox: color = 'blue'
187.1164 	EXP 	KBox: color = 'blue'
187.1334 	EXP 	KBox: color = 'blue'
187.1500 	EXP 	KBox: color = 'blue'
187.1666 	EXP 	KBox: color = 'blue'
187.1836 	EXP 	KBox: color = 'blue'
187.2005 	EXP 	KBox: color = 'blue'
187.2172 	EXP 	KBox: color = 'blue'
187.2340 	EXP 	KBox: color = 'blue'
187.2505 	EXP 	KBox: color = 'blue'
187.2672 	EXP 	KBox: color = 'blue'
187.2838 	EXP 	KBox: color = 'blue'
187.3003 	EXP 	KBox: color = 'blue'
187.3167 	EXP 	KBox: color = 'blue'
187.3342 	EXP 	KBox: color = 'blue'
187.3515 	EXP 	KBox: color = 'blue'
187.3677 	EXP 	KBox: color = 'blue'
187.3843 	EXP 	KBox: color = 'blue'
187.4011 	EXP 	KBox: color = 'blue'
187.4175 	EXP 	KBox: color = 'blue'
187.4342 	EXP 	KBox: color = 'blue'
187.4509 	EXP 	KBox: color = 'blue'
187.4676 	EXP 	KBox: color = 'blue'
187.4845 	EXP 	KBox: color = 'blue'
187.5008 	EXP 	KBox: color = 'blue'
187.5175 	EXP 	KBox: color = 'blue'
187.5343 	EXP 	KBox: color = 'blue'
187.5512 	EXP 	KBox: color = 'blue'
187.5681 	EXP 	KBox: color = 'blue'
187.5848 	EXP 	KBox: color = 'blue'
187.6017 	EXP 	KBox: color = 'blue'
187.6186 	EXP 	KBox: color = 'blue'
187.6358 	EXP 	KBox: color = 'blue'
187.6530 	EXP 	KBox: color = 'blue'
187.6695 	EXP 	KBox: color = 'blue'
187.6860 	EXP 	KBox: color = 'blue'
187.7036 	EXP 	KBox: color = 'blue'
187.7204 	EXP 	KBox: color = 'blue'
187.7372 	EXP 	KBox: color = 'blue'
187.7543 	EXP 	KBox: color = 'blue'
187.7715 	EXP 	KBox: color = 'blue'
187.7892 	EXP 	KBox: color = 'blue'
187.8062 	EXP 	KBox: color = 'blue'
187.8229 	EXP 	KBox: color = 'blue'
187.8402 	EXP 	KBox: color = 'blue'
187.8568 	EXP 	KBox: color = 'blue'
187.8735 	EXP 	KBox: color = 'blue'
187.8899 	EXP 	KBox: color = 'blue'
187.9088 	EXP 	KBox: color = 'blue'
187.9250 	EXP 	KBox: color = 'blue'
187.9442 	EXP 	KBox: color = 'blue'
187.9603 	EXP 	KBox: color = 'blue'
187.9784 	EXP 	KBox: color = 'blue'
187.9960 	EXP 	KBox: color = 'blue'
188.0134 	EXP 	KBox: color = 'blue'
188.0309 	EXP 	KBox: color = 'blue'
188.0484 	EXP 	KBox: color = 'blue'
188.0652 	EXP 	KBox: color = 'blue'
188.0820 	EXP 	KBox: color = 'blue'
188.0989 	EXP 	KBox: color = 'blue'
188.1164 	EXP 	KBox: color = 'blue'
188.1336 	EXP 	KBox: color = 'blue'
188.1505 	EXP 	KBox: color = 'blue'
188.1676 	EXP 	KBox: color = 'blue'
188.1852 	EXP 	KBox: color = 'blue'
188.2020 	EXP 	KBox: color = 'blue'
188.2188 	EXP 	KBox: color = 'blue'
188.2357 	EXP 	KBox: color = 'blue'
188.2529 	EXP 	KBox: color = 'blue'
188.2699 	EXP 	KBox: color = 'blue'
188.2868 	EXP 	KBox: color = 'blue'
188.3036 	EXP 	KBox: color = 'blue'
188.3200 	EXP 	KBox: color = 'blue'
188.3370 	EXP 	KBox: color = 'blue'
188.3538 	EXP 	KBox: color = 'blue'
188.3707 	EXP 	KBox: color = 'blue'
188.3874 	EXP 	KBox: color = 'blue'
188.4042 	EXP 	KBox: color = 'blue'
188.4214 	EXP 	KBox: color = 'blue'
188.4386 	EXP 	KBox: color = 'blue'
188.4560 	EXP 	KBox: color = 'blue'
188.4725 	EXP 	KBox: color = 'blue'
188.4890 	EXP 	KBox: color = 'blue'
188.5058 	EXP 	KBox: color = 'blue'
188.5227 	EXP 	KBox: color = 'blue'
188.5397 	EXP 	KBox: color = 'blue'
188.5566 	EXP 	KBox: color = 'blue'
188.5734 	EXP 	KBox: color = 'blue'
188.5906 	EXP 	KBox: color = 'blue'
188.6099 	EXP 	KBox: color = 'blue'
188.6279 	EXP 	KBox: color = 'blue'
188.6446 	EXP 	KBox: color = 'blue'
188.6602 	EXP 	KBox: color = 'blue'
188.6779 	EXP 	KBox: color = 'blue'
188.6954 	EXP 	KBox: color = 'blue'
188.7126 	EXP 	KBox: color = 'blue'
188.7302 	EXP 	KBox: color = 'blue'
188.7490 	EXP 	KBox: color = 'blue'
188.7659 	EXP 	KBox: color = 'blue'
188.7826 	EXP 	KBox: color = 'blue'
188.7993 	EXP 	KBox: color = 'blue'
188.8159 	EXP 	KBox: color = 'blue'
188.8331 	EXP 	KBox: color = 'blue'
188.8501 	EXP 	KBox: color = 'blue'
188.8668 	EXP 	KBox: color = 'blue'
188.8840 	EXP 	KBox: color = 'blue'
188.9003 	EXP 	KBox: color = 'blue'
188.9171 	EXP 	KBox: color = 'blue'
188.9342 	EXP 	KBox: color = 'blue'
188.9514 	EXP 	KBox: color = 'blue'
188.9683 	EXP 	KBox: color = 'blue'
188.9851 	EXP 	KBox: color = 'blue'
189.0020 	EXP 	KBox: color = 'blue'
189.0189 	EXP 	KBox: color = 'blue'
189.0361 	EXP 	KBox: color = 'blue'
189.0527 	EXP 	KBox: color = 'blue'
189.0691 	EXP 	KBox: color = 'blue'
189.0860 	EXP 	KBox: color = 'blue'
189.1029 	EXP 	KBox: color = 'blue'
189.1202 	EXP 	KBox: color = 'blue'
189.1372 	EXP 	KBox: color = 'blue'
189.1548 	EXP 	KBox: color = 'blue'
189.1721 	EXP 	KBox: color = 'blue'
189.1893 	EXP 	KBox: color = 'blue'
189.2062 	EXP 	KBox: color = 'blue'
189.2230 	EXP 	KBox: color = 'blue'
189.2401 	EXP 	KBox: color = 'blue'
189.2567 	EXP 	KBox: color = 'blue'
189.2764 	EXP 	KBox: color = 'blue'
189.2945 	EXP 	KBox: color = 'blue'
189.3108 	EXP 	KBox: color = 'blue'
189.3282 	EXP 	KBox: color = 'blue'
189.3461 	EXP 	KBox: color = 'blue'
189.3635 	EXP 	KBox: color = 'blue'
189.3808 	EXP 	KBox: color = 'blue'
189.3981 	EXP 	KBox: color = 'blue'
189.4150 	EXP 	KBox: color = 'blue'
189.4326 	EXP 	KBox: color = 'blue'
189.4499 	EXP 	KBox: color = 'blue'
189.4679 	EXP 	KBox: color = 'blue'
189.4853 	EXP 	KBox: color = 'blue'
189.5025 	EXP 	KBox: color = 'blue'
189.5197 	EXP 	KBox: color = 'blue'
189.5370 	EXP 	KBox: color = 'blue'
189.5541 	EXP 	KBox: color = 'blue'
189.5713 	EXP 	KBox: color = 'blue'
189.5887 	EXP 	KBox: color = 'blue'
189.6048 	EXP 	KBox: color = 'blue'
189.6212 	EXP 	KBox: color = 'blue'
189.6380 	EXP 	KBox: color = 'blue'
189.6549 	EXP 	KBox: color = 'blue'
189.6729 	EXP 	KBox: color = 'blue'
189.6907 	EXP 	KBox: color = 'blue'
189.7077 	EXP 	KBox: color = 'blue'
189.7285 	EXP 	KBox: color = 'blue'
189.7445 	EXP 	KBox: color = 'blue'
189.7620 	EXP 	KBox: color = 'blue'
189.7801 	EXP 	KBox: color = 'blue'
189.7964 	EXP 	KBox: color = 'blue'
189.8133 	EXP 	KBox: color = 'blue'
189.8304 	EXP 	KBox: color = 'blue'
189.8481 	EXP 	KBox: color = 'blue'
189.8646 	EXP 	KBox: color = 'blue'
189.8816 	EXP 	KBox: color = 'blue'
189.8989 	EXP 	KBox: color = 'blue'
189.9162 	EXP 	KBox: color = 'blue'
189.9335 	EXP 	KBox: color = 'blue'
189.9507 	EXP 	KBox: color = 'blue'
189.9676 	EXP 	KBox: color = 'blue'
189.9843 	EXP 	KBox: color = 'blue'
190.0013 	EXP 	KBox: color = 'blue'
190.0182 	EXP 	KBox: color = 'blue'
190.0359 	EXP 	KBox: color = 'blue'
190.0529 	EXP 	KBox: color = 'blue'
190.0697 	EXP 	KBox: color = 'blue'
190.0868 	EXP 	KBox: color = 'blue'
190.1039 	EXP 	KBox: color = 'blue'
190.1205 	EXP 	KBox: color = 'blue'
190.1372 	EXP 	KBox: color = 'blue'
190.1545 	EXP 	KBox: color = 'blue'
190.1714 	EXP 	KBox: color = 'blue'
190.1886 	EXP 	KBox: color = 'blue'
190.2053 	EXP 	KBox: color = 'blue'
190.2220 	EXP 	KBox: color = 'blue'
190.2390 	EXP 	KBox: color = 'blue'
190.2559 	EXP 	KBox: color = 'blue'
190.2729 	EXP 	KBox: color = 'blue'
190.2898 	EXP 	KBox: color = 'blue'
190.3068 	EXP 	KBox: color = 'blue'
190.3235 	EXP 	KBox: color = 'blue'
190.3402 	EXP 	KBox: color = 'blue'
190.3566 	EXP 	KBox: color = 'blue'
190.3765 	EXP 	KBox: color = 'blue'
190.3943 	EXP 	KBox: color = 'blue'
190.4103 	EXP 	KBox: color = 'blue'
190.4286 	EXP 	KBox: color = 'blue'
190.4464 	EXP 	KBox: color = 'blue'
190.4643 	EXP 	KBox: color = 'blue'
190.4816 	EXP 	KBox: color = 'blue'
190.4991 	EXP 	KBox: color = 'blue'
190.5161 	EXP 	KBox: color = 'blue'
190.5334 	EXP 	KBox: color = 'blue'
190.5503 	EXP 	KBox: color = 'blue'
190.5670 	EXP 	KBox: color = 'blue'
190.5842 	EXP 	KBox: color = 'blue'
190.6013 	EXP 	KBox: color = 'blue'
190.6182 	EXP 	KBox: color = 'blue'
190.6347 	EXP 	KBox: color = 'blue'
190.6515 	EXP 	KBox: color = 'blue'
190.6682 	EXP 	KBox: color = 'blue'
190.6853 	EXP 	KBox: color = 'blue'
190.7023 	EXP 	KBox: color = 'blue'
190.7191 	EXP 	KBox: color = 'blue'
190.7371 	EXP 	KBox: color = 'blue'
190.7540 	EXP 	KBox: color = 'blue'
190.7707 	EXP 	KBox: color = 'blue'
190.7879 	EXP 	KBox: color = 'blue'
190.8047 	EXP 	KBox: color = 'blue'
190.8215 	EXP 	KBox: color = 'blue'
190.8387 	EXP 	KBox: color = 'blue'
190.8553 	EXP 	KBox: color = 'blue'
190.8720 	EXP 	KBox: color = 'blue'
190.8888 	EXP 	KBox: color = 'blue'
190.9059 	EXP 	KBox: color = 'blue'
190.9226 	EXP 	KBox: color = 'blue'
190.9398 	EXP 	KBox: color = 'blue'
190.9565 	EXP 	KBox: color = 'blue'
190.9733 	EXP 	KBox: color = 'blue'
190.9900 	EXP 	KBox: color = 'blue'
191.0095 	EXP 	KBox: color = 'blue'
191.0265 	EXP 	KBox: color = 'blue'
191.0444 	EXP 	KBox: color = 'blue'
191.0618 	EXP 	KBox: color = 'blue'
191.0795 	EXP 	KBox: color = 'blue'
191.0972 	EXP 	KBox: color = 'blue'
191.1143 	EXP 	KBox: color = 'blue'
191.1316 	EXP 	KBox: color = 'blue'
191.1497 	EXP 	KBox: color = 'blue'
191.1667 	EXP 	KBox: color = 'blue'
191.1842 	EXP 	KBox: color = 'blue'
191.2016 	EXP 	KBox: color = 'blue'
191.2105 	DATA 	Mouse: Left button down, pos=(280,414)
191.2210 	EXP 	KBox: color = 'blue'
191.2389 	EXP 	KBox: color = 'blue'
191.2564 	EXP 	KBox: color = 'blue'
191.2738 	EXP 	KBox: color = 'blue'
191.2940 	EXP 	KBox: color = 'blue'
191.3105 	EXP 	KBox: color = 'blue'
191.3288 	EXP 	KBox: color = 'blue'
191.3471 	EXP 	KBox: color = 'blue'
191.3651 	EXP 	KBox: color = 'blue'
191.3831 	EXP 	KBox: color = 'blue'
191.4011 	EXP 	KBox: color = 'blue'
191.4191 	EXP 	KBox: color = 'blue'
191.4228 	DATA 	Mouse:  Left button up, pos=(280,414)
191.4376 	EXP 	KBox: color = 'blue'
191.4545 	EXP 	KBox: color = 'blue'
191.4714 	EXP 	KBox: color = 'blue'
191.4884 	EXP 	KBox: color = 'blue'
191.5055 	EXP 	KBox: color = 'blue'
191.5223 	EXP 	KBox: color = 'blue'
191.5392 	EXP 	KBox: color = 'blue'
191.5560 	EXP 	KBox: color = 'blue'
191.5727 	EXP 	KBox: color = 'blue'
191.5893 	EXP 	KBox: color = 'blue'
191.6059 	EXP 	KBox: color = 'blue'
191.6231 	EXP 	KBox: color = 'blue'
191.6430 	EXP 	KBox: color = 'blue'
191.6647 	EXP 	KBox: color = 'blue'
191.6842 	EXP 	KBox: color = 'blue'
191.7028 	EXP 	KBox: color = 'blue'
191.7206 	EXP 	KBox: color = 'blue'
191.7289 	DATA 	Mouse: Left button down, pos=(280,414)
191.7397 	EXP 	KBox: color = 'blue'
191.7571 	EXP 	KBox: color = 'blue'
191.7765 	EXP 	KBox: color = 'blue'
191.7950 	EXP 	KBox: color = 'blue'
191.8109 	EXP 	KBox: color = 'blue'
191.8290 	EXP 	KBox: color = 'blue'
191.8470 	EXP 	KBox: color = 'blue'
191.8653 	EXP 	KBox: color = 'blue'
191.8834 	EXP 	KBox: color = 'blue'
191.9010 	EXP 	KBox: color = 'blue'
191.9181 	EXP 	KBox: color = 'blue'
191.9358 	EXP 	KBox: color = 'blue'
191.9539 	EXP 	KBox: color = 'blue'
191.9582 	DATA 	Mouse:  Left button up, pos=(280,414)
191.9731 	EXP 	KBox: color = 'blue'
191.9898 	EXP 	KBox: color = 'blue'
192.0068 	EXP 	KBox: color = 'blue'
192.0235 	EXP 	KBox: color = 'blue'
192.0398 	EXP 	KBox: color = 'blue'
192.0591 	EXP 	KBox: color = 'blue'
192.0763 	EXP 	KBox: color = 'blue'
192.0945 	EXP 	KBox: color = 'blue'
192.1127 	EXP 	KBox: color = 'blue'
192.1299 	EXP 	KBox: color = 'blue'
192.1469 	EXP 	KBox: color = 'blue'
192.1638 	EXP 	KBox: color = 'blue'
192.1809 	EXP 	KBox: color = 'blue'
192.1983 	EXP 	KBox: color = 'blue'
192.2158 	EXP 	KBox: color = 'blue'
192.2334 	EXP 	KBox: color = 'blue'
192.2509 	EXP 	KBox: color = 'blue'
192.2689 	EXP 	KBox: color = 'blue'
192.2725 	DATA 	Mouse: Left button down, pos=(280,414)
192.2878 	EXP 	KBox: color = 'blue'
192.3056 	EXP 	KBox: color = 'blue'
192.3229 	EXP 	KBox: color = 'blue'
192.3404 	EXP 	KBox: color = 'blue'
192.3618 	EXP 	KBox: color = 'blue'
192.3781 	EXP 	KBox: color = 'blue'
192.3961 	EXP 	KBox: color = 'blue'
192.4138 	EXP 	KBox: color = 'blue'
192.4317 	EXP 	KBox: color = 'blue'
192.4500 	EXP 	KBox: color = 'blue'
192.4604 	DATA 	Mouse:  Left button up, pos=(280,414)
192.4709 	EXP 	KBox: color = 'blue'
192.4887 	EXP 	KBox: color = 'blue'
192.5057 	EXP 	KBox: color = 'blue'
192.5225 	EXP 	KBox: color = 'blue'
192.5393 	EXP 	KBox: color = 'blue'
192.5558 	EXP 	KBox: color = 'blue'
192.5726 	EXP 	KBox: color = 'blue'
192.5895 	EXP 	KBox: color = 'blue'
192.6065 	EXP 	KBox: color = 'blue'
192.6235 	EXP 	KBox: color = 'blue'
192.6409 	EXP 	KBox: color = 'blue'
192.6606 	EXP 	KBox: color = 'blue'
192.6782 	EXP 	KBox: color = 'blue'
192.6804 	DATA 	Mouse: Left button down, pos=(280,417)
192.6973 	EXP 	KBox: color = 'blue'
192.7147 	EXP 	KBox: color = 'blue'
192.7330 	EXP 	KBox: color = 'blue'
192.7518 	EXP 	KBox: color = 'blue'
192.7703 	EXP 	KBox: color = 'blue'
192.7877 	EXP 	KBox: color = 'blue'
192.8050 	EXP 	KBox: color = 'blue'
192.8221 	EXP 	KBox: color = 'blue'
192.8396 	EXP 	KBox: color = 'blue'
192.8421 	DATA 	Mouse:  Left button up, pos=(280,417)
192.8573 	EXP 	KBox: color = 'blue'
192.8764 	EXP 	KBox: color = 'blue'
192.8945 	EXP 	KBox: color = 'blue'
192.9106 	EXP 	KBox: color = 'blue'
192.9287 	EXP 	KBox: color = 'blue'
192.9466 	EXP 	KBox: color = 'blue'
192.9653 	EXP 	KBox: color = 'blue'
192.9684 	DATA 	Mouse: Left button down, pos=(280,417)
192.9859 	EXP 	KBox: color = 'blue'
193.0037 	EXP 	KBox: color = 'blue'
193.0215 	EXP 	KBox: color = 'blue'
193.0387 	EXP 	KBox: color = 'blue'
193.0564 	EXP 	KBox: color = 'blue'
193.0738 	EXP 	KBox: color = 'blue'
193.0941 	EXP 	KBox: color = 'blue'
193.1115 	EXP 	KBox: color = 'blue'
193.1137 	DATA 	Mouse:  Left button up, pos=(280,416)
193.1307 	EXP 	KBox: color = 'blue'
193.1482 	EXP 	KBox: color = 'blue'
193.1656 	EXP 	KBox: color = 'blue'
193.1826 	EXP 	KBox: color = 'blue'
193.1998 	EXP 	KBox: color = 'blue'
193.2167 	EXP 	KBox: color = 'blue'
193.2338 	EXP 	KBox: color = 'blue'
193.2510 	EXP 	KBox: color = 'blue'
193.2682 	EXP 	KBox: color = 'blue'
193.2856 	EXP 	KBox: color = 'blue'
193.3027 	EXP 	KBox: color = 'blue'
193.3197 	EXP 	KBox: color = 'blue'
193.3366 	EXP 	KBox: color = 'blue'
193.3536 	EXP 	KBox: color = 'blue'
193.3709 	EXP 	KBox: color = 'blue'
193.3878 	EXP 	KBox: color = 'blue'
193.4048 	EXP 	KBox: color = 'blue'
193.4218 	EXP 	KBox: color = 'blue'
193.4393 	EXP 	KBox: color = 'blue'
193.4564 	EXP 	KBox: color = 'blue'
193.4737 	EXP 	KBox: color = 'blue'
193.4901 	EXP 	KBox: color = 'blue'
193.5097 	EXP 	KBox: color = 'blue'
193.5279 	EXP 	KBox: color = 'blue'
193.5441 	EXP 	KBox: color = 'blue'
193.5612 	EXP 	KBox: color = 'blue'
193.5792 	EXP 	KBox: color = 'blue'
193.5964 	EXP 	KBox: color = 'blue'
193.6139 	EXP 	KBox: color = 'blue'
193.6313 	EXP 	KBox: color = 'blue'
193.6487 	EXP 	KBox: color = 'blue'
193.6673 	EXP 	KBox: color = 'blue'
193.6849 	EXP 	KBox: color = 'blue'
193.7029 	EXP 	KBox: color = 'blue'
193.7203 	EXP 	KBox: color = 'blue'
193.7396 	EXP 	KBox: color = 'blue'
193.8882 	EXP 	KBox: color = 'blue'
193.9083 	EXP 	KBox: color = 'blue'
193.9280 	EXP 	KBox: color = 'blue'
193.9442 	EXP 	KBox: color = 'blue'
193.9616 	EXP 	KBox: color = 'blue'
193.9816 	EXP 	KBox: color = 'blue'
194.0531 	DATA 	Keypress: escape
195.7778 	EXP 	window1: mouseVisible = True
