2.2615 	WARNING 	We strongly recommend you activate the PTB sound engine in PsychoPy prefs as the preferred audio engine. Its timing is vastly superior. Your prefs are currently set to use ['sounddevice', 'PTB', 'pyo', 'pygame'] (in that order).
14.7801 	WARNING 	Couldn't measure a consistent frame rate!
  - Is your graphics card set to sync to vertical blank?
  - Are you running other processes on your computer?

14.7827 	EXP 	Created window1 = Window(allowGUI=True, allowStencil=False, autoLog=True, backendConf=UNKNOWN, bitsMode=UNKNOWN, blendMode='avg', bpc=(8, 8, 8), color=array([0, 0, 0]), colorSpace='rgb', depthBits=8, fullscr=<method-wrapper '__getattribute__' of attributeSetter object at 0x7fe1e5710640>, gamma=None, gammaErrorPolicy='raise', lms=UNKNOWN, monitor=<psychopy.monitors.calibTools.Monitor object at 0x7fe1e7c98850>, multiSample=False, name='window1', numSamples=2, pos=(560, 350), screen=0, size=array([2240, 1400]), stencilBits=0, stereo=False, units='height', useFBO=True, useRetina=True, viewOri=0.0, viewPos=None, viewScale=None, waitBlanking=True, winType='pyglet')
14.7854 	EXP 	window1: mouseVisible = True
14.7862 	EXP 	window1: Attempting to measure frame rate of screen (0) ...
14.7863 	EXP 	window1: recordFrameIntervals = False
14.9565 	EXP 	window1: recordFrameIntervals = True
14.9999 	WARNING 	t of last frame was 26.17ms (=1/38)
15.0503 	WARNING 	t of last frame was 23.12ms (=1/43)
15.1458 	WARNING 	t of last frame was 21.44ms (=1/46)
15.2663 	WARNING 	t of last frame was 23.65ms (=1/42)
15.3229 	WARNING 	Multiple dropped frames have occurred - I'll stop bothering you about them!
16.6752 	WARNING 	Couldn't measure a consistent frame rate!
  - Is your graphics card set to sync to vertical blank?
  - Are you running other processes on your computer?

16.7802 	WARNING 	launchHubServer: If using the iohub mouse or eyetracker devices, fullScr should be True.
20.1721 	EXP 	Created letterDisp = TextStim(__class__=<class 'psychopy.visual.text.TextStim'>, alignHoriz=method-wrapper(...), alignText='center', alignVert=method-wrapper(...), anchorHoriz='center', anchorVert='center', antialias=True, autoDraw=False, autoLog=True, bold=False, color=array([1., 1., 1.]), colorSpace='rgb', contrast=1.0, depth=-1.0, flipHoriz=False, flipVert=False, font='Open Sans', fontFiles=[], height=0.05, italic=False, languageStyle='LTR', name='letterDisp', opacity=1.0, ori=0.0, pos=array([0., 0.]), rgb=UNKNOWN, text='', units='height', win=Window(...), wrapWidth=1)
20.2093 	EXP 	Created isiText = TextStim(__class__=<class 'psychopy.visual.text.TextStim'>, alignHoriz=method-wrapper(...), alignText='center', alignVert=method-wrapper(...), anchorHoriz='center', anchorVert='center', antialias=True, autoDraw=False, autoLog=True, bold=False, color=array([1., 1., 1.]), colorSpace='rgb', contrast=1.0, depth=0.0, flipHoriz=False, flipVert=False, font='Open Sans', fontFiles=[], height=0.05, italic=False, languageStyle='LTR', name='isiText', opacity=1.0, ori=0.0, pos=array([0., 0.]), rgb=UNKNOWN, text='+', units='height', win=Window(...), wrapWidth=1)
20.2131 	EXP 	Created text_2 = TextStim(__class__=<class 'psychopy.visual.text.TextStim'>, alignHoriz=method-wrapper(...), alignText='center', alignVert=method-wrapper(...), anchorHoriz='center', anchorVert='center', antialias=True, autoDraw=False, autoLog=True, bold=False, color=array([1., 1., 1.]), colorSpace='rgb', contrast=1.0, depth=0.0, flipHoriz=False, flipVert=False, font='Open Sans', fontFiles=[], height=0.05, italic=False, languageStyle='LTR', name='text_2', opacity=1.0, ori=0.0, pos=array([0., 0.]), rgb=UNKNOWN, text='+', units='height', win=Window(...), wrapWidth=1)
20.2201 	EXP 	Created PBox = Rect(__class__=<class 'psychopy.visual.rect.Rect'>, anchor=('center', 'center'), autoDraw=False, autoLog=True, closeShape=True, color=method-wrapper(...), colorSpace='rgb', contrast=None, depth=0.0, fillColor=array([1, 1, 1]), fillColorSpace='rgb', fillRGB=array([1, 1, 1]), interpolate=True, lineColor=array([1., 1., 1.]), lineColorSpace='rgb', lineRGB=array([1, 1, 1]), lineWidth=1.0, name='PBox', opacity=1.0, ori=0.0, pos=array([-0.25,  0.15]), size=array([0.1, 0.1]), units='height', vertices=ndarray(...), win=Window(...))
20.2229 	EXP 	Created NBox2 = Rect(__class__=<class 'psychopy.visual.rect.Rect'>, anchor=('center', 'center'), autoDraw=False, autoLog=True, closeShape=True, color=method-wrapper(...), colorSpace='rgb', contrast=None, depth=-1.0, fillColor=array([1, 1, 1]), fillColorSpace='rgb', fillRGB=array([1, 1, 1]), interpolate=True, lineColor=array([1., 1., 1.]), lineColorSpace='rgb', lineRGB=array([1, 1, 1]), lineWidth=1.0, name='NBox2', opacity=1.0, ori=0.0, pos=array([0.25, 0.  ]), size=array([0.1, 0.1]), units='height', vertices=ndarray(...), win=Window(...))
20.2256 	EXP 	Created SBox2 = Rect(__class__=<class 'psychopy.visual.rect.Rect'>, anchor=('center', 'center'), autoDraw=False, autoLog=True, closeShape=True, color=method-wrapper(...), colorSpace='rgb', contrast=None, depth=-2.0, fillColor=array([1, 1, 1]), fillColorSpace='rgb', fillRGB=array([1, 1, 1]), interpolate=True, lineColor=array([1., 1., 1.]), lineColorSpace='rgb', lineRGB=array([1, 1, 1]), lineWidth=1.0, name='SBox2', opacity=1.0, ori=0.0, pos=array([-0.25,  0.  ]), size=array([0.1, 0.1]), units='height', vertices=ndarray(...), win=Window(...))
20.2282 	EXP 	Created KBox2 = Rect(__class__=<class 'psychopy.visual.rect.Rect'>, anchor=('center', 'center'), autoDraw=False, autoLog=True, closeShape=True, color=method-wrapper(...), colorSpace='rgb', contrast=None, depth=-3.0, fillColor=array([1, 1, 1]), fillColorSpace='rgb', fillRGB=array([1, 1, 1]), interpolate=True, lineColor=array([1., 1., 1.]), lineColorSpace='rgb', lineRGB=array([1, 1, 1]), lineWidth=1.0, name='KBox2', opacity=1.0, ori=0.0, pos=array([0., 0.]), size=array([0.1, 0.1]), units='height', vertices=ndarray(...), win=Window(...))
20.2308 	EXP 	Created HBox = Rect(__class__=<class 'psychopy.visual.rect.Rect'>, anchor=('center', 'center'), autoDraw=False, autoLog=True, closeShape=True, color=method-wrapper(...), colorSpace='rgb', contrast=None, depth=-4.0, fillColor=array([1, 1, 1]), fillColorSpace='rgb', fillRGB=array([1, 1, 1]), interpolate=True, lineColor=array([1., 1., 1.]), lineColorSpace='rgb', lineRGB=array([1, 1, 1]), lineWidth=1.0, name='HBox', opacity=1.0, ori=0.0, pos=array([0.25, 0.15]), size=array([0.1, 0.1]), units='height', vertices=ndarray(...), win=Window(...))
20.2339 	EXP 	Created FBox = Rect(__class__=<class 'psychopy.visual.rect.Rect'>, anchor=('center', 'center'), autoDraw=False, autoLog=True, closeShape=True, color=method-wrapper(...), colorSpace='rgb', contrast=None, depth=-5.0, fillColor=array([1, 1, 1]), fillColorSpace='rgb', fillRGB=array([1, 1, 1]), interpolate=True, lineColor=array([1., 1., 1.]), lineColorSpace='rgb', lineRGB=array([1, 1, 1]), lineWidth=1.0, name='FBox', opacity=1.0, ori=0.0, pos=array([0.  , 0.15]), size=array([0.1, 0.1]), units='height', vertices=ndarray(...), win=Window(...))
20.2366 	EXP 	Created QBox = Rect(__class__=<class 'psychopy.visual.rect.Rect'>, anchor=('center', 'center'), autoDraw=False, autoLog=True, closeShape=True, color=method-wrapper(...), colorSpace='rgb', contrast=None, depth=-6.0, fillColor=array([1, 1, 1]), fillColorSpace='rgb', fillRGB=array([1, 1, 1]), interpolate=True, lineColor=array([1., 1., 1.]), lineColorSpace='rgb', lineRGB=array([1, 1, 1]), lineWidth=1.0, name='QBox', opacity=1.0, ori=0.0, pos=array([ 0.  , -0.15]), size=array([0.1, 0.1]), units='height', vertices=ndarray(...), win=Window(...))
20.2395 	EXP 	Created LBox = Rect(__class__=<class 'psychopy.visual.rect.Rect'>, anchor=('center', 'center'), autoDraw=False, autoLog=True, closeShape=True, color=method-wrapper(...), colorSpace='rgb', contrast=None, depth=-7.0, fillColor=array([1, 1, 1]), fillColorSpace='rgb', fillRGB=array([1, 1, 1]), interpolate=True, lineColor=array([1., 1., 1.]), lineColorSpace='rgb', lineRGB=array([1, 1, 1]), lineWidth=1.0, name='LBox', opacity=1.0, ori=0.0, pos=array([-0.25, -0.15]), size=array([0.1, 0.1]), units='height', vertices=ndarray(...), win=Window(...))
20.2424 	EXP 	Created RBox = Rect(__class__=<class 'psychopy.visual.rect.Rect'>, anchor=('center', 'center'), autoDraw=False, autoLog=True, closeShape=True, color=method-wrapper(...), colorSpace='rgb', contrast=None, depth=-8.0, fillColor=array([1, 1, 1]), fillColorSpace='rgb', fillRGB=array([1, 1, 1]), interpolate=True, lineColor=array([1., 1., 1.]), lineColorSpace='rgb', lineRGB=array([1, 1, 1]), lineWidth=1.0, name='RBox', opacity=1.0, ori=0.0, pos=array([ 0.25, -0.15]), size=array([0.1, 0.1]), units='height', vertices=ndarray(...), win=Window(...))
20.2455 	EXP 	Created TBox = Rect(__class__=<class 'psychopy.visual.rect.Rect'>, anchor=('center', 'center'), autoDraw=False, autoLog=True, closeShape=True, color=method-wrapper(...), colorSpace='rgb', contrast=None, depth=-9.0, fillColor=array([1, 1, 1]), fillColorSpace='rgb', fillRGB=array([1, 1, 1]), interpolate=True, lineColor=array([1., 1., 1.]), lineColorSpace='rgb', lineRGB=array([1, 1, 1]), lineWidth=1.0, name='TBox', opacity=1.0, ori=0.0, pos=array([ 0.25, -0.3 ]), size=array([0.1, 0.1]), units='height', vertices=ndarray(...), win=Window(...))
20.2488 	EXP 	Created YBox = Rect(__class__=<class 'psychopy.visual.rect.Rect'>, anchor=('center', 'center'), autoDraw=False, autoLog=True, closeShape=True, color=method-wrapper(...), colorSpace='rgb', contrast=None, depth=-10.0, fillColor=array([1, 1, 1]), fillColorSpace='rgb', fillRGB=array([1, 1, 1]), interpolate=True, lineColor=array([1., 1., 1.]), lineColorSpace='rgb', lineRGB=array([1, 1, 1]), lineWidth=1.0, name='YBox', opacity=1.0, ori=0.0, pos=array([ 0. , -0.3]), size=array([0.1, 0.1]), units='height', vertices=ndarray(...), win=Window(...))
20.2520 	EXP 	Created JBox = Rect(__class__=<class 'psychopy.visual.rect.Rect'>, anchor=('center', 'center'), autoDraw=False, autoLog=True, closeShape=True, color=method-wrapper(...), colorSpace='rgb', contrast=None, depth=-11.0, fillColor=array([1, 1, 1]), fillColorSpace='rgb', fillRGB=array([1, 1, 1]), interpolate=True, lineColor=array([1., 1., 1.]), lineColorSpace='rgb', lineRGB=array([1, 1, 1]), lineWidth=1.0, name='JBox', opacity=1.0, ori=0.0, pos=array([-0.25, -0.3 ]), size=array([0.1, 0.1]), units='height', vertices=ndarray(...), win=Window(...))
20.2524 	EXP 	window1: mouseVisible = True
20.2861 	EXP 	Created RecallINS = TextStim(__class__=<class 'psychopy.visual.text.TextStim'>, alignHoriz=method-wrapper(...), alignText='center', alignVert=method-wrapper(...), anchorHoriz='center', anchorVert='center', antialias=True, autoDraw=False, autoLog=True, bold=False, color=array([1., 1., 1.]), colorSpace='rgb', contrast=1.0, depth=-14.0, flipHoriz=False, flipVert=False, font='Open Sans', fontFiles=[], height=0.035, italic=False, languageStyle='LTR', name='RecallINS', opacity=1.0, ori=0.0, pos=array([0. , 0.3]), rgb=UNKNOWN, text=str(...), units='height', win=Window(...), wrapWidth=1)
20.2906 	EXP 	Created P = TextStim(__class__=<class 'psychopy.visual.text.TextStim'>, alignHoriz=method-wrapper(...), alignText='center', alignVert=method-wrapper(...), anchorHoriz='center', anchorVert='center', antialias=True, autoDraw=False, autoLog=True, bold=False, color=array([-1., -1., -1.]), colorSpace='rgb', contrast=1.0, depth=-15.0, flipHoriz=False, flipVert=False, font='Open Sans', fontFiles=[], height=0.05, italic=False, languageStyle='LTR', name='P', opacity=1.0, ori=0.0, pos=array([-0.25,  0.15]), rgb=UNKNOWN, text='P', units='height', win=Window(...), wrapWidth=1)
20.2952 	EXP 	Created F_2 = TextStim(__class__=<class 'psychopy.visual.text.TextStim'>, alignHoriz=method-wrapper(...), alignText='center', alignVert=method-wrapper(...), anchorHoriz='center', anchorVert='center', antialias=True, autoDraw=False, autoLog=True, bold=False, color=array([-1., -1., -1.]), colorSpace='rgb', contrast=1.0, depth=-16.0, flipHoriz=False, flipVert=False, font='Open Sans', fontFiles=[], height=0.05, italic=False, languageStyle='LTR', name='F_2', opacity=1.0, ori=0.0, pos=array([0.  , 0.15]), rgb=UNKNOWN, text='F', units='height', win=Window(...), wrapWidth=1)
20.3009 	EXP 	Created H = TextStim(__class__=<class 'psychopy.visual.text.TextStim'>, alignHoriz=method-wrapper(...), alignText='center', alignVert=method-wrapper(...), anchorHoriz='center', anchorVert='center', antialias=True, autoDraw=False, autoLog=True, bold=False, color=array([-1., -1., -1.]), colorSpace='rgb', contrast=1.0, depth=-17.0, flipHoriz=False, flipVert=False, font='Open Sans', fontFiles=[], height=0.05, italic=False, languageStyle='LTR', name='H', opacity=1.0, ori=0.0, pos=array([0.25, 0.15]), rgb=UNKNOWN, text='H', units='height', win=Window(...), wrapWidth=1)
20.3060 	EXP 	Created S = TextStim(__class__=<class 'psychopy.visual.text.TextStim'>, alignHoriz=method-wrapper(...), alignText='center', alignVert=method-wrapper(...), anchorHoriz='center', anchorVert='center', antialias=True, autoDraw=False, autoLog=True, bold=False, color=array([-1., -1., -1.]), colorSpace='rgb', contrast=1.0, depth=-18.0, flipHoriz=False, flipVert=False, font='Open Sans', fontFiles=[], height=0.05, italic=False, languageStyle='LTR', name='S', opacity=1.0, ori=0.0, pos=array([-0.25,  0.  ]), rgb=UNKNOWN, text='S', units='height', win=Window(...), wrapWidth=1)
20.3108 	EXP 	Created K = TextStim(__class__=<class 'psychopy.visual.text.TextStim'>, alignHoriz=method-wrapper(...), alignText='center', alignVert=method-wrapper(...), anchorHoriz='center', anchorVert='center', antialias=True, autoDraw=False, autoLog=True, bold=False, color=array([-1., -1., -1.]), colorSpace='rgb', contrast=1.0, depth=-19.0, flipHoriz=False, flipVert=False, font='Open Sans', fontFiles=[], height=0.05, italic=False, languageStyle='LTR', name='K', opacity=1.0, ori=0.0, pos=array([0., 0.]), rgb=UNKNOWN, text='K', units='height', win=Window(...), wrapWidth=1)
20.3164 	EXP 	Created N = TextStim(__class__=<class 'psychopy.visual.text.TextStim'>, alignHoriz=method-wrapper(...), alignText='center', alignVert=method-wrapper(...), anchorHoriz='center', anchorVert='center', antialias=True, autoDraw=False, autoLog=True, bold=False, color=array([-1., -1., -1.]), colorSpace='rgb', contrast=1.0, depth=-20.0, flipHoriz=False, flipVert=False, font='Open Sans', fontFiles=[], height=0.05, italic=False, languageStyle='LTR', name='N', opacity=1.0, ori=0.0, pos=array([0.25, 0.  ]), rgb=UNKNOWN, text='N', units='height', win=Window(...), wrapWidth=1)
20.3216 	EXP 	Created L = TextStim(__class__=<class 'psychopy.visual.text.TextStim'>, alignHoriz=method-wrapper(...), alignText='center', alignVert=method-wrapper(...), anchorHoriz='center', anchorVert='center', antialias=True, autoDraw=False, autoLog=True, bold=False, color=array([-1., -1., -1.]), colorSpace='rgb', contrast=1.0, depth=-21.0, flipHoriz=False, flipVert=False, font='Open Sans', fontFiles=[], height=0.05, italic=False, languageStyle='LTR', name='L', opacity=1.0, ori=0.0, pos=array([-0.25, -0.15]), rgb=UNKNOWN, text='L', units='height', win=Window(...), wrapWidth=1)
20.3263 	EXP 	Created Q = TextStim(__class__=<class 'psychopy.visual.text.TextStim'>, alignHoriz=method-wrapper(...), alignText='center', alignVert=method-wrapper(...), anchorHoriz='center', anchorVert='center', antialias=True, autoDraw=False, autoLog=True, bold=False, color=array([-1., -1., -1.]), colorSpace='rgb', contrast=1.0, depth=-22.0, flipHoriz=False, flipVert=False, font='Open Sans', fontFiles=[], height=0.05, italic=False, languageStyle='LTR', name='Q', opacity=1.0, ori=0.0, pos=array([ 0.  , -0.15]), rgb=UNKNOWN, text='Q', units='height', win=Window(...), wrapWidth=1)
20.3319 	EXP 	Created R = TextStim(__class__=<class 'psychopy.visual.text.TextStim'>, alignHoriz=method-wrapper(...), alignText='center', alignVert=method-wrapper(...), anchorHoriz='center', anchorVert='center', antialias=True, autoDraw=False, autoLog=True, bold=False, color=array([-1., -1., -1.]), colorSpace='rgb', contrast=1.0, depth=-23.0, flipHoriz=False, flipVert=False, font='Open Sans', fontFiles=[], height=0.05, italic=False, languageStyle='LTR', name='R', opacity=1.0, ori=0.0, pos=array([ 0.25, -0.15]), rgb=UNKNOWN, text='R', units='height', win=Window(...), wrapWidth=1)
20.3371 	EXP 	Created J = TextStim(__class__=<class 'psychopy.visual.text.TextStim'>, alignHoriz=method-wrapper(...), alignText='center', alignVert=method-wrapper(...), anchorHoriz='center', anchorVert='center', antialias=True, autoDraw=False, autoLog=True, bold=False, color=array([-1., -1., -1.]), colorSpace='rgb', contrast=1.0, depth=-24.0, flipHoriz=False, flipVert=False, font='Open Sans', fontFiles=[], height=0.05, italic=False, languageStyle='LTR', name='J', opacity=1.0, ori=0.0, pos=array([-0.25, -0.3 ]), rgb=UNKNOWN, text='J', units='height', win=Window(...), wrapWidth=1)
20.3424 	EXP 	Created Y = TextStim(__class__=<class 'psychopy.visual.text.TextStim'>, alignHoriz=method-wrapper(...), alignText='center', alignVert=method-wrapper(...), anchorHoriz='center', anchorVert='center', antialias=True, autoDraw=False, autoLog=True, bold=False, color=array([-1., -1., -1.]), colorSpace='rgb', contrast=1.0, depth=-25.0, flipHoriz=False, flipVert=False, font='Open Sans', fontFiles=[], height=0.05, italic=False, languageStyle='LTR', name='Y', opacity=1.0, ori=0.0, pos=array([ 0. , -0.3]), rgb=UNKNOWN, text='Y', units='height', win=Window(...), wrapWidth=1)
20.3482 	EXP 	Created T_2 = TextStim(__class__=<class 'psychopy.visual.text.TextStim'>, alignHoriz=method-wrapper(...), alignText='center', alignVert=method-wrapper(...), anchorHoriz='center', anchorVert='center', antialias=True, autoDraw=False, autoLog=True, bold=False, color=array([-1., -1., -1.]), colorSpace='rgb', contrast=1.0, depth=-26.0, flipHoriz=False, flipVert=False, font='Open Sans', fontFiles=[], height=0.05, italic=False, languageStyle='LTR', name='T_2', opacity=1.0, ori=0.0, pos=array([ 0.25, -0.3 ]), rgb=UNKNOWN, text='T', units='height', win=Window(...), wrapWidth=1)
20.3513 	EXP 	Created CLEAR = Rect(__class__=<class 'psychopy.visual.rect.Rect'>, anchor=('center', 'center'), autoDraw=False, autoLog=True, closeShape=True, color=method-wrapper(...), colorSpace='rgb', contrast=None, depth=-28.0, fillColor=array([ 1, -1, -1]), fillColorSpace='rgb', fillRGB=array([ 1, -1, -1]), interpolate=True, lineColor=array([1., 1., 1.]), lineColorSpace='rgb', lineRGB=array([1, 1, 1]), lineWidth=1.0, name='CLEAR', opacity=1.0, ori=0.0, pos=array([ 0.55, -0.05]), size=array([0.35, 0.15]), units='height', vertices=ndarray(...), win=Window(...))
20.3587 	EXP 	Created ClearText = TextStim(__class__=<class 'psychopy.visual.text.TextStim'>, alignHoriz=method-wrapper(...), alignText='center', alignVert=method-wrapper(...), anchorHoriz='center', anchorVert='center', antialias=True, autoDraw=False, autoLog=True, bold=False, color=array([-1., -1., -1.]), colorSpace='rgb', contrast=1.0, depth=-29.0, flipHoriz=False, flipVert=False, font='Open Sans', fontFiles=[], height=0.05, italic=False, languageStyle='LTR', name='ClearText', opacity=1.0, ori=0.0, pos=array([ 0.55, -0.05]), rgb=UNKNOWN, text='CLEAR', units='height', win=Window(...), wrapWidth=1)
20.3614 	EXP 	Created BLANK = Rect(__class__=<class 'psychopy.visual.rect.Rect'>, anchor=('center', 'center'), autoDraw=False, autoLog=True, closeShape=True, color=method-wrapper(...), colorSpace='rgb', contrast=None, depth=-30.0, fillColor=array([1, 1, 1]), fillColorSpace='rgb', fillRGB=array([1, 1, 1]), interpolate=True, lineColor=array([1., 1., 1.]), lineColorSpace='rgb', lineRGB=array([1, 1, 1]), lineWidth=1.0, name='BLANK', opacity=1.0, ori=0.0, pos=array([0.55, 0.15]), size=array([0.35, 0.15]), units='height', vertices=ndarray(...), win=Window(...))
20.3667 	EXP 	Created BlankText = TextStim(__class__=<class 'psychopy.visual.text.TextStim'>, alignHoriz=method-wrapper(...), alignText='center', alignVert=method-wrapper(...), anchorHoriz='center', anchorVert='center', antialias=True, autoDraw=False, autoLog=True, bold=False, color=array([-1., -1., -1.]), colorSpace='rgb', contrast=1.0, depth=-31.0, flipHoriz=False, flipVert=False, font='Open Sans', fontFiles=[], height=0.05, italic=False, languageStyle='LTR', name='BlankText', opacity=1.0, ori=0.0, pos=array([0.55, 0.15]), rgb=UNKNOWN, text='BLANK', units='height', win=Window(...), wrapWidth=1)
20.3695 	EXP 	Created ENTER = Rect(__class__=<class 'psychopy.visual.rect.Rect'>, anchor=('center', 'center'), autoDraw=False, autoLog=True, closeShape=True, color=method-wrapper(...), colorSpace='rgb', contrast=None, depth=-32.0, fillColor=array([-1.        ,  0.00392157, -1.        ]), fillColorSpace='rgb', fillRGB=array([-1.        ,  0.00392157, -1.        ]), interpolate=True, lineColor=array([1., 1., 1.]), lineColorSpace='rgb', lineRGB=array([1, 1, 1]), lineWidth=1.0, name='ENTER', opacity=1.0, ori=0.0, pos=array([ 0.55, -0.3 ]), size=array([0.35, 0.15]), units='height', vertices=ndarray(...), win=Window(...))
20.3733 	EXP 	Created EnterText = TextStim(__class__=<class 'psychopy.visual.text.TextStim'>, alignHoriz=method-wrapper(...), alignText='center', alignVert=method-wrapper(...), anchorHoriz='center', anchorVert='center', antialias=True, autoDraw=False, autoLog=True, bold=False, color=array([-1., -1., -1.]), colorSpace='rgb', contrast=1.0, depth=-33.0, flipHoriz=False, flipVert=False, font='Open Sans', fontFiles=[], height=0.05, italic=False, languageStyle='LTR', name='EnterText', opacity=1.0, ori=0.0, pos=array([ 0.55, -0.3 ]), rgb=UNKNOWN, text='ENTER', units='height', win=Window(...), wrapWidth=1)
20.3910 	EXP 	Created text_3 = TextStim(__class__=<class 'psychopy.visual.text.TextStim'>, alignHoriz=method-wrapper(...), alignText='center', alignVert=method-wrapper(...), anchorHoriz='center', anchorVert='center', antialias=True, autoDraw=False, autoLog=True, bold=False, color=array([1., 1., 1.]), colorSpace='rgb', contrast=1.0, depth=-1.0, flipHoriz=False, flipVert=False, font='Open Sans', fontFiles=[], height=0.05, italic=False, languageStyle='LTR', name='text_3', opacity=1.0, ori=0.0, pos=array([0., 0.]), rgb=UNKNOWN, text=str(...), units='height', win=Window(...), wrapWidth=1)
20.4095 	EXP 	Imported practiceletters.xlsx as conditions, 1 conditions, 1 params
20.4111 	EXP 	Created sequence: random, trialTypes=1, nReps=1, seed=None
20.4116 	EXP 	New trial (rep=0, index=0): {'letters': "K'"}
20.4325 	EXP 	letterDisp: autoDraw = True
21.4242 	EXP 	letterDisp: autoDraw = False
21.4242 	EXP 	isiText: autoDraw = True
21.6750 	EXP 	isiText: autoDraw = False
21.6750 	EXP 	text_2: autoDraw = True
22.6629 	EXP 	Created sequence: random, trialTypes=1, nReps=1, seed=None
22.6633 	EXP 	New trial (rep=0, index=0): None
22.7476 	EXP 	text_2: autoDraw = False
22.7476 	EXP 	PBox: autoDraw = True
22.7476 	EXP 	NBox2: autoDraw = True
22.7476 	EXP 	SBox2: autoDraw = True
22.7476 	EXP 	KBox2: autoDraw = True
22.7476 	EXP 	HBox: autoDraw = True
22.7476 	EXP 	FBox: autoDraw = True
22.7476 	EXP 	QBox: autoDraw = True
22.7476 	EXP 	LBox: autoDraw = True
22.7476 	EXP 	RBox: autoDraw = True
22.7476 	EXP 	TBox: autoDraw = True
22.7476 	EXP 	YBox: autoDraw = True
22.7476 	EXP 	JBox: autoDraw = True
22.7476 	EXP 	RecallINS: autoDraw = True
22.7476 	EXP 	P: autoDraw = True
22.7476 	EXP 	F_2: autoDraw = True
22.7476 	EXP 	H: autoDraw = True
22.7476 	EXP 	S: autoDraw = True
22.7476 	EXP 	K: autoDraw = True
22.7476 	EXP 	N: autoDraw = True
22.7476 	EXP 	L: autoDraw = True
22.7476 	EXP 	Q: autoDraw = True
22.7476 	EXP 	R: autoDraw = True
22.7476 	EXP 	J: autoDraw = True
22.7476 	EXP 	Y: autoDraw = True
22.7476 	EXP 	T_2: autoDraw = True
22.7476 	EXP 	CLEAR: autoDraw = True
22.7476 	EXP 	ClearText: autoDraw = True
22.7476 	EXP 	BLANK: autoDraw = True
22.7476 	EXP 	BlankText: autoDraw = True
22.7476 	EXP 	ENTER: autoDraw = True
22.7476 	EXP 	EnterText: autoDraw = True
30.3145 	DATA 	Mouse: Left button down, pos=(572,452)
30.4989 	DATA 	Mouse:  Left button up, pos=(572,452)
34.8037 	DATA 	Mouse: Left button down, pos=(569,347)
34.8627 	EXP 	KBox2: color = 'blue'
34.9059 	EXP 	KBox2: color = 'blue'
34.9473 	EXP 	KBox2: color = 'blue'
34.9827 	DATA 	Mouse:  Left button up, pos=(569,347)
34.9941 	EXP 	KBox2: color = 'blue'
35.0342 	EXP 	KBox2: color = 'blue'
35.0731 	EXP 	KBox2: color = 'blue'
35.1131 	EXP 	KBox2: color = 'blue'
35.1525 	EXP 	KBox2: color = 'blue'
35.1940 	EXP 	KBox2: color = 'blue'
35.2323 	EXP 	KBox2: color = 'blue'
35.2730 	EXP 	KBox2: color = 'blue'
35.3145 	EXP 	KBox2: color = 'blue'
35.3533 	EXP 	KBox2: color = 'blue'
35.3939 	EXP 	KBox2: color = 'blue'
35.4346 	EXP 	KBox2: color = 'blue'
35.4738 	EXP 	KBox2: color = 'blue'
35.5137 	EXP 	KBox2: color = 'blue'
35.5506 	EXP 	KBox2: color = 'blue'
35.5940 	EXP 	KBox2: color = 'blue'
35.6320 	EXP 	KBox2: color = 'blue'
35.6723 	EXP 	KBox2: color = 'blue'
35.7196 	EXP 	KBox2: color = 'blue'
35.7607 	EXP 	KBox2: color = 'blue'
35.8014 	EXP 	KBox2: color = 'blue'
35.8422 	EXP 	KBox2: color = 'blue'
35.8807 	EXP 	KBox2: color = 'blue'
35.9255 	EXP 	KBox2: color = 'blue'
35.9651 	EXP 	KBox2: color = 'blue'
36.0039 	EXP 	KBox2: color = 'blue'
36.0414 	EXP 	KBox2: color = 'blue'
36.0810 	EXP 	KBox2: color = 'blue'
36.1265 	EXP 	KBox2: color = 'blue'
36.1654 	EXP 	KBox2: color = 'blue'
36.2040 	EXP 	KBox2: color = 'blue'
36.2417 	EXP 	KBox2: color = 'blue'
36.2798 	EXP 	KBox2: color = 'blue'
36.3251 	EXP 	KBox2: color = 'blue'
36.3650 	EXP 	KBox2: color = 'blue'
36.4059 	EXP 	KBox2: color = 'blue'
36.4445 	EXP 	KBox2: color = 'blue'
36.4855 	EXP 	KBox2: color = 'blue'
36.5273 	EXP 	KBox2: color = 'blue'
36.5659 	EXP 	KBox2: color = 'blue'
36.6099 	EXP 	KBox2: color = 'blue'
36.6467 	EXP 	KBox2: color = 'blue'
36.6863 	EXP 	KBox2: color = 'blue'
36.7315 	EXP 	KBox2: color = 'blue'
36.7767 	EXP 	KBox2: color = 'blue'
36.8173 	EXP 	KBox2: color = 'blue'
36.8596 	EXP 	KBox2: color = 'blue'
36.9049 	EXP 	KBox2: color = 'blue'
36.9515 	EXP 	KBox2: color = 'blue'
36.9940 	EXP 	KBox2: color = 'blue'
37.0392 	EXP 	KBox2: color = 'blue'
37.0758 	EXP 	KBox2: color = 'blue'
37.1184 	EXP 	KBox2: color = 'blue'
37.1620 	EXP 	KBox2: color = 'blue'
37.2032 	EXP 	KBox2: color = 'blue'
37.2422 	EXP 	KBox2: color = 'blue'
37.2781 	EXP 	KBox2: color = 'blue'
37.3221 	EXP 	KBox2: color = 'blue'
37.3616 	EXP 	KBox2: color = 'blue'
37.4020 	EXP 	KBox2: color = 'blue'
37.4417 	EXP 	KBox2: color = 'blue'
37.4792 	EXP 	KBox2: color = 'blue'
37.5298 	EXP 	KBox2: color = 'blue'
37.5723 	EXP 	KBox2: color = 'blue'
37.6133 	EXP 	KBox2: color = 'blue'
37.6527 	EXP 	KBox2: color = 'blue'
37.6941 	EXP 	KBox2: color = 'blue'
37.7368 	EXP 	KBox2: color = 'blue'
37.7786 	EXP 	KBox2: color = 'blue'
37.8155 	EXP 	KBox2: color = 'blue'
37.8597 	EXP 	KBox2: color = 'blue'
37.8962 	EXP 	KBox2: color = 'blue'
37.9381 	EXP 	KBox2: color = 'blue'
37.9817 	EXP 	KBox2: color = 'blue'
38.0189 	EXP 	KBox2: color = 'blue'
38.0606 	EXP 	KBox2: color = 'blue'
38.1019 	EXP 	KBox2: color = 'blue'
38.1407 	EXP 	KBox2: color = 'blue'
38.1829 	EXP 	KBox2: color = 'blue'
38.2272 	EXP 	KBox2: color = 'blue'
38.2743 	EXP 	KBox2: color = 'blue'
38.3146 	EXP 	KBox2: color = 'blue'
38.3619 	EXP 	KBox2: color = 'blue'
38.4047 	EXP 	KBox2: color = 'blue'
38.4433 	EXP 	KBox2: color = 'blue'
38.4827 	EXP 	KBox2: color = 'blue'
38.5251 	EXP 	KBox2: color = 'blue'
38.5652 	EXP 	KBox2: color = 'blue'
38.6060 	EXP 	KBox2: color = 'blue'
38.6454 	EXP 	KBox2: color = 'blue'
38.6868 	EXP 	KBox2: color = 'blue'
38.7270 	EXP 	KBox2: color = 'blue'
38.7696 	EXP 	KBox2: color = 'blue'
38.8102 	EXP 	KBox2: color = 'blue'
38.8492 	EXP 	KBox2: color = 'blue'
38.8930 	EXP 	KBox2: color = 'blue'
38.9304 	EXP 	KBox2: color = 'blue'
38.9716 	EXP 	KBox2: color = 'blue'
39.0102 	EXP 	KBox2: color = 'blue'
39.0478 	EXP 	KBox2: color = 'blue'
39.0862 	EXP 	KBox2: color = 'blue'
39.1274 	EXP 	KBox2: color = 'blue'
39.1665 	EXP 	KBox2: color = 'blue'
39.2051 	EXP 	KBox2: color = 'blue'
39.2448 	EXP 	KBox2: color = 'blue'
39.2885 	EXP 	KBox2: color = 'blue'
39.3285 	EXP 	KBox2: color = 'blue'
39.3703 	EXP 	KBox2: color = 'blue'
39.4103 	EXP 	KBox2: color = 'blue'
39.4490 	EXP 	KBox2: color = 'blue'
39.4930 	EXP 	KBox2: color = 'blue'
39.5353 	EXP 	KBox2: color = 'blue'
39.5752 	EXP 	KBox2: color = 'blue'
39.6119 	EXP 	KBox2: color = 'blue'
39.6518 	EXP 	KBox2: color = 'blue'
39.6962 	EXP 	KBox2: color = 'blue'
39.7384 	EXP 	KBox2: color = 'blue'
39.7825 	EXP 	KBox2: color = 'blue'
39.8258 	EXP 	KBox2: color = 'blue'
39.8653 	EXP 	KBox2: color = 'blue'
39.9050 	EXP 	KBox2: color = 'blue'
39.9430 	EXP 	KBox2: color = 'blue'
39.9814 	EXP 	KBox2: color = 'blue'
40.0253 	EXP 	KBox2: color = 'blue'
40.0656 	EXP 	KBox2: color = 'blue'
40.1063 	EXP 	KBox2: color = 'blue'
40.1440 	EXP 	KBox2: color = 'blue'
40.1848 	EXP 	KBox2: color = 'blue'
40.2272 	EXP 	KBox2: color = 'blue'
40.2689 	EXP 	KBox2: color = 'blue'
40.3093 	EXP 	KBox2: color = 'blue'
40.3477 	EXP 	KBox2: color = 'blue'
40.3913 	EXP 	KBox2: color = 'blue'
40.4290 	EXP 	KBox2: color = 'blue'
40.4709 	EXP 	KBox2: color = 'blue'
40.5146 	EXP 	KBox2: color = 'blue'
40.5578 	EXP 	KBox2: color = 'blue'
40.5970 	EXP 	KBox2: color = 'blue'
40.6363 	EXP 	KBox2: color = 'blue'
40.6805 	EXP 	KBox2: color = 'blue'
40.7192 	EXP 	KBox2: color = 'blue'
40.7596 	EXP 	KBox2: color = 'blue'
40.7991 	EXP 	KBox2: color = 'blue'
40.8383 	EXP 	KBox2: color = 'blue'
40.8792 	EXP 	KBox2: color = 'blue'
40.9278 	EXP 	KBox2: color = 'blue'
40.9697 	EXP 	KBox2: color = 'blue'
41.0190 	EXP 	KBox2: color = 'blue'
41.0605 	EXP 	KBox2: color = 'blue'
41.0997 	EXP 	KBox2: color = 'blue'
41.1422 	EXP 	KBox2: color = 'blue'
41.1814 	EXP 	KBox2: color = 'blue'
41.2268 	EXP 	KBox2: color = 'blue'
41.2645 	EXP 	KBox2: color = 'blue'
41.3044 	EXP 	KBox2: color = 'blue'
41.3455 	EXP 	KBox2: color = 'blue'
41.3897 	EXP 	KBox2: color = 'blue'
41.4299 	EXP 	KBox2: color = 'blue'
41.4718 	EXP 	KBox2: color = 'blue'
41.5192 	EXP 	KBox2: color = 'blue'
41.5214 	DATA 	Mouse: Left button down, pos=(903,310)
41.5611 	EXP 	KBox2: color = 'blue'
41.6033 	EXP 	KBox2: color = 'blue'
41.6503 	EXP 	KBox2: color = 'blue'
41.6949 	EXP 	KBox2: color = 'blue'
41.6959 	DATA 	Mouse:  Left button up, pos=(903,310)
41.7386 	EXP 	KBox2: color = 'blue'
41.7778 	EXP 	KBox2: color = 'blue'
41.8209 	EXP 	KBox2: color = 'blue'
41.8601 	EXP 	KBox2: color = 'blue'
41.9037 	EXP 	KBox2: color = 'blue'
41.9417 	EXP 	KBox2: color = 'blue'
41.9792 	EXP 	KBox2: color = 'blue'
42.0203 	EXP 	KBox2: color = 'blue'
42.0602 	EXP 	KBox2: color = 'blue'
42.1009 	EXP 	KBox2: color = 'blue'
42.1380 	EXP 	KBox2: color = 'blue'
42.1778 	EXP 	KBox2: color = 'blue'
42.2159 	EXP 	KBox2: color = 'blue'
42.2597 	EXP 	KBox2: color = 'blue'
42.3019 	EXP 	KBox2: color = 'blue'
42.3439 	EXP 	KBox2: color = 'blue'
42.3829 	EXP 	KBox2: color = 'blue'
42.4259 	EXP 	KBox2: color = 'blue'
42.4642 	EXP 	KBox2: color = 'blue'
42.5097 	EXP 	KBox2: color = 'blue'
42.5469 	EXP 	KBox2: color = 'blue'
42.5855 	EXP 	KBox2: color = 'blue'
42.6272 	EXP 	KBox2: color = 'blue'
42.6646 	EXP 	KBox2: color = 'blue'
42.7079 	EXP 	KBox2: color = 'blue'
42.7455 	EXP 	KBox2: color = 'blue'
42.7834 	EXP 	KBox2: color = 'blue'
42.8207 	EXP 	KBox2: color = 'blue'
42.8605 	EXP 	KBox2: color = 'blue'
42.8988 	EXP 	KBox2: color = 'blue'
42.9405 	EXP 	KBox2: color = 'blue'
42.9787 	EXP 	KBox2: color = 'blue'
43.0181 	EXP 	KBox2: color = 'blue'
43.0607 	EXP 	KBox2: color = 'blue'
43.1000 	EXP 	KBox2: color = 'blue'
43.1436 	EXP 	KBox2: color = 'blue'
43.1821 	EXP 	KBox2: color = 'blue'
43.2266 	EXP 	KBox2: color = 'blue'
43.2653 	EXP 	KBox2: color = 'blue'
43.3052 	EXP 	KBox2: color = 'blue'
43.3458 	EXP 	KBox2: color = 'blue'
43.3829 	EXP 	KBox2: color = 'blue'
43.4260 	EXP 	KBox2: color = 'blue'
43.4670 	EXP 	KBox2: color = 'blue'
43.5050 	EXP 	KBox2: color = 'blue'
43.5430 	EXP 	KBox2: color = 'blue'
43.5809 	EXP 	KBox2: color = 'blue'
43.6268 	EXP 	KBox2: color = 'blue'
43.6683 	EXP 	KBox2: color = 'blue'
43.7098 	EXP 	KBox2: color = 'blue'
43.7488 	EXP 	KBox2: color = 'blue'
43.7874 	EXP 	KBox2: color = 'blue'
43.8301 	EXP 	KBox2: color = 'blue'
43.8728 	EXP 	KBox2: color = 'blue'
43.9103 	EXP 	KBox2: color = 'blue'
43.9530 	EXP 	KBox2: color = 'blue'
43.9937 	EXP 	KBox2: color = 'blue'
44.0406 	EXP 	KBox2: color = 'blue'
44.0787 	EXP 	KBox2: color = 'blue'
44.1164 	EXP 	KBox2: color = 'blue'
44.1604 	EXP 	KBox2: color = 'blue'
44.2035 	EXP 	KBox2: color = 'blue'
44.2517 	EXP 	KBox2: color = 'blue'
44.2953 	EXP 	KBox2: color = 'blue'
44.3394 	EXP 	KBox2: color = 'blue'
44.3807 	EXP 	KBox2: color = 'blue'
44.4269 	EXP 	KBox2: color = 'blue'
44.4734 	EXP 	KBox2: color = 'blue'
44.5162 	EXP 	KBox2: color = 'blue'
44.5611 	EXP 	KBox2: color = 'blue'
44.6040 	EXP 	KBox2: color = 'blue'
44.6465 	EXP 	KBox2: color = 'blue'
44.6930 	EXP 	KBox2: color = 'blue'
44.7354 	EXP 	KBox2: color = 'blue'
44.7761 	EXP 	KBox2: color = 'blue'
44.8159 	EXP 	KBox2: color = 'blue'
44.8539 	EXP 	KBox2: color = 'blue'
44.8962 	EXP 	KBox2: color = 'blue'
44.9381 	EXP 	KBox2: color = 'blue'
44.9768 	EXP 	KBox2: color = 'blue'
45.0207 	EXP 	KBox2: color = 'blue'
45.0635 	EXP 	KBox2: color = 'blue'
45.1101 	EXP 	KBox2: color = 'blue'
45.1514 	EXP 	KBox2: color = 'blue'
45.1938 	EXP 	KBox2: color = 'blue'
45.2384 	EXP 	KBox2: color = 'blue'
45.2790 	EXP 	KBox2: color = 'blue'
45.3260 	EXP 	KBox2: color = 'blue'
45.3698 	EXP 	KBox2: color = 'blue'
45.4184 	EXP 	KBox2: color = 'blue'
45.4601 	EXP 	KBox2: color = 'blue'
45.5031 	EXP 	KBox2: color = 'blue'
45.5441 	EXP 	KBox2: color = 'blue'
45.5856 	EXP 	KBox2: color = 'blue'
45.6311 	EXP 	KBox2: color = 'blue'
45.6750 	EXP 	KBox2: color = 'blue'
45.7166 	EXP 	KBox2: color = 'blue'
45.7616 	EXP 	KBox2: color = 'blue'
45.8056 	EXP 	KBox2: color = 'blue'
45.8433 	EXP 	KBox2: color = 'blue'
45.8802 	EXP 	KBox2: color = 'blue'
45.9191 	EXP 	KBox2: color = 'blue'
45.9598 	EXP 	KBox2: color = 'blue'
46.0026 	EXP 	KBox2: color = 'blue'
46.0423 	EXP 	KBox2: color = 'blue'
46.0821 	EXP 	KBox2: color = 'blue'
46.1273 	EXP 	KBox2: color = 'blue'
46.1690 	EXP 	KBox2: color = 'blue'
46.1717 	DATA 	Mouse: Left button down, pos=(877,438)
46.2137 	EXP 	KBox2: color = 'blue'
46.2614 	EXP 	KBox2: color = 'blue'
46.3061 	EXP 	KBox2: color = 'blue'
46.3482 	EXP 	KBox2: color = 'blue'
46.3952 	EXP 	KBox2: color = 'blue'
46.3962 	DATA 	Mouse:  Left button up, pos=(877,438)
46.4384 	EXP 	KBox2: color = 'blue'
46.4767 	EXP 	KBox2: color = 'blue'
46.5153 	EXP 	KBox2: color = 'blue'
46.5535 	EXP 	KBox2: color = 'blue'
46.5939 	EXP 	KBox2: color = 'blue'
46.6346 	EXP 	KBox2: color = 'blue'
46.6822 	EXP 	KBox2: color = 'blue'
46.7252 	EXP 	KBox2: color = 'blue'
46.7701 	EXP 	KBox2: color = 'blue'
46.8129 	EXP 	KBox2: color = 'blue'
46.8512 	EXP 	KBox2: color = 'blue'
46.8931 	EXP 	KBox2: color = 'blue'
46.9316 	EXP 	KBox2: color = 'blue'
46.9761 	EXP 	KBox2: color = 'blue'
47.0255 	EXP 	KBox2: color = 'blue'
47.0693 	EXP 	KBox2: color = 'blue'
47.1153 	EXP 	KBox2: color = 'blue'
47.1582 	EXP 	KBox2: color = 'blue'
47.1986 	EXP 	KBox2: color = 'blue'
47.2410 	EXP 	KBox2: color = 'blue'
47.2786 	EXP 	KBox2: color = 'blue'
47.3180 	EXP 	KBox2: color = 'blue'
47.3595 	EXP 	KBox2: color = 'blue'
47.3994 	EXP 	KBox2: color = 'blue'
47.4364 	DATA 	Mouse: Left button down, pos=(877,305)
47.4464 	EXP 	KBox2: color = 'blue'
47.4860 	EXP 	KBox2: color = 'blue'
47.5302 	EXP 	KBox2: color = 'blue'
47.5748 	EXP 	KBox2: color = 'blue'
47.6102 	DATA 	Mouse:  Left button up, pos=(877,305)
47.6167 	EXP 	KBox2: color = 'blue'
47.6597 	EXP 	KBox2: color = 'blue'
47.6987 	EXP 	KBox2: color = 'blue'
47.7401 	EXP 	KBox2: color = 'blue'
47.7808 	EXP 	KBox2: color = 'blue'
47.8189 	EXP 	KBox2: color = 'blue'
47.8599 	EXP 	KBox2: color = 'blue'
47.8988 	EXP 	KBox2: color = 'blue'
47.9420 	EXP 	KBox2: color = 'blue'
47.9853 	EXP 	KBox2: color = 'blue'
48.0261 	EXP 	KBox2: color = 'blue'
48.0669 	EXP 	KBox2: color = 'blue'
48.1014 	DATA 	Mouse: Left button down, pos=(877,305)
48.1085 	EXP 	KBox2: color = 'blue'
48.1514 	EXP 	KBox2: color = 'blue'
48.1981 	EXP 	KBox2: color = 'blue'
48.2438 	EXP 	KBox2: color = 'blue'
48.2814 	DATA 	Mouse:  Left button up, pos=(877,305)
48.2941 	EXP 	KBox2: color = 'blue'
48.3382 	EXP 	KBox2: color = 'blue'
48.3804 	EXP 	KBox2: color = 'blue'
48.4260 	EXP 	KBox2: color = 'blue'
48.4722 	EXP 	KBox2: color = 'blue'
48.5195 	EXP 	KBox2: color = 'blue'
48.5644 	EXP 	KBox2: color = 'blue'
48.6099 	EXP 	KBox2: color = 'blue'
48.6510 	EXP 	KBox2: color = 'blue'
48.6944 	EXP 	KBox2: color = 'blue'
48.7444 	EXP 	KBox2: color = 'blue'
48.7869 	EXP 	KBox2: color = 'blue'
48.8373 	EXP 	KBox2: color = 'blue'
48.8841 	EXP 	KBox2: color = 'blue'
48.9291 	EXP 	KBox2: color = 'blue'
48.9765 	EXP 	KBox2: color = 'blue'
48.9776 	DATA 	Mouse: Left button down, pos=(877,305)
49.0271 	EXP 	KBox2: color = 'blue'
49.0918 	EXP 	KBox2: color = 'blue'
49.1350 	DATA 	Mouse:  Left button up, pos=(877,305)
49.1528 	EXP 	KBox2: color = 'blue'
49.2046 	EXP 	KBox2: color = 'blue'
49.2517 	EXP 	KBox2: color = 'blue'
49.3053 	EXP 	KBox2: color = 'blue'
49.3596 	EXP 	KBox2: color = 'blue'
49.4164 	EXP 	KBox2: color = 'blue'
49.4733 	EXP 	KBox2: color = 'blue'
49.5268 	EXP 	KBox2: color = 'blue'
49.5872 	EXP 	KBox2: color = 'blue'
49.6321 	EXP 	KBox2: color = 'blue'
49.6930 	EXP 	KBox2: color = 'blue'
49.7453 	EXP 	KBox2: color = 'blue'
49.7960 	EXP 	KBox2: color = 'blue'
49.8514 	EXP 	KBox2: color = 'blue'
49.8990 	EXP 	KBox2: color = 'blue'
49.9443 	EXP 	KBox2: color = 'blue'
49.9930 	EXP 	KBox2: color = 'blue'
50.0391 	EXP 	KBox2: color = 'blue'
50.0846 	EXP 	KBox2: color = 'blue'
50.1350 	EXP 	KBox2: color = 'blue'
50.1930 	EXP 	KBox2: color = 'blue'
50.2444 	EXP 	KBox2: color = 'blue'
50.2948 	EXP 	KBox2: color = 'blue'
50.3546 	EXP 	KBox2: color = 'blue'
50.3963 	DATA 	Mouse: Left button down, pos=(984,318)
50.4045 	EXP 	KBox2: color = 'blue'
50.4581 	EXP 	KBox2: color = 'blue'
50.5055 	DATA 	Mouse:  Left button up, pos=(984,318)
50.5129 	EXP 	KBox2: color = 'blue'
50.5632 	EXP 	KBox2: color = 'blue'
50.6104 	EXP 	KBox2: color = 'blue'
50.6637 	EXP 	KBox2: color = 'blue'
50.7185 	EXP 	KBox2: color = 'blue'
50.7635 	EXP 	KBox2: color = 'blue'
50.8147 	EXP 	KBox2: color = 'blue'
50.8633 	EXP 	KBox2: color = 'blue'
50.9151 	EXP 	KBox2: color = 'blue'
50.9577 	DATA 	Mouse: Left button down, pos=(983,318)
50.9654 	EXP 	KBox2: color = 'blue'
51.0174 	EXP 	KBox2: color = 'blue'
51.0700 	EXP 	KBox2: color = 'blue'
51.1125 	DATA 	Mouse:  Left button up, pos=(983,318)
51.1228 	EXP 	KBox2: color = 'blue'
51.1686 	EXP 	KBox2: color = 'blue'
51.2168 	EXP 	KBox2: color = 'blue'
51.2624 	EXP 	KBox2: color = 'blue'
51.3133 	EXP 	KBox2: color = 'blue'
51.3612 	EXP 	KBox2: color = 'blue'
51.4078 	EXP 	KBox2: color = 'blue'
51.4472 	EXP 	KBox2: color = 'blue'
51.4873 	EXP 	KBox2: color = 'blue'
51.5306 	EXP 	KBox2: color = 'blue'
51.5748 	EXP 	KBox2: color = 'blue'
51.6189 	EXP 	KBox2: color = 'blue'
51.6650 	EXP 	KBox2: color = 'blue'
51.7150 	EXP 	KBox2: color = 'blue'
51.7604 	EXP 	KBox2: color = 'blue'
51.8075 	EXP 	KBox2: color = 'blue'
51.8482 	EXP 	KBox2: color = 'blue'
51.8887 	EXP 	KBox2: color = 'blue'
51.9306 	EXP 	KBox2: color = 'blue'
51.9745 	EXP 	KBox2: color = 'blue'
52.0146 	EXP 	KBox2: color = 'blue'
52.0605 	EXP 	KBox2: color = 'blue'
52.1031 	EXP 	KBox2: color = 'blue'
52.1529 	EXP 	KBox2: color = 'blue'
52.2035 	EXP 	KBox2: color = 'blue'
52.2512 	EXP 	KBox2: color = 'blue'
52.2960 	EXP 	KBox2: color = 'blue'
52.3460 	EXP 	KBox2: color = 'blue'
52.3941 	EXP 	KBox2: color = 'blue'
52.4425 	EXP 	KBox2: color = 'blue'
52.4943 	EXP 	KBox2: color = 'blue'
52.5384 	DATA 	Mouse: Left button down, pos=(957,290)
52.5478 	EXP 	KBox2: color = 'blue'
52.5960 	EXP 	KBox2: color = 'blue'
52.6504 	EXP 	KBox2: color = 'blue'
52.6986 	DATA 	Mouse:  Left button up, pos=(957,290)
52.7068 	EXP 	KBox2: color = 'blue'
52.7606 	EXP 	KBox2: color = 'blue'
52.8118 	EXP 	KBox2: color = 'blue'
52.8612 	EXP 	KBox2: color = 'blue'
52.9138 	EXP 	KBox2: color = 'blue'
52.9613 	EXP 	KBox2: color = 'blue'
53.0070 	EXP 	KBox2: color = 'blue'
53.0613 	EXP 	KBox2: color = 'blue'
53.1157 	EXP 	KBox2: color = 'blue'
53.1707 	EXP 	KBox2: color = 'blue'
53.2183 	EXP 	KBox2: color = 'blue'
53.2705 	EXP 	KBox2: color = 'blue'
53.3176 	EXP 	KBox2: color = 'blue'
53.3633 	EXP 	KBox2: color = 'blue'
53.4093 	EXP 	KBox2: color = 'blue'
53.4523 	EXP 	KBox2: color = 'blue'
53.4963 	EXP 	KBox2: color = 'blue'
53.5370 	EXP 	KBox2: color = 'blue'
53.5762 	EXP 	KBox2: color = 'blue'
53.6157 	EXP 	KBox2: color = 'blue'
53.6562 	EXP 	KBox2: color = 'blue'
53.6967 	EXP 	KBox2: color = 'blue'
53.7435 	EXP 	KBox2: color = 'blue'
53.7865 	EXP 	KBox2: color = 'blue'
53.8276 	EXP 	KBox2: color = 'blue'
53.8698 	EXP 	KBox2: color = 'blue'
53.9120 	EXP 	KBox2: color = 'blue'
53.9523 	EXP 	KBox2: color = 'blue'
53.9931 	EXP 	KBox2: color = 'blue'
54.0364 	EXP 	KBox2: color = 'blue'
54.0721 	DATA 	Mouse: Left button down, pos=(956,337)
54.0793 	EXP 	KBox2: color = 'blue'
54.1280 	EXP 	KBox2: color = 'blue'
54.1723 	DATA 	Mouse:  Left button up, pos=(956,337)
54.1796 	EXP 	KBox2: color = 'blue'
54.2269 	EXP 	KBox2: color = 'blue'
54.2688 	EXP 	KBox2: color = 'blue'
54.3100 	EXP 	KBox2: color = 'blue'
54.3494 	EXP 	KBox2: color = 'blue'
54.3955 	EXP 	KBox2: color = 'blue'
54.4386 	EXP 	KBox2: color = 'blue'
54.4825 	EXP 	KBox2: color = 'blue'
54.5942 	EXP 	KBox2: color = 'blue'
54.6448 	EXP 	KBox2: color = 'blue'
54.6861 	EXP 	KBox2: color = 'blue'
54.7266 	EXP 	KBox2: color = 'blue'
54.7725 	EXP 	KBox2: color = 'blue'
54.8151 	EXP 	KBox2: color = 'blue'
54.8538 	EXP 	KBox2: color = 'blue'
54.8976 	EXP 	KBox2: color = 'blue'
54.9408 	EXP 	KBox2: color = 'blue'
54.9836 	EXP 	KBox2: color = 'blue'
55.0286 	EXP 	KBox2: color = 'blue'
55.0723 	EXP 	KBox2: color = 'blue'
55.1157 	EXP 	KBox2: color = 'blue'
55.1607 	EXP 	KBox2: color = 'blue'
55.2076 	EXP 	KBox2: color = 'blue'
55.2526 	EXP 	KBox2: color = 'blue'
55.2947 	EXP 	KBox2: color = 'blue'
55.3405 	EXP 	KBox2: color = 'blue'
55.3822 	EXP 	KBox2: color = 'blue'
55.4275 	EXP 	KBox2: color = 'blue'
55.4709 	EXP 	KBox2: color = 'blue'
55.5154 	EXP 	KBox2: color = 'blue'
55.5694 	EXP 	KBox2: color = 'blue'
55.6111 	EXP 	KBox2: color = 'blue'
55.6605 	EXP 	KBox2: color = 'blue'
55.6616 	DATA 	Mouse: Left button down, pos=(954,333)
55.7090 	EXP 	KBox2: color = 'blue'
55.7497 	EXP 	KBox2: color = 'blue'
55.7532 	DATA 	Mouse:  Left button up, pos=(954,333)
55.7947 	EXP 	KBox2: color = 'blue'
55.8419 	EXP 	KBox2: color = 'blue'
55.8809 	EXP 	KBox2: color = 'blue'
55.9223 	EXP 	KBox2: color = 'blue'
55.9603 	EXP 	KBox2: color = 'blue'
56.0003 	EXP 	KBox2: color = 'blue'
56.0423 	EXP 	KBox2: color = 'blue'
56.0799 	EXP 	KBox2: color = 'blue'
56.1261 	EXP 	KBox2: color = 'blue'
56.1629 	EXP 	KBox2: color = 'blue'
56.1715 	DATA 	Mouse: Left button down, pos=(954,333)
56.2061 	EXP 	KBox2: color = 'blue'
56.2487 	EXP 	KBox2: color = 'blue'
56.2937 	EXP 	KBox2: color = 'blue'
56.3310 	DATA 	Mouse:  Left button up, pos=(954,333)
56.3382 	EXP 	KBox2: color = 'blue'
56.3772 	EXP 	KBox2: color = 'blue'
56.4153 	EXP 	KBox2: color = 'blue'
56.4537 	EXP 	KBox2: color = 'blue'
56.4935 	EXP 	KBox2: color = 'blue'
56.5336 	EXP 	KBox2: color = 'blue'
56.5757 	EXP 	KBox2: color = 'blue'
56.6141 	EXP 	KBox2: color = 'blue'
56.6525 	EXP 	KBox2: color = 'blue'
56.6938 	EXP 	KBox2: color = 'blue'
56.7358 	EXP 	KBox2: color = 'blue'
56.7744 	EXP 	KBox2: color = 'blue'
56.7755 	DATA 	Mouse: Left button down, pos=(954,333)
56.8257 	EXP 	KBox2: color = 'blue'
56.8698 	EXP 	KBox2: color = 'blue'
56.9078 	DATA 	Mouse:  Left button up, pos=(954,333)
56.9158 	EXP 	KBox2: color = 'blue'
56.9584 	EXP 	KBox2: color = 'blue'
57.0002 	EXP 	KBox2: color = 'blue'
57.0379 	EXP 	KBox2: color = 'blue'
57.0779 	EXP 	KBox2: color = 'blue'
57.1152 	EXP 	KBox2: color = 'blue'
57.1599 	EXP 	KBox2: color = 'blue'
57.1985 	EXP 	KBox2: color = 'blue'
57.2395 	EXP 	KBox2: color = 'blue'
57.2780 	EXP 	KBox2: color = 'blue'
57.3144 	DATA 	Mouse: Left button down, pos=(954,333)
57.3276 	EXP 	KBox2: color = 'blue'
57.3719 	EXP 	KBox2: color = 'blue'
57.4191 	EXP 	KBox2: color = 'blue'
57.4535 	DATA 	Mouse:  Left button up, pos=(954,333)
57.4603 	EXP 	KBox2: color = 'blue'
57.5013 	EXP 	KBox2: color = 'blue'
57.5411 	EXP 	KBox2: color = 'blue'
57.5807 	EXP 	KBox2: color = 'blue'
57.6274 	EXP 	KBox2: color = 'blue'
57.6654 	EXP 	KBox2: color = 'blue'
57.7065 	EXP 	KBox2: color = 'blue'
57.7437 	EXP 	KBox2: color = 'blue'
57.7845 	EXP 	KBox2: color = 'blue'
57.8287 	EXP 	KBox2: color = 'blue'
57.8679 	EXP 	KBox2: color = 'blue'
57.9100 	EXP 	KBox2: color = 'blue'
57.9470 	EXP 	KBox2: color = 'blue'
57.9933 	EXP 	KBox2: color = 'blue'
58.0358 	EXP 	KBox2: color = 'blue'
58.0736 	EXP 	KBox2: color = 'blue'
58.1132 	EXP 	KBox2: color = 'blue'
58.1536 	EXP 	KBox2: color = 'blue'
58.1937 	EXP 	KBox2: color = 'blue'
58.2368 	EXP 	KBox2: color = 'blue'
58.2758 	EXP 	KBox2: color = 'blue'
58.3151 	EXP 	KBox2: color = 'blue'
58.3525 	EXP 	KBox2: color = 'blue'
58.3971 	EXP 	KBox2: color = 'blue'
58.4404 	EXP 	KBox2: color = 'blue'
58.4804 	EXP 	KBox2: color = 'blue'
58.5268 	EXP 	KBox2: color = 'blue'
58.5739 	EXP 	KBox2: color = 'blue'
58.6184 	EXP 	KBox2: color = 'blue'
58.6618 	EXP 	KBox2: color = 'blue'
58.7052 	EXP 	KBox2: color = 'blue'
58.7474 	EXP 	KBox2: color = 'blue'
58.7952 	EXP 	KBox2: color = 'blue'
58.8433 	EXP 	KBox2: color = 'blue'
58.8861 	EXP 	KBox2: color = 'blue'
58.9314 	EXP 	KBox2: color = 'blue'
58.9796 	EXP 	KBox2: color = 'blue'
59.0266 	EXP 	KBox2: color = 'blue'
59.0690 	EXP 	KBox2: color = 'blue'
59.1103 	EXP 	KBox2: color = 'blue'
59.1488 	EXP 	KBox2: color = 'blue'
59.1938 	EXP 	KBox2: color = 'blue'
59.2290 	DATA 	Mouse: Left button down, pos=(964,293)
59.2363 	EXP 	KBox2: color = 'blue'
59.2776 	EXP 	KBox2: color = 'blue'
59.3139 	DATA 	Mouse:  Left button up, pos=(964,293)
59.3262 	EXP 	KBox2: color = 'blue'
59.3658 	EXP 	KBox2: color = 'blue'
59.4046 	EXP 	KBox2: color = 'blue'
59.4429 	EXP 	KBox2: color = 'blue'
59.4796 	EXP 	KBox2: color = 'blue'
59.5250 	EXP 	KBox2: color = 'blue'
59.5607 	EXP 	KBox2: color = 'blue'
59.6014 	EXP 	KBox2: color = 'blue'
59.6431 	EXP 	KBox2: color = 'blue'
59.6806 	EXP 	KBox2: color = 'blue'
59.7251 	EXP 	KBox2: color = 'blue'
59.7639 	EXP 	KBox2: color = 'blue'
59.8041 	EXP 	KBox2: color = 'blue'
59.8448 	EXP 	KBox2: color = 'blue'
59.8832 	EXP 	KBox2: color = 'blue'
59.9267 	EXP 	KBox2: color = 'blue'
59.9657 	EXP 	KBox2: color = 'blue'
60.0061 	EXP 	KBox2: color = 'blue'
60.0470 	EXP 	KBox2: color = 'blue'
60.0939 	EXP 	KBox2: color = 'blue'
60.1432 	EXP 	KBox2: color = 'blue'
60.1914 	EXP 	KBox2: color = 'blue'
60.2401 	EXP 	KBox2: color = 'blue'
60.2867 	EXP 	KBox2: color = 'blue'
60.3296 	EXP 	KBox2: color = 'blue'
60.3761 	EXP 	KBox2: color = 'blue'
60.4209 	EXP 	KBox2: color = 'blue'
60.4602 	EXP 	KBox2: color = 'blue'
60.5017 	EXP 	KBox2: color = 'blue'
60.5037 	DATA 	Mouse: Left button down, pos=(950,430)
60.5459 	EXP 	KBox2: color = 'blue'
60.5930 	EXP 	KBox2: color = 'blue'
60.6377 	EXP 	KBox2: color = 'blue'
60.6385 	DATA 	Mouse:  Left button up, pos=(950,430)
60.6797 	EXP 	KBox2: color = 'blue'
60.7211 	EXP 	KBox2: color = 'blue'
60.7608 	EXP 	KBox2: color = 'blue'
60.8003 	EXP 	KBox2: color = 'blue'
60.8414 	EXP 	KBox2: color = 'blue'
60.8826 	EXP 	KBox2: color = 'blue'
60.9267 	EXP 	KBox2: color = 'blue'
60.9702 	EXP 	KBox2: color = 'blue'
61.0019 	DATA 	Mouse: Left button down, pos=(950,430)
61.0101 	EXP 	KBox2: color = 'blue'
61.0548 	EXP 	KBox2: color = 'blue'
61.0979 	EXP 	KBox2: color = 'blue'
61.1370 	DATA 	Mouse:  Left button up, pos=(950,430)
61.1446 	EXP 	KBox2: color = 'blue'
61.1866 	EXP 	KBox2: color = 'blue'
61.2281 	EXP 	KBox2: color = 'blue'
61.2686 	EXP 	KBox2: color = 'blue'
61.3092 	EXP 	KBox2: color = 'blue'
61.3100 	DATA 	Mouse: Left button down, pos=(950,430)
61.3546 	EXP 	KBox2: color = 'blue'
61.3985 	EXP 	KBox2: color = 'blue'
61.4421 	EXP 	KBox2: color = 'blue'
61.4759 	DATA 	Mouse:  Left button up, pos=(950,430)
61.4830 	EXP 	KBox2: color = 'blue'
61.5275 	EXP 	KBox2: color = 'blue'
61.5634 	EXP 	KBox2: color = 'blue'
61.6034 	EXP 	KBox2: color = 'blue'
61.6434 	EXP 	KBox2: color = 'blue'
61.6822 	EXP 	KBox2: color = 'blue'
61.7264 	EXP 	KBox2: color = 'blue'
61.7680 	EXP 	KBox2: color = 'blue'
61.8109 	EXP 	KBox2: color = 'blue'
61.8523 	EXP 	KBox2: color = 'blue'
61.8951 	EXP 	KBox2: color = 'blue'
61.9431 	EXP 	KBox2: color = 'blue'
61.9869 	EXP 	KBox2: color = 'blue'
62.0290 	EXP 	KBox2: color = 'blue'
62.0719 	EXP 	KBox2: color = 'blue'
62.1129 	EXP 	KBox2: color = 'blue'
62.1561 	EXP 	KBox2: color = 'blue'
62.1603 	DATA 	Mouse: Left button down, pos=(750,247)
62.1859 	EXP 	KBox2: color = 'blue'
62.1859 	EXP 	PBox: autoDraw = False
62.1859 	EXP 	NBox2: autoDraw = False
62.1859 	EXP 	SBox2: autoDraw = False
62.1859 	EXP 	KBox2: autoDraw = False
62.1859 	EXP 	HBox: autoDraw = False
62.1859 	EXP 	FBox: autoDraw = False
62.1859 	EXP 	QBox: autoDraw = False
62.1859 	EXP 	LBox: autoDraw = False
62.1859 	EXP 	RBox: autoDraw = False
62.1859 	EXP 	TBox: autoDraw = False
62.1859 	EXP 	YBox: autoDraw = False
62.1859 	EXP 	JBox: autoDraw = False
62.1859 	EXP 	RecallINS: autoDraw = False
62.1859 	EXP 	P: autoDraw = False
62.1859 	EXP 	F_2: autoDraw = False
62.1859 	EXP 	H: autoDraw = False
62.1859 	EXP 	S: autoDraw = False
62.1859 	EXP 	K: autoDraw = False
62.1859 	EXP 	N: autoDraw = False
62.1859 	EXP 	L: autoDraw = False
62.1859 	EXP 	Q: autoDraw = False
62.1859 	EXP 	R: autoDraw = False
62.1859 	EXP 	J: autoDraw = False
62.1859 	EXP 	Y: autoDraw = False
62.1859 	EXP 	T_2: autoDraw = False
62.1859 	EXP 	CLEAR: autoDraw = False
62.1859 	EXP 	ClearText: autoDraw = False
62.1859 	EXP 	BLANK: autoDraw = False
62.1859 	EXP 	BlankText: autoDraw = False
62.1859 	EXP 	ENTER: autoDraw = False
62.1859 	EXP 	EnterText: autoDraw = False
62.3256 	DATA 	Mouse:  Left button up, pos=(750,247)
65.1740 	EXP 	text_3: autoDraw = True
66.6922 	EXP 	Created sequence: random, trialTypes=1, nReps=5, seed=None
66.6929 	EXP 	New trial (rep=0, index=0): None
66.6941 	EXP 	New trial (rep=1, index=0): None
66.6952 	EXP 	New trial (rep=2, index=0): None
66.6963 	EXP 	New trial (rep=3, index=0): None
66.6973 	EXP 	New trial (rep=4, index=0): None
66.7098 	EXP 	text_3: autoDraw = False
66.7630 	EXP 	window1: mouseVisible = True
