2.0799 	WARNING 	We strongly recommend you activate the PTB sound engine in PsychoPy prefs as the preferred audio engine. Its timing is vastly superior. Your prefs are currently set to use ['sounddevice', 'PTB', 'pyo', 'pygame'] (in that order).
11.9206 	WARNING 	User requested fullscreen with size [1024  768], but screen is actually [1680, 1050]. Using actual size
12.9307 	EXP 	Created window1 = Window(allowGUI=False, allowStencil=False, autoLog=True, backendConf=UNKNOWN, bitsMode=UNKNOWN, blendMode='avg', bpc=(8, 8, 8), color=array([0, 0, 0]), colorSpace='rgb', depthBits=8, fullscr=<method-wrapper '__getattribute__' of attributeSetter object at 0x7fa8ad031580>, gamma=None, gammaErrorPolicy='raise', lms=UNKNOWN, monitor=<psychopy.monitors.calibTools.Monitor object at 0x7fa8abcf7760>, multiSample=False, name='window1', numSamples=2, pos=[420.0, 262.5], screen=0, size=array([3360, 2100]), stencilBits=0, stereo=False, units='height', useFBO=True, useRetina=True, viewOri=0.0, viewPos=None, viewScale=None, waitBlanking=True, winType='pyglet')
12.9310 	EXP 	window1: mouseVisible = True
12.9310 	EXP 	window1: Attempting to measure frame rate of screen (0) ...
12.9310 	EXP 	window1: recordFrameIntervals = False
13.0964 	EXP 	window1: recordFrameIntervals = True
13.1499 	WARNING 	t of last frame was 20.60ms (=1/48)
13.1779 	WARNING 	t of last frame was 28.00ms (=1/35)
13.2343 	WARNING 	t of last frame was 26.82ms (=1/37)
13.4294 	EXP 	Screen (0) actual frame rate measured at 60.63Hz
13.4294 	EXP 	window1: recordFrameIntervals = False
16.5238 	EXP 	Created NBox = Rect(__class__=<class 'psychopy.visual.rect.Rect'>, anchor=('right', 'bottom'), autoDraw=False, autoLog=True, closeShape=True, color=method-wrapper(...), colorSpace='rgb', contrast=None, depth=0.0, fillColor=array([1, 1, 1]), fillColorSpace='rgb', fillRGB=array([1, 1, 1]), interpolate=True, lineColor=array([1., 1., 1.]), lineColorSpace='rgb', lineRGB=array([1, 1, 1]), lineWidth=1.0, name='NBox', opacity=1.0, ori=0.0, pos=array([0.25, 0.  ]), size=array([0.15, 0.15]), units='height', vertices=ndarray(...), win=Window(...))
16.5264 	EXP 	Created SBox = Rect(__class__=<class 'psychopy.visual.rect.Rect'>, anchor=('left', 'bottom'), autoDraw=False, autoLog=True, closeShape=True, color=method-wrapper(...), colorSpace='rgb', contrast=None, depth=-1.0, fillColor=array([1, 1, 1]), fillColorSpace='rgb', fillRGB=array([1, 1, 1]), interpolate=True, lineColor=array([1., 1., 1.]), lineColorSpace='rgb', lineRGB=array([1, 1, 1]), lineWidth=1.0, name='SBox', opacity=1.0, ori=0.0, pos=array([-0.25,  0.  ]), size=array([0.15, 0.15]), units='height', vertices=ndarray(...), win=Window(...))
16.5290 	EXP 	Created KBox = Rect(__class__=<class 'psychopy.visual.rect.Rect'>, anchor=('center', 'bottom'), autoDraw=False, autoLog=True, closeShape=True, color=method-wrapper(...), colorSpace='rgb', contrast=None, depth=-2.0, fillColor=array([1, 1, 1]), fillColorSpace='rgb', fillRGB=array([1, 1, 1]), interpolate=True, lineColor=array([1., 1., 1.]), lineColorSpace='rgb', lineRGB=array([1, 1, 1]), lineWidth=1.0, name='KBox', opacity=1.0, ori=0.0, pos=array([0., 0.]), size=array([0.15, 0.15]), units='height', vertices=ndarray(...), win=Window(...))
16.5316 	EXP 	Created HBox = Rect(__class__=<class 'psychopy.visual.rect.Rect'>, anchor=('center', 'center'), autoDraw=False, autoLog=True, closeShape=True, color=method-wrapper(...), colorSpace='rgb', contrast=None, depth=-3.0, fillColor=array([1, 1, 1]), fillColorSpace='rgb', fillRGB=array([1, 1, 1]), interpolate=True, lineColor=array([1., 1., 1.]), lineColorSpace='rgb', lineRGB=array([1, 1, 1]), lineWidth=1.0, name='HBox', opacity=1.0, ori=0.0, pos=array([0.25, 0.  ]), size=array([0.15, 0.15]), units='height', vertices=ndarray(...), win=Window(...))
16.5341 	EXP 	Created PBox = Rect(__class__=<class 'psychopy.visual.rect.Rect'>, anchor=('center', 'center'), autoDraw=False, autoLog=True, closeShape=True, color=method-wrapper(...), colorSpace='rgb', contrast=None, depth=-4.0, fillColor=array([1, 1, 1]), fillColorSpace='rgb', fillRGB=array([1, 1, 1]), interpolate=True, lineColor=array([1., 1., 1.]), lineColorSpace='rgb', lineRGB=array([1, 1, 1]), lineWidth=1.0, name='PBox', opacity=1.0, ori=0.0, pos=array([0.25, 0.25]), size=array([0.15, 0.15]), units='height', vertices=ndarray(...), win=Window(...))
16.5367 	EXP 	Created FBox = Rect(__class__=<class 'psychopy.visual.rect.Rect'>, anchor=('center', 'center'), autoDraw=False, autoLog=True, closeShape=True, color=method-wrapper(...), colorSpace='rgb', contrast=None, depth=-5.0, fillColor=array([1, 1, 1]), fillColorSpace='rgb', fillRGB=array([1, 1, 1]), interpolate=True, lineColor=array([1., 1., 1.]), lineColorSpace='rgb', lineRGB=array([1, 1, 1]), lineWidth=1.0, name='FBox', opacity=1.0, ori=0.0, pos=array([ 0.25, -0.25]), size=array([0.15, 0.15]), units='height', vertices=ndarray(...), win=Window(...))
16.5371 	EXP 	window1: mouseVisible = True
16.5660 	EXP 	NBox: autoDraw = True
16.5660 	EXP 	SBox: autoDraw = True
16.5660 	EXP 	KBox: autoDraw = True
16.5660 	EXP 	HBox: autoDraw = True
16.5660 	EXP 	PBox: autoDraw = True
16.5660 	EXP 	FBox: autoDraw = True
32.8949 	DATA 	Keypress: escape
33.6375 	EXP 	window1: mouseVisible = True
