3.0703 	WARNING 	We strongly recommend you activate the PTB sound engine in PsychoPy prefs as the preferred audio engine. Its timing is vastly superior. Your prefs are currently set to use ['sounddevice', 'PTB', 'pyo', 'pygame'] (in that order).
12.7672 	WARNING 	User requested fullscreen with size [1024  768], but screen is actually [1680, 1050]. Using actual size
14.2285 	EXP 	Created window1 = Window(allowGUI=False, allowStencil=False, autoLog=True, backendConf=UNKNOWN, bitsMode=UNKNOWN, blendMode='avg', bpc=(8, 8, 8), color=array([0, 0, 0]), colorSpace='rgb', depthBits=8, fullscr=<method-wrapper '__getattribute__' of attributeSetter object at 0x7fbc089b5550>, gamma=None, gammaErrorPolicy='raise', lms=UNKNOWN, monitor=<psychopy.monitors.calibTools.Monitor object at 0x7fbc06d04730>, multiSample=False, name='window1', numSamples=2, pos=[420.0, 262.5], screen=0, size=array([3360, 2100]), stencilBits=0, stereo=False, units='height', useFBO=True, useRetina=True, viewOri=0.0, viewPos=None, viewScale=None, waitBlanking=True, winType='pyglet')
14.2289 	EXP 	window1: mouseVisible = True
14.2289 	EXP 	window1: Attempting to measure frame rate of screen (0) ...
14.2289 	EXP 	window1: recordFrameIntervals = False
14.3932 	EXP 	window1: recordFrameIntervals = True
14.4886 	WARNING 	t of last frame was 25.77ms (=1/38)
14.6777 	WARNING 	t of last frame was 33.43ms (=1/29)
14.8790 	EXP 	Screen (0) actual frame rate measured at 61.09Hz
14.8791 	EXP 	window1: recordFrameIntervals = False
18.6172 	EXP 	Created NBox = Rect(__class__=<class 'psychopy.visual.rect.Rect'>, anchor=('center', 'top'), autoDraw=False, autoLog=True, closeShape=True, color=method-wrapper(...), colorSpace='rgb', contrast=None, depth=0.0, fillColor=array([1, 1, 1]), fillColorSpace='rgb', fillRGB=array([1, 1, 1]), interpolate=True, lineColor=array([1., 1., 1.]), lineColorSpace='rgb', lineRGB=array([1, 1, 1]), lineWidth=1.0, name='NBox', opacity=1.0, ori=0.0, pos=array([0.25, 0.  ]), size=array([0.15, 0.15]), units='height', vertices=ndarray(...), win=Window(...))
18.6199 	EXP 	Created SBox = Rect(__class__=<class 'psychopy.visual.rect.Rect'>, anchor=('left', 'bottom'), autoDraw=False, autoLog=True, closeShape=True, color=method-wrapper(...), colorSpace='rgb', contrast=None, depth=-1.0, fillColor=array([1, 1, 1]), fillColorSpace='rgb', fillRGB=array([1, 1, 1]), interpolate=True, lineColor=array([1., 1., 1.]), lineColorSpace='rgb', lineRGB=array([1, 1, 1]), lineWidth=1.0, name='SBox', opacity=1.0, ori=0.0, pos=array([-0.25,  0.  ]), size=array([0.15, 0.15]), units='height', vertices=ndarray(...), win=Window(...))
18.6225 	EXP 	Created KBox = Rect(__class__=<class 'psychopy.visual.rect.Rect'>, anchor=('center', 'bottom'), autoDraw=False, autoLog=True, closeShape=True, color=method-wrapper(...), colorSpace='rgb', contrast=None, depth=-2.0, fillColor=array([1, 1, 1]), fillColorSpace='rgb', fillRGB=array([1, 1, 1]), interpolate=True, lineColor=array([1., 1., 1.]), lineColorSpace='rgb', lineRGB=array([1, 1, 1]), lineWidth=1.0, name='KBox', opacity=1.0, ori=0.0, pos=array([0., 0.]), size=array([0.15, 0.15]), units='height', vertices=ndarray(...), win=Window(...))
18.6250 	EXP 	Created HBox = Rect(__class__=<class 'psychopy.visual.rect.Rect'>, anchor=('center', 'center'), autoDraw=False, autoLog=True, closeShape=True, color=method-wrapper(...), colorSpace='rgb', contrast=None, depth=-3.0, fillColor=array([1, 1, 1]), fillColorSpace='rgb', fillRGB=array([1, 1, 1]), interpolate=True, lineColor=array([1., 1., 1.]), lineColorSpace='rgb', lineRGB=array([1, 1, 1]), lineWidth=1.0, name='HBox', opacity=1.0, ori=0.0, pos=array([0.25, 0.5 ]), size=array([0.15, 0.15]), units='height', vertices=ndarray(...), win=Window(...))
18.6276 	EXP 	Created PBox = Rect(__class__=<class 'psychopy.visual.rect.Rect'>, anchor=('center', 'center'), autoDraw=False, autoLog=True, closeShape=True, color=method-wrapper(...), colorSpace='rgb', contrast=None, depth=-4.0, fillColor=array([1, 1, 1]), fillColorSpace='rgb', fillRGB=array([1, 1, 1]), interpolate=True, lineColor=array([1., 1., 1.]), lineColorSpace='rgb', lineRGB=array([1, 1, 1]), lineWidth=1.0, name='PBox', opacity=1.0, ori=0.0, pos=array([0.25, 0.5 ]), size=array([0.15, 0.15]), units='height', vertices=ndarray(...), win=Window(...))
18.6302 	EXP 	Created FBox = Rect(__class__=<class 'psychopy.visual.rect.Rect'>, anchor=('right', 'center'), autoDraw=False, autoLog=True, closeShape=True, color=method-wrapper(...), colorSpace='rgb', contrast=None, depth=-5.0, fillColor=array([1, 1, 1]), fillColorSpace='rgb', fillRGB=array([1, 1, 1]), interpolate=True, lineColor=array([1., 1., 1.]), lineColorSpace='rgb', lineRGB=array([1, 1, 1]), lineWidth=1.0, name='FBox', opacity=1.0, ori=0.0, pos=array([-0.25,  0.5 ]), size=array([0.15, 0.15]), units='height', vertices=ndarray(...), win=Window(...))
18.6306 	EXP 	window1: mouseVisible = True
18.6635 	EXP 	NBox: autoDraw = True
18.6635 	EXP 	SBox: autoDraw = True
18.6635 	EXP 	KBox: autoDraw = True
18.6635 	EXP 	HBox: autoDraw = True
18.6635 	EXP 	PBox: autoDraw = True
18.6635 	EXP 	FBox: autoDraw = True
21.7159 	DATA 	Mouse: wheel shift=(0,0), pos=(1181,477)
21.7165 	DATA 	Mouse: wheel shift=(0,0), pos=(1181,477)
21.7363 	DATA 	Mouse: wheel shift=(0,0), pos=(1181,477)
21.7443 	DATA 	Mouse: wheel shift=(0,-1), pos=(1181,477)
21.7640 	DATA 	Mouse: wheel shift=(0,-2), pos=(1181,477)
21.7765 	DATA 	Mouse: wheel shift=(0,-2), pos=(1181,477)
21.7962 	DATA 	Mouse: wheel shift=(0,-1), pos=(1181,477)
21.8157 	DATA 	Mouse: wheel shift=(0,-1), pos=(1181,477)
21.8356 	DATA 	Mouse: wheel shift=(0,0), pos=(1181,477)
21.8434 	DATA 	Mouse: wheel shift=(0,0), pos=(1181,477)
21.8637 	DATA 	Mouse: wheel shift=(0,0), pos=(1181,477)
21.8771 	DATA 	Mouse: wheel shift=(0,0), pos=(1181,477)
21.8963 	DATA 	Mouse: wheel shift=(0,0), pos=(1181,477)
21.9161 	DATA 	Mouse: wheel shift=(0,0), pos=(1181,477)
21.9836 	DATA 	Mouse: wheel shift=(0,0), pos=(1181,477)
22.0146 	DATA 	Mouse: wheel shift=(0,0), pos=(1181,477)
35.7460 	DATA 	Keypress: escape
36.8341 	EXP 	window1: mouseVisible = True
