2.0476 	WARNING 	We strongly recommend you activate the PTB sound engine in PsychoPy prefs as the preferred audio engine. Its timing is vastly superior. Your prefs are currently set to use ['sounddevice', 'PTB', 'pyo', 'pygame'] (in that order).
17.9703 	WARNING 	User requested fullscreen with size [1024  768], but screen is actually [1680, 1050]. Using actual size
18.9778 	EXP 	Created window1 = Window(allowGUI=False, allowStencil=False, autoLog=True, backendConf=UNKNOWN, bitsMode=UNKNOWN, blendMode='avg', bpc=(8, 8, 8), color=array([0, 0, 0]), colorSpace='rgb', depthBits=8, fullscr=<method-wrapper '__getattribute__' of attributeSetter object at 0x7fe138039640>, gamma=None, gammaErrorPolicy='raise', lms=UNKNOWN, monitor=<psychopy.monitors.calibTools.Monitor object at 0x7fe13840e7f0>, multiSample=False, name='window1', numSamples=2, pos=[420.0, 262.5], screen=0, size=array([3360, 2100]), stencilBits=0, stereo=False, units='height', useFBO=True, useRetina=True, viewOri=0.0, viewPos=None, viewScale=None, waitBlanking=True, winType='pyglet')
18.9781 	EXP 	window1: mouseVisible = True
18.9781 	EXP 	window1: Attempting to measure frame rate of screen (0) ...
18.9781 	EXP 	window1: recordFrameIntervals = False
19.1440 	EXP 	window1: recordFrameIntervals = True
19.2425 	WARNING 	t of last frame was 31.41ms (=1/31)
19.4618 	EXP 	Screen (0) actual frame rate measured at 60.10Hz
19.4619 	EXP 	window1: recordFrameIntervals = False
22.7545 	EXP 	Created NBox = Rect(__class__=<class 'psychopy.visual.rect.Rect'>, anchor=('center', 'center'), autoDraw=False, autoLog=True, closeShape=True, color=method-wrapper(...), colorSpace='rgb', contrast=None, depth=0.0, fillColor=array([1, 1, 1]), fillColorSpace='rgb', fillRGB=array([1, 1, 1]), interpolate=True, lineColor=array([1., 1., 1.]), lineColorSpace='rgb', lineRGB=array([1, 1, 1]), lineWidth=1.0, name='NBox', opacity=1.0, ori=0.0, pos=array([0.25, 0.  ]), size=array([0.15, 0.15]), units='height', vertices=ndarray(...), win=Window(...))
22.7571 	EXP 	Created SBox = Rect(__class__=<class 'psychopy.visual.rect.Rect'>, anchor=('center', 'center'), autoDraw=False, autoLog=True, closeShape=True, color=method-wrapper(...), colorSpace='rgb', contrast=None, depth=-1.0, fillColor=array([1, 1, 1]), fillColorSpace='rgb', fillRGB=array([1, 1, 1]), interpolate=True, lineColor=array([1., 1., 1.]), lineColorSpace='rgb', lineRGB=array([1, 1, 1]), lineWidth=1.0, name='SBox', opacity=1.0, ori=0.0, pos=array([-0.25,  0.  ]), size=array([0.15, 0.15]), units='height', vertices=ndarray(...), win=Window(...))
22.7596 	EXP 	Created KBox = Rect(__class__=<class 'psychopy.visual.rect.Rect'>, anchor=('center', 'center'), autoDraw=False, autoLog=True, closeShape=True, color=method-wrapper(...), colorSpace='rgb', contrast=None, depth=-2.0, fillColor=array([1, 1, 1]), fillColorSpace='rgb', fillRGB=array([1, 1, 1]), interpolate=True, lineColor=array([1., 1., 1.]), lineColorSpace='rgb', lineRGB=array([1, 1, 1]), lineWidth=1.0, name='KBox', opacity=1.0, ori=0.0, pos=array([0., 0.]), size=array([0.15, 0.15]), units='height', vertices=ndarray(...), win=Window(...))
22.7632 	EXP 	Created HBox = Rect(__class__=<class 'psychopy.visual.rect.Rect'>, anchor=('center', 'center'), autoDraw=False, autoLog=True, closeShape=True, color=method-wrapper(...), colorSpace='rgb', contrast=None, depth=-3.0, fillColor=array([1, 1, 1]), fillColorSpace='rgb', fillRGB=array([1, 1, 1]), interpolate=True, lineColor=array([1., 1., 1.]), lineColorSpace='rgb', lineRGB=array([1, 1, 1]), lineWidth=1.0, name='HBox', opacity=1.0, ori=0.0, pos=array([0.25, 0.25]), size=array([0.15, 0.15]), units='height', vertices=ndarray(...), win=Window(...))
22.7658 	EXP 	Created PBox = Rect(__class__=<class 'psychopy.visual.rect.Rect'>, anchor=('center', 'center'), autoDraw=False, autoLog=True, closeShape=True, color=method-wrapper(...), colorSpace='rgb', contrast=None, depth=-4.0, fillColor=array([1, 1, 1]), fillColorSpace='rgb', fillRGB=array([1, 1, 1]), interpolate=True, lineColor=array([1., 1., 1.]), lineColorSpace='rgb', lineRGB=array([1, 1, 1]), lineWidth=1.0, name='PBox', opacity=1.0, ori=0.0, pos=array([-0.25,  0.25]), size=array([0.15, 0.15]), units='height', vertices=ndarray(...), win=Window(...))
22.7683 	EXP 	Created FBox = Rect(__class__=<class 'psychopy.visual.rect.Rect'>, anchor=('center', 'center'), autoDraw=False, autoLog=True, closeShape=True, color=method-wrapper(...), colorSpace='rgb', contrast=None, depth=-5.0, fillColor=array([1, 1, 1]), fillColorSpace='rgb', fillRGB=array([1, 1, 1]), interpolate=True, lineColor=array([1., 1., 1.]), lineColorSpace='rgb', lineRGB=array([1, 1, 1]), lineWidth=1.0, name='FBox', opacity=1.0, ori=0.0, pos=array([0.  , 0.25]), size=array([0.15, 0.15]), units='height', vertices=ndarray(...), win=Window(...))
22.7708 	EXP 	Created QBox = Rect(__class__=<class 'psychopy.visual.rect.Rect'>, anchor=('center', 'center'), autoDraw=False, autoLog=True, closeShape=True, color=method-wrapper(...), colorSpace='rgb', contrast=None, depth=-6.0, fillColor=array([1, 1, 1]), fillColorSpace='rgb', fillRGB=array([1, 1, 1]), interpolate=True, lineColor=array([1., 1., 1.]), lineColorSpace='rgb', lineRGB=array([1, 1, 1]), lineWidth=1.0, name='QBox', opacity=1.0, ori=0.0, pos=array([ 0.  , -0.15]), size=array([0.15, 0.15]), units='height', vertices=ndarray(...), win=Window(...))
22.7733 	EXP 	Created LBox = Rect(__class__=<class 'psychopy.visual.rect.Rect'>, anchor=('center', 'center'), autoDraw=False, autoLog=True, closeShape=True, color=method-wrapper(...), colorSpace='rgb', contrast=None, depth=-7.0, fillColor=array([1, 1, 1]), fillColorSpace='rgb', fillRGB=array([1, 1, 1]), interpolate=True, lineColor=array([1., 1., 1.]), lineColorSpace='rgb', lineRGB=array([1, 1, 1]), lineWidth=1.0, name='LBox', opacity=1.0, ori=0.0, pos=array([-0.25, -0.15]), size=array([0.15, 0.15]), units='height', vertices=ndarray(...), win=Window(...))
22.7775 	EXP 	Created RBox = ShapeStim(__class__=<class 'psychopy.visual.shape.ShapeStim'>, anchor=('center', 'center'), autoDraw=False, autoLog=True, closeShape=True, color=method-wrapper(...), colorSpace='rgb', contrast=None, depth=-8.0, fillColor=array([1, 1, 1]), fillColorSpace='rgb', fillRGB=array([1, 1, 1]), interpolate=True, lineColor=array([1., 1., 1.]), lineColorSpace='rgb', lineRGB=array([1, 1, 1]), lineWidth=1.0, name='RBox', opacity=1.0, ori=0.0, pos=array([0.25, 0.15]), size=array([0.15, 0.15]), units='height', vertices=ndarray(...), win=Window(...), windingRule=None)
22.7801 	EXP 	Created TBox = Rect(__class__=<class 'psychopy.visual.rect.Rect'>, anchor=('center', 'center'), autoDraw=False, autoLog=True, closeShape=True, color=method-wrapper(...), colorSpace='rgb', contrast=None, depth=-9.0, fillColor=array([1, 1, 1]), fillColorSpace='rgb', fillRGB=array([1, 1, 1]), interpolate=True, lineColor=array([1., 1., 1.]), lineColorSpace='rgb', lineRGB=array([1, 1, 1]), lineWidth=1.0, name='TBox', opacity=1.0, ori=0.0, pos=array([0.25, 0.3 ]), size=array([0.15, 0.15]), units='height', vertices=ndarray(...), win=Window(...))
22.7839 	EXP 	Created YBox = Rect(__class__=<class 'psychopy.visual.rect.Rect'>, anchor=('center', 'center'), autoDraw=False, autoLog=True, closeShape=True, color=method-wrapper(...), colorSpace='rgb', contrast=None, depth=-10.0, fillColor=array([1, 1, 1]), fillColorSpace='rgb', fillRGB=array([1, 1, 1]), interpolate=True, lineColor=array([1., 1., 1.]), lineColorSpace='rgb', lineRGB=array([1, 1, 1]), lineWidth=1.0, name='YBox', opacity=1.0, ori=0.0, pos=array([0. , 0.3]), size=array([0.15, 0.15]), units='height', vertices=ndarray(...), win=Window(...))
22.7867 	EXP 	Created JBox = Rect(__class__=<class 'psychopy.visual.rect.Rect'>, anchor=('center', 'center'), autoDraw=False, autoLog=True, closeShape=True, color=method-wrapper(...), colorSpace='rgb', contrast=None, depth=-11.0, fillColor=array([1, 1, 1]), fillColorSpace='rgb', fillRGB=array([1, 1, 1]), interpolate=True, lineColor=array([1., 1., 1.]), lineColorSpace='rgb', lineRGB=array([1, 1, 1]), lineWidth=1.0, name='JBox', opacity=1.0, ori=0.0, pos=array([-0.25, -0.3 ]), size=array([0.15, 0.15]), units='height', vertices=ndarray(...), win=Window(...))
22.7872 	EXP 	window1: mouseVisible = True
22.8280 	EXP 	NBox: autoDraw = True
22.8280 	EXP 	SBox: autoDraw = True
22.8280 	EXP 	KBox: autoDraw = True
22.8280 	EXP 	HBox: autoDraw = True
22.8280 	EXP 	PBox: autoDraw = True
22.8280 	EXP 	FBox: autoDraw = True
22.8280 	EXP 	QBox: autoDraw = True
22.8280 	EXP 	LBox: autoDraw = True
22.8280 	EXP 	RBox: autoDraw = True
22.8280 	EXP 	TBox: autoDraw = True
22.8280 	EXP 	YBox: autoDraw = True
22.8280 	EXP 	JBox: autoDraw = True
31.6654 	DATA 	Keypress: escape
32.9236 	EXP 	window1: mouseVisible = True
