2.8199 	WARNING 	We strongly recommend you activate the PTB sound engine in PsychoPy prefs as the preferred audio engine. Its timing is vastly superior. Your prefs are currently set to use ['sounddevice', 'PTB', 'pyo', 'pygame'] (in that order).
11.1349 	WARNING 	User requested fullscreen with size [1024  768], but screen is actually [1680, 1050]. Using actual size
12.4810 	EXP 	Created window1 = Window(allowGUI=False, allowStencil=False, autoLog=True, backendConf=UNKNOWN, bitsMode=UNKNOWN, blendMode='avg', bpc=(8, 8, 8), color=array([0, 0, 0]), colorSpace='rgb', depthBits=8, fullscr=<method-wrapper '__getattribute__' of attributeSetter object at 0x7fd99917b5b0>, gamma=None, gammaErrorPolicy='raise', lms=UNKNOWN, monitor=<psychopy.monitors.calibTools.Monitor object at 0x7fd9974c7790>, multiSample=False, name='window1', numSamples=2, pos=[420.0, 262.5], screen=0, size=array([3360, 2100]), stencilBits=0, stereo=False, units='height', useFBO=True, useRetina=True, viewOri=0.0, viewPos=None, viewScale=None, waitBlanking=True, winType='pyglet')
12.4813 	EXP 	window1: mouseVisible = True
12.4813 	EXP 	window1: Attempting to measure frame rate of screen (0) ...
12.4814 	EXP 	window1: recordFrameIntervals = False
12.6450 	EXP 	window1: recordFrameIntervals = True
12.8282 	EXP 	Screen (0) actual frame rate measured at 60.23Hz
12.8282 	EXP 	window1: recordFrameIntervals = False
15.9808 	EXP 	Created NBox = Rect(__class__=<class 'psychopy.visual.rect.Rect'>, anchor=('center', 'center'), autoDraw=False, autoLog=True, closeShape=True, color=method-wrapper(...), colorSpace='rgb', contrast=None, depth=0.0, fillColor=array([1, 1, 1]), fillColorSpace='rgb', fillRGB=array([1, 1, 1]), interpolate=True, lineColor=array([1., 1., 1.]), lineColorSpace='rgb', lineRGB=array([1, 1, 1]), lineWidth=1.0, name='NBox', opacity=1.0, ori=0.0, pos=array([0.25, 0.  ]), size=array([0.1, 0.1]), units='height', vertices=ndarray(...), win=Window(...))
15.9835 	EXP 	Created SBox = Rect(__class__=<class 'psychopy.visual.rect.Rect'>, anchor=('center', 'center'), autoDraw=False, autoLog=True, closeShape=True, color=method-wrapper(...), colorSpace='rgb', contrast=None, depth=-1.0, fillColor=array([1, 1, 1]), fillColorSpace='rgb', fillRGB=array([1, 1, 1]), interpolate=True, lineColor=array([1., 1., 1.]), lineColorSpace='rgb', lineRGB=array([1, 1, 1]), lineWidth=1.0, name='SBox', opacity=1.0, ori=0.0, pos=array([-0.25,  0.  ]), size=array([0.1, 0.1]), units='height', vertices=ndarray(...), win=Window(...))
15.9860 	EXP 	Created KBox = Rect(__class__=<class 'psychopy.visual.rect.Rect'>, anchor=('center', 'center'), autoDraw=False, autoLog=True, closeShape=True, color=method-wrapper(...), colorSpace='rgb', contrast=None, depth=-2.0, fillColor=array([1, 1, 1]), fillColorSpace='rgb', fillRGB=array([1, 1, 1]), interpolate=True, lineColor=array([1., 1., 1.]), lineColorSpace='rgb', lineRGB=array([1, 1, 1]), lineWidth=1.0, name='KBox', opacity=1.0, ori=0.0, pos=array([0., 0.]), size=array([0.1, 0.1]), units='height', vertices=ndarray(...), win=Window(...))
15.9886 	EXP 	Created HBox = Rect(__class__=<class 'psychopy.visual.rect.Rect'>, anchor=('center', 'center'), autoDraw=False, autoLog=True, closeShape=True, color=method-wrapper(...), colorSpace='rgb', contrast=None, depth=-3.0, fillColor=array([1, 1, 1]), fillColorSpace='rgb', fillRGB=array([1, 1, 1]), interpolate=True, lineColor=array([1., 1., 1.]), lineColorSpace='rgb', lineRGB=array([1, 1, 1]), lineWidth=1.0, name='HBox', opacity=1.0, ori=0.0, pos=array([0.25, 0.15]), size=array([0.1, 0.1]), units='height', vertices=ndarray(...), win=Window(...))
15.9911 	EXP 	Created PBox = Rect(__class__=<class 'psychopy.visual.rect.Rect'>, anchor=('center', 'center'), autoDraw=False, autoLog=True, closeShape=True, color=method-wrapper(...), colorSpace='rgb', contrast=None, depth=-4.0, fillColor=array([1, 1, 1]), fillColorSpace='rgb', fillRGB=array([1, 1, 1]), interpolate=True, lineColor=array([1., 1., 1.]), lineColorSpace='rgb', lineRGB=array([1, 1, 1]), lineWidth=1.0, name='PBox', opacity=1.0, ori=0.0, pos=array([-0.25,  0.15]), size=array([0.1, 0.1]), units='height', vertices=ndarray(...), win=Window(...))
15.9937 	EXP 	Created FBox = Rect(__class__=<class 'psychopy.visual.rect.Rect'>, anchor=('center', 'center'), autoDraw=False, autoLog=True, closeShape=True, color=method-wrapper(...), colorSpace='rgb', contrast=None, depth=-5.0, fillColor=array([1, 1, 1]), fillColorSpace='rgb', fillRGB=array([1, 1, 1]), interpolate=True, lineColor=array([1., 1., 1.]), lineColorSpace='rgb', lineRGB=array([1, 1, 1]), lineWidth=1.0, name='FBox', opacity=1.0, ori=0.0, pos=array([0.  , 0.15]), size=array([0.1, 0.1]), units='height', vertices=ndarray(...), win=Window(...))
15.9963 	EXP 	Created QBox = Rect(__class__=<class 'psychopy.visual.rect.Rect'>, anchor=('center', 'center'), autoDraw=False, autoLog=True, closeShape=True, color=method-wrapper(...), colorSpace='rgb', contrast=None, depth=-6.0, fillColor=array([1, 1, 1]), fillColorSpace='rgb', fillRGB=array([1, 1, 1]), interpolate=True, lineColor=array([1., 1., 1.]), lineColorSpace='rgb', lineRGB=array([1, 1, 1]), lineWidth=1.0, name='QBox', opacity=1.0, ori=0.0, pos=array([ 0.  , -0.15]), size=array([0.1, 0.1]), units='height', vertices=ndarray(...), win=Window(...))
15.9988 	EXP 	Created LBox = Rect(__class__=<class 'psychopy.visual.rect.Rect'>, anchor=('center', 'center'), autoDraw=False, autoLog=True, closeShape=True, color=method-wrapper(...), colorSpace='rgb', contrast=None, depth=-7.0, fillColor=array([1, 1, 1]), fillColorSpace='rgb', fillRGB=array([1, 1, 1]), interpolate=True, lineColor=array([1., 1., 1.]), lineColorSpace='rgb', lineRGB=array([1, 1, 1]), lineWidth=1.0, name='LBox', opacity=1.0, ori=0.0, pos=array([-0.25, -0.15]), size=array([0.1, 0.1]), units='height', vertices=ndarray(...), win=Window(...))
16.0014 	EXP 	Created RBox = Rect(__class__=<class 'psychopy.visual.rect.Rect'>, anchor=('center', 'center'), autoDraw=False, autoLog=True, closeShape=True, color=method-wrapper(...), colorSpace='rgb', contrast=None, depth=-8.0, fillColor=array([1, 1, 1]), fillColorSpace='rgb', fillRGB=array([1, 1, 1]), interpolate=True, lineColor=array([1., 1., 1.]), lineColorSpace='rgb', lineRGB=array([1, 1, 1]), lineWidth=1.0, name='RBox', opacity=1.0, ori=0.0, pos=array([0.25, 0.15]), size=array([0.1, 0.1]), units='height', vertices=ndarray(...), win=Window(...))
16.0040 	EXP 	Created TBox = Rect(__class__=<class 'psychopy.visual.rect.Rect'>, anchor=('center', 'center'), autoDraw=False, autoLog=True, closeShape=True, color=method-wrapper(...), colorSpace='rgb', contrast=None, depth=-9.0, fillColor=array([1, 1, 1]), fillColorSpace='rgb', fillRGB=array([1, 1, 1]), interpolate=True, lineColor=array([1., 1., 1.]), lineColorSpace='rgb', lineRGB=array([1, 1, 1]), lineWidth=1.0, name='TBox', opacity=1.0, ori=0.0, pos=array([ 0.25, -0.4 ]), size=array([0.1, 0.1]), units='height', vertices=ndarray(...), win=Window(...))
16.0065 	EXP 	Created YBox = Rect(__class__=<class 'psychopy.visual.rect.Rect'>, anchor=('center', 'center'), autoDraw=False, autoLog=True, closeShape=True, color=method-wrapper(...), colorSpace='rgb', contrast=None, depth=-10.0, fillColor=array([1, 1, 1]), fillColorSpace='rgb', fillRGB=array([1, 1, 1]), interpolate=True, lineColor=array([1., 1., 1.]), lineColorSpace='rgb', lineRGB=array([1, 1, 1]), lineWidth=1.0, name='YBox', opacity=1.0, ori=0.0, pos=array([ 0. , -0.4]), size=array([0.1, 0.1]), units='height', vertices=ndarray(...), win=Window(...))
16.0091 	EXP 	Created JBox = Rect(__class__=<class 'psychopy.visual.rect.Rect'>, anchor=('center', 'center'), autoDraw=False, autoLog=True, closeShape=True, color=method-wrapper(...), colorSpace='rgb', contrast=None, depth=-11.0, fillColor=array([1, 1, 1]), fillColorSpace='rgb', fillRGB=array([1, 1, 1]), interpolate=True, lineColor=array([1., 1., 1.]), lineColorSpace='rgb', lineRGB=array([1, 1, 1]), lineWidth=1.0, name='JBox', opacity=1.0, ori=0.0, pos=array([-0.25, -0.4 ]), size=array([0.1, 0.1]), units='height', vertices=ndarray(...), win=Window(...))
16.0095 	EXP 	window1: mouseVisible = True
16.0540 	EXP 	NBox: autoDraw = True
16.0540 	EXP 	SBox: autoDraw = True
16.0540 	EXP 	KBox: autoDraw = True
16.0540 	EXP 	HBox: autoDraw = True
16.0540 	EXP 	PBox: autoDraw = True
16.0540 	EXP 	FBox: autoDraw = True
16.0540 	EXP 	QBox: autoDraw = True
16.0540 	EXP 	LBox: autoDraw = True
16.0540 	EXP 	RBox: autoDraw = True
16.0540 	EXP 	TBox: autoDraw = True
16.0540 	EXP 	YBox: autoDraw = True
16.0540 	EXP 	JBox: autoDraw = True
35.3743 	DATA 	Keypress: escape
36.6328 	EXP 	window1: mouseVisible = True
