3.3404 	WARNING 	We strongly recommend you activate the PTB sound engine in PsychoPy prefs as the preferred audio engine. Its timing is vastly superior. Your prefs are currently set to use ['sounddevice', 'PTB', 'pyo', 'pygame'] (in that order).
66.6039 	WARNING 	User requested fullscreen with size [1024  768], but screen is actually [1680, 1050]. Using actual size
68.7440 	EXP 	Created window1 = Window(allowGUI=False, allowStencil=False, autoLog=True, backendConf=UNKNOWN, bitsMode=UNKNOWN, blendMode='avg', bpc=(8, 8, 8), color=array([0, 0, 0]), colorSpace='rgb', depthBits=8, fullscr=<method-wrapper '__getattribute__' of attributeSetter object at 0x7fd17013b5e0>, gamma=None, gammaErrorPolicy='raise', lms=UNKNOWN, monitor=<psychopy.monitors.calibTools.Monitor object at 0x7fd16e6ad7c0>, multiSample=False, name='window1', numSamples=2, pos=[420.0, 262.5], screen=0, size=array([3360, 2100]), stencilBits=0, stereo=False, units='height', useFBO=True, useRetina=True, viewOri=0.0, viewPos=None, viewScale=None, waitBlanking=True, winType='pyglet')
68.7448 	EXP 	window1: mouseVisible = True
68.7448 	EXP 	window1: Attempting to measure frame rate of screen (0) ...
68.7449 	EXP 	window1: recordFrameIntervals = False
68.9062 	EXP 	window1: recordFrameIntervals = True
69.0917 	EXP 	Screen (0) actual frame rate measured at 59.71Hz
69.0917 	EXP 	window1: recordFrameIntervals = False
73.0985 	EXP 	Created PBox = Rect(__class__=<class 'psychopy.visual.rect.Rect'>, anchor=('center', 'center'), autoDraw=False, autoLog=True, closeShape=True, color=method-wrapper(...), colorSpace='rgb', contrast=None, depth=0.0, fillColor=array([1, 1, 1]), fillColorSpace='rgb', fillRGB=array([1, 1, 1]), interpolate=True, lineColor=array([1., 1., 1.]), lineColorSpace='rgb', lineRGB=array([1, 1, 1]), lineWidth=1.0, name='PBox', opacity=1.0, ori=0.0, pos=array([-0.25,  0.15]), size=array([0.1, 0.1]), units='height', vertices=ndarray(...), win=Window(...))
73.1013 	EXP 	Created NBox = Rect(__class__=<class 'psychopy.visual.rect.Rect'>, anchor=('center', 'center'), autoDraw=False, autoLog=True, closeShape=True, color=method-wrapper(...), colorSpace='rgb', contrast=None, depth=-1.0, fillColor=array([1, 1, 1]), fillColorSpace='rgb', fillRGB=array([1, 1, 1]), interpolate=True, lineColor=array([1., 1., 1.]), lineColorSpace='rgb', lineRGB=array([1, 1, 1]), lineWidth=1.0, name='NBox', opacity=1.0, ori=0.0, pos=array([0.25, 0.  ]), size=array([0.1, 0.1]), units='height', vertices=ndarray(...), win=Window(...))
73.1039 	EXP 	Created SBox = Rect(__class__=<class 'psychopy.visual.rect.Rect'>, anchor=('center', 'center'), autoDraw=False, autoLog=True, closeShape=True, color=method-wrapper(...), colorSpace='rgb', contrast=None, depth=-2.0, fillColor=array([1, 1, 1]), fillColorSpace='rgb', fillRGB=array([1, 1, 1]), interpolate=True, lineColor=array([1., 1., 1.]), lineColorSpace='rgb', lineRGB=array([1, 1, 1]), lineWidth=1.0, name='SBox', opacity=1.0, ori=0.0, pos=array([-0.25,  0.  ]), size=array([0.1, 0.1]), units='height', vertices=ndarray(...), win=Window(...))
73.1065 	EXP 	Created KBox = Rect(__class__=<class 'psychopy.visual.rect.Rect'>, anchor=('center', 'center'), autoDraw=False, autoLog=True, closeShape=True, color=method-wrapper(...), colorSpace='rgb', contrast=None, depth=-3.0, fillColor=array([1, 1, 1]), fillColorSpace='rgb', fillRGB=array([1, 1, 1]), interpolate=True, lineColor=array([1., 1., 1.]), lineColorSpace='rgb', lineRGB=array([1, 1, 1]), lineWidth=1.0, name='KBox', opacity=1.0, ori=0.0, pos=array([0., 0.]), size=array([0.1, 0.1]), units='height', vertices=ndarray(...), win=Window(...))
73.1091 	EXP 	Created HBox = Rect(__class__=<class 'psychopy.visual.rect.Rect'>, anchor=('center', 'center'), autoDraw=False, autoLog=True, closeShape=True, color=method-wrapper(...), colorSpace='rgb', contrast=None, depth=-4.0, fillColor=array([1, 1, 1]), fillColorSpace='rgb', fillRGB=array([1, 1, 1]), interpolate=True, lineColor=array([1., 1., 1.]), lineColorSpace='rgb', lineRGB=array([1, 1, 1]), lineWidth=1.0, name='HBox', opacity=1.0, ori=0.0, pos=array([0.25, 0.15]), size=array([0.1, 0.1]), units='height', vertices=ndarray(...), win=Window(...))
73.1117 	EXP 	Created FBox = Rect(__class__=<class 'psychopy.visual.rect.Rect'>, anchor=('center', 'center'), autoDraw=False, autoLog=True, closeShape=True, color=method-wrapper(...), colorSpace='rgb', contrast=None, depth=-5.0, fillColor=array([1, 1, 1]), fillColorSpace='rgb', fillRGB=array([1, 1, 1]), interpolate=True, lineColor=array([1., 1., 1.]), lineColorSpace='rgb', lineRGB=array([1, 1, 1]), lineWidth=1.0, name='FBox', opacity=1.0, ori=0.0, pos=array([0.  , 0.15]), size=array([0.1, 0.1]), units='height', vertices=ndarray(...), win=Window(...))
73.1143 	EXP 	Created QBox = Rect(__class__=<class 'psychopy.visual.rect.Rect'>, anchor=('center', 'center'), autoDraw=False, autoLog=True, closeShape=True, color=method-wrapper(...), colorSpace='rgb', contrast=None, depth=-6.0, fillColor=array([1, 1, 1]), fillColorSpace='rgb', fillRGB=array([1, 1, 1]), interpolate=True, lineColor=array([1., 1., 1.]), lineColorSpace='rgb', lineRGB=array([1, 1, 1]), lineWidth=1.0, name='QBox', opacity=1.0, ori=0.0, pos=array([ 0.  , -0.15]), size=array([0.1, 0.1]), units='height', vertices=ndarray(...), win=Window(...))
73.1169 	EXP 	Created LBox = Rect(__class__=<class 'psychopy.visual.rect.Rect'>, anchor=('center', 'center'), autoDraw=False, autoLog=True, closeShape=True, color=method-wrapper(...), colorSpace='rgb', contrast=None, depth=-7.0, fillColor=array([1, 1, 1]), fillColorSpace='rgb', fillRGB=array([1, 1, 1]), interpolate=True, lineColor=array([1., 1., 1.]), lineColorSpace='rgb', lineRGB=array([1, 1, 1]), lineWidth=1.0, name='LBox', opacity=1.0, ori=0.0, pos=array([-0.25, -0.15]), size=array([0.1, 0.1]), units='height', vertices=ndarray(...), win=Window(...))
73.1195 	EXP 	Created RBox = Rect(__class__=<class 'psychopy.visual.rect.Rect'>, anchor=('center', 'center'), autoDraw=False, autoLog=True, closeShape=True, color=method-wrapper(...), colorSpace='rgb', contrast=None, depth=-8.0, fillColor=array([1, 1, 1]), fillColorSpace='rgb', fillRGB=array([1, 1, 1]), interpolate=True, lineColor=array([1., 1., 1.]), lineColorSpace='rgb', lineRGB=array([1, 1, 1]), lineWidth=1.0, name='RBox', opacity=1.0, ori=0.0, pos=array([ 0.25, -0.15]), size=array([0.1, 0.1]), units='height', vertices=ndarray(...), win=Window(...))
73.1223 	EXP 	Created TBox = Rect(__class__=<class 'psychopy.visual.rect.Rect'>, anchor=('center', 'center'), autoDraw=False, autoLog=True, closeShape=True, color=method-wrapper(...), colorSpace='rgb', contrast=None, depth=-9.0, fillColor=array([1, 1, 1]), fillColorSpace='rgb', fillRGB=array([1, 1, 1]), interpolate=True, lineColor=array([1., 1., 1.]), lineColorSpace='rgb', lineRGB=array([1, 1, 1]), lineWidth=1.0, name='TBox', opacity=1.0, ori=0.0, pos=array([ 0.25, -0.3 ]), size=array([0.1, 0.1]), units='height', vertices=ndarray(...), win=Window(...))
73.1249 	EXP 	Created YBox = Rect(__class__=<class 'psychopy.visual.rect.Rect'>, anchor=('center', 'center'), autoDraw=False, autoLog=True, closeShape=True, color=method-wrapper(...), colorSpace='rgb', contrast=None, depth=-10.0, fillColor=array([1, 1, 1]), fillColorSpace='rgb', fillRGB=array([1, 1, 1]), interpolate=True, lineColor=array([1., 1., 1.]), lineColorSpace='rgb', lineRGB=array([1, 1, 1]), lineWidth=1.0, name='YBox', opacity=1.0, ori=0.0, pos=array([ 0. , -0.3]), size=array([0.1, 0.1]), units='height', vertices=ndarray(...), win=Window(...))
73.1278 	EXP 	Created JBox = Rect(__class__=<class 'psychopy.visual.rect.Rect'>, anchor=('center', 'center'), autoDraw=False, autoLog=True, closeShape=True, color=method-wrapper(...), colorSpace='rgb', contrast=None, depth=-11.0, fillColor=array([1, 1, 1]), fillColorSpace='rgb', fillRGB=array([1, 1, 1]), interpolate=True, lineColor=array([1., 1., 1.]), lineColorSpace='rgb', lineRGB=array([1, 1, 1]), lineWidth=1.0, name='JBox', opacity=1.0, ori=0.0, pos=array([-0.25, -0.3 ]), size=array([0.1, 0.1]), units='height', vertices=ndarray(...), win=Window(...))
73.1291 	EXP 	window1: mouseVisible = True
73.2170 	EXP 	Created RecallINS = TextStim(__class__=<class 'psychopy.visual.text.TextStim'>, alignHoriz=method-wrapper(...), alignText='center', alignVert=method-wrapper(...), anchorHoriz='center', anchorVert='center', antialias=True, autoDraw=False, autoLog=True, bold=False, color=array([1., 1., 1.]), colorSpace='rgb', contrast=1.0, depth=-14.0, flipHoriz=False, flipVert=False, font='Open Sans', fontFiles=[], height=0.035, italic=False, languageStyle='LTR', name='RecallINS', opacity=1.0, ori=0.0, pos=array([0. , 0.3]), rgb=UNKNOWN, text=str(...), units='height', win=Window(...), wrapWidth=1)
73.2230 	EXP 	Created P = TextStim(__class__=<class 'psychopy.visual.text.TextStim'>, alignHoriz=method-wrapper(...), alignText='center', alignVert=method-wrapper(...), anchorHoriz='center', anchorVert='center', antialias=True, autoDraw=False, autoLog=True, bold=False, color=array([-1., -1., -1.]), colorSpace='rgb', contrast=1.0, depth=-15.0, flipHoriz=False, flipVert=False, font='Open Sans', fontFiles=[], height=0.05, italic=False, languageStyle='LTR', name='P', opacity=1.0, ori=0.0, pos=array([-0.25,  0.15]), rgb=UNKNOWN, text='P', units='height', win=Window(...), wrapWidth=1)
73.2279 	EXP 	Created F = TextStim(__class__=<class 'psychopy.visual.text.TextStim'>, alignHoriz=method-wrapper(...), alignText='center', alignVert=method-wrapper(...), anchorHoriz='center', anchorVert='center', antialias=True, autoDraw=False, autoLog=True, bold=False, color=array([-1., -1., -1.]), colorSpace='rgb', contrast=1.0, depth=-16.0, flipHoriz=False, flipVert=False, font='Open Sans', fontFiles=[], height=0.05, italic=False, languageStyle='LTR', name='F', opacity=1.0, ori=0.0, pos=array([0.  , 0.15]), rgb=UNKNOWN, text='F', units='height', win=Window(...), wrapWidth=1)
73.2349 	EXP 	Created H = TextStim(__class__=<class 'psychopy.visual.text.TextStim'>, alignHoriz=method-wrapper(...), alignText='center', alignVert=method-wrapper(...), anchorHoriz='center', anchorVert='center', antialias=True, autoDraw=False, autoLog=True, bold=False, color=array([-1., -1., -1.]), colorSpace='rgb', contrast=1.0, depth=-17.0, flipHoriz=False, flipVert=False, font='Open Sans', fontFiles=[], height=0.05, italic=False, languageStyle='LTR', name='H', opacity=1.0, ori=0.0, pos=array([0.25, 0.15]), rgb=UNKNOWN, text='H', units='height', win=Window(...), wrapWidth=1)
73.2395 	EXP 	Created S = TextStim(__class__=<class 'psychopy.visual.text.TextStim'>, alignHoriz=method-wrapper(...), alignText='center', alignVert=method-wrapper(...), anchorHoriz='center', anchorVert='center', antialias=True, autoDraw=False, autoLog=True, bold=False, color=array([-1., -1., -1.]), colorSpace='rgb', contrast=1.0, depth=-18.0, flipHoriz=False, flipVert=False, font='Open Sans', fontFiles=[], height=0.05, italic=False, languageStyle='LTR', name='S', opacity=1.0, ori=0.0, pos=array([-0.25,  0.  ]), rgb=UNKNOWN, text='S', units='height', win=Window(...), wrapWidth=1)
73.2448 	EXP 	Created K = TextStim(__class__=<class 'psychopy.visual.text.TextStim'>, alignHoriz=method-wrapper(...), alignText='center', alignVert=method-wrapper(...), anchorHoriz='center', anchorVert='center', antialias=True, autoDraw=False, autoLog=True, bold=False, color=array([-1., -1., -1.]), colorSpace='rgb', contrast=1.0, depth=-19.0, flipHoriz=False, flipVert=False, font='Open Sans', fontFiles=[], height=0.05, italic=False, languageStyle='LTR', name='K', opacity=1.0, ori=0.0, pos=array([0., 0.]), rgb=UNKNOWN, text='K', units='height', win=Window(...), wrapWidth=1)
73.2494 	EXP 	Created N = TextStim(__class__=<class 'psychopy.visual.text.TextStim'>, alignHoriz=method-wrapper(...), alignText='center', alignVert=method-wrapper(...), anchorHoriz='center', anchorVert='center', antialias=True, autoDraw=False, autoLog=True, bold=False, color=array([-1., -1., -1.]), colorSpace='rgb', contrast=1.0, depth=-20.0, flipHoriz=False, flipVert=False, font='Open Sans', fontFiles=[], height=0.05, italic=False, languageStyle='LTR', name='N', opacity=1.0, ori=0.0, pos=array([0.25, 0.  ]), rgb=UNKNOWN, text='N', units='height', win=Window(...), wrapWidth=1)
73.2540 	EXP 	Created L = TextStim(__class__=<class 'psychopy.visual.text.TextStim'>, alignHoriz=method-wrapper(...), alignText='center', alignVert=method-wrapper(...), anchorHoriz='center', anchorVert='center', antialias=True, autoDraw=False, autoLog=True, bold=False, color=array([-1., -1., -1.]), colorSpace='rgb', contrast=1.0, depth=-21.0, flipHoriz=False, flipVert=False, font='Open Sans', fontFiles=[], height=0.05, italic=False, languageStyle='LTR', name='L', opacity=1.0, ori=0.0, pos=array([-0.25, -0.15]), rgb=UNKNOWN, text='L', units='height', win=Window(...), wrapWidth=1)
73.2585 	EXP 	Created Q = TextStim(__class__=<class 'psychopy.visual.text.TextStim'>, alignHoriz=method-wrapper(...), alignText='center', alignVert=method-wrapper(...), anchorHoriz='center', anchorVert='center', antialias=True, autoDraw=False, autoLog=True, bold=False, color=array([-1., -1., -1.]), colorSpace='rgb', contrast=1.0, depth=-22.0, flipHoriz=False, flipVert=False, font='Open Sans', fontFiles=[], height=0.05, italic=False, languageStyle='LTR', name='Q', opacity=1.0, ori=0.0, pos=array([ 0.  , -0.15]), rgb=UNKNOWN, text='Q', units='height', win=Window(...), wrapWidth=1)
73.2629 	EXP 	Created R = TextStim(__class__=<class 'psychopy.visual.text.TextStim'>, alignHoriz=method-wrapper(...), alignText='center', alignVert=method-wrapper(...), anchorHoriz='center', anchorVert='center', antialias=True, autoDraw=False, autoLog=True, bold=False, color=array([-1., -1., -1.]), colorSpace='rgb', contrast=1.0, depth=-23.0, flipHoriz=False, flipVert=False, font='Open Sans', fontFiles=[], height=0.05, italic=False, languageStyle='LTR', name='R', opacity=1.0, ori=0.0, pos=array([ 0.25, -0.15]), rgb=UNKNOWN, text='R', units='height', win=Window(...), wrapWidth=1)
73.2674 	EXP 	Created J = TextStim(__class__=<class 'psychopy.visual.text.TextStim'>, alignHoriz=method-wrapper(...), alignText='center', alignVert=method-wrapper(...), anchorHoriz='center', anchorVert='center', antialias=True, autoDraw=False, autoLog=True, bold=False, color=array([-1., -1., -1.]), colorSpace='rgb', contrast=1.0, depth=-24.0, flipHoriz=False, flipVert=False, font='Open Sans', fontFiles=[], height=0.05, italic=False, languageStyle='LTR', name='J', opacity=1.0, ori=0.0, pos=array([-0.25, -0.3 ]), rgb=UNKNOWN, text='J', units='height', win=Window(...), wrapWidth=1)
73.2723 	EXP 	Created Y = TextStim(__class__=<class 'psychopy.visual.text.TextStim'>, alignHoriz=method-wrapper(...), alignText='center', alignVert=method-wrapper(...), anchorHoriz='center', anchorVert='center', antialias=True, autoDraw=False, autoLog=True, bold=False, color=array([-1., -1., -1.]), colorSpace='rgb', contrast=1.0, depth=-25.0, flipHoriz=False, flipVert=False, font='Open Sans', fontFiles=[], height=0.05, italic=False, languageStyle='LTR', name='Y', opacity=1.0, ori=0.0, pos=array([ 0. , -0.3]), rgb=UNKNOWN, text='Y', units='height', win=Window(...), wrapWidth=1)
73.2767 	EXP 	Created T = TextStim(__class__=<class 'psychopy.visual.text.TextStim'>, alignHoriz=method-wrapper(...), alignText='center', alignVert=method-wrapper(...), anchorHoriz='center', anchorVert='center', antialias=True, autoDraw=False, autoLog=True, bold=False, color=array([-1., -1., -1.]), colorSpace='rgb', contrast=1.0, depth=-26.0, flipHoriz=False, flipVert=False, font='Open Sans', fontFiles=[], height=0.05, italic=False, languageStyle='LTR', name='T', opacity=1.0, ori=0.0, pos=array([ 0.25, -0.3 ]), rgb=UNKNOWN, text='T', units='height', win=Window(...), wrapWidth=1)
73.3512 	EXP 	PBox: autoDraw = True
73.3512 	EXP 	NBox: autoDraw = True
73.3512 	EXP 	SBox: autoDraw = True
73.3512 	EXP 	KBox: autoDraw = True
73.3512 	EXP 	HBox: autoDraw = True
73.3512 	EXP 	FBox: autoDraw = True
73.3512 	EXP 	QBox: autoDraw = True
73.3512 	EXP 	LBox: autoDraw = True
73.3512 	EXP 	RBox: autoDraw = True
73.3512 	EXP 	TBox: autoDraw = True
73.3512 	EXP 	YBox: autoDraw = True
73.3512 	EXP 	JBox: autoDraw = True
73.3512 	EXP 	RecallINS: autoDraw = True
73.3512 	EXP 	P: autoDraw = True
73.3512 	EXP 	F: autoDraw = True
73.3512 	EXP 	H: autoDraw = True
73.3512 	EXP 	S: autoDraw = True
73.3512 	EXP 	K: autoDraw = True
73.3512 	EXP 	N: autoDraw = True
73.3512 	EXP 	L: autoDraw = True
73.3512 	EXP 	Q: autoDraw = True
73.3512 	EXP 	R: autoDraw = True
73.3512 	EXP 	J: autoDraw = True
73.3512 	EXP 	Y: autoDraw = True
73.3512 	EXP 	T: autoDraw = True
76.7690 	DATA 	Mouse: Left button down, pos=(572,679)
76.8919 	DATA 	Mouse:  Left button up, pos=(572,679)
79.9156 	DATA 	Mouse: Left button down, pos=(602,655)
80.0995 	DATA 	Mouse:  Left button up, pos=(602,655)
81.2374 	DATA 	Mouse: Left button down, pos=(841,662)
81.3560 	DATA 	Mouse:  Left button up, pos=(841,662)
82.4415 	DATA 	Mouse: Left button down, pos=(878,518)
82.6152 	DATA 	Mouse:  Left button up, pos=(878,518)
83.3088 	DATA 	Mouse: Left button down, pos=(1095,349)
83.5174 	DATA 	Mouse:  Left button up, pos=(1095,349)
84.1662 	DATA 	Mouse: Left button down, pos=(829,208)
84.3632 	DATA 	Mouse:  Left button up, pos=(829,208)
85.0764 	DATA 	Mouse: Left button down, pos=(613,229)
85.2435 	DATA 	Mouse:  Left button up, pos=(613,229)
85.4904 	DATA 	Mouse: Left button down, pos=(612,229)
85.6234 	DATA 	Mouse:  Left button up, pos=(612,229)
85.8068 	DATA 	Mouse: Left button down, pos=(612,229)
85.9681 	DATA 	Mouse:  Left button up, pos=(612,229)
86.4243 	DATA 	Mouse: Left button down, pos=(589,369)
86.5245 	DATA 	Mouse:  Left button up, pos=(589,369)
87.2429 	DATA 	Mouse: Left button down, pos=(1135,490)
87.3945 	DATA 	Mouse:  Left button up, pos=(1134,491)
87.9133 	DATA 	Mouse: Left button down, pos=(1131,673)
88.0502 	DATA 	Mouse:  Left button up, pos=(1131,673)
88.7570 	DATA 	Mouse: Left button down, pos=(876,544)
88.8840 	DATA 	Mouse:  Left button up, pos=(876,544)
89.3577 	DATA 	Mouse: Left button down, pos=(858,393)
89.4108 	EXP 	YBox: color = 'blue'
89.4540 	EXP 	YBox: color = 'blue'
89.4940 	EXP 	YBox: color = 'blue'
89.4948 	DATA 	Mouse:  Left button up, pos=(858,393)
89.5291 	EXP 	YBox: color = 'blue'
89.5670 	EXP 	YBox: color = 'blue'
89.6080 	EXP 	YBox: color = 'blue'
89.6421 	EXP 	YBox: color = 'blue'
89.6826 	EXP 	YBox: color = 'blue'
89.7188 	EXP 	YBox: color = 'blue'
89.7558 	EXP 	YBox: color = 'blue'
89.7938 	EXP 	YBox: color = 'blue'
89.8310 	EXP 	YBox: color = 'blue'
89.8712 	EXP 	YBox: color = 'blue'
89.9063 	EXP 	YBox: color = 'blue'
89.9428 	EXP 	YBox: color = 'blue'
89.9796 	EXP 	YBox: color = 'blue'
90.0173 	EXP 	YBox: color = 'blue'
90.0539 	EXP 	YBox: color = 'blue'
90.0936 	EXP 	YBox: color = 'blue'
90.1303 	EXP 	YBox: color = 'blue'
90.1675 	EXP 	YBox: color = 'blue'
90.2043 	EXP 	YBox: color = 'blue'
90.2416 	EXP 	YBox: color = 'blue'
90.2793 	EXP 	YBox: color = 'blue'
90.3162 	EXP 	YBox: color = 'blue'
90.3540 	EXP 	YBox: color = 'blue'
90.3954 	EXP 	YBox: color = 'blue'
90.4312 	EXP 	YBox: color = 'blue'
90.4669 	EXP 	YBox: color = 'blue'
90.5064 	EXP 	YBox: color = 'blue'
90.5412 	EXP 	YBox: color = 'blue'
90.5910 	EXP 	YBox: color = 'blue'
90.6400 	EXP 	YBox: color = 'blue'
90.6882 	EXP 	YBox: color = 'blue'
90.7339 	EXP 	YBox: color = 'blue'
90.7809 	EXP 	YBox: color = 'blue'
90.8241 	EXP 	YBox: color = 'blue'
90.8625 	EXP 	YBox: color = 'blue'
90.9017 	EXP 	YBox: color = 'blue'
90.9400 	EXP 	YBox: color = 'blue'
90.9782 	EXP 	YBox: color = 'blue'
91.0232 	EXP 	YBox: color = 'blue'
91.0695 	EXP 	YBox: color = 'blue'
91.1145 	EXP 	YBox: color = 'blue'
91.1613 	EXP 	YBox: color = 'blue'
91.2034 	EXP 	YBox: color = 'blue'
91.2465 	EXP 	YBox: color = 'blue'
91.2826 	EXP 	YBox: color = 'blue'
91.3198 	EXP 	YBox: color = 'blue'
91.3589 	EXP 	YBox: color = 'blue'
91.3976 	EXP 	YBox: color = 'blue'
91.4334 	EXP 	YBox: color = 'blue'
91.4730 	EXP 	YBox: color = 'blue'
91.5085 	EXP 	YBox: color = 'blue'
91.5463 	EXP 	YBox: color = 'blue'
91.5871 	EXP 	YBox: color = 'blue'
91.6233 	EXP 	YBox: color = 'blue'
91.6686 	EXP 	YBox: color = 'blue'
91.7066 	EXP 	YBox: color = 'blue'
91.7439 	EXP 	YBox: color = 'blue'
91.7812 	EXP 	YBox: color = 'blue'
91.8200 	EXP 	YBox: color = 'blue'
91.8574 	EXP 	YBox: color = 'blue'
91.8944 	EXP 	YBox: color = 'blue'
91.9317 	EXP 	YBox: color = 'blue'
91.9726 	EXP 	YBox: color = 'blue'
92.0123 	EXP 	YBox: color = 'blue'
92.0508 	EXP 	YBox: color = 'blue'
92.0916 	EXP 	YBox: color = 'blue'
92.1310 	EXP 	YBox: color = 'blue'
92.1722 	EXP 	YBox: color = 'blue'
92.2084 	EXP 	YBox: color = 'blue'
92.2444 	EXP 	YBox: color = 'blue'
92.2828 	EXP 	YBox: color = 'blue'
92.3212 	EXP 	YBox: color = 'blue'
92.3596 	EXP 	YBox: color = 'blue'
92.3962 	EXP 	YBox: color = 'blue'
92.4395 	EXP 	YBox: color = 'blue'
92.4783 	EXP 	YBox: color = 'blue'
92.5162 	EXP 	YBox: color = 'blue'
92.5584 	EXP 	YBox: color = 'blue'
92.5943 	EXP 	YBox: color = 'blue'
92.6320 	EXP 	YBox: color = 'blue'
92.6696 	EXP 	YBox: color = 'blue'
92.7058 	EXP 	YBox: color = 'blue'
92.7445 	EXP 	YBox: color = 'blue'
92.7823 	EXP 	YBox: color = 'blue'
92.8228 	EXP 	YBox: color = 'blue'
92.8587 	EXP 	YBox: color = 'blue'
92.8971 	EXP 	YBox: color = 'blue'
92.9373 	EXP 	YBox: color = 'blue'
92.9767 	EXP 	YBox: color = 'blue'
93.0165 	EXP 	YBox: color = 'blue'
93.0564 	EXP 	YBox: color = 'blue'
93.0943 	EXP 	YBox: color = 'blue'
93.1310 	EXP 	YBox: color = 'blue'
93.1682 	EXP 	YBox: color = 'blue'
93.2051 	EXP 	YBox: color = 'blue'
93.2424 	EXP 	YBox: color = 'blue'
93.2804 	EXP 	YBox: color = 'blue'
93.3175 	EXP 	YBox: color = 'blue'
93.3579 	EXP 	YBox: color = 'blue'
93.3955 	EXP 	YBox: color = 'blue'
93.4318 	EXP 	YBox: color = 'blue'
93.4688 	EXP 	YBox: color = 'blue'
93.5054 	EXP 	YBox: color = 'blue'
93.5446 	EXP 	YBox: color = 'blue'
93.5787 	EXP 	YBox: color = 'blue'
93.6155 	EXP 	YBox: color = 'blue'
93.6523 	EXP 	YBox: color = 'blue'
93.6915 	EXP 	YBox: color = 'blue'
93.7275 	EXP 	YBox: color = 'blue'
93.7646 	EXP 	YBox: color = 'blue'
93.8019 	EXP 	YBox: color = 'blue'
93.8431 	EXP 	YBox: color = 'blue'
93.8795 	EXP 	YBox: color = 'blue'
93.9221 	EXP 	YBox: color = 'blue'
93.9604 	EXP 	YBox: color = 'blue'
94.0002 	EXP 	YBox: color = 'blue'
94.0427 	EXP 	YBox: color = 'blue'
94.0805 	EXP 	YBox: color = 'blue'
94.1168 	EXP 	YBox: color = 'blue'
94.1418 	DATA 	Mouse: Left button down, pos=(840,511)
94.1580 	EXP 	YBox: color = 'blue'
94.1974 	EXP 	KBox: color = 'blue'
94.1974 	EXP 	YBox: color = 'blue'
94.2392 	EXP 	KBox: color = 'blue'
94.2392 	EXP 	YBox: color = 'blue'
94.2791 	EXP 	KBox: color = 'blue'
94.2791 	EXP 	YBox: color = 'blue'
94.3184 	EXP 	KBox: color = 'blue'
94.3184 	EXP 	YBox: color = 'blue'
94.3219 	DATA 	Mouse:  Left button up, pos=(840,511)
94.3604 	EXP 	KBox: color = 'blue'
94.3604 	EXP 	YBox: color = 'blue'
94.3969 	EXP 	KBox: color = 'blue'
94.3969 	EXP 	YBox: color = 'blue'
94.4349 	EXP 	KBox: color = 'blue'
94.4349 	EXP 	YBox: color = 'blue'
94.4742 	EXP 	KBox: color = 'blue'
94.4742 	EXP 	YBox: color = 'blue'
94.5096 	EXP 	KBox: color = 'blue'
94.5096 	EXP 	YBox: color = 'blue'
94.5482 	EXP 	KBox: color = 'blue'
94.5482 	EXP 	YBox: color = 'blue'
94.5861 	EXP 	KBox: color = 'blue'
94.5861 	EXP 	YBox: color = 'blue'
94.6241 	EXP 	KBox: color = 'blue'
94.6241 	EXP 	YBox: color = 'blue'
94.6619 	EXP 	KBox: color = 'blue'
94.6619 	EXP 	YBox: color = 'blue'
94.6997 	EXP 	KBox: color = 'blue'
94.6997 	EXP 	YBox: color = 'blue'
94.7385 	EXP 	KBox: color = 'blue'
94.7385 	EXP 	YBox: color = 'blue'
94.7770 	EXP 	KBox: color = 'blue'
94.7770 	EXP 	YBox: color = 'blue'
94.8166 	EXP 	KBox: color = 'blue'
94.8166 	EXP 	YBox: color = 'blue'
94.8570 	EXP 	KBox: color = 'blue'
94.8570 	EXP 	YBox: color = 'blue'
94.8962 	EXP 	KBox: color = 'blue'
94.8962 	EXP 	YBox: color = 'blue'
94.9358 	EXP 	KBox: color = 'blue'
94.9358 	EXP 	YBox: color = 'blue'
94.9761 	EXP 	KBox: color = 'blue'
94.9761 	EXP 	YBox: color = 'blue'
95.0158 	EXP 	KBox: color = 'blue'
95.0158 	EXP 	YBox: color = 'blue'
95.0592 	EXP 	KBox: color = 'blue'
95.0592 	EXP 	YBox: color = 'blue'
95.0959 	EXP 	KBox: color = 'blue'
95.0959 	EXP 	YBox: color = 'blue'
95.1356 	EXP 	KBox: color = 'blue'
95.1356 	EXP 	YBox: color = 'blue'
95.1757 	EXP 	KBox: color = 'blue'
95.1757 	EXP 	YBox: color = 'blue'
95.2149 	EXP 	KBox: color = 'blue'
95.2149 	EXP 	YBox: color = 'blue'
95.2418 	DATA 	Mouse: Left button down, pos=(1123,527)
95.2547 	EXP 	KBox: color = 'blue'
95.2547 	EXP 	YBox: color = 'blue'
95.2956 	EXP 	KBox: color = 'blue'
95.2956 	EXP 	YBox: color = 'blue'
95.3346 	EXP 	KBox: color = 'blue'
95.3346 	EXP 	YBox: color = 'blue'
95.3742 	EXP 	KBox: color = 'blue'
95.3742 	EXP 	YBox: color = 'blue'
95.4137 	EXP 	KBox: color = 'blue'
95.4137 	EXP 	YBox: color = 'blue'
95.4559 	EXP 	KBox: color = 'blue'
95.4559 	EXP 	YBox: color = 'blue'
95.4568 	DATA 	Mouse:  Left button up, pos=(1123,527)
95.4925 	EXP 	KBox: color = 'blue'
95.4925 	EXP 	YBox: color = 'blue'
95.5301 	EXP 	KBox: color = 'blue'
95.5301 	EXP 	YBox: color = 'blue'
95.5692 	EXP 	KBox: color = 'blue'
95.5692 	EXP 	YBox: color = 'blue'
95.6073 	EXP 	KBox: color = 'blue'
95.6073 	EXP 	YBox: color = 'blue'
95.6468 	EXP 	KBox: color = 'blue'
95.6468 	EXP 	YBox: color = 'blue'
95.6845 	EXP 	KBox: color = 'blue'
95.6845 	EXP 	YBox: color = 'blue'
95.7231 	EXP 	KBox: color = 'blue'
95.7231 	EXP 	YBox: color = 'blue'
95.7607 	EXP 	KBox: color = 'blue'
95.7607 	EXP 	YBox: color = 'blue'
95.8019 	EXP 	KBox: color = 'blue'
95.8019 	EXP 	YBox: color = 'blue'
95.8376 	EXP 	KBox: color = 'blue'
95.8376 	EXP 	YBox: color = 'blue'
95.8764 	EXP 	KBox: color = 'blue'
95.8764 	EXP 	YBox: color = 'blue'
95.9143 	EXP 	KBox: color = 'blue'
95.9143 	EXP 	YBox: color = 'blue'
95.9513 	EXP 	KBox: color = 'blue'
95.9513 	EXP 	YBox: color = 'blue'
95.9900 	EXP 	KBox: color = 'blue'
95.9900 	EXP 	YBox: color = 'blue'
96.0288 	EXP 	KBox: color = 'blue'
96.0288 	EXP 	YBox: color = 'blue'
96.0653 	EXP 	KBox: color = 'blue'
96.0653 	EXP 	YBox: color = 'blue'
96.1106 	EXP 	KBox: color = 'blue'
96.1106 	EXP 	YBox: color = 'blue'
96.1490 	EXP 	KBox: color = 'blue'
96.1490 	EXP 	YBox: color = 'blue'
96.1873 	EXP 	KBox: color = 'blue'
96.1873 	EXP 	YBox: color = 'blue'
96.2275 	EXP 	KBox: color = 'blue'
96.2275 	EXP 	YBox: color = 'blue'
96.2664 	EXP 	KBox: color = 'blue'
96.2664 	EXP 	YBox: color = 'blue'
96.3058 	EXP 	KBox: color = 'blue'
96.3058 	EXP 	YBox: color = 'blue'
96.3076 	DATA 	Mouse: Left button down, pos=(1129,527)
96.3484 	EXP 	KBox: color = 'blue'
96.3484 	EXP 	YBox: color = 'blue'
96.3868 	EXP 	KBox: color = 'blue'
96.3868 	EXP 	YBox: color = 'blue'
96.4270 	EXP 	KBox: color = 'blue'
96.4270 	EXP 	YBox: color = 'blue'
96.4673 	EXP 	KBox: color = 'blue'
96.4673 	EXP 	YBox: color = 'blue'
96.5075 	EXP 	KBox: color = 'blue'
96.5075 	EXP 	YBox: color = 'blue'
96.5476 	EXP 	KBox: color = 'blue'
96.5476 	EXP 	YBox: color = 'blue'
96.5878 	EXP 	KBox: color = 'blue'
96.5878 	EXP 	YBox: color = 'blue'
96.5902 	DATA 	Mouse:  Left button up, pos=(1128,527)
96.6270 	EXP 	KBox: color = 'blue'
96.6270 	EXP 	YBox: color = 'blue'
96.6657 	EXP 	KBox: color = 'blue'
96.6657 	EXP 	YBox: color = 'blue'
96.7033 	EXP 	KBox: color = 'blue'
96.7033 	EXP 	YBox: color = 'blue'
96.7412 	EXP 	KBox: color = 'blue'
96.7412 	EXP 	YBox: color = 'blue'
96.7791 	EXP 	KBox: color = 'blue'
96.7791 	EXP 	YBox: color = 'blue'
96.8172 	EXP 	KBox: color = 'blue'
96.8172 	EXP 	YBox: color = 'blue'
96.8550 	EXP 	KBox: color = 'blue'
96.8550 	EXP 	YBox: color = 'blue'
96.8942 	EXP 	KBox: color = 'blue'
96.8942 	EXP 	YBox: color = 'blue'
96.9332 	EXP 	KBox: color = 'blue'
96.9332 	EXP 	YBox: color = 'blue'
96.9745 	EXP 	KBox: color = 'blue'
96.9745 	EXP 	YBox: color = 'blue'
97.0218 	EXP 	KBox: color = 'blue'
97.0218 	EXP 	YBox: color = 'blue'
97.0645 	EXP 	KBox: color = 'blue'
97.0645 	EXP 	YBox: color = 'blue'
97.1062 	EXP 	KBox: color = 'blue'
97.1062 	EXP 	YBox: color = 'blue'
97.1488 	EXP 	KBox: color = 'blue'
97.1488 	EXP 	YBox: color = 'blue'
97.1910 	EXP 	KBox: color = 'blue'
97.1910 	EXP 	YBox: color = 'blue'
97.2302 	EXP 	KBox: color = 'blue'
97.2302 	EXP 	YBox: color = 'blue'
97.2702 	EXP 	KBox: color = 'blue'
97.2702 	EXP 	YBox: color = 'blue'
97.3112 	EXP 	KBox: color = 'blue'
97.3112 	EXP 	YBox: color = 'blue'
97.3511 	EXP 	KBox: color = 'blue'
97.3511 	EXP 	YBox: color = 'blue'
97.3525 	DATA 	Mouse: Left button down, pos=(1124,697)
97.3959 	EXP 	KBox: color = 'blue'
97.3959 	EXP 	YBox: color = 'blue'
97.4341 	EXP 	KBox: color = 'blue'
97.4341 	EXP 	YBox: color = 'blue'
97.4747 	EXP 	KBox: color = 'blue'
97.4747 	EXP 	YBox: color = 'blue'
97.5163 	EXP 	KBox: color = 'blue'
97.5163 	EXP 	YBox: color = 'blue'
97.5561 	EXP 	KBox: color = 'blue'
97.5561 	EXP 	YBox: color = 'blue'
97.5986 	EXP 	KBox: color = 'blue'
97.5986 	EXP 	YBox: color = 'blue'
97.6005 	DATA 	Mouse:  Left button up, pos=(1124,697)
97.6389 	EXP 	KBox: color = 'blue'
97.6389 	EXP 	YBox: color = 'blue'
97.6770 	EXP 	KBox: color = 'blue'
97.6770 	EXP 	YBox: color = 'blue'
97.7156 	EXP 	KBox: color = 'blue'
97.7156 	EXP 	YBox: color = 'blue'
97.7520 	EXP 	KBox: color = 'blue'
97.7520 	EXP 	YBox: color = 'blue'
97.7894 	EXP 	KBox: color = 'blue'
97.7894 	EXP 	YBox: color = 'blue'
97.8276 	EXP 	KBox: color = 'blue'
97.8276 	EXP 	YBox: color = 'blue'
97.8654 	EXP 	KBox: color = 'blue'
97.8654 	EXP 	YBox: color = 'blue'
97.9060 	EXP 	KBox: color = 'blue'
97.9060 	EXP 	YBox: color = 'blue'
97.9425 	EXP 	KBox: color = 'blue'
97.9425 	EXP 	YBox: color = 'blue'
97.9821 	EXP 	KBox: color = 'blue'
97.9821 	EXP 	YBox: color = 'blue'
98.0082 	DATA 	Mouse: Left button down, pos=(1124,697)
98.0230 	EXP 	KBox: color = 'blue'
98.0230 	EXP 	YBox: color = 'blue'
98.0620 	EXP 	KBox: color = 'blue'
98.0620 	EXP 	YBox: color = 'blue'
98.1037 	EXP 	KBox: color = 'blue'
98.1037 	EXP 	YBox: color = 'blue'
98.1447 	EXP 	KBox: color = 'blue'
98.1447 	EXP 	YBox: color = 'blue'
98.1820 	EXP 	KBox: color = 'blue'
98.1820 	EXP 	YBox: color = 'blue'
98.2097 	DATA 	Mouse:  Left button up, pos=(1124,697)
98.2252 	EXP 	KBox: color = 'blue'
98.2252 	EXP 	YBox: color = 'blue'
98.2600 	EXP 	KBox: color = 'blue'
98.2600 	EXP 	YBox: color = 'blue'
98.2990 	EXP 	KBox: color = 'blue'
98.2990 	EXP 	YBox: color = 'blue'
98.3395 	EXP 	KBox: color = 'blue'
98.3395 	EXP 	YBox: color = 'blue'
98.3770 	EXP 	KBox: color = 'blue'
98.3770 	EXP 	YBox: color = 'blue'
98.4149 	EXP 	KBox: color = 'blue'
98.4149 	EXP 	YBox: color = 'blue'
98.4414 	DATA 	Mouse: Right button down, pos=(1124,697)
98.4542 	EXP 	KBox: color = 'blue'
98.4542 	EXP 	YBox: color = 'blue'
98.4936 	EXP 	KBox: color = 'blue'
98.4936 	EXP 	YBox: color = 'blue'
98.5349 	EXP 	KBox: color = 'blue'
98.5349 	EXP 	YBox: color = 'blue'
98.5768 	EXP 	KBox: color = 'blue'
98.5768 	EXP 	YBox: color = 'blue'
98.6175 	EXP 	KBox: color = 'blue'
98.6175 	EXP 	YBox: color = 'blue'
98.6463 	DATA 	Mouse:  Right button up, pos=(1122,697)
98.6594 	EXP 	KBox: color = 'blue'
98.6594 	EXP 	YBox: color = 'blue'
98.6970 	EXP 	KBox: color = 'blue'
98.6970 	EXP 	YBox: color = 'blue'
98.7347 	EXP 	KBox: color = 'blue'
98.7347 	EXP 	YBox: color = 'blue'
98.7732 	EXP 	KBox: color = 'blue'
98.7732 	EXP 	YBox: color = 'blue'
98.8114 	EXP 	KBox: color = 'blue'
98.8114 	EXP 	YBox: color = 'blue'
98.8376 	DATA 	Mouse: Right button down, pos=(1122,697)
98.8511 	EXP 	KBox: color = 'blue'
98.8511 	EXP 	YBox: color = 'blue'
98.8942 	EXP 	KBox: color = 'blue'
98.8942 	EXP 	YBox: color = 'blue'
98.9453 	EXP 	KBox: color = 'blue'
98.9453 	EXP 	YBox: color = 'blue'
98.9964 	EXP 	KBox: color = 'blue'
98.9964 	EXP 	YBox: color = 'blue'
99.0258 	DATA 	Mouse:  Right button up, pos=(1122,697)
99.0384 	EXP 	KBox: color = 'blue'
99.0384 	EXP 	YBox: color = 'blue'
99.0765 	EXP 	KBox: color = 'blue'
99.0765 	EXP 	YBox: color = 'blue'
99.1139 	EXP 	KBox: color = 'blue'
99.1139 	EXP 	YBox: color = 'blue'
99.1533 	EXP 	KBox: color = 'blue'
99.1533 	EXP 	YBox: color = 'blue'
99.1914 	EXP 	KBox: color = 'blue'
99.1914 	EXP 	YBox: color = 'blue'
99.2294 	EXP 	KBox: color = 'blue'
99.2294 	EXP 	YBox: color = 'blue'
99.2717 	EXP 	KBox: color = 'blue'
99.2717 	EXP 	YBox: color = 'blue'
99.3104 	EXP 	KBox: color = 'blue'
99.3104 	EXP 	YBox: color = 'blue'
99.3507 	EXP 	KBox: color = 'blue'
99.3507 	EXP 	YBox: color = 'blue'
99.3916 	EXP 	KBox: color = 'blue'
99.3916 	EXP 	YBox: color = 'blue'
99.4313 	EXP 	KBox: color = 'blue'
99.4313 	EXP 	YBox: color = 'blue'
99.4733 	EXP 	KBox: color = 'blue'
99.4733 	EXP 	YBox: color = 'blue'
99.5102 	EXP 	KBox: color = 'blue'
99.5102 	EXP 	YBox: color = 'blue'
99.5539 	EXP 	KBox: color = 'blue'
99.5539 	EXP 	YBox: color = 'blue'
99.5920 	EXP 	KBox: color = 'blue'
99.5920 	EXP 	YBox: color = 'blue'
99.6318 	EXP 	KBox: color = 'blue'
99.6318 	EXP 	YBox: color = 'blue'
99.6724 	EXP 	KBox: color = 'blue'
99.6724 	EXP 	YBox: color = 'blue'
99.7123 	EXP 	KBox: color = 'blue'
99.7123 	EXP 	YBox: color = 'blue'
99.7522 	EXP 	KBox: color = 'blue'
99.7522 	EXP 	YBox: color = 'blue'
99.7788 	DATA 	Mouse: Left button down, pos=(579,400)
99.7920 	EXP 	KBox: color = 'blue'
99.7920 	EXP 	YBox: color = 'blue'
99.8316 	EXP 	KBox: color = 'blue'
99.8316 	EXP 	YBox: color = 'blue'
99.8740 	EXP 	KBox: color = 'blue'
99.8740 	EXP 	YBox: color = 'blue'
99.9109 	EXP 	KBox: color = 'blue'
99.9109 	EXP 	YBox: color = 'blue'
99.9123 	DATA 	Mouse:  Left button up, pos=(578,400)
99.9525 	EXP 	KBox: color = 'blue'
99.9525 	EXP 	YBox: color = 'blue'
99.9890 	EXP 	KBox: color = 'blue'
99.9890 	EXP 	YBox: color = 'blue'
100.0267 	EXP 	KBox: color = 'blue'
100.0267 	EXP 	YBox: color = 'blue'
100.0650 	EXP 	KBox: color = 'blue'
100.0650 	EXP 	YBox: color = 'blue'
100.1022 	EXP 	KBox: color = 'blue'
100.1022 	EXP 	YBox: color = 'blue'
100.1295 	DATA 	Mouse: Left button down, pos=(577,399)
100.1425 	EXP 	KBox: color = 'blue'
100.1425 	EXP 	YBox: color = 'blue'
100.1844 	EXP 	KBox: color = 'blue'
100.1844 	EXP 	YBox: color = 'blue'
100.2406 	EXP 	KBox: color = 'blue'
100.2406 	EXP 	YBox: color = 'blue'
100.2945 	EXP 	KBox: color = 'blue'
100.2945 	EXP 	YBox: color = 'blue'
100.3221 	DATA 	Mouse:  Left button up, pos=(577,399)
100.3381 	EXP 	KBox: color = 'blue'
100.3381 	EXP 	YBox: color = 'blue'
100.3775 	EXP 	KBox: color = 'blue'
100.3775 	EXP 	YBox: color = 'blue'
100.4150 	EXP 	KBox: color = 'blue'
100.4150 	EXP 	YBox: color = 'blue'
100.4533 	EXP 	KBox: color = 'blue'
100.4533 	EXP 	YBox: color = 'blue'
100.4927 	EXP 	KBox: color = 'blue'
100.4927 	EXP 	YBox: color = 'blue'
100.5319 	EXP 	KBox: color = 'blue'
100.5319 	EXP 	YBox: color = 'blue'
100.5725 	EXP 	KBox: color = 'blue'
100.5725 	EXP 	YBox: color = 'blue'
100.6105 	EXP 	KBox: color = 'blue'
100.6105 	EXP 	YBox: color = 'blue'
100.6489 	EXP 	KBox: color = 'blue'
100.6489 	EXP 	YBox: color = 'blue'
100.6878 	EXP 	KBox: color = 'blue'
100.6878 	EXP 	YBox: color = 'blue'
100.7267 	EXP 	KBox: color = 'blue'
100.7267 	EXP 	YBox: color = 'blue'
100.7285 	DATA 	Mouse: Left button down, pos=(577,399)
100.7708 	EXP 	KBox: color = 'blue'
100.7708 	EXP 	YBox: color = 'blue'
100.8095 	EXP 	KBox: color = 'blue'
100.8095 	EXP 	YBox: color = 'blue'
100.8496 	EXP 	KBox: color = 'blue'
100.8496 	EXP 	YBox: color = 'blue'
100.8923 	EXP 	KBox: color = 'blue'
100.8923 	EXP 	YBox: color = 'blue'
100.9325 	EXP 	KBox: color = 'blue'
100.9325 	EXP 	YBox: color = 'blue'
100.9346 	DATA 	Mouse:  Left button up, pos=(577,399)
100.9738 	EXP 	KBox: color = 'blue'
100.9738 	EXP 	YBox: color = 'blue'
101.0116 	EXP 	KBox: color = 'blue'
101.0116 	EXP 	YBox: color = 'blue'
101.0379 	DATA 	Mouse: Left button down, pos=(577,399)
101.0534 	EXP 	KBox: color = 'blue'
101.0534 	EXP 	YBox: color = 'blue'
101.0960 	EXP 	KBox: color = 'blue'
101.0960 	EXP 	YBox: color = 'blue'
101.1360 	EXP 	KBox: color = 'blue'
101.1360 	EXP 	YBox: color = 'blue'
101.1752 	EXP 	KBox: color = 'blue'
101.1752 	EXP 	YBox: color = 'blue'
101.2197 	EXP 	KBox: color = 'blue'
101.2197 	EXP 	YBox: color = 'blue'
101.2208 	DATA 	Mouse:  Left button up, pos=(577,400)
101.2595 	EXP 	KBox: color = 'blue'
101.2595 	EXP 	YBox: color = 'blue'
101.2961 	EXP 	KBox: color = 'blue'
101.2961 	EXP 	YBox: color = 'blue'
101.3376 	EXP 	KBox: color = 'blue'
101.3376 	EXP 	YBox: color = 'blue'
101.3755 	EXP 	KBox: color = 'blue'
101.3755 	EXP 	YBox: color = 'blue'
101.4155 	EXP 	KBox: color = 'blue'
101.4155 	EXP 	YBox: color = 'blue'
101.4558 	EXP 	KBox: color = 'blue'
101.4558 	EXP 	YBox: color = 'blue'
101.4976 	EXP 	KBox: color = 'blue'
101.4976 	EXP 	YBox: color = 'blue'
101.5396 	EXP 	KBox: color = 'blue'
101.5396 	EXP 	YBox: color = 'blue'
101.5793 	EXP 	KBox: color = 'blue'
101.5793 	EXP 	YBox: color = 'blue'
101.6173 	EXP 	KBox: color = 'blue'
101.6173 	EXP 	YBox: color = 'blue'
101.6579 	EXP 	KBox: color = 'blue'
101.6579 	EXP 	YBox: color = 'blue'
101.6833 	DATA 	Mouse: Left button down, pos=(602,398)
101.6962 	EXP 	KBox: color = 'blue'
101.6962 	EXP 	YBox: color = 'blue'
101.7352 	EXP 	KBox: color = 'blue'
101.7352 	EXP 	YBox: color = 'blue'
101.7782 	EXP 	KBox: color = 'blue'
101.7782 	EXP 	YBox: color = 'blue'
101.8168 	EXP 	KBox: color = 'blue'
101.8168 	EXP 	YBox: color = 'blue'
101.8672 	EXP 	KBox: color = 'blue'
101.8672 	EXP 	YBox: color = 'blue'
101.8701 	DATA 	Mouse:  Left button up, pos=(602,398)
101.9108 	EXP 	KBox: color = 'blue'
101.9108 	EXP 	YBox: color = 'blue'
101.9519 	EXP 	KBox: color = 'blue'
101.9519 	EXP 	YBox: color = 'blue'
101.9904 	EXP 	KBox: color = 'blue'
101.9904 	EXP 	YBox: color = 'blue'
102.0302 	EXP 	KBox: color = 'blue'
102.0302 	EXP 	YBox: color = 'blue'
102.0584 	DATA 	Mouse: Left button down, pos=(602,398)
102.0740 	EXP 	KBox: color = 'blue'
102.0740 	EXP 	YBox: color = 'blue'
102.1147 	EXP 	KBox: color = 'blue'
102.1147 	EXP 	YBox: color = 'blue'
102.1580 	EXP 	KBox: color = 'blue'
102.1580 	EXP 	YBox: color = 'blue'
102.1977 	EXP 	KBox: color = 'blue'
102.1977 	EXP 	YBox: color = 'blue'
102.2401 	EXP 	KBox: color = 'blue'
102.2401 	EXP 	YBox: color = 'blue'
102.2693 	DATA 	Mouse:  Left button up, pos=(602,398)
102.2855 	EXP 	KBox: color = 'blue'
102.2855 	EXP 	YBox: color = 'blue'
102.3225 	EXP 	KBox: color = 'blue'
102.3225 	EXP 	YBox: color = 'blue'
102.3628 	EXP 	KBox: color = 'blue'
102.3628 	EXP 	YBox: color = 'blue'
102.4026 	EXP 	KBox: color = 'blue'
102.4026 	EXP 	YBox: color = 'blue'
102.4454 	EXP 	KBox: color = 'blue'
102.4454 	EXP 	YBox: color = 'blue'
102.4828 	EXP 	KBox: color = 'blue'
102.4828 	EXP 	YBox: color = 'blue'
102.5217 	EXP 	KBox: color = 'blue'
102.5217 	EXP 	YBox: color = 'blue'
102.5603 	EXP 	KBox: color = 'blue'
102.5603 	EXP 	YBox: color = 'blue'
102.6006 	EXP 	KBox: color = 'blue'
102.6006 	EXP 	YBox: color = 'blue'
102.6426 	EXP 	KBox: color = 'blue'
102.6426 	EXP 	YBox: color = 'blue'
102.6794 	EXP 	KBox: color = 'blue'
102.6794 	EXP 	YBox: color = 'blue'
102.7179 	EXP 	KBox: color = 'blue'
102.7179 	EXP 	YBox: color = 'blue'
102.7620 	EXP 	KBox: color = 'blue'
102.7620 	EXP 	YBox: color = 'blue'
102.8092 	EXP 	KBox: color = 'blue'
102.8092 	EXP 	YBox: color = 'blue'
102.8496 	EXP 	KBox: color = 'blue'
102.8496 	EXP 	YBox: color = 'blue'
102.8908 	EXP 	KBox: color = 'blue'
102.8908 	EXP 	YBox: color = 'blue'
102.9188 	DATA 	Mouse: Left button down, pos=(601,382)
102.9355 	EXP 	KBox: color = 'blue'
102.9355 	EXP 	YBox: color = 'blue'
102.9752 	EXP 	KBox: color = 'blue'
102.9752 	EXP 	YBox: color = 'blue'
103.0163 	EXP 	KBox: color = 'blue'
103.0163 	EXP 	YBox: color = 'blue'
103.0467 	DATA 	Mouse:  Left button up, pos=(601,382)
103.0599 	EXP 	KBox: color = 'blue'
103.0599 	EXP 	YBox: color = 'blue'
103.0996 	EXP 	KBox: color = 'blue'
103.0996 	EXP 	YBox: color = 'blue'
103.1427 	EXP 	KBox: color = 'blue'
103.1427 	EXP 	YBox: color = 'blue'
103.1799 	EXP 	KBox: color = 'blue'
103.1799 	EXP 	YBox: color = 'blue'
103.2195 	EXP 	KBox: color = 'blue'
103.2195 	EXP 	YBox: color = 'blue'
103.2583 	EXP 	KBox: color = 'blue'
103.2583 	EXP 	YBox: color = 'blue'
103.2970 	EXP 	KBox: color = 'blue'
103.2970 	EXP 	YBox: color = 'blue'
103.3391 	EXP 	KBox: color = 'blue'
103.3391 	EXP 	YBox: color = 'blue'
103.3767 	EXP 	KBox: color = 'blue'
103.3767 	EXP 	YBox: color = 'blue'
103.4202 	EXP 	KBox: color = 'blue'
103.4202 	EXP 	YBox: color = 'blue'
103.4623 	EXP 	KBox: color = 'blue'
103.4623 	EXP 	YBox: color = 'blue'
103.5039 	EXP 	KBox: color = 'blue'
103.5039 	EXP 	YBox: color = 'blue'
103.5481 	EXP 	KBox: color = 'blue'
103.5481 	EXP 	YBox: color = 'blue'
103.5962 	EXP 	KBox: color = 'blue'
103.5962 	EXP 	YBox: color = 'blue'
103.6377 	EXP 	KBox: color = 'blue'
103.6377 	EXP 	YBox: color = 'blue'
103.6828 	EXP 	KBox: color = 'blue'
103.6828 	EXP 	YBox: color = 'blue'
103.7691 	EXP 	KBox: color = 'blue'
103.7691 	EXP 	YBox: color = 'blue'
103.7708 	DATA 	Mouse: Left button down, pos=(583,518)
103.8142 	EXP 	KBox: color = 'blue'
103.8142 	EXP 	YBox: color = 'blue'
103.8588 	EXP 	KBox: color = 'blue'
103.8588 	EXP 	YBox: color = 'blue'
103.9027 	EXP 	KBox: color = 'blue'
103.9027 	EXP 	YBox: color = 'blue'
103.9343 	DATA 	Mouse:  Left button up, pos=(583,518)
103.9480 	EXP 	KBox: color = 'blue'
103.9480 	EXP 	YBox: color = 'blue'
103.9882 	EXP 	KBox: color = 'blue'
103.9882 	EXP 	YBox: color = 'blue'
104.0293 	EXP 	KBox: color = 'blue'
104.0293 	EXP 	YBox: color = 'blue'
104.0698 	EXP 	KBox: color = 'blue'
104.0698 	EXP 	YBox: color = 'blue'
104.1100 	EXP 	KBox: color = 'blue'
104.1100 	EXP 	YBox: color = 'blue'
104.1494 	EXP 	KBox: color = 'blue'
104.1494 	EXP 	YBox: color = 'blue'
104.1931 	EXP 	KBox: color = 'blue'
104.1931 	EXP 	YBox: color = 'blue'
104.1957 	DATA 	Mouse: Left button down, pos=(583,519)
104.2396 	EXP 	KBox: color = 'blue'
104.2396 	EXP 	YBox: color = 'blue'
104.2842 	EXP 	KBox: color = 'blue'
104.2842 	EXP 	YBox: color = 'blue'
104.3273 	EXP 	KBox: color = 'blue'
104.3273 	EXP 	YBox: color = 'blue'
104.3552 	DATA 	Mouse:  Left button up, pos=(583,519)
104.3681 	EXP 	KBox: color = 'blue'
104.3681 	EXP 	YBox: color = 'blue'
104.4056 	EXP 	KBox: color = 'blue'
104.4056 	EXP 	YBox: color = 'blue'
104.4461 	EXP 	KBox: color = 'blue'
104.4461 	EXP 	YBox: color = 'blue'
104.4864 	EXP 	KBox: color = 'blue'
104.4864 	EXP 	YBox: color = 'blue'
104.5233 	EXP 	KBox: color = 'blue'
104.5233 	EXP 	YBox: color = 'blue'
104.5642 	EXP 	KBox: color = 'blue'
104.5642 	EXP 	YBox: color = 'blue'
104.6059 	EXP 	KBox: color = 'blue'
104.6059 	EXP 	YBox: color = 'blue'
104.6479 	EXP 	KBox: color = 'blue'
104.6479 	EXP 	YBox: color = 'blue'
104.6905 	EXP 	KBox: color = 'blue'
104.6905 	EXP 	YBox: color = 'blue'
104.7276 	EXP 	KBox: color = 'blue'
104.7276 	EXP 	YBox: color = 'blue'
104.7678 	EXP 	KBox: color = 'blue'
104.7678 	EXP 	YBox: color = 'blue'
104.8080 	EXP 	KBox: color = 'blue'
104.8080 	EXP 	YBox: color = 'blue'
104.8098 	DATA 	Mouse: Left button down, pos=(617,667)
104.8493 	EXP 	KBox: color = 'blue'
104.8493 	EXP 	YBox: color = 'blue'
104.8895 	EXP 	KBox: color = 'blue'
104.8895 	EXP 	YBox: color = 'blue'
104.9297 	EXP 	KBox: color = 'blue'
104.9297 	EXP 	YBox: color = 'blue'
104.9586 	DATA 	Mouse:  Left button up, pos=(617,667)
104.9744 	EXP 	KBox: color = 'blue'
104.9744 	EXP 	YBox: color = 'blue'
105.0104 	EXP 	KBox: color = 'blue'
105.0104 	EXP 	YBox: color = 'blue'
105.0492 	EXP 	KBox: color = 'blue'
105.0492 	EXP 	YBox: color = 'blue'
105.0897 	EXP 	KBox: color = 'blue'
105.0897 	EXP 	YBox: color = 'blue'
105.1253 	EXP 	KBox: color = 'blue'
105.1253 	EXP 	YBox: color = 'blue'
105.1272 	DATA 	Mouse: Left button down, pos=(617,668)
105.1666 	EXP 	KBox: color = 'blue'
105.1666 	EXP 	YBox: color = 'blue'
105.2099 	EXP 	KBox: color = 'blue'
105.2099 	EXP 	YBox: color = 'blue'
105.2486 	EXP 	KBox: color = 'blue'
105.2486 	EXP 	YBox: color = 'blue'
105.2871 	EXP 	KBox: color = 'blue'
105.2871 	EXP 	YBox: color = 'blue'
105.3154 	DATA 	Mouse:  Left button up, pos=(617,668)
105.3282 	EXP 	KBox: color = 'blue'
105.3282 	EXP 	YBox: color = 'blue'
105.3705 	EXP 	KBox: color = 'blue'
105.3705 	EXP 	YBox: color = 'blue'
105.4071 	EXP 	KBox: color = 'blue'
105.4071 	EXP 	YBox: color = 'blue'
105.4466 	EXP 	KBox: color = 'blue'
105.4466 	EXP 	YBox: color = 'blue'
105.4854 	EXP 	KBox: color = 'blue'
105.4854 	EXP 	YBox: color = 'blue'
105.5256 	EXP 	KBox: color = 'blue'
105.5256 	EXP 	YBox: color = 'blue'
105.5708 	EXP 	KBox: color = 'blue'
105.5708 	EXP 	YBox: color = 'blue'
105.6104 	EXP 	KBox: color = 'blue'
105.6104 	EXP 	YBox: color = 'blue'
105.6507 	EXP 	KBox: color = 'blue'
105.6507 	EXP 	YBox: color = 'blue'
105.6930 	EXP 	KBox: color = 'blue'
105.6930 	EXP 	YBox: color = 'blue'
105.7350 	EXP 	KBox: color = 'blue'
105.7350 	EXP 	YBox: color = 'blue'
105.7762 	EXP 	KBox: color = 'blue'
105.7762 	EXP 	YBox: color = 'blue'
105.8138 	EXP 	KBox: color = 'blue'
105.8138 	EXP 	YBox: color = 'blue'
105.8572 	EXP 	KBox: color = 'blue'
105.8572 	EXP 	YBox: color = 'blue'
105.8986 	EXP 	KBox: color = 'blue'
105.8986 	EXP 	YBox: color = 'blue'
105.9415 	EXP 	KBox: color = 'blue'
105.9415 	EXP 	YBox: color = 'blue'
105.9821 	EXP 	KBox: color = 'blue'
105.9821 	EXP 	YBox: color = 'blue'
106.0236 	EXP 	KBox: color = 'blue'
106.0236 	EXP 	YBox: color = 'blue'
106.0656 	EXP 	KBox: color = 'blue'
106.0656 	EXP 	YBox: color = 'blue'
106.1069 	EXP 	KBox: color = 'blue'
106.1069 	EXP 	YBox: color = 'blue'
106.1477 	EXP 	KBox: color = 'blue'
106.1477 	EXP 	YBox: color = 'blue'
106.1914 	EXP 	KBox: color = 'blue'
106.1914 	EXP 	YBox: color = 'blue'
106.2200 	DATA 	Mouse: Left button down, pos=(1148,194)
106.2367 	EXP 	KBox: color = 'blue'
106.2367 	EXP 	YBox: color = 'blue'
106.2794 	EXP 	KBox: color = 'blue'
106.2794 	EXP 	YBox: color = 'blue'
106.3171 	EXP 	KBox: color = 'blue'
106.3171 	EXP 	YBox: color = 'blue'
106.3460 	DATA 	Mouse:  Left button up, pos=(1148,194)
106.3593 	EXP 	KBox: color = 'blue'
106.3593 	EXP 	YBox: color = 'blue'
106.3998 	EXP 	KBox: color = 'blue'
106.3998 	EXP 	YBox: color = 'blue'
106.4365 	EXP 	KBox: color = 'blue'
106.4365 	EXP 	YBox: color = 'blue'
106.4745 	EXP 	KBox: color = 'blue'
106.4745 	EXP 	YBox: color = 'blue'
106.5126 	EXP 	KBox: color = 'blue'
106.5126 	EXP 	YBox: color = 'blue'
106.5518 	EXP 	KBox: color = 'blue'
106.5518 	EXP 	YBox: color = 'blue'
106.5915 	EXP 	KBox: color = 'blue'
106.5915 	EXP 	YBox: color = 'blue'
106.6321 	EXP 	KBox: color = 'blue'
106.6321 	EXP 	YBox: color = 'blue'
106.6728 	EXP 	KBox: color = 'blue'
106.6728 	EXP 	YBox: color = 'blue'
106.7136 	EXP 	KBox: color = 'blue'
106.7136 	EXP 	YBox: color = 'blue'
106.7562 	EXP 	KBox: color = 'blue'
106.7562 	EXP 	YBox: color = 'blue'
106.7572 	DATA 	Mouse: Left button down, pos=(1129,198)
106.7960 	EXP 	KBox: color = 'blue'
106.7960 	EXP 	YBox: color = 'blue'
106.8367 	EXP 	KBox: color = 'blue'
106.8367 	EXP 	YBox: color = 'blue'
106.8778 	EXP 	KBox: color = 'blue'
106.8778 	EXP 	YBox: color = 'blue'
106.9051 	DATA 	Mouse:  Left button up, pos=(1129,198)
106.9209 	EXP 	KBox: color = 'blue'
106.9209 	EXP 	YBox: color = 'blue'
106.9588 	EXP 	KBox: color = 'blue'
106.9588 	EXP 	YBox: color = 'blue'
106.9971 	EXP 	KBox: color = 'blue'
106.9971 	EXP 	YBox: color = 'blue'
107.0347 	EXP 	KBox: color = 'blue'
107.0347 	EXP 	YBox: color = 'blue'
107.0727 	EXP 	KBox: color = 'blue'
107.0727 	EXP 	YBox: color = 'blue'
107.1124 	EXP 	KBox: color = 'blue'
107.1124 	EXP 	YBox: color = 'blue'
107.1508 	EXP 	KBox: color = 'blue'
107.1508 	EXP 	YBox: color = 'blue'
107.1922 	EXP 	KBox: color = 'blue'
107.1922 	EXP 	YBox: color = 'blue'
107.2285 	EXP 	KBox: color = 'blue'
107.2285 	EXP 	YBox: color = 'blue'
107.2662 	EXP 	KBox: color = 'blue'
107.2662 	EXP 	YBox: color = 'blue'
107.3065 	EXP 	KBox: color = 'blue'
107.3065 	EXP 	YBox: color = 'blue'
107.3419 	EXP 	KBox: color = 'blue'
107.3419 	EXP 	YBox: color = 'blue'
107.3794 	EXP 	KBox: color = 'blue'
107.3794 	EXP 	YBox: color = 'blue'
107.4177 	EXP 	KBox: color = 'blue'
107.4177 	EXP 	YBox: color = 'blue'
107.4566 	EXP 	KBox: color = 'blue'
107.4566 	EXP 	YBox: color = 'blue'
107.4954 	EXP 	KBox: color = 'blue'
107.4954 	EXP 	YBox: color = 'blue'
107.5330 	EXP 	KBox: color = 'blue'
107.5330 	EXP 	YBox: color = 'blue'
107.5714 	EXP 	KBox: color = 'blue'
107.5714 	EXP 	YBox: color = 'blue'
107.6090 	EXP 	KBox: color = 'blue'
107.6090 	EXP 	YBox: color = 'blue'
107.6470 	EXP 	KBox: color = 'blue'
107.6470 	EXP 	YBox: color = 'blue'
107.6856 	EXP 	KBox: color = 'blue'
107.6856 	EXP 	YBox: color = 'blue'
107.7235 	EXP 	KBox: color = 'blue'
107.7235 	EXP 	YBox: color = 'blue'
107.7614 	EXP 	KBox: color = 'blue'
107.7614 	EXP 	YBox: color = 'blue'
107.8008 	EXP 	KBox: color = 'blue'
107.8008 	EXP 	YBox: color = 'blue'
107.8387 	EXP 	KBox: color = 'blue'
107.8387 	EXP 	YBox: color = 'blue'
107.8781 	EXP 	KBox: color = 'blue'
107.8781 	EXP 	YBox: color = 'blue'
107.9165 	EXP 	KBox: color = 'blue'
107.9165 	EXP 	YBox: color = 'blue'
107.9571 	EXP 	KBox: color = 'blue'
107.9571 	EXP 	YBox: color = 'blue'
107.9944 	EXP 	KBox: color = 'blue'
107.9944 	EXP 	YBox: color = 'blue'
108.0341 	EXP 	KBox: color = 'blue'
108.0341 	EXP 	YBox: color = 'blue'
108.0759 	EXP 	KBox: color = 'blue'
108.0759 	EXP 	YBox: color = 'blue'
108.1139 	EXP 	KBox: color = 'blue'
108.1139 	EXP 	YBox: color = 'blue'
108.1539 	EXP 	KBox: color = 'blue'
108.1539 	EXP 	YBox: color = 'blue'
108.1931 	EXP 	KBox: color = 'blue'
108.1931 	EXP 	YBox: color = 'blue'
108.2336 	EXP 	KBox: color = 'blue'
108.2336 	EXP 	YBox: color = 'blue'
108.2785 	EXP 	KBox: color = 'blue'
108.2785 	EXP 	YBox: color = 'blue'
108.2928 	DATA 	Keypress: escape
109.4071 	EXP 	window1: mouseVisible = True
