2.3511 	WARNING 	We strongly recommend you activate the PTB sound engine in PsychoPy prefs as the preferred audio engine. Its timing is vastly superior. Your prefs are currently set to use ['sounddevice', 'PTB', 'pyo', 'pygame'] (in that order).
13.7266 	WARNING 	Couldn't measure a consistent frame rate!
  - Is your graphics card set to sync to vertical blank?
  - Are you running other processes on your computer?

13.7270 	EXP 	Created window1 = Window(allowGUI=True, allowStencil=False, autoLog=True, backendConf=UNKNOWN, bitsMode=UNKNOWN, blendMode='avg', bpc=(8, 8, 8), color=array([0, 0, 0]), colorSpace='rgb', depthBits=8, fullscr=<method-wrapper '__getattribute__' of attributeSetter object at 0x7f82b80855b0>, gamma=None, gammaErrorPolicy='raise', lms=UNKNOWN, monitor=<psychopy.monitors.calibTools.Monitor object at 0x7f82b852d8e0>, multiSample=False, name='window1', numSamples=2, pos=(300, 193), screen=0, size=array([2240, 1400]), stencilBits=0, stereo=False, units='height', useFBO=True, useRetina=True, viewOri=0.0, viewPos=None, viewScale=None, waitBlanking=True, winType='pyglet')
13.7271 	EXP 	window1: mouseVisible = True
13.7272 	EXP 	window1: Attempting to measure frame rate of screen (0) ...
13.7272 	EXP 	window1: recordFrameIntervals = False
13.8891 	EXP 	window1: recordFrameIntervals = True
13.9451 	WARNING 	t of last frame was 21.48ms (=1/46)
14.1922 	WARNING 	t of last frame was 20.30ms (=1/49)
14.2936 	WARNING 	t of last frame was 20.35ms (=1/49)
14.5986 	WARNING 	t of last frame was 24.91ms (=1/40)
14.6313 	WARNING 	Multiple dropped frames have occurred - I'll stop bothering you about them!
15.5608 	WARNING 	Couldn't measure a consistent frame rate!
  - Is your graphics card set to sync to vertical blank?
  - Are you running other processes on your computer?

15.6102 	WARNING 	launchHubServer: If using the iohub mouse or eyetracker devices, fullScr should be True.
19.1266 	EXP 	Created letterDisp = TextStim(__class__=<class 'psychopy.visual.text.TextStim'>, alignHoriz=method-wrapper(...), alignText='center', alignVert=method-wrapper(...), anchorHoriz='center', anchorVert='center', antialias=True, autoDraw=False, autoLog=True, bold=False, color=array([1., 1., 1.]), colorSpace='rgb', contrast=1.0, depth=-1.0, flipHoriz=False, flipVert=False, font='Open Sans', fontFiles=[], height=0.05, italic=False, languageStyle='LTR', name='letterDisp', opacity=1.0, ori=0.0, pos=array([0., 0.]), rgb=UNKNOWN, text='', units='height', win=Window(...), wrapWidth=1)
19.1690 	EXP 	Created isiText = TextStim(__class__=<class 'psychopy.visual.text.TextStim'>, alignHoriz=method-wrapper(...), alignText='center', alignVert=method-wrapper(...), anchorHoriz='center', anchorVert='center', antialias=True, autoDraw=False, autoLog=True, bold=False, color=array([1., 1., 1.]), colorSpace='rgb', contrast=1.0, depth=0.0, flipHoriz=False, flipVert=False, font='Open Sans', fontFiles=[], height=0.05, italic=False, languageStyle='LTR', name='isiText', opacity=1.0, ori=0.0, pos=array([0., 0.]), rgb=UNKNOWN, text='+', units='height', win=Window(...), wrapWidth=1)
19.1729 	EXP 	Created text_2 = TextStim(__class__=<class 'psychopy.visual.text.TextStim'>, alignHoriz=method-wrapper(...), alignText='center', alignVert=method-wrapper(...), anchorHoriz='center', anchorVert='center', antialias=True, autoDraw=False, autoLog=True, bold=False, color=array([1., 1., 1.]), colorSpace='rgb', contrast=1.0, depth=0.0, flipHoriz=False, flipVert=False, font='Open Sans', fontFiles=[], height=0.05, italic=False, languageStyle='LTR', name='text_2', opacity=1.0, ori=0.0, pos=array([0., 0.]), rgb=UNKNOWN, text='+', units='height', win=Window(...), wrapWidth=1)
19.1780 	EXP 	Created PBox = Rect(__class__=<class 'psychopy.visual.rect.Rect'>, anchor=('center', 'center'), autoDraw=False, autoLog=True, closeShape=True, color=method-wrapper(...), colorSpace='rgb', contrast=None, depth=0.0, fillColor=array([1, 1, 1]), fillColorSpace='rgb', fillRGB=array([1, 1, 1]), interpolate=True, lineColor=array([1., 1., 1.]), lineColorSpace='rgb', lineRGB=array([1, 1, 1]), lineWidth=1.0, name='PBox', opacity=1.0, ori=0.0, pos=array([-0.25,  0.15]), size=array([0.1, 0.1]), units='height', vertices=ndarray(...), win=Window(...))
19.1808 	EXP 	Created NBox2 = Rect(__class__=<class 'psychopy.visual.rect.Rect'>, anchor=('center', 'center'), autoDraw=False, autoLog=True, closeShape=True, color=method-wrapper(...), colorSpace='rgb', contrast=None, depth=-1.0, fillColor=array([1, 1, 1]), fillColorSpace='rgb', fillRGB=array([1, 1, 1]), interpolate=True, lineColor=array([1., 1., 1.]), lineColorSpace='rgb', lineRGB=array([1, 1, 1]), lineWidth=1.0, name='NBox2', opacity=1.0, ori=0.0, pos=array([0.25, 0.  ]), size=array([0.1, 0.1]), units='height', vertices=ndarray(...), win=Window(...))
19.1835 	EXP 	Created SBox2 = Rect(__class__=<class 'psychopy.visual.rect.Rect'>, anchor=('center', 'center'), autoDraw=False, autoLog=True, closeShape=True, color=method-wrapper(...), colorSpace='rgb', contrast=None, depth=-2.0, fillColor=array([1, 1, 1]), fillColorSpace='rgb', fillRGB=array([1, 1, 1]), interpolate=True, lineColor=array([1., 1., 1.]), lineColorSpace='rgb', lineRGB=array([1, 1, 1]), lineWidth=1.0, name='SBox2', opacity=1.0, ori=0.0, pos=array([-0.25,  0.  ]), size=array([0.1, 0.1]), units='height', vertices=ndarray(...), win=Window(...))
19.1860 	EXP 	Created KBox2 = Rect(__class__=<class 'psychopy.visual.rect.Rect'>, anchor=('center', 'center'), autoDraw=False, autoLog=True, closeShape=True, color=method-wrapper(...), colorSpace='rgb', contrast=None, depth=-3.0, fillColor=array([1, 1, 1]), fillColorSpace='rgb', fillRGB=array([1, 1, 1]), interpolate=True, lineColor=array([1., 1., 1.]), lineColorSpace='rgb', lineRGB=array([1, 1, 1]), lineWidth=1.0, name='KBox2', opacity=1.0, ori=0.0, pos=array([0., 0.]), size=array([0.1, 0.1]), units='height', vertices=ndarray(...), win=Window(...))
19.1885 	EXP 	Created HBox = Rect(__class__=<class 'psychopy.visual.rect.Rect'>, anchor=('center', 'center'), autoDraw=False, autoLog=True, closeShape=True, color=method-wrapper(...), colorSpace='rgb', contrast=None, depth=-4.0, fillColor=array([1, 1, 1]), fillColorSpace='rgb', fillRGB=array([1, 1, 1]), interpolate=True, lineColor=array([1., 1., 1.]), lineColorSpace='rgb', lineRGB=array([1, 1, 1]), lineWidth=1.0, name='HBox', opacity=1.0, ori=0.0, pos=array([0.25, 0.15]), size=array([0.1, 0.1]), units='height', vertices=ndarray(...), win=Window(...))
19.1912 	EXP 	Created FBox = Rect(__class__=<class 'psychopy.visual.rect.Rect'>, anchor=('center', 'center'), autoDraw=False, autoLog=True, closeShape=True, color=method-wrapper(...), colorSpace='rgb', contrast=None, depth=-5.0, fillColor=array([1, 1, 1]), fillColorSpace='rgb', fillRGB=array([1, 1, 1]), interpolate=True, lineColor=array([1., 1., 1.]), lineColorSpace='rgb', lineRGB=array([1, 1, 1]), lineWidth=1.0, name='FBox', opacity=1.0, ori=0.0, pos=array([0.  , 0.15]), size=array([0.1, 0.1]), units='height', vertices=ndarray(...), win=Window(...))
19.1939 	EXP 	Created QBox = Rect(__class__=<class 'psychopy.visual.rect.Rect'>, anchor=('center', 'center'), autoDraw=False, autoLog=True, closeShape=True, color=method-wrapper(...), colorSpace='rgb', contrast=None, depth=-6.0, fillColor=array([1, 1, 1]), fillColorSpace='rgb', fillRGB=array([1, 1, 1]), interpolate=True, lineColor=array([1., 1., 1.]), lineColorSpace='rgb', lineRGB=array([1, 1, 1]), lineWidth=1.0, name='QBox', opacity=1.0, ori=0.0, pos=array([ 0.  , -0.15]), size=array([0.1, 0.1]), units='height', vertices=ndarray(...), win=Window(...))
19.1965 	EXP 	Created LBox = Rect(__class__=<class 'psychopy.visual.rect.Rect'>, anchor=('center', 'center'), autoDraw=False, autoLog=True, closeShape=True, color=method-wrapper(...), colorSpace='rgb', contrast=None, depth=-7.0, fillColor=array([1, 1, 1]), fillColorSpace='rgb', fillRGB=array([1, 1, 1]), interpolate=True, lineColor=array([1., 1., 1.]), lineColorSpace='rgb', lineRGB=array([1, 1, 1]), lineWidth=1.0, name='LBox', opacity=1.0, ori=0.0, pos=array([-0.25, -0.15]), size=array([0.1, 0.1]), units='height', vertices=ndarray(...), win=Window(...))
19.1996 	EXP 	Created RBox = Rect(__class__=<class 'psychopy.visual.rect.Rect'>, anchor=('center', 'center'), autoDraw=False, autoLog=True, closeShape=True, color=method-wrapper(...), colorSpace='rgb', contrast=None, depth=-8.0, fillColor=array([1, 1, 1]), fillColorSpace='rgb', fillRGB=array([1, 1, 1]), interpolate=True, lineColor=array([1., 1., 1.]), lineColorSpace='rgb', lineRGB=array([1, 1, 1]), lineWidth=1.0, name='RBox', opacity=1.0, ori=0.0, pos=array([ 0.25, -0.15]), size=array([0.1, 0.1]), units='height', vertices=ndarray(...), win=Window(...))
19.2023 	EXP 	Created TBox = Rect(__class__=<class 'psychopy.visual.rect.Rect'>, anchor=('center', 'center'), autoDraw=False, autoLog=True, closeShape=True, color=method-wrapper(...), colorSpace='rgb', contrast=None, depth=-9.0, fillColor=array([1, 1, 1]), fillColorSpace='rgb', fillRGB=array([1, 1, 1]), interpolate=True, lineColor=array([1., 1., 1.]), lineColorSpace='rgb', lineRGB=array([1, 1, 1]), lineWidth=1.0, name='TBox', opacity=1.0, ori=0.0, pos=array([ 0.25, -0.3 ]), size=array([0.1, 0.1]), units='height', vertices=ndarray(...), win=Window(...))
19.2050 	EXP 	Created YBox = Rect(__class__=<class 'psychopy.visual.rect.Rect'>, anchor=('center', 'center'), autoDraw=False, autoLog=True, closeShape=True, color=method-wrapper(...), colorSpace='rgb', contrast=None, depth=-10.0, fillColor=array([1, 1, 1]), fillColorSpace='rgb', fillRGB=array([1, 1, 1]), interpolate=True, lineColor=array([1., 1., 1.]), lineColorSpace='rgb', lineRGB=array([1, 1, 1]), lineWidth=1.0, name='YBox', opacity=1.0, ori=0.0, pos=array([ 0. , -0.3]), size=array([0.1, 0.1]), units='height', vertices=ndarray(...), win=Window(...))
19.2076 	EXP 	Created JBox = Rect(__class__=<class 'psychopy.visual.rect.Rect'>, anchor=('center', 'center'), autoDraw=False, autoLog=True, closeShape=True, color=method-wrapper(...), colorSpace='rgb', contrast=None, depth=-11.0, fillColor=array([1, 1, 1]), fillColorSpace='rgb', fillRGB=array([1, 1, 1]), interpolate=True, lineColor=array([1., 1., 1.]), lineColorSpace='rgb', lineRGB=array([1, 1, 1]), lineWidth=1.0, name='JBox', opacity=1.0, ori=0.0, pos=array([-0.25, -0.3 ]), size=array([0.1, 0.1]), units='height', vertices=ndarray(...), win=Window(...))
19.2079 	EXP 	window1: mouseVisible = True
19.2441 	EXP 	Created RecallINS = TextStim(__class__=<class 'psychopy.visual.text.TextStim'>, alignHoriz=method-wrapper(...), alignText='center', alignVert=method-wrapper(...), anchorHoriz='center', anchorVert='center', antialias=True, autoDraw=False, autoLog=True, bold=False, color=array([1., 1., 1.]), colorSpace='rgb', contrast=1.0, depth=-14.0, flipHoriz=False, flipVert=False, font='Open Sans', fontFiles=[], height=0.035, italic=False, languageStyle='LTR', name='RecallINS', opacity=1.0, ori=0.0, pos=array([0. , 0.3]), rgb=UNKNOWN, text=str(...), units='height', win=Window(...), wrapWidth=1)
19.2493 	EXP 	Created P = TextStim(__class__=<class 'psychopy.visual.text.TextStim'>, alignHoriz=method-wrapper(...), alignText='center', alignVert=method-wrapper(...), anchorHoriz='center', anchorVert='center', antialias=True, autoDraw=False, autoLog=True, bold=False, color=array([-1., -1., -1.]), colorSpace='rgb', contrast=1.0, depth=-15.0, flipHoriz=False, flipVert=False, font='Open Sans', fontFiles=[], height=0.05, italic=False, languageStyle='LTR', name='P', opacity=1.0, ori=0.0, pos=array([-0.25,  0.15]), rgb=UNKNOWN, text='P', units='height', win=Window(...), wrapWidth=1)
19.2538 	EXP 	Created F_2 = TextStim(__class__=<class 'psychopy.visual.text.TextStim'>, alignHoriz=method-wrapper(...), alignText='center', alignVert=method-wrapper(...), anchorHoriz='center', anchorVert='center', antialias=True, autoDraw=False, autoLog=True, bold=False, color=array([-1., -1., -1.]), colorSpace='rgb', contrast=1.0, depth=-16.0, flipHoriz=False, flipVert=False, font='Open Sans', fontFiles=[], height=0.05, italic=False, languageStyle='LTR', name='F_2', opacity=1.0, ori=0.0, pos=array([0.  , 0.15]), rgb=UNKNOWN, text='F', units='height', win=Window(...), wrapWidth=1)
19.2581 	EXP 	Created H = TextStim(__class__=<class 'psychopy.visual.text.TextStim'>, alignHoriz=method-wrapper(...), alignText='center', alignVert=method-wrapper(...), anchorHoriz='center', anchorVert='center', antialias=True, autoDraw=False, autoLog=True, bold=False, color=array([-1., -1., -1.]), colorSpace='rgb', contrast=1.0, depth=-17.0, flipHoriz=False, flipVert=False, font='Open Sans', fontFiles=[], height=0.05, italic=False, languageStyle='LTR', name='H', opacity=1.0, ori=0.0, pos=array([0.25, 0.15]), rgb=UNKNOWN, text='H', units='height', win=Window(...), wrapWidth=1)
19.2619 	EXP 	Created S = TextStim(__class__=<class 'psychopy.visual.text.TextStim'>, alignHoriz=method-wrapper(...), alignText='center', alignVert=method-wrapper(...), anchorHoriz='center', anchorVert='center', antialias=True, autoDraw=False, autoLog=True, bold=False, color=array([-1., -1., -1.]), colorSpace='rgb', contrast=1.0, depth=-18.0, flipHoriz=False, flipVert=False, font='Open Sans', fontFiles=[], height=0.05, italic=False, languageStyle='LTR', name='S', opacity=1.0, ori=0.0, pos=array([-0.25,  0.  ]), rgb=UNKNOWN, text='S', units='height', win=Window(...), wrapWidth=1)
19.2665 	EXP 	Created K = TextStim(__class__=<class 'psychopy.visual.text.TextStim'>, alignHoriz=method-wrapper(...), alignText='center', alignVert=method-wrapper(...), anchorHoriz='center', anchorVert='center', antialias=True, autoDraw=False, autoLog=True, bold=False, color=array([-1., -1., -1.]), colorSpace='rgb', contrast=1.0, depth=-19.0, flipHoriz=False, flipVert=False, font='Open Sans', fontFiles=[], height=0.05, italic=False, languageStyle='LTR', name='K', opacity=1.0, ori=0.0, pos=array([0., 0.]), rgb=UNKNOWN, text='K', units='height', win=Window(...), wrapWidth=1)
19.2715 	EXP 	Created N = TextStim(__class__=<class 'psychopy.visual.text.TextStim'>, alignHoriz=method-wrapper(...), alignText='center', alignVert=method-wrapper(...), anchorHoriz='center', anchorVert='center', antialias=True, autoDraw=False, autoLog=True, bold=False, color=array([-1., -1., -1.]), colorSpace='rgb', contrast=1.0, depth=-20.0, flipHoriz=False, flipVert=False, font='Open Sans', fontFiles=[], height=0.05, italic=False, languageStyle='LTR', name='N', opacity=1.0, ori=0.0, pos=array([0.25, 0.  ]), rgb=UNKNOWN, text='N', units='height', win=Window(...), wrapWidth=1)
19.2771 	EXP 	Created L = TextStim(__class__=<class 'psychopy.visual.text.TextStim'>, alignHoriz=method-wrapper(...), alignText='center', alignVert=method-wrapper(...), anchorHoriz='center', anchorVert='center', antialias=True, autoDraw=False, autoLog=True, bold=False, color=array([-1., -1., -1.]), colorSpace='rgb', contrast=1.0, depth=-21.0, flipHoriz=False, flipVert=False, font='Open Sans', fontFiles=[], height=0.05, italic=False, languageStyle='LTR', name='L', opacity=1.0, ori=0.0, pos=array([-0.25, -0.15]), rgb=UNKNOWN, text='L', units='height', win=Window(...), wrapWidth=1)
19.2823 	EXP 	Created Q = TextStim(__class__=<class 'psychopy.visual.text.TextStim'>, alignHoriz=method-wrapper(...), alignText='center', alignVert=method-wrapper(...), anchorHoriz='center', anchorVert='center', antialias=True, autoDraw=False, autoLog=True, bold=False, color=array([-1., -1., -1.]), colorSpace='rgb', contrast=1.0, depth=-22.0, flipHoriz=False, flipVert=False, font='Open Sans', fontFiles=[], height=0.05, italic=False, languageStyle='LTR', name='Q', opacity=1.0, ori=0.0, pos=array([ 0.  , -0.15]), rgb=UNKNOWN, text='Q', units='height', win=Window(...), wrapWidth=1)
19.2869 	EXP 	Created R = TextStim(__class__=<class 'psychopy.visual.text.TextStim'>, alignHoriz=method-wrapper(...), alignText='center', alignVert=method-wrapper(...), anchorHoriz='center', anchorVert='center', antialias=True, autoDraw=False, autoLog=True, bold=False, color=array([-1., -1., -1.]), colorSpace='rgb', contrast=1.0, depth=-23.0, flipHoriz=False, flipVert=False, font='Open Sans', fontFiles=[], height=0.05, italic=False, languageStyle='LTR', name='R', opacity=1.0, ori=0.0, pos=array([ 0.25, -0.15]), rgb=UNKNOWN, text='R', units='height', win=Window(...), wrapWidth=1)
19.2911 	EXP 	Created J = TextStim(__class__=<class 'psychopy.visual.text.TextStim'>, alignHoriz=method-wrapper(...), alignText='center', alignVert=method-wrapper(...), anchorHoriz='center', anchorVert='center', antialias=True, autoDraw=False, autoLog=True, bold=False, color=array([-1., -1., -1.]), colorSpace='rgb', contrast=1.0, depth=-24.0, flipHoriz=False, flipVert=False, font='Open Sans', fontFiles=[], height=0.05, italic=False, languageStyle='LTR', name='J', opacity=1.0, ori=0.0, pos=array([-0.25, -0.3 ]), rgb=UNKNOWN, text='J', units='height', win=Window(...), wrapWidth=1)
19.2953 	EXP 	Created Y = TextStim(__class__=<class 'psychopy.visual.text.TextStim'>, alignHoriz=method-wrapper(...), alignText='center', alignVert=method-wrapper(...), anchorHoriz='center', anchorVert='center', antialias=True, autoDraw=False, autoLog=True, bold=False, color=array([-1., -1., -1.]), colorSpace='rgb', contrast=1.0, depth=-25.0, flipHoriz=False, flipVert=False, font='Open Sans', fontFiles=[], height=0.05, italic=False, languageStyle='LTR', name='Y', opacity=1.0, ori=0.0, pos=array([ 0. , -0.3]), rgb=UNKNOWN, text='Y', units='height', win=Window(...), wrapWidth=1)
19.3004 	EXP 	Created T_2 = TextStim(__class__=<class 'psychopy.visual.text.TextStim'>, alignHoriz=method-wrapper(...), alignText='center', alignVert=method-wrapper(...), anchorHoriz='center', anchorVert='center', antialias=True, autoDraw=False, autoLog=True, bold=False, color=array([-1., -1., -1.]), colorSpace='rgb', contrast=1.0, depth=-26.0, flipHoriz=False, flipVert=False, font='Open Sans', fontFiles=[], height=0.05, italic=False, languageStyle='LTR', name='T_2', opacity=1.0, ori=0.0, pos=array([ 0.25, -0.3 ]), rgb=UNKNOWN, text='T', units='height', win=Window(...), wrapWidth=1)
19.3034 	EXP 	Created CLEAR = Rect(__class__=<class 'psychopy.visual.rect.Rect'>, anchor=('center', 'center'), autoDraw=False, autoLog=True, closeShape=True, color=method-wrapper(...), colorSpace='rgb', contrast=None, depth=-28.0, fillColor=array([ 1, -1, -1]), fillColorSpace='rgb', fillRGB=array([ 1, -1, -1]), interpolate=True, lineColor=array([1., 1., 1.]), lineColorSpace='rgb', lineRGB=array([1, 1, 1]), lineWidth=1.0, name='CLEAR', opacity=1.0, ori=0.0, pos=array([ 0.55, -0.05]), size=array([0.35, 0.15]), units='height', vertices=ndarray(...), win=Window(...))
19.3110 	EXP 	Created ClearText = TextStim(__class__=<class 'psychopy.visual.text.TextStim'>, alignHoriz=method-wrapper(...), alignText='center', alignVert=method-wrapper(...), anchorHoriz='center', anchorVert='center', antialias=True, autoDraw=False, autoLog=True, bold=False, color=array([-1., -1., -1.]), colorSpace='rgb', contrast=1.0, depth=-29.0, flipHoriz=False, flipVert=False, font='Open Sans', fontFiles=[], height=0.05, italic=False, languageStyle='LTR', name='ClearText', opacity=1.0, ori=0.0, pos=array([ 0.55, -0.05]), rgb=UNKNOWN, text='CLEAR', units='height', win=Window(...), wrapWidth=1)
19.3142 	EXP 	Created BLANK = Rect(__class__=<class 'psychopy.visual.rect.Rect'>, anchor=('center', 'center'), autoDraw=False, autoLog=True, closeShape=True, color=method-wrapper(...), colorSpace='rgb', contrast=None, depth=-30.0, fillColor=array([1, 1, 1]), fillColorSpace='rgb', fillRGB=array([1, 1, 1]), interpolate=True, lineColor=array([1., 1., 1.]), lineColorSpace='rgb', lineRGB=array([1, 1, 1]), lineWidth=1.0, name='BLANK', opacity=1.0, ori=0.0, pos=array([0.55, 0.15]), size=array([0.35, 0.15]), units='height', vertices=ndarray(...), win=Window(...))
19.3199 	EXP 	Created BlankText = TextStim(__class__=<class 'psychopy.visual.text.TextStim'>, alignHoriz=method-wrapper(...), alignText='center', alignVert=method-wrapper(...), anchorHoriz='center', anchorVert='center', antialias=True, autoDraw=False, autoLog=True, bold=False, color=array([-1., -1., -1.]), colorSpace='rgb', contrast=1.0, depth=-31.0, flipHoriz=False, flipVert=False, font='Open Sans', fontFiles=[], height=0.05, italic=False, languageStyle='LTR', name='BlankText', opacity=1.0, ori=0.0, pos=array([0.55, 0.15]), rgb=UNKNOWN, text='BLANK', units='height', win=Window(...), wrapWidth=1)
19.3227 	EXP 	Created ENTER = Rect(__class__=<class 'psychopy.visual.rect.Rect'>, anchor=('center', 'center'), autoDraw=False, autoLog=True, closeShape=True, color=method-wrapper(...), colorSpace='rgb', contrast=None, depth=-32.0, fillColor=array([-1.        ,  0.00392157, -1.        ]), fillColorSpace='rgb', fillRGB=array([-1.        ,  0.00392157, -1.        ]), interpolate=True, lineColor=array([1., 1., 1.]), lineColorSpace='rgb', lineRGB=array([1, 1, 1]), lineWidth=1.0, name='ENTER', opacity=1.0, ori=0.0, pos=array([ 0.55, -0.3 ]), size=array([0.35, 0.15]), units='height', vertices=ndarray(...), win=Window(...))
19.3265 	EXP 	Created EnterText = TextStim(__class__=<class 'psychopy.visual.text.TextStim'>, alignHoriz=method-wrapper(...), alignText='center', alignVert=method-wrapper(...), anchorHoriz='center', anchorVert='center', antialias=True, autoDraw=False, autoLog=True, bold=False, color=array([-1., -1., -1.]), colorSpace='rgb', contrast=1.0, depth=-33.0, flipHoriz=False, flipVert=False, font='Open Sans', fontFiles=[], height=0.05, italic=False, languageStyle='LTR', name='EnterText', opacity=1.0, ori=0.0, pos=array([ 0.55, -0.3 ]), rgb=UNKNOWN, text='ENTER', units='height', win=Window(...), wrapWidth=1)
19.3431 	EXP 	Created text_3 = TextStim(__class__=<class 'psychopy.visual.text.TextStim'>, alignHoriz=method-wrapper(...), alignText='center', alignVert=method-wrapper(...), anchorHoriz='center', anchorVert='center', antialias=True, autoDraw=False, autoLog=True, bold=False, color=array([1., 1., 1.]), colorSpace='rgb', contrast=1.0, depth=-1.0, flipHoriz=False, flipVert=False, font='Open Sans', fontFiles=[], height=0.05, italic=False, languageStyle='LTR', name='text_3', opacity=1.0, ori=0.0, pos=array([0., 0.]), rgb=UNKNOWN, text=str(...), units='height', win=Window(...), wrapWidth=1)
19.3534 	EXP 	Imported practiceletters.xlsx as conditions, 1 conditions, 1 params
19.3541 	EXP 	Created sequence: random, trialTypes=1, nReps=1, seed=None
19.3545 	EXP 	New trial (rep=0, index=0): {'letters': "K'"}
19.3754 	EXP 	letterDisp: autoDraw = True
20.3723 	EXP 	letterDisp: autoDraw = False
20.3723 	EXP 	isiText: autoDraw = True
20.6246 	EXP 	isiText: autoDraw = False
20.6246 	EXP 	text_2: autoDraw = True
21.6073 	EXP 	Created sequence: random, trialTypes=1, nReps=1, seed=None
21.6076 	EXP 	New trial (rep=0, index=0): None
21.6665 	EXP 	text_2: autoDraw = False
21.6665 	EXP 	PBox: autoDraw = True
21.6665 	EXP 	NBox2: autoDraw = True
21.6665 	EXP 	SBox2: autoDraw = True
21.6665 	EXP 	KBox2: autoDraw = True
21.6665 	EXP 	HBox: autoDraw = True
21.6665 	EXP 	FBox: autoDraw = True
21.6665 	EXP 	QBox: autoDraw = True
21.6665 	EXP 	LBox: autoDraw = True
21.6665 	EXP 	RBox: autoDraw = True
21.6665 	EXP 	TBox: autoDraw = True
21.6665 	EXP 	YBox: autoDraw = True
21.6665 	EXP 	JBox: autoDraw = True
21.6665 	EXP 	RecallINS: autoDraw = True
21.6665 	EXP 	P: autoDraw = True
21.6665 	EXP 	F_2: autoDraw = True
21.6665 	EXP 	H: autoDraw = True
21.6665 	EXP 	S: autoDraw = True
21.6665 	EXP 	K: autoDraw = True
21.6665 	EXP 	N: autoDraw = True
21.6665 	EXP 	L: autoDraw = True
21.6665 	EXP 	Q: autoDraw = True
21.6665 	EXP 	R: autoDraw = True
21.6665 	EXP 	J: autoDraw = True
21.6665 	EXP 	Y: autoDraw = True
21.6665 	EXP 	T_2: autoDraw = True
21.6665 	EXP 	CLEAR: autoDraw = True
21.6665 	EXP 	ClearText: autoDraw = True
21.6665 	EXP 	BLANK: autoDraw = True
21.6665 	EXP 	BlankText: autoDraw = True
21.6665 	EXP 	ENTER: autoDraw = True
21.6665 	EXP 	EnterText: autoDraw = True
25.4367 	DATA 	Mouse: Left button down, pos=(568,446)
25.5632 	DATA 	Mouse:  Left button up, pos=(568,446)
28.4521 	DATA 	Mouse: Left button down, pos=(560,333)
28.5077 	EXP 	KBox2: color = 'blue'
28.5494 	EXP 	KBox2: color = 'blue'
28.5922 	EXP 	KBox2: color = 'blue'
28.5928 	DATA 	Mouse:  Left button up, pos=(560,333)
28.6339 	EXP 	KBox2: color = 'blue'
28.6804 	EXP 	KBox2: color = 'blue'
28.7207 	EXP 	KBox2: color = 'blue'
28.7593 	EXP 	KBox2: color = 'blue'
28.8008 	EXP 	KBox2: color = 'blue'
28.8376 	EXP 	KBox2: color = 'blue'
28.8792 	EXP 	KBox2: color = 'blue'
28.9205 	EXP 	KBox2: color = 'blue'
28.9592 	EXP 	KBox2: color = 'blue'
29.0169 	EXP 	KBox2: color = 'blue'
29.0599 	EXP 	KBox2: color = 'blue'
29.0972 	EXP 	KBox2: color = 'blue'
29.1365 	EXP 	KBox2: color = 'blue'
29.1755 	EXP 	KBox2: color = 'blue'
29.2145 	EXP 	KBox2: color = 'blue'
29.2548 	EXP 	KBox2: color = 'blue'
29.2927 	EXP 	KBox2: color = 'blue'
29.3342 	EXP 	KBox2: color = 'blue'
29.3730 	EXP 	KBox2: color = 'blue'
29.4133 	EXP 	KBox2: color = 'blue'
29.4570 	EXP 	KBox2: color = 'blue'
29.4961 	EXP 	KBox2: color = 'blue'
29.5372 	EXP 	KBox2: color = 'blue'
29.5796 	EXP 	KBox2: color = 'blue'
29.6259 	EXP 	KBox2: color = 'blue'
29.6696 	EXP 	KBox2: color = 'blue'
29.7122 	EXP 	KBox2: color = 'blue'
29.7544 	EXP 	KBox2: color = 'blue'
29.7940 	EXP 	KBox2: color = 'blue'
29.8386 	EXP 	KBox2: color = 'blue'
29.8777 	EXP 	KBox2: color = 'blue'
29.9201 	EXP 	KBox2: color = 'blue'
29.9677 	EXP 	KBox2: color = 'blue'
30.0135 	EXP 	KBox2: color = 'blue'
30.0563 	EXP 	KBox2: color = 'blue'
30.0962 	EXP 	KBox2: color = 'blue'
30.1400 	EXP 	KBox2: color = 'blue'
30.1847 	EXP 	KBox2: color = 'blue'
30.2290 	EXP 	KBox2: color = 'blue'
30.2725 	EXP 	KBox2: color = 'blue'
30.3182 	EXP 	KBox2: color = 'blue'
30.3591 	EXP 	KBox2: color = 'blue'
30.3990 	EXP 	KBox2: color = 'blue'
30.4421 	EXP 	KBox2: color = 'blue'
30.4886 	EXP 	KBox2: color = 'blue'
30.5275 	EXP 	KBox2: color = 'blue'
30.5700 	EXP 	KBox2: color = 'blue'
30.6129 	EXP 	KBox2: color = 'blue'
30.6579 	EXP 	KBox2: color = 'blue'
30.7026 	EXP 	KBox2: color = 'blue'
30.7420 	EXP 	KBox2: color = 'blue'
30.7791 	EXP 	KBox2: color = 'blue'
30.8189 	EXP 	KBox2: color = 'blue'
30.8593 	EXP 	KBox2: color = 'blue'
30.8976 	EXP 	KBox2: color = 'blue'
30.9442 	EXP 	KBox2: color = 'blue'
30.9869 	EXP 	KBox2: color = 'blue'
31.0266 	EXP 	KBox2: color = 'blue'
31.0694 	EXP 	KBox2: color = 'blue'
31.1074 	EXP 	KBox2: color = 'blue'
31.1487 	EXP 	KBox2: color = 'blue'
31.1947 	EXP 	KBox2: color = 'blue'
31.2330 	EXP 	KBox2: color = 'blue'
31.2725 	EXP 	KBox2: color = 'blue'
31.3109 	EXP 	KBox2: color = 'blue'
31.3503 	EXP 	KBox2: color = 'blue'
31.3912 	EXP 	KBox2: color = 'blue'
31.4315 	EXP 	KBox2: color = 'blue'
31.4715 	EXP 	KBox2: color = 'blue'
31.5093 	EXP 	KBox2: color = 'blue'
31.5507 	EXP 	KBox2: color = 'blue'
31.5922 	EXP 	KBox2: color = 'blue'
31.6365 	EXP 	KBox2: color = 'blue'
31.6415 	DATA 	Mouse: Left button down, pos=(574,230)
31.6770 	EXP 	KBox2: color = 'blue'
31.7192 	EXP 	KBox2: color = 'blue'
31.7192 	EXP 	YBox: color = 'blue'
31.7634 	EXP 	KBox2: color = 'blue'
31.7634 	EXP 	YBox: color = 'blue'
31.8083 	EXP 	KBox2: color = 'blue'
31.8083 	EXP 	YBox: color = 'blue'
31.8515 	EXP 	KBox2: color = 'blue'
31.8515 	EXP 	YBox: color = 'blue'
31.8570 	DATA 	Mouse:  Left button up, pos=(574,230)
31.8986 	EXP 	KBox2: color = 'blue'
31.8986 	EXP 	YBox: color = 'blue'
31.9390 	EXP 	KBox2: color = 'blue'
31.9390 	EXP 	YBox: color = 'blue'
31.9808 	EXP 	KBox2: color = 'blue'
31.9808 	EXP 	YBox: color = 'blue'
32.0278 	EXP 	KBox2: color = 'blue'
32.0278 	EXP 	YBox: color = 'blue'
32.0802 	EXP 	KBox2: color = 'blue'
32.0802 	EXP 	YBox: color = 'blue'
32.1182 	EXP 	KBox2: color = 'blue'
32.1182 	EXP 	YBox: color = 'blue'
32.1626 	EXP 	KBox2: color = 'blue'
32.1626 	EXP 	YBox: color = 'blue'
32.2050 	EXP 	KBox2: color = 'blue'
32.2050 	EXP 	YBox: color = 'blue'
32.2450 	EXP 	KBox2: color = 'blue'
32.2450 	EXP 	YBox: color = 'blue'
32.2905 	EXP 	KBox2: color = 'blue'
32.2905 	EXP 	YBox: color = 'blue'
32.3279 	EXP 	KBox2: color = 'blue'
32.3279 	EXP 	YBox: color = 'blue'
32.3695 	EXP 	KBox2: color = 'blue'
32.3695 	EXP 	YBox: color = 'blue'
32.4124 	EXP 	KBox2: color = 'blue'
32.4124 	EXP 	YBox: color = 'blue'
32.4538 	EXP 	KBox2: color = 'blue'
32.4538 	EXP 	YBox: color = 'blue'
32.4957 	EXP 	KBox2: color = 'blue'
32.4957 	EXP 	YBox: color = 'blue'
32.5414 	EXP 	KBox2: color = 'blue'
32.5414 	EXP 	YBox: color = 'blue'
32.5808 	EXP 	KBox2: color = 'blue'
32.5808 	EXP 	YBox: color = 'blue'
32.6264 	EXP 	KBox2: color = 'blue'
32.6264 	EXP 	YBox: color = 'blue'
32.6704 	EXP 	KBox2: color = 'blue'
32.6704 	EXP 	YBox: color = 'blue'
32.7125 	EXP 	KBox2: color = 'blue'
32.7125 	EXP 	YBox: color = 'blue'
32.7599 	EXP 	KBox2: color = 'blue'
32.7599 	EXP 	YBox: color = 'blue'
32.8021 	EXP 	KBox2: color = 'blue'
32.8021 	EXP 	YBox: color = 'blue'
32.8437 	EXP 	KBox2: color = 'blue'
32.8437 	EXP 	YBox: color = 'blue'
32.8837 	EXP 	KBox2: color = 'blue'
32.8837 	EXP 	YBox: color = 'blue'
32.9266 	EXP 	KBox2: color = 'blue'
32.9266 	EXP 	YBox: color = 'blue'
32.9671 	EXP 	KBox2: color = 'blue'
32.9671 	EXP 	YBox: color = 'blue'
33.0056 	EXP 	KBox2: color = 'blue'
33.0056 	EXP 	YBox: color = 'blue'
33.0465 	EXP 	KBox2: color = 'blue'
33.0465 	EXP 	YBox: color = 'blue'
33.0861 	EXP 	KBox2: color = 'blue'
33.0861 	EXP 	YBox: color = 'blue'
33.1274 	EXP 	KBox2: color = 'blue'
33.1274 	EXP 	YBox: color = 'blue'
33.1706 	EXP 	KBox2: color = 'blue'
33.1706 	EXP 	YBox: color = 'blue'
33.2082 	EXP 	KBox2: color = 'blue'
33.2082 	EXP 	YBox: color = 'blue'
33.2512 	EXP 	KBox2: color = 'blue'
33.2512 	EXP 	YBox: color = 'blue'
33.2918 	EXP 	KBox2: color = 'blue'
33.2918 	EXP 	YBox: color = 'blue'
33.3345 	EXP 	KBox2: color = 'blue'
33.3345 	EXP 	YBox: color = 'blue'
33.3727 	EXP 	KBox2: color = 'blue'
33.3727 	EXP 	YBox: color = 'blue'
33.4142 	EXP 	KBox2: color = 'blue'
33.4142 	EXP 	YBox: color = 'blue'
33.4584 	EXP 	KBox2: color = 'blue'
33.4584 	EXP 	YBox: color = 'blue'
33.4972 	EXP 	KBox2: color = 'blue'
33.4972 	EXP 	YBox: color = 'blue'
33.5377 	EXP 	KBox2: color = 'blue'
33.5377 	EXP 	YBox: color = 'blue'
33.5775 	EXP 	KBox2: color = 'blue'
33.5775 	EXP 	YBox: color = 'blue'
33.6193 	EXP 	KBox2: color = 'blue'
33.6193 	EXP 	YBox: color = 'blue'
33.6581 	EXP 	KBox2: color = 'blue'
33.6581 	EXP 	YBox: color = 'blue'
33.7018 	EXP 	KBox2: color = 'blue'
33.7018 	EXP 	YBox: color = 'blue'
33.7488 	EXP 	KBox2: color = 'blue'
33.7488 	EXP 	YBox: color = 'blue'
33.7882 	EXP 	KBox2: color = 'blue'
33.7882 	EXP 	YBox: color = 'blue'
33.8271 	EXP 	KBox2: color = 'blue'
33.8271 	EXP 	YBox: color = 'blue'
33.8682 	EXP 	KBox2: color = 'blue'
33.8682 	EXP 	YBox: color = 'blue'
33.9128 	EXP 	KBox2: color = 'blue'
33.9128 	EXP 	YBox: color = 'blue'
33.9537 	EXP 	KBox2: color = 'blue'
33.9537 	EXP 	YBox: color = 'blue'
33.9934 	EXP 	KBox2: color = 'blue'
33.9934 	EXP 	YBox: color = 'blue'
34.0339 	EXP 	KBox2: color = 'blue'
34.0339 	EXP 	YBox: color = 'blue'
34.0719 	EXP 	KBox2: color = 'blue'
34.0719 	EXP 	YBox: color = 'blue'
34.1178 	EXP 	KBox2: color = 'blue'
34.1178 	EXP 	YBox: color = 'blue'
34.1594 	EXP 	KBox2: color = 'blue'
34.1594 	EXP 	YBox: color = 'blue'
34.2048 	EXP 	KBox2: color = 'blue'
34.2048 	EXP 	YBox: color = 'blue'
34.2526 	EXP 	KBox2: color = 'blue'
34.2526 	EXP 	YBox: color = 'blue'
34.3021 	EXP 	KBox2: color = 'blue'
34.3021 	EXP 	YBox: color = 'blue'
34.3545 	EXP 	KBox2: color = 'blue'
34.3545 	EXP 	YBox: color = 'blue'
34.3979 	EXP 	KBox2: color = 'blue'
34.3979 	EXP 	YBox: color = 'blue'
34.4534 	EXP 	KBox2: color = 'blue'
34.4534 	EXP 	YBox: color = 'blue'
34.4976 	EXP 	KBox2: color = 'blue'
34.4976 	EXP 	YBox: color = 'blue'
34.5393 	EXP 	KBox2: color = 'blue'
34.5393 	EXP 	YBox: color = 'blue'
34.5853 	EXP 	KBox2: color = 'blue'
34.5853 	EXP 	YBox: color = 'blue'
34.6250 	EXP 	KBox2: color = 'blue'
34.6250 	EXP 	YBox: color = 'blue'
34.6658 	EXP 	KBox2: color = 'blue'
34.6658 	EXP 	YBox: color = 'blue'
34.7062 	EXP 	KBox2: color = 'blue'
34.7062 	EXP 	YBox: color = 'blue'
34.7451 	EXP 	KBox2: color = 'blue'
34.7451 	EXP 	YBox: color = 'blue'
34.7924 	EXP 	KBox2: color = 'blue'
34.7924 	EXP 	YBox: color = 'blue'
34.8314 	EXP 	KBox2: color = 'blue'
34.8314 	EXP 	YBox: color = 'blue'
34.8704 	EXP 	KBox2: color = 'blue'
34.8704 	EXP 	YBox: color = 'blue'
34.9090 	EXP 	KBox2: color = 'blue'
34.9090 	EXP 	YBox: color = 'blue'
34.9484 	EXP 	KBox2: color = 'blue'
34.9484 	EXP 	YBox: color = 'blue'
34.9973 	EXP 	KBox2: color = 'blue'
34.9973 	EXP 	YBox: color = 'blue'
35.0429 	EXP 	KBox2: color = 'blue'
35.0429 	EXP 	YBox: color = 'blue'
35.0924 	EXP 	KBox2: color = 'blue'
35.0924 	EXP 	YBox: color = 'blue'
35.1314 	EXP 	KBox2: color = 'blue'
35.1314 	EXP 	YBox: color = 'blue'
35.1760 	EXP 	KBox2: color = 'blue'
35.1760 	EXP 	YBox: color = 'blue'
35.2151 	EXP 	KBox2: color = 'blue'
35.2151 	EXP 	YBox: color = 'blue'
35.2524 	EXP 	KBox2: color = 'blue'
35.2524 	EXP 	YBox: color = 'blue'
35.2932 	EXP 	KBox2: color = 'blue'
35.2932 	EXP 	YBox: color = 'blue'
35.3354 	EXP 	KBox2: color = 'blue'
35.3354 	EXP 	YBox: color = 'blue'
35.3749 	EXP 	KBox2: color = 'blue'
35.3749 	EXP 	YBox: color = 'blue'
35.4168 	EXP 	KBox2: color = 'blue'
35.4168 	EXP 	YBox: color = 'blue'
35.4579 	EXP 	KBox2: color = 'blue'
35.4579 	EXP 	YBox: color = 'blue'
35.5010 	EXP 	KBox2: color = 'blue'
35.5010 	EXP 	YBox: color = 'blue'
35.5433 	EXP 	KBox2: color = 'blue'
35.5433 	EXP 	YBox: color = 'blue'
35.5903 	EXP 	KBox2: color = 'blue'
35.5903 	EXP 	YBox: color = 'blue'
35.6340 	EXP 	KBox2: color = 'blue'
35.6340 	EXP 	YBox: color = 'blue'
35.6777 	EXP 	KBox2: color = 'blue'
35.6777 	EXP 	YBox: color = 'blue'
35.7231 	EXP 	KBox2: color = 'blue'
35.7231 	EXP 	YBox: color = 'blue'
35.7610 	EXP 	KBox2: color = 'blue'
35.7610 	EXP 	YBox: color = 'blue'
35.8010 	EXP 	KBox2: color = 'blue'
35.8010 	EXP 	YBox: color = 'blue'
35.8411 	EXP 	KBox2: color = 'blue'
35.8411 	EXP 	YBox: color = 'blue'
35.8849 	EXP 	KBox2: color = 'blue'
35.8849 	EXP 	YBox: color = 'blue'
35.9296 	EXP 	KBox2: color = 'blue'
35.9296 	EXP 	YBox: color = 'blue'
35.9733 	EXP 	KBox2: color = 'blue'
35.9733 	EXP 	YBox: color = 'blue'
36.0131 	EXP 	KBox2: color = 'blue'
36.0131 	EXP 	YBox: color = 'blue'
36.0569 	EXP 	KBox2: color = 'blue'
36.0569 	EXP 	YBox: color = 'blue'
36.0979 	EXP 	KBox2: color = 'blue'
36.0979 	EXP 	YBox: color = 'blue'
36.1369 	EXP 	KBox2: color = 'blue'
36.1369 	EXP 	YBox: color = 'blue'
36.1764 	EXP 	KBox2: color = 'blue'
36.1764 	EXP 	YBox: color = 'blue'
36.2177 	EXP 	KBox2: color = 'blue'
36.2177 	EXP 	YBox: color = 'blue'
36.2593 	EXP 	KBox2: color = 'blue'
36.2593 	EXP 	YBox: color = 'blue'
36.3023 	EXP 	KBox2: color = 'blue'
36.3023 	EXP 	YBox: color = 'blue'
36.3456 	EXP 	KBox2: color = 'blue'
36.3456 	EXP 	YBox: color = 'blue'
36.3841 	EXP 	KBox2: color = 'blue'
36.3841 	EXP 	YBox: color = 'blue'
36.4260 	EXP 	KBox2: color = 'blue'
36.4260 	EXP 	YBox: color = 'blue'
36.4678 	EXP 	KBox2: color = 'blue'
36.4678 	EXP 	YBox: color = 'blue'
36.5099 	EXP 	KBox2: color = 'blue'
36.5099 	EXP 	YBox: color = 'blue'
36.5564 	EXP 	KBox2: color = 'blue'
36.5564 	EXP 	YBox: color = 'blue'
36.5964 	EXP 	KBox2: color = 'blue'
36.5964 	EXP 	YBox: color = 'blue'
36.6371 	EXP 	KBox2: color = 'blue'
36.6371 	EXP 	YBox: color = 'blue'
36.6775 	EXP 	KBox2: color = 'blue'
36.6775 	EXP 	YBox: color = 'blue'
36.7168 	EXP 	KBox2: color = 'blue'
36.7168 	EXP 	YBox: color = 'blue'
36.7628 	EXP 	KBox2: color = 'blue'
36.7628 	EXP 	YBox: color = 'blue'
36.8046 	EXP 	KBox2: color = 'blue'
36.8046 	EXP 	YBox: color = 'blue'
36.8455 	EXP 	KBox2: color = 'blue'
36.8455 	EXP 	YBox: color = 'blue'
36.8916 	EXP 	KBox2: color = 'blue'
36.8916 	EXP 	YBox: color = 'blue'
36.9286 	EXP 	KBox2: color = 'blue'
36.9286 	EXP 	YBox: color = 'blue'
36.9693 	EXP 	KBox2: color = 'blue'
36.9693 	EXP 	YBox: color = 'blue'
37.0102 	EXP 	KBox2: color = 'blue'
37.0102 	EXP 	YBox: color = 'blue'
37.0498 	EXP 	KBox2: color = 'blue'
37.0498 	EXP 	YBox: color = 'blue'
37.0924 	EXP 	KBox2: color = 'blue'
37.0924 	EXP 	YBox: color = 'blue'
37.1341 	EXP 	KBox2: color = 'blue'
37.1341 	EXP 	YBox: color = 'blue'
37.1802 	EXP 	KBox2: color = 'blue'
37.1802 	EXP 	YBox: color = 'blue'
37.2254 	EXP 	KBox2: color = 'blue'
37.2254 	EXP 	YBox: color = 'blue'
37.2760 	EXP 	KBox2: color = 'blue'
37.2760 	EXP 	YBox: color = 'blue'
37.3261 	EXP 	KBox2: color = 'blue'
37.3261 	EXP 	YBox: color = 'blue'
37.3687 	EXP 	KBox2: color = 'blue'
37.3687 	EXP 	YBox: color = 'blue'
37.4141 	EXP 	KBox2: color = 'blue'
37.4141 	EXP 	YBox: color = 'blue'
37.4585 	EXP 	KBox2: color = 'blue'
37.4585 	EXP 	YBox: color = 'blue'
37.5086 	EXP 	KBox2: color = 'blue'
37.5086 	EXP 	YBox: color = 'blue'
37.5574 	EXP 	KBox2: color = 'blue'
37.5574 	EXP 	YBox: color = 'blue'
37.5979 	EXP 	KBox2: color = 'blue'
37.5979 	EXP 	YBox: color = 'blue'
37.6401 	EXP 	KBox2: color = 'blue'
37.6401 	EXP 	YBox: color = 'blue'
37.6830 	EXP 	KBox2: color = 'blue'
37.6830 	EXP 	YBox: color = 'blue'
37.7256 	EXP 	KBox2: color = 'blue'
37.7256 	EXP 	YBox: color = 'blue'
37.7266 	DATA 	Mouse: Left button down, pos=(754,344)
37.7800 	EXP 	FBox: color = 'white'
37.7800 	EXP 	KBox2: color = 'white'
37.7800 	EXP 	PBox: color = 'white'
37.7800 	EXP 	SBox2: color = 'white'
37.7800 	EXP 	HBox: color = 'white'
37.7800 	EXP 	LBox: color = 'white'
37.7800 	EXP 	QBox: color = 'white'
37.7800 	EXP 	TBox: color = 'white'
37.7800 	EXP 	JBox: color = 'white'
37.7800 	EXP 	NBox2: color = 'white'
37.7800 	EXP 	RBox: color = 'white'
37.7800 	EXP 	YBox: color = 'white'
37.8300 	EXP 	FBox: color = 'white'
37.8300 	EXP 	KBox2: color = 'white'
37.8300 	EXP 	PBox: color = 'white'
37.8300 	EXP 	SBox2: color = 'white'
37.8300 	EXP 	HBox: color = 'white'
37.8300 	EXP 	LBox: color = 'white'
37.8300 	EXP 	QBox: color = 'white'
37.8300 	EXP 	TBox: color = 'white'
37.8300 	EXP 	JBox: color = 'white'
37.8300 	EXP 	NBox2: color = 'white'
37.8300 	EXP 	RBox: color = 'white'
37.8300 	EXP 	YBox: color = 'white'
37.8745 	DATA 	Mouse:  Left button up, pos=(754,344)
37.8828 	EXP 	FBox: color = 'white'
37.8828 	EXP 	KBox2: color = 'white'
37.8828 	EXP 	PBox: color = 'white'
37.8828 	EXP 	SBox2: color = 'white'
37.8828 	EXP 	HBox: color = 'white'
37.8828 	EXP 	LBox: color = 'white'
37.8828 	EXP 	QBox: color = 'white'
37.8828 	EXP 	TBox: color = 'white'
37.8828 	EXP 	JBox: color = 'white'
37.8828 	EXP 	NBox2: color = 'white'
37.8828 	EXP 	RBox: color = 'white'
37.8828 	EXP 	YBox: color = 'white'
55.8471 	DATA 	Mouse: Left button down, pos=(753,344)
55.9114 	EXP 	FBox: color = 'white'
55.9114 	EXP 	KBox2: color = 'white'
55.9114 	EXP 	PBox: color = 'white'
55.9114 	EXP 	SBox2: color = 'white'
55.9114 	EXP 	HBox: color = 'white'
55.9114 	EXP 	LBox: color = 'white'
55.9114 	EXP 	QBox: color = 'white'
55.9114 	EXP 	TBox: color = 'white'
55.9114 	EXP 	JBox: color = 'white'
55.9114 	EXP 	NBox2: color = 'white'
55.9114 	EXP 	RBox: color = 'white'
55.9114 	EXP 	YBox: color = 'white'
55.9567 	DATA 	Mouse:  Left button up, pos=(753,344)
55.9682 	EXP 	FBox: color = 'white'
55.9682 	EXP 	KBox2: color = 'white'
55.9682 	EXP 	PBox: color = 'white'
55.9682 	EXP 	SBox2: color = 'white'
55.9682 	EXP 	HBox: color = 'white'
55.9682 	EXP 	LBox: color = 'white'
55.9682 	EXP 	QBox: color = 'white'
55.9682 	EXP 	TBox: color = 'white'
55.9682 	EXP 	JBox: color = 'white'
55.9682 	EXP 	NBox2: color = 'white'
55.9682 	EXP 	RBox: color = 'white'
55.9682 	EXP 	YBox: color = 'white'
56.8360 	DATA 	Mouse: Left button down, pos=(407,345)
56.9540 	DATA 	Mouse:  Left button up, pos=(407,345)
57.9286 	DATA 	Mouse: Left button down, pos=(399,462)
58.0588 	DATA 	Mouse:  Left button up, pos=(398,462)
58.9441 	DATA 	Mouse: Left button down, pos=(539,455)
59.0776 	DATA 	Mouse:  Left button up, pos=(539,455)
59.6995 	DATA 	Mouse: Left button down, pos=(569,343)
59.7512 	EXP 	KBox2: color = 'blue'
59.7936 	EXP 	KBox2: color = 'blue'
59.8385 	EXP 	KBox2: color = 'blue'
59.8753 	DATA 	Mouse:  Left button up, pos=(568,343)
59.8848 	EXP 	KBox2: color = 'blue'
59.9258 	EXP 	KBox2: color = 'blue'
59.9675 	EXP 	KBox2: color = 'blue'
60.0064 	EXP 	KBox2: color = 'blue'
60.0458 	EXP 	KBox2: color = 'blue'
60.0872 	EXP 	KBox2: color = 'blue'
60.1278 	EXP 	KBox2: color = 'blue'
60.1702 	EXP 	KBox2: color = 'blue'
60.2117 	EXP 	KBox2: color = 'blue'
60.2580 	EXP 	KBox2: color = 'blue'
60.2947 	EXP 	KBox2: color = 'blue'
60.3387 	EXP 	KBox2: color = 'blue'
60.3846 	EXP 	KBox2: color = 'blue'
60.4266 	EXP 	KBox2: color = 'blue'
60.4685 	EXP 	KBox2: color = 'blue'
60.5092 	EXP 	KBox2: color = 'blue'
60.5514 	EXP 	KBox2: color = 'blue'
60.5925 	EXP 	KBox2: color = 'blue'
60.6415 	EXP 	KBox2: color = 'blue'
60.6886 	EXP 	KBox2: color = 'blue'
60.7279 	EXP 	KBox2: color = 'blue'
60.7743 	EXP 	KBox2: color = 'blue'
60.8114 	EXP 	KBox2: color = 'blue'
60.8533 	EXP 	KBox2: color = 'blue'
60.8940 	EXP 	KBox2: color = 'blue'
60.9333 	EXP 	KBox2: color = 'blue'
60.9751 	EXP 	KBox2: color = 'blue'
61.0131 	EXP 	KBox2: color = 'blue'
61.0585 	EXP 	KBox2: color = 'blue'
61.0959 	EXP 	KBox2: color = 'blue'
61.1415 	EXP 	KBox2: color = 'blue'
61.1801 	EXP 	KBox2: color = 'blue'
61.2240 	EXP 	KBox2: color = 'blue'
61.2638 	EXP 	KBox2: color = 'blue'
61.3028 	EXP 	KBox2: color = 'blue'
61.3429 	EXP 	KBox2: color = 'blue'
61.3848 	EXP 	KBox2: color = 'blue'
61.4262 	EXP 	KBox2: color = 'blue'
61.4666 	EXP 	KBox2: color = 'blue'
61.5044 	EXP 	KBox2: color = 'blue'
61.5439 	EXP 	KBox2: color = 'blue'
61.5839 	EXP 	KBox2: color = 'blue'
61.6230 	EXP 	KBox2: color = 'blue'
61.6609 	EXP 	KBox2: color = 'blue'
61.7008 	EXP 	KBox2: color = 'blue'
61.7449 	EXP 	KBox2: color = 'blue'
61.7842 	EXP 	KBox2: color = 'blue'
61.8262 	EXP 	KBox2: color = 'blue'
61.8671 	EXP 	KBox2: color = 'blue'
61.9087 	EXP 	KBox2: color = 'blue'
61.9574 	EXP 	KBox2: color = 'blue'
61.9996 	EXP 	KBox2: color = 'blue'
62.0375 	EXP 	KBox2: color = 'blue'
62.0756 	EXP 	KBox2: color = 'blue'
62.1138 	EXP 	KBox2: color = 'blue'
62.1546 	EXP 	KBox2: color = 'blue'
62.1945 	EXP 	KBox2: color = 'blue'
62.2327 	EXP 	KBox2: color = 'blue'
62.2719 	EXP 	KBox2: color = 'blue'
62.3089 	EXP 	KBox2: color = 'blue'
62.3469 	EXP 	KBox2: color = 'blue'
62.3843 	EXP 	KBox2: color = 'blue'
62.4249 	EXP 	KBox2: color = 'blue'
62.4736 	EXP 	KBox2: color = 'blue'
62.5118 	EXP 	KBox2: color = 'blue'
62.5530 	EXP 	KBox2: color = 'blue'
62.5916 	EXP 	KBox2: color = 'blue'
62.6325 	EXP 	KBox2: color = 'blue'
62.6775 	EXP 	KBox2: color = 'blue'
62.7174 	EXP 	KBox2: color = 'blue'
62.7557 	EXP 	KBox2: color = 'blue'
62.7929 	EXP 	KBox2: color = 'blue'
62.8346 	EXP 	KBox2: color = 'blue'
62.8762 	EXP 	KBox2: color = 'blue'
62.9128 	EXP 	KBox2: color = 'blue'
62.9502 	EXP 	KBox2: color = 'blue'
62.9914 	EXP 	KBox2: color = 'blue'
63.0306 	EXP 	KBox2: color = 'blue'
63.0680 	EXP 	KBox2: color = 'blue'
63.1067 	EXP 	KBox2: color = 'blue'
63.1469 	EXP 	KBox2: color = 'blue'
63.1845 	EXP 	KBox2: color = 'blue'
63.2252 	EXP 	KBox2: color = 'blue'
63.2649 	EXP 	KBox2: color = 'blue'
63.3083 	EXP 	KBox2: color = 'blue'
63.3476 	EXP 	KBox2: color = 'blue'
63.3850 	EXP 	KBox2: color = 'blue'
63.4223 	EXP 	KBox2: color = 'blue'
63.4611 	EXP 	KBox2: color = 'blue'
63.5015 	EXP 	KBox2: color = 'blue'
63.5417 	EXP 	KBox2: color = 'blue'
63.5831 	EXP 	KBox2: color = 'blue'
63.6245 	EXP 	KBox2: color = 'blue'
63.6630 	EXP 	KBox2: color = 'blue'
63.7022 	EXP 	KBox2: color = 'blue'
63.7422 	EXP 	KBox2: color = 'blue'
63.7804 	EXP 	KBox2: color = 'blue'
63.8180 	EXP 	KBox2: color = 'blue'
63.8608 	EXP 	KBox2: color = 'blue'
63.8999 	EXP 	KBox2: color = 'blue'
63.9414 	EXP 	KBox2: color = 'blue'
63.9802 	EXP 	KBox2: color = 'blue'
64.0244 	EXP 	KBox2: color = 'blue'
64.0638 	EXP 	KBox2: color = 'blue'
64.1026 	EXP 	KBox2: color = 'blue'
64.1418 	EXP 	KBox2: color = 'blue'
64.1806 	EXP 	KBox2: color = 'blue'
64.2191 	EXP 	KBox2: color = 'blue'
64.2604 	EXP 	KBox2: color = 'blue'
64.3009 	EXP 	KBox2: color = 'blue'
64.3414 	EXP 	KBox2: color = 'blue'
64.3799 	EXP 	KBox2: color = 'blue'
64.4245 	EXP 	KBox2: color = 'blue'
64.4637 	EXP 	KBox2: color = 'blue'
64.5098 	EXP 	KBox2: color = 'blue'
64.5525 	EXP 	KBox2: color = 'blue'
64.5981 	EXP 	KBox2: color = 'blue'
64.6394 	EXP 	KBox2: color = 'blue'
64.6809 	EXP 	KBox2: color = 'blue'
64.7207 	EXP 	KBox2: color = 'blue'
64.7618 	EXP 	KBox2: color = 'blue'
64.8067 	EXP 	KBox2: color = 'blue'
64.8499 	EXP 	KBox2: color = 'blue'
64.8914 	EXP 	KBox2: color = 'blue'
64.9348 	EXP 	KBox2: color = 'blue'
64.9402 	DATA 	Mouse: Left button down, pos=(553,242)
64.9770 	EXP 	KBox2: color = 'blue'
65.0190 	EXP 	KBox2: color = 'blue'
65.0190 	EXP 	YBox: color = 'blue'
65.0620 	EXP 	KBox2: color = 'blue'
65.0620 	EXP 	YBox: color = 'blue'
65.0691 	DATA 	Mouse:  Left button up, pos=(552,242)
65.1108 	EXP 	KBox2: color = 'blue'
65.1108 	EXP 	YBox: color = 'blue'
65.1502 	EXP 	KBox2: color = 'blue'
65.1502 	EXP 	YBox: color = 'blue'
65.1912 	EXP 	KBox2: color = 'blue'
65.1912 	EXP 	YBox: color = 'blue'
65.2331 	EXP 	KBox2: color = 'blue'
65.2331 	EXP 	YBox: color = 'blue'
65.2717 	EXP 	KBox2: color = 'blue'
65.2717 	EXP 	YBox: color = 'blue'
65.3117 	EXP 	KBox2: color = 'blue'
65.3117 	EXP 	YBox: color = 'blue'
65.3522 	EXP 	KBox2: color = 'blue'
65.3522 	EXP 	YBox: color = 'blue'
65.3899 	EXP 	KBox2: color = 'blue'
65.3899 	EXP 	YBox: color = 'blue'
65.4297 	EXP 	KBox2: color = 'blue'
65.4297 	EXP 	YBox: color = 'blue'
65.4694 	EXP 	KBox2: color = 'blue'
65.4694 	EXP 	YBox: color = 'blue'
65.5108 	EXP 	KBox2: color = 'blue'
65.5108 	EXP 	YBox: color = 'blue'
65.5503 	EXP 	KBox2: color = 'blue'
65.5503 	EXP 	YBox: color = 'blue'
65.5903 	EXP 	KBox2: color = 'blue'
65.5903 	EXP 	YBox: color = 'blue'
65.6311 	EXP 	KBox2: color = 'blue'
65.6311 	EXP 	YBox: color = 'blue'
65.6753 	EXP 	KBox2: color = 'blue'
65.6753 	EXP 	YBox: color = 'blue'
65.7154 	EXP 	KBox2: color = 'blue'
65.7154 	EXP 	YBox: color = 'blue'
65.7539 	EXP 	KBox2: color = 'blue'
65.7539 	EXP 	YBox: color = 'blue'
65.7919 	EXP 	KBox2: color = 'blue'
65.7919 	EXP 	YBox: color = 'blue'
65.8391 	EXP 	KBox2: color = 'blue'
65.8391 	EXP 	YBox: color = 'blue'
65.8786 	EXP 	KBox2: color = 'blue'
65.8786 	EXP 	YBox: color = 'blue'
65.9183 	EXP 	KBox2: color = 'blue'
65.9183 	EXP 	YBox: color = 'blue'
65.9586 	EXP 	KBox2: color = 'blue'
65.9586 	EXP 	YBox: color = 'blue'
66.0005 	EXP 	KBox2: color = 'blue'
66.0005 	EXP 	YBox: color = 'blue'
66.0459 	EXP 	KBox2: color = 'blue'
66.0459 	EXP 	YBox: color = 'blue'
66.0857 	EXP 	KBox2: color = 'blue'
66.0857 	EXP 	YBox: color = 'blue'
66.1247 	EXP 	KBox2: color = 'blue'
66.1247 	EXP 	YBox: color = 'blue'
66.1666 	EXP 	KBox2: color = 'blue'
66.1666 	EXP 	YBox: color = 'blue'
66.2078 	EXP 	KBox2: color = 'blue'
66.2078 	EXP 	YBox: color = 'blue'
66.2484 	EXP 	KBox2: color = 'blue'
66.2484 	EXP 	YBox: color = 'blue'
66.2928 	EXP 	KBox2: color = 'blue'
66.2928 	EXP 	YBox: color = 'blue'
66.3412 	EXP 	KBox2: color = 'blue'
66.3412 	EXP 	YBox: color = 'blue'
66.3822 	EXP 	KBox2: color = 'blue'
66.3822 	EXP 	YBox: color = 'blue'
66.4240 	EXP 	KBox2: color = 'blue'
66.4240 	EXP 	YBox: color = 'blue'
66.4640 	EXP 	KBox2: color = 'blue'
66.4640 	EXP 	YBox: color = 'blue'
66.5088 	EXP 	KBox2: color = 'blue'
66.5088 	EXP 	YBox: color = 'blue'
66.5524 	EXP 	KBox2: color = 'blue'
66.5524 	EXP 	YBox: color = 'blue'
66.5930 	EXP 	KBox2: color = 'blue'
66.5930 	EXP 	YBox: color = 'blue'
66.6344 	EXP 	KBox2: color = 'blue'
66.6344 	EXP 	YBox: color = 'blue'
66.6770 	EXP 	KBox2: color = 'blue'
66.6770 	EXP 	YBox: color = 'blue'
66.7163 	EXP 	KBox2: color = 'blue'
66.7163 	EXP 	YBox: color = 'blue'
66.7564 	EXP 	KBox2: color = 'blue'
66.7564 	EXP 	YBox: color = 'blue'
66.7943 	EXP 	KBox2: color = 'blue'
66.7943 	EXP 	YBox: color = 'blue'
66.8357 	EXP 	KBox2: color = 'blue'
66.8357 	EXP 	YBox: color = 'blue'
66.8771 	EXP 	KBox2: color = 'blue'
66.8771 	EXP 	YBox: color = 'blue'
66.9177 	EXP 	KBox2: color = 'blue'
66.9177 	EXP 	YBox: color = 'blue'
66.9572 	EXP 	KBox2: color = 'blue'
66.9572 	EXP 	YBox: color = 'blue'
66.9963 	EXP 	KBox2: color = 'blue'
66.9963 	EXP 	YBox: color = 'blue'
67.0443 	EXP 	KBox2: color = 'blue'
67.0443 	EXP 	YBox: color = 'blue'
67.0827 	EXP 	KBox2: color = 'blue'
67.0827 	EXP 	YBox: color = 'blue'
67.1237 	EXP 	KBox2: color = 'blue'
67.1237 	EXP 	YBox: color = 'blue'
67.1635 	EXP 	KBox2: color = 'blue'
67.1635 	EXP 	YBox: color = 'blue'
67.2070 	EXP 	KBox2: color = 'blue'
67.2070 	EXP 	YBox: color = 'blue'
67.2495 	EXP 	KBox2: color = 'blue'
67.2495 	EXP 	YBox: color = 'blue'
67.2942 	EXP 	KBox2: color = 'blue'
67.2942 	EXP 	YBox: color = 'blue'
67.3359 	EXP 	KBox2: color = 'blue'
67.3359 	EXP 	YBox: color = 'blue'
67.3756 	EXP 	KBox2: color = 'blue'
67.3756 	EXP 	YBox: color = 'blue'
67.4167 	EXP 	KBox2: color = 'blue'
67.4167 	EXP 	YBox: color = 'blue'
67.4591 	EXP 	KBox2: color = 'blue'
67.4591 	EXP 	YBox: color = 'blue'
67.4973 	EXP 	KBox2: color = 'blue'
67.4973 	EXP 	YBox: color = 'blue'
67.5412 	EXP 	KBox2: color = 'blue'
67.5412 	EXP 	YBox: color = 'blue'
67.5824 	EXP 	KBox2: color = 'blue'
67.5824 	EXP 	YBox: color = 'blue'
67.6258 	EXP 	KBox2: color = 'blue'
67.6258 	EXP 	YBox: color = 'blue'
67.6736 	EXP 	KBox2: color = 'blue'
67.6736 	EXP 	YBox: color = 'blue'
67.7156 	EXP 	KBox2: color = 'blue'
67.7156 	EXP 	YBox: color = 'blue'
67.7537 	EXP 	KBox2: color = 'blue'
67.7537 	EXP 	YBox: color = 'blue'
67.7936 	EXP 	KBox2: color = 'blue'
67.7936 	EXP 	YBox: color = 'blue'
67.8324 	EXP 	KBox2: color = 'blue'
67.8324 	EXP 	YBox: color = 'blue'
67.8769 	EXP 	KBox2: color = 'blue'
67.8769 	EXP 	YBox: color = 'blue'
67.9189 	EXP 	KBox2: color = 'blue'
67.9189 	EXP 	YBox: color = 'blue'
67.9588 	EXP 	KBox2: color = 'blue'
67.9588 	EXP 	YBox: color = 'blue'
67.9991 	EXP 	KBox2: color = 'blue'
67.9991 	EXP 	YBox: color = 'blue'
68.0435 	EXP 	KBox2: color = 'blue'
68.0435 	EXP 	YBox: color = 'blue'
68.0840 	EXP 	KBox2: color = 'blue'
68.0840 	EXP 	YBox: color = 'blue'
68.1253 	EXP 	KBox2: color = 'blue'
68.1253 	EXP 	YBox: color = 'blue'
68.1644 	EXP 	KBox2: color = 'blue'
68.1644 	EXP 	YBox: color = 'blue'
68.2081 	EXP 	KBox2: color = 'blue'
68.2081 	EXP 	YBox: color = 'blue'
68.2507 	EXP 	KBox2: color = 'blue'
68.2507 	EXP 	YBox: color = 'blue'
68.2902 	EXP 	KBox2: color = 'blue'
68.2902 	EXP 	YBox: color = 'blue'
68.3316 	EXP 	KBox2: color = 'blue'
68.3316 	EXP 	YBox: color = 'blue'
68.3758 	EXP 	KBox2: color = 'blue'
68.3758 	EXP 	YBox: color = 'blue'
68.4178 	EXP 	KBox2: color = 'blue'
68.4178 	EXP 	YBox: color = 'blue'
68.4567 	EXP 	KBox2: color = 'blue'
68.4567 	EXP 	YBox: color = 'blue'
68.5015 	EXP 	KBox2: color = 'blue'
68.5015 	EXP 	YBox: color = 'blue'
68.5420 	EXP 	KBox2: color = 'blue'
68.5420 	EXP 	YBox: color = 'blue'
68.5844 	EXP 	KBox2: color = 'blue'
68.5844 	EXP 	YBox: color = 'blue'
68.6253 	EXP 	KBox2: color = 'blue'
68.6253 	EXP 	YBox: color = 'blue'
68.6668 	EXP 	KBox2: color = 'blue'
68.6668 	EXP 	YBox: color = 'blue'
68.7079 	EXP 	KBox2: color = 'blue'
68.7079 	EXP 	YBox: color = 'blue'
68.7499 	EXP 	KBox2: color = 'blue'
68.7499 	EXP 	YBox: color = 'blue'
68.7924 	EXP 	KBox2: color = 'blue'
68.7924 	EXP 	YBox: color = 'blue'
68.8356 	EXP 	KBox2: color = 'blue'
68.8356 	EXP 	YBox: color = 'blue'
68.8808 	EXP 	KBox2: color = 'blue'
68.8808 	EXP 	YBox: color = 'blue'
68.9246 	EXP 	KBox2: color = 'blue'
68.9246 	EXP 	YBox: color = 'blue'
68.9756 	EXP 	KBox2: color = 'blue'
68.9756 	EXP 	YBox: color = 'blue'
69.0187 	EXP 	KBox2: color = 'blue'
69.0187 	EXP 	YBox: color = 'blue'
69.0656 	EXP 	KBox2: color = 'blue'
69.0656 	EXP 	YBox: color = 'blue'
69.1128 	EXP 	KBox2: color = 'blue'
69.1128 	EXP 	YBox: color = 'blue'
69.1551 	EXP 	KBox2: color = 'blue'
69.1551 	EXP 	YBox: color = 'blue'
69.1992 	EXP 	KBox2: color = 'blue'
69.1992 	EXP 	YBox: color = 'blue'
69.2412 	EXP 	KBox2: color = 'blue'
69.2412 	EXP 	YBox: color = 'blue'
69.2867 	EXP 	KBox2: color = 'blue'
69.2867 	EXP 	YBox: color = 'blue'
69.3339 	EXP 	KBox2: color = 'blue'
69.3339 	EXP 	YBox: color = 'blue'
69.3762 	EXP 	KBox2: color = 'blue'
69.3762 	EXP 	YBox: color = 'blue'
69.4247 	EXP 	KBox2: color = 'blue'
69.4247 	EXP 	YBox: color = 'blue'
69.4636 	EXP 	KBox2: color = 'blue'
69.4636 	EXP 	YBox: color = 'blue'
69.5045 	EXP 	KBox2: color = 'blue'
69.5045 	EXP 	YBox: color = 'blue'
69.5455 	EXP 	KBox2: color = 'blue'
69.5455 	EXP 	YBox: color = 'blue'
69.5858 	EXP 	KBox2: color = 'blue'
69.5858 	EXP 	YBox: color = 'blue'
69.6241 	EXP 	KBox2: color = 'blue'
69.6241 	EXP 	YBox: color = 'blue'
69.6632 	EXP 	KBox2: color = 'blue'
69.6632 	EXP 	YBox: color = 'blue'
69.7091 	EXP 	KBox2: color = 'blue'
69.7091 	EXP 	YBox: color = 'blue'
69.7505 	EXP 	KBox2: color = 'blue'
69.7505 	EXP 	YBox: color = 'blue'
69.7951 	EXP 	KBox2: color = 'blue'
69.7951 	EXP 	YBox: color = 'blue'
69.8322 	EXP 	KBox2: color = 'blue'
69.8322 	EXP 	YBox: color = 'blue'
69.8748 	EXP 	KBox2: color = 'blue'
69.8748 	EXP 	YBox: color = 'blue'
69.9152 	EXP 	KBox2: color = 'blue'
69.9152 	EXP 	YBox: color = 'blue'
69.9547 	EXP 	KBox2: color = 'blue'
69.9547 	EXP 	YBox: color = 'blue'
69.9939 	EXP 	KBox2: color = 'blue'
69.9939 	EXP 	YBox: color = 'blue'
70.0359 	EXP 	KBox2: color = 'blue'
70.0359 	EXP 	YBox: color = 'blue'
70.0767 	EXP 	KBox2: color = 'blue'
70.0767 	EXP 	YBox: color = 'blue'
70.1219 	EXP 	KBox2: color = 'blue'
70.1219 	EXP 	YBox: color = 'blue'
70.1639 	EXP 	KBox2: color = 'blue'
70.1639 	EXP 	YBox: color = 'blue'
70.2088 	EXP 	KBox2: color = 'blue'
70.2088 	EXP 	YBox: color = 'blue'
70.2516 	EXP 	KBox2: color = 'blue'
70.2516 	EXP 	YBox: color = 'blue'
70.2946 	EXP 	KBox2: color = 'blue'
70.2946 	EXP 	YBox: color = 'blue'
70.3404 	EXP 	KBox2: color = 'blue'
70.3404 	EXP 	YBox: color = 'blue'
70.3831 	EXP 	KBox2: color = 'blue'
70.3831 	EXP 	YBox: color = 'blue'
70.4269 	EXP 	KBox2: color = 'blue'
70.4269 	EXP 	YBox: color = 'blue'
70.4783 	EXP 	KBox2: color = 'blue'
70.4783 	EXP 	YBox: color = 'blue'
70.5213 	EXP 	KBox2: color = 'blue'
70.5213 	EXP 	YBox: color = 'blue'
70.5641 	EXP 	KBox2: color = 'blue'
70.5641 	EXP 	YBox: color = 'blue'
70.6099 	EXP 	KBox2: color = 'blue'
70.6099 	EXP 	YBox: color = 'blue'
70.6504 	EXP 	KBox2: color = 'blue'
70.6504 	EXP 	YBox: color = 'blue'
70.6934 	EXP 	KBox2: color = 'blue'
70.6934 	EXP 	YBox: color = 'blue'
70.7348 	EXP 	KBox2: color = 'blue'
70.7348 	EXP 	YBox: color = 'blue'
70.7783 	EXP 	KBox2: color = 'blue'
70.7783 	EXP 	YBox: color = 'blue'
70.8179 	EXP 	KBox2: color = 'blue'
70.8179 	EXP 	YBox: color = 'blue'
70.8595 	EXP 	KBox2: color = 'blue'
70.8595 	EXP 	YBox: color = 'blue'
70.9001 	EXP 	KBox2: color = 'blue'
70.9001 	EXP 	YBox: color = 'blue'
70.9421 	EXP 	KBox2: color = 'blue'
70.9421 	EXP 	YBox: color = 'blue'
70.9855 	EXP 	KBox2: color = 'blue'
70.9855 	EXP 	YBox: color = 'blue'
71.0244 	EXP 	KBox2: color = 'blue'
71.0244 	EXP 	YBox: color = 'blue'
71.0654 	EXP 	KBox2: color = 'blue'
71.0654 	EXP 	YBox: color = 'blue'
71.1095 	EXP 	KBox2: color = 'blue'
71.1095 	EXP 	YBox: color = 'blue'
71.1513 	EXP 	KBox2: color = 'blue'
71.1513 	EXP 	YBox: color = 'blue'
71.1911 	EXP 	KBox2: color = 'blue'
71.1911 	EXP 	YBox: color = 'blue'
71.2348 	EXP 	KBox2: color = 'blue'
71.2348 	EXP 	YBox: color = 'blue'
71.2757 	EXP 	KBox2: color = 'blue'
71.2757 	EXP 	YBox: color = 'blue'
71.3176 	EXP 	KBox2: color = 'blue'
71.3176 	EXP 	YBox: color = 'blue'
71.3554 	EXP 	KBox2: color = 'blue'
71.3554 	EXP 	YBox: color = 'blue'
71.3954 	EXP 	KBox2: color = 'blue'
71.3954 	EXP 	YBox: color = 'blue'
71.4427 	EXP 	KBox2: color = 'blue'
71.4427 	EXP 	YBox: color = 'blue'
71.4837 	EXP 	KBox2: color = 'blue'
71.4837 	EXP 	YBox: color = 'blue'
71.5237 	EXP 	KBox2: color = 'blue'
71.5237 	EXP 	YBox: color = 'blue'
71.5632 	EXP 	KBox2: color = 'blue'
71.5632 	EXP 	YBox: color = 'blue'
71.5709 	DATA 	Mouse: Left button down, pos=(744,225)
71.5916 	EXP 	KBox2: color = 'blue'
71.5916 	EXP 	YBox: color = 'blue'
71.5916 	EXP 	PBox: autoDraw = False
71.5916 	EXP 	NBox2: autoDraw = False
71.5916 	EXP 	SBox2: autoDraw = False
71.5916 	EXP 	KBox2: autoDraw = False
71.5916 	EXP 	HBox: autoDraw = False
71.5916 	EXP 	FBox: autoDraw = False
71.5916 	EXP 	QBox: autoDraw = False
71.5916 	EXP 	LBox: autoDraw = False
71.5916 	EXP 	RBox: autoDraw = False
71.5916 	EXP 	TBox: autoDraw = False
71.5916 	EXP 	YBox: autoDraw = False
71.5916 	EXP 	JBox: autoDraw = False
71.5916 	EXP 	RecallINS: autoDraw = False
71.5916 	EXP 	P: autoDraw = False
71.5916 	EXP 	F_2: autoDraw = False
71.5916 	EXP 	H: autoDraw = False
71.5916 	EXP 	S: autoDraw = False
71.5916 	EXP 	K: autoDraw = False
71.5916 	EXP 	N: autoDraw = False
71.5916 	EXP 	L: autoDraw = False
71.5916 	EXP 	Q: autoDraw = False
71.5916 	EXP 	R: autoDraw = False
71.5916 	EXP 	J: autoDraw = False
71.5916 	EXP 	Y: autoDraw = False
71.5916 	EXP 	T_2: autoDraw = False
71.5916 	EXP 	CLEAR: autoDraw = False
71.5916 	EXP 	ClearText: autoDraw = False
71.5916 	EXP 	BLANK: autoDraw = False
71.5916 	EXP 	BlankText: autoDraw = False
71.5916 	EXP 	ENTER: autoDraw = False
71.5916 	EXP 	EnterText: autoDraw = False
71.7421 	DATA 	Mouse:  Left button up, pos=(744,225)
74.5829 	EXP 	text_3: autoDraw = True
76.0753 	EXP 	Created sequence: random, trialTypes=1, nReps=5, seed=None
76.0755 	EXP 	New trial (rep=0, index=0): None
76.0766 	EXP 	New trial (rep=1, index=0): None
76.0781 	EXP 	New trial (rep=2, index=0): None
76.0793 	EXP 	New trial (rep=3, index=0): None
76.0805 	EXP 	New trial (rep=4, index=0): None
76.0918 	EXP 	text_3: autoDraw = False
76.0918 	EXP 	text_3: autoDraw = False
76.1285 	EXP 	window1: mouseVisible = True
