1.8269 	WARNING 	We strongly recommend you activate the PTB sound engine in PsychoPy prefs as the preferred audio engine. Its timing is vastly superior. Your prefs are currently set to use ['sounddevice', 'PTB', 'pyo', 'pygame'] (in that order).
55.6527 	EXP 	Created window1 = Window(allowGUI=True, allowStencil=False, autoLog=True, backendConf=UNKNOWN, bitsMode=UNKNOWN, blendMode='avg', bpc=(8, 8, 8), color=array([0, 0, 0]), colorSpace='rgb', depthBits=8, fullscr=<method-wrapper '__getattribute__' of attributeSetter object at 0x7f9942981760>, gamma=None, gammaErrorPolicy='raise', lms=UNKNOWN, monitor=<psychopy.monitors.calibTools.Monitor object at 0x7f9942e50910>, multiSample=False, name='window1', numSamples=2, pos=(560, 350), screen=0, size=array([2240, 1400]), stencilBits=0, stereo=False, units='height', useFBO=True, useRetina=True, viewOri=0.0, viewPos=None, viewScale=None, waitBlanking=True, winType='pyglet')
55.6532 	EXP 	window1: mouseVisible = True
55.6533 	EXP 	window1: Attempting to measure frame rate of screen (0) ...
55.6533 	EXP 	window1: recordFrameIntervals = False
55.8186 	EXP 	window1: recordFrameIntervals = True
56.0010 	EXP 	Screen (0) actual frame rate measured at 60.41Hz
56.0011 	EXP 	window1: recordFrameIntervals = False
56.0529 	WARNING 	launchHubServer: If using the iohub mouse or eyetracker devices, fullScr should be True.
59.3486 	EXP 	Created letterDisp = TextStim(__class__=<class 'psychopy.visual.text.TextStim'>, alignHoriz=method-wrapper(...), alignText='center', alignVert=method-wrapper(...), anchorHoriz='center', anchorVert='center', antialias=True, autoDraw=False, autoLog=True, bold=False, color=array([1., 1., 1.]), colorSpace='rgb', contrast=1.0, depth=-1.0, flipHoriz=False, flipVert=False, font='Open Sans', fontFiles=[], height=0.05, italic=False, languageStyle='LTR', name='letterDisp', opacity=1.0, ori=0.0, pos=array([0., 0.]), rgb=UNKNOWN, text='', units='height', win=Window(...), wrapWidth=1)
59.3881 	EXP 	Created isiText = TextStim(__class__=<class 'psychopy.visual.text.TextStim'>, alignHoriz=method-wrapper(...), alignText='center', alignVert=method-wrapper(...), anchorHoriz='center', anchorVert='center', antialias=True, autoDraw=False, autoLog=True, bold=False, color=array([1., 1., 1.]), colorSpace='rgb', contrast=1.0, depth=0.0, flipHoriz=False, flipVert=False, font='Open Sans', fontFiles=[], height=0.05, italic=False, languageStyle='LTR', name='isiText', opacity=1.0, ori=0.0, pos=array([0., 0.]), rgb=UNKNOWN, text='+', units='height', win=Window(...), wrapWidth=1)
59.3917 	EXP 	Created text_2 = TextStim(__class__=<class 'psychopy.visual.text.TextStim'>, alignHoriz=method-wrapper(...), alignText='center', alignVert=method-wrapper(...), anchorHoriz='center', anchorVert='center', antialias=True, autoDraw=False, autoLog=True, bold=False, color=array([1., 1., 1.]), colorSpace='rgb', contrast=1.0, depth=0.0, flipHoriz=False, flipVert=False, font='Open Sans', fontFiles=[], height=0.05, italic=False, languageStyle='LTR', name='text_2', opacity=1.0, ori=0.0, pos=array([0., 0.]), rgb=UNKNOWN, text='+', units='height', win=Window(...), wrapWidth=1)
59.3976 	EXP 	Created PBox = Rect(__class__=<class 'psychopy.visual.rect.Rect'>, anchor=('center', 'center'), autoDraw=False, autoLog=True, closeShape=True, color=method-wrapper(...), colorSpace='rgb', contrast=None, depth=0.0, fillColor=array([1, 1, 1]), fillColorSpace='rgb', fillRGB=array([1, 1, 1]), interpolate=True, lineColor=array([1., 1., 1.]), lineColorSpace='rgb', lineRGB=array([1, 1, 1]), lineWidth=1.0, name='PBox', opacity=1.0, ori=0.0, pos=array([-0.25,  0.15]), size=array([0.1, 0.1]), units='height', vertices=ndarray(...), win=Window(...))
59.4003 	EXP 	Created NBox2 = Rect(__class__=<class 'psychopy.visual.rect.Rect'>, anchor=('center', 'center'), autoDraw=False, autoLog=True, closeShape=True, color=method-wrapper(...), colorSpace='rgb', contrast=None, depth=-1.0, fillColor=array([1, 1, 1]), fillColorSpace='rgb', fillRGB=array([1, 1, 1]), interpolate=True, lineColor=array([1., 1., 1.]), lineColorSpace='rgb', lineRGB=array([1, 1, 1]), lineWidth=1.0, name='NBox2', opacity=1.0, ori=0.0, pos=array([0.25, 0.  ]), size=array([0.1, 0.1]), units='height', vertices=ndarray(...), win=Window(...))
59.4029 	EXP 	Created SBox2 = Rect(__class__=<class 'psychopy.visual.rect.Rect'>, anchor=('center', 'center'), autoDraw=False, autoLog=True, closeShape=True, color=method-wrapper(...), colorSpace='rgb', contrast=None, depth=-2.0, fillColor=array([1, 1, 1]), fillColorSpace='rgb', fillRGB=array([1, 1, 1]), interpolate=True, lineColor=array([1., 1., 1.]), lineColorSpace='rgb', lineRGB=array([1, 1, 1]), lineWidth=1.0, name='SBox2', opacity=1.0, ori=0.0, pos=array([-0.25,  0.  ]), size=array([0.1, 0.1]), units='height', vertices=ndarray(...), win=Window(...))
59.4063 	EXP 	Created KBox2 = Rect(__class__=<class 'psychopy.visual.rect.Rect'>, anchor=('center', 'center'), autoDraw=False, autoLog=True, closeShape=True, color=method-wrapper(...), colorSpace='rgb', contrast=None, depth=-3.0, fillColor=array([1, 1, 1]), fillColorSpace='rgb', fillRGB=array([1, 1, 1]), interpolate=True, lineColor=array([1., 1., 1.]), lineColorSpace='rgb', lineRGB=array([1, 1, 1]), lineWidth=1.0, name='KBox2', opacity=1.0, ori=0.0, pos=array([0., 0.]), size=array([0.1, 0.1]), units='height', vertices=ndarray(...), win=Window(...))
59.4090 	EXP 	Created HBox = Rect(__class__=<class 'psychopy.visual.rect.Rect'>, anchor=('center', 'center'), autoDraw=False, autoLog=True, closeShape=True, color=method-wrapper(...), colorSpace='rgb', contrast=None, depth=-4.0, fillColor=array([1, 1, 1]), fillColorSpace='rgb', fillRGB=array([1, 1, 1]), interpolate=True, lineColor=array([1., 1., 1.]), lineColorSpace='rgb', lineRGB=array([1, 1, 1]), lineWidth=1.0, name='HBox', opacity=1.0, ori=0.0, pos=array([0.25, 0.15]), size=array([0.1, 0.1]), units='height', vertices=ndarray(...), win=Window(...))
59.4115 	EXP 	Created FBox = Rect(__class__=<class 'psychopy.visual.rect.Rect'>, anchor=('center', 'center'), autoDraw=False, autoLog=True, closeShape=True, color=method-wrapper(...), colorSpace='rgb', contrast=None, depth=-5.0, fillColor=array([1, 1, 1]), fillColorSpace='rgb', fillRGB=array([1, 1, 1]), interpolate=True, lineColor=array([1., 1., 1.]), lineColorSpace='rgb', lineRGB=array([1, 1, 1]), lineWidth=1.0, name='FBox', opacity=1.0, ori=0.0, pos=array([0.  , 0.15]), size=array([0.1, 0.1]), units='height', vertices=ndarray(...), win=Window(...))
59.4142 	EXP 	Created QBox = Rect(__class__=<class 'psychopy.visual.rect.Rect'>, anchor=('center', 'center'), autoDraw=False, autoLog=True, closeShape=True, color=method-wrapper(...), colorSpace='rgb', contrast=None, depth=-6.0, fillColor=array([1, 1, 1]), fillColorSpace='rgb', fillRGB=array([1, 1, 1]), interpolate=True, lineColor=array([1., 1., 1.]), lineColorSpace='rgb', lineRGB=array([1, 1, 1]), lineWidth=1.0, name='QBox', opacity=1.0, ori=0.0, pos=array([ 0.  , -0.15]), size=array([0.1, 0.1]), units='height', vertices=ndarray(...), win=Window(...))
59.4168 	EXP 	Created LBox = Rect(__class__=<class 'psychopy.visual.rect.Rect'>, anchor=('center', 'center'), autoDraw=False, autoLog=True, closeShape=True, color=method-wrapper(...), colorSpace='rgb', contrast=None, depth=-7.0, fillColor=array([1, 1, 1]), fillColorSpace='rgb', fillRGB=array([1, 1, 1]), interpolate=True, lineColor=array([1., 1., 1.]), lineColorSpace='rgb', lineRGB=array([1, 1, 1]), lineWidth=1.0, name='LBox', opacity=1.0, ori=0.0, pos=array([-0.25, -0.15]), size=array([0.1, 0.1]), units='height', vertices=ndarray(...), win=Window(...))
59.4193 	EXP 	Created RBox = Rect(__class__=<class 'psychopy.visual.rect.Rect'>, anchor=('center', 'center'), autoDraw=False, autoLog=True, closeShape=True, color=method-wrapper(...), colorSpace='rgb', contrast=None, depth=-8.0, fillColor=array([1, 1, 1]), fillColorSpace='rgb', fillRGB=array([1, 1, 1]), interpolate=True, lineColor=array([1., 1., 1.]), lineColorSpace='rgb', lineRGB=array([1, 1, 1]), lineWidth=1.0, name='RBox', opacity=1.0, ori=0.0, pos=array([ 0.25, -0.15]), size=array([0.1, 0.1]), units='height', vertices=ndarray(...), win=Window(...))
59.4219 	EXP 	Created TBox = Rect(__class__=<class 'psychopy.visual.rect.Rect'>, anchor=('center', 'center'), autoDraw=False, autoLog=True, closeShape=True, color=method-wrapper(...), colorSpace='rgb', contrast=None, depth=-9.0, fillColor=array([1, 1, 1]), fillColorSpace='rgb', fillRGB=array([1, 1, 1]), interpolate=True, lineColor=array([1., 1., 1.]), lineColorSpace='rgb', lineRGB=array([1, 1, 1]), lineWidth=1.0, name='TBox', opacity=1.0, ori=0.0, pos=array([ 0.25, -0.3 ]), size=array([0.1, 0.1]), units='height', vertices=ndarray(...), win=Window(...))
59.4245 	EXP 	Created YBox = Rect(__class__=<class 'psychopy.visual.rect.Rect'>, anchor=('center', 'center'), autoDraw=False, autoLog=True, closeShape=True, color=method-wrapper(...), colorSpace='rgb', contrast=None, depth=-10.0, fillColor=array([1, 1, 1]), fillColorSpace='rgb', fillRGB=array([1, 1, 1]), interpolate=True, lineColor=array([1., 1., 1.]), lineColorSpace='rgb', lineRGB=array([1, 1, 1]), lineWidth=1.0, name='YBox', opacity=1.0, ori=0.0, pos=array([ 0. , -0.3]), size=array([0.1, 0.1]), units='height', vertices=ndarray(...), win=Window(...))
59.4271 	EXP 	Created JBox = Rect(__class__=<class 'psychopy.visual.rect.Rect'>, anchor=('center', 'center'), autoDraw=False, autoLog=True, closeShape=True, color=method-wrapper(...), colorSpace='rgb', contrast=None, depth=-11.0, fillColor=array([1, 1, 1]), fillColorSpace='rgb', fillRGB=array([1, 1, 1]), interpolate=True, lineColor=array([1., 1., 1.]), lineColorSpace='rgb', lineRGB=array([1, 1, 1]), lineWidth=1.0, name='JBox', opacity=1.0, ori=0.0, pos=array([-0.25, -0.3 ]), size=array([0.1, 0.1]), units='height', vertices=ndarray(...), win=Window(...))
59.4274 	EXP 	window1: mouseVisible = True
59.4582 	EXP 	Created RecallINS = TextStim(__class__=<class 'psychopy.visual.text.TextStim'>, alignHoriz=method-wrapper(...), alignText='center', alignVert=method-wrapper(...), anchorHoriz='center', anchorVert='center', antialias=True, autoDraw=False, autoLog=True, bold=False, color=array([1., 1., 1.]), colorSpace='rgb', contrast=1.0, depth=-14.0, flipHoriz=False, flipVert=False, font='Open Sans', fontFiles=[], height=0.035, italic=False, languageStyle='LTR', name='RecallINS', opacity=1.0, ori=0.0, pos=array([0. , 0.3]), rgb=UNKNOWN, text=str(...), units='height', win=Window(...), wrapWidth=1)
59.4626 	EXP 	Created P = TextStim(__class__=<class 'psychopy.visual.text.TextStim'>, alignHoriz=method-wrapper(...), alignText='center', alignVert=method-wrapper(...), anchorHoriz='center', anchorVert='center', antialias=True, autoDraw=False, autoLog=True, bold=False, color=array([-1., -1., -1.]), colorSpace='rgb', contrast=1.0, depth=-15.0, flipHoriz=False, flipVert=False, font='Open Sans', fontFiles=[], height=0.05, italic=False, languageStyle='LTR', name='P', opacity=1.0, ori=0.0, pos=array([-0.25,  0.15]), rgb=UNKNOWN, text='P', units='height', win=Window(...), wrapWidth=1)
59.4670 	EXP 	Created F_2 = TextStim(__class__=<class 'psychopy.visual.text.TextStim'>, alignHoriz=method-wrapper(...), alignText='center', alignVert=method-wrapper(...), anchorHoriz='center', anchorVert='center', antialias=True, autoDraw=False, autoLog=True, bold=False, color=array([-1., -1., -1.]), colorSpace='rgb', contrast=1.0, depth=-16.0, flipHoriz=False, flipVert=False, font='Open Sans', fontFiles=[], height=0.05, italic=False, languageStyle='LTR', name='F_2', opacity=1.0, ori=0.0, pos=array([0.  , 0.15]), rgb=UNKNOWN, text='F', units='height', win=Window(...), wrapWidth=1)
59.4713 	EXP 	Created H = TextStim(__class__=<class 'psychopy.visual.text.TextStim'>, alignHoriz=method-wrapper(...), alignText='center', alignVert=method-wrapper(...), anchorHoriz='center', anchorVert='center', antialias=True, autoDraw=False, autoLog=True, bold=False, color=array([-1., -1., -1.]), colorSpace='rgb', contrast=1.0, depth=-17.0, flipHoriz=False, flipVert=False, font='Open Sans', fontFiles=[], height=0.05, italic=False, languageStyle='LTR', name='H', opacity=1.0, ori=0.0, pos=array([0.25, 0.15]), rgb=UNKNOWN, text='H', units='height', win=Window(...), wrapWidth=1)
59.4751 	EXP 	Created S = TextStim(__class__=<class 'psychopy.visual.text.TextStim'>, alignHoriz=method-wrapper(...), alignText='center', alignVert=method-wrapper(...), anchorHoriz='center', anchorVert='center', antialias=True, autoDraw=False, autoLog=True, bold=False, color=array([-1., -1., -1.]), colorSpace='rgb', contrast=1.0, depth=-18.0, flipHoriz=False, flipVert=False, font='Open Sans', fontFiles=[], height=0.05, italic=False, languageStyle='LTR', name='S', opacity=1.0, ori=0.0, pos=array([-0.25,  0.  ]), rgb=UNKNOWN, text='S', units='height', win=Window(...), wrapWidth=1)
59.4794 	EXP 	Created K = TextStim(__class__=<class 'psychopy.visual.text.TextStim'>, alignHoriz=method-wrapper(...), alignText='center', alignVert=method-wrapper(...), anchorHoriz='center', anchorVert='center', antialias=True, autoDraw=False, autoLog=True, bold=False, color=array([-1., -1., -1.]), colorSpace='rgb', contrast=1.0, depth=-19.0, flipHoriz=False, flipVert=False, font='Open Sans', fontFiles=[], height=0.05, italic=False, languageStyle='LTR', name='K', opacity=1.0, ori=0.0, pos=array([0., 0.]), rgb=UNKNOWN, text='K', units='height', win=Window(...), wrapWidth=1)
59.4836 	EXP 	Created N = TextStim(__class__=<class 'psychopy.visual.text.TextStim'>, alignHoriz=method-wrapper(...), alignText='center', alignVert=method-wrapper(...), anchorHoriz='center', anchorVert='center', antialias=True, autoDraw=False, autoLog=True, bold=False, color=array([-1., -1., -1.]), colorSpace='rgb', contrast=1.0, depth=-20.0, flipHoriz=False, flipVert=False, font='Open Sans', fontFiles=[], height=0.05, italic=False, languageStyle='LTR', name='N', opacity=1.0, ori=0.0, pos=array([0.25, 0.  ]), rgb=UNKNOWN, text='N', units='height', win=Window(...), wrapWidth=1)
59.4878 	EXP 	Created L = TextStim(__class__=<class 'psychopy.visual.text.TextStim'>, alignHoriz=method-wrapper(...), alignText='center', alignVert=method-wrapper(...), anchorHoriz='center', anchorVert='center', antialias=True, autoDraw=False, autoLog=True, bold=False, color=array([-1., -1., -1.]), colorSpace='rgb', contrast=1.0, depth=-21.0, flipHoriz=False, flipVert=False, font='Open Sans', fontFiles=[], height=0.05, italic=False, languageStyle='LTR', name='L', opacity=1.0, ori=0.0, pos=array([-0.25, -0.15]), rgb=UNKNOWN, text='L', units='height', win=Window(...), wrapWidth=1)
59.4922 	EXP 	Created Q = TextStim(__class__=<class 'psychopy.visual.text.TextStim'>, alignHoriz=method-wrapper(...), alignText='center', alignVert=method-wrapper(...), anchorHoriz='center', anchorVert='center', antialias=True, autoDraw=False, autoLog=True, bold=False, color=array([-1., -1., -1.]), colorSpace='rgb', contrast=1.0, depth=-22.0, flipHoriz=False, flipVert=False, font='Open Sans', fontFiles=[], height=0.05, italic=False, languageStyle='LTR', name='Q', opacity=1.0, ori=0.0, pos=array([ 0.  , -0.15]), rgb=UNKNOWN, text='Q', units='height', win=Window(...), wrapWidth=1)
59.4965 	EXP 	Created R = TextStim(__class__=<class 'psychopy.visual.text.TextStim'>, alignHoriz=method-wrapper(...), alignText='center', alignVert=method-wrapper(...), anchorHoriz='center', anchorVert='center', antialias=True, autoDraw=False, autoLog=True, bold=False, color=array([-1., -1., -1.]), colorSpace='rgb', contrast=1.0, depth=-23.0, flipHoriz=False, flipVert=False, font='Open Sans', fontFiles=[], height=0.05, italic=False, languageStyle='LTR', name='R', opacity=1.0, ori=0.0, pos=array([ 0.25, -0.15]), rgb=UNKNOWN, text='R', units='height', win=Window(...), wrapWidth=1)
59.5008 	EXP 	Created J = TextStim(__class__=<class 'psychopy.visual.text.TextStim'>, alignHoriz=method-wrapper(...), alignText='center', alignVert=method-wrapper(...), anchorHoriz='center', anchorVert='center', antialias=True, autoDraw=False, autoLog=True, bold=False, color=array([-1., -1., -1.]), colorSpace='rgb', contrast=1.0, depth=-24.0, flipHoriz=False, flipVert=False, font='Open Sans', fontFiles=[], height=0.05, italic=False, languageStyle='LTR', name='J', opacity=1.0, ori=0.0, pos=array([-0.25, -0.3 ]), rgb=UNKNOWN, text='J', units='height', win=Window(...), wrapWidth=1)
59.5050 	EXP 	Created Y = TextStim(__class__=<class 'psychopy.visual.text.TextStim'>, alignHoriz=method-wrapper(...), alignText='center', alignVert=method-wrapper(...), anchorHoriz='center', anchorVert='center', antialias=True, autoDraw=False, autoLog=True, bold=False, color=array([-1., -1., -1.]), colorSpace='rgb', contrast=1.0, depth=-25.0, flipHoriz=False, flipVert=False, font='Open Sans', fontFiles=[], height=0.05, italic=False, languageStyle='LTR', name='Y', opacity=1.0, ori=0.0, pos=array([ 0. , -0.3]), rgb=UNKNOWN, text='Y', units='height', win=Window(...), wrapWidth=1)
59.5092 	EXP 	Created T_2 = TextStim(__class__=<class 'psychopy.visual.text.TextStim'>, alignHoriz=method-wrapper(...), alignText='center', alignVert=method-wrapper(...), anchorHoriz='center', anchorVert='center', antialias=True, autoDraw=False, autoLog=True, bold=False, color=array([-1., -1., -1.]), colorSpace='rgb', contrast=1.0, depth=-26.0, flipHoriz=False, flipVert=False, font='Open Sans', fontFiles=[], height=0.05, italic=False, languageStyle='LTR', name='T_2', opacity=1.0, ori=0.0, pos=array([ 0.25, -0.3 ]), rgb=UNKNOWN, text='T', units='height', win=Window(...), wrapWidth=1)
59.5118 	EXP 	Created CLEAR = Rect(__class__=<class 'psychopy.visual.rect.Rect'>, anchor=('center', 'center'), autoDraw=False, autoLog=True, closeShape=True, color=method-wrapper(...), colorSpace='rgb', contrast=None, depth=-29.0, fillColor=array([ 1, -1, -1]), fillColorSpace='rgb', fillRGB=array([ 1, -1, -1]), interpolate=True, lineColor=array([1., 1., 1.]), lineColorSpace='rgb', lineRGB=array([1, 1, 1]), lineWidth=1.0, name='CLEAR', opacity=1.0, ori=0.0, pos=array([0.55, 0.  ]), size=array([0.35, 0.15]), units='height', vertices=ndarray(...), win=Window(...))
59.5184 	EXP 	Created ClearText = TextStim(__class__=<class 'psychopy.visual.text.TextStim'>, alignHoriz=method-wrapper(...), alignText='center', alignVert=method-wrapper(...), anchorHoriz='center', anchorVert='center', antialias=True, autoDraw=False, autoLog=True, bold=False, color=array([-1., -1., -1.]), colorSpace='rgb', contrast=1.0, depth=-30.0, flipHoriz=False, flipVert=False, font='Open Sans', fontFiles=[], height=0.05, italic=False, languageStyle='LTR', name='ClearText', opacity=1.0, ori=0.0, pos=array([0.55, 0.  ]), rgb=UNKNOWN, text='CLEAR', units='height', win=Window(...), wrapWidth=1)
59.5210 	EXP 	Created BLANK = Rect(__class__=<class 'psychopy.visual.rect.Rect'>, anchor=('center', 'center'), autoDraw=False, autoLog=True, closeShape=True, color=method-wrapper(...), colorSpace='rgb', contrast=None, depth=-31.0, fillColor=array([1, 1, 1]), fillColorSpace='rgb', fillRGB=array([1, 1, 1]), interpolate=True, lineColor=array([1., 1., 1.]), lineColorSpace='rgb', lineRGB=array([1, 1, 1]), lineWidth=1.0, name='BLANK', opacity=1.0, ori=0.0, pos=array([0.55, 0.15]), size=array([0.35, 0.15]), units='height', vertices=ndarray(...), win=Window(...))
59.5256 	EXP 	Created BlankText = TextStim(__class__=<class 'psychopy.visual.text.TextStim'>, alignHoriz=method-wrapper(...), alignText='center', alignVert=method-wrapper(...), anchorHoriz='center', anchorVert='center', antialias=True, autoDraw=False, autoLog=True, bold=False, color=array([-1., -1., -1.]), colorSpace='rgb', contrast=1.0, depth=-32.0, flipHoriz=False, flipVert=False, font='Open Sans', fontFiles=[], height=0.05, italic=False, languageStyle='LTR', name='BlankText', opacity=1.0, ori=0.0, pos=array([0.55, 0.15]), rgb=UNKNOWN, text='BLANK', units='height', win=Window(...), wrapWidth=1)
59.5283 	EXP 	Created ENTER = Rect(__class__=<class 'psychopy.visual.rect.Rect'>, anchor=('center', 'center'), autoDraw=False, autoLog=True, closeShape=True, color=method-wrapper(...), colorSpace='rgb', contrast=None, depth=-33.0, fillColor=array([-1.        ,  0.00392157, -1.        ]), fillColorSpace='rgb', fillRGB=array([-1.        ,  0.00392157, -1.        ]), interpolate=True, lineColor=array([1., 1., 1.]), lineColorSpace='rgb', lineRGB=array([1, 1, 1]), lineWidth=1.0, name='ENTER', opacity=1.0, ori=0.0, pos=array([ 0.55, -0.3 ]), size=array([0.35, 0.15]), units='height', vertices=ndarray(...), win=Window(...))
59.5324 	EXP 	Created EnterText = TextStim(__class__=<class 'psychopy.visual.text.TextStim'>, alignHoriz=method-wrapper(...), alignText='center', alignVert=method-wrapper(...), anchorHoriz='center', anchorVert='center', antialias=True, autoDraw=False, autoLog=True, bold=False, color=array([-1., -1., -1.]), colorSpace='rgb', contrast=1.0, depth=-34.0, flipHoriz=False, flipVert=False, font='Open Sans', fontFiles=[], height=0.05, italic=False, languageStyle='LTR', name='EnterText', opacity=1.0, ori=0.0, pos=array([ 0.55, -0.3 ]), rgb=UNKNOWN, text='ENTER', units='height', win=Window(...), wrapWidth=1)
59.5477 	EXP 	Created text_3 = TextStim(__class__=<class 'psychopy.visual.text.TextStim'>, alignHoriz=method-wrapper(...), alignText='center', alignVert=method-wrapper(...), anchorHoriz='center', anchorVert='center', antialias=True, autoDraw=False, autoLog=True, bold=False, color=array([1., 1., 1.]), colorSpace='rgb', contrast=1.0, depth=-1.0, flipHoriz=False, flipVert=False, font='Open Sans', fontFiles=[], height=0.05, italic=False, languageStyle='LTR', name='text_3', opacity=1.0, ori=0.0, pos=array([0., 0.]), rgb=UNKNOWN, text=str(...), units='height', win=Window(...), wrapWidth=1)
59.5554 	EXP 	Created RandAns = TextStim(__class__=<class 'psychopy.visual.text.TextStim'>, alignHoriz=method-wrapper(...), alignText='center', alignVert=method-wrapper(...), anchorHoriz='center', anchorVert='center', antialias=True, autoDraw=False, autoLog=True, bold=False, color=array([1., 1., 1.]), colorSpace='rgb', contrast=1.0, depth=0.0, flipHoriz=False, flipVert=False, font='Open Sans', fontFiles=[], height=0.05, italic=False, languageStyle='LTR', name='RandAns', opacity=1.0, ori=0.0, pos=array([0., 0.]), rgb=UNKNOWN, text='include the randomized answers ', units='height', win=Window(...), wrapWidth=1)
59.5608 	EXP 	Created TrueFalse = TextStim(__class__=<class 'psychopy.visual.text.TextStim'>, alignHoriz=method-wrapper(...), alignText='center', alignVert=method-wrapper(...), anchorHoriz='center', anchorVert='center', antialias=True, autoDraw=False, autoLog=True, bold=False, color=array([1., 1., 1.]), colorSpace='rgb', contrast=1.0, depth=-1.0, flipHoriz=False, flipVert=False, font='Open Sans', fontFiles=[], height=0.05, italic=False, languageStyle='LTR', name='TrueFalse', opacity=1.0, ori=0.0, pos=array([0., 0.]), rgb=UNKNOWN, text='True or False?', units='height', win=Window(...), wrapWidth=1)
59.5765 	EXP 	Imported practiceletters.xlsx as conditions, 1 conditions, 1 params
59.5781 	EXP 	Created sequence: random, trialTypes=1, nReps=1, seed=None
59.5786 	EXP 	New trial (rep=0, index=0): {'letters': "K'"}
59.6186 	EXP 	letterDisp: autoDraw = True
60.5922 	EXP 	letterDisp: autoDraw = False
60.5922 	EXP 	isiText: autoDraw = True
60.8422 	EXP 	isiText: autoDraw = False
60.8422 	EXP 	text_2: autoDraw = True
61.8276 	EXP 	Created sequence: random, trialTypes=1, nReps=1, seed=None
61.8278 	EXP 	New trial (rep=0, index=0): None
61.8778 	EXP 	text_2: autoDraw = False
61.8778 	EXP 	PBox: autoDraw = True
61.8778 	EXP 	NBox2: autoDraw = True
61.8778 	EXP 	SBox2: autoDraw = True
61.8778 	EXP 	KBox2: autoDraw = True
61.8778 	EXP 	HBox: autoDraw = True
61.8778 	EXP 	FBox: autoDraw = True
61.8778 	EXP 	QBox: autoDraw = True
61.8778 	EXP 	LBox: autoDraw = True
61.8778 	EXP 	RBox: autoDraw = True
61.8778 	EXP 	TBox: autoDraw = True
61.8778 	EXP 	YBox: autoDraw = True
61.8778 	EXP 	JBox: autoDraw = True
61.8778 	EXP 	RecallINS: autoDraw = True
61.8778 	EXP 	P: autoDraw = True
61.8778 	EXP 	F_2: autoDraw = True
61.8778 	EXP 	H: autoDraw = True
61.8778 	EXP 	S: autoDraw = True
61.8778 	EXP 	K: autoDraw = True
61.8778 	EXP 	N: autoDraw = True
61.8778 	EXP 	L: autoDraw = True
61.8778 	EXP 	Q: autoDraw = True
61.8778 	EXP 	R: autoDraw = True
61.8778 	EXP 	J: autoDraw = True
61.8778 	EXP 	Y: autoDraw = True
61.8778 	EXP 	T_2: autoDraw = True
61.8778 	EXP 	CLEAR: autoDraw = True
61.8778 	EXP 	ClearText: autoDraw = True
61.8778 	EXP 	BLANK: autoDraw = True
61.8778 	EXP 	BlankText: autoDraw = True
61.8778 	EXP 	ENTER: autoDraw = True
61.8778 	EXP 	EnterText: autoDraw = True
101.0647 	DATA 	Keypress: escape
101.9199 	EXP 	window1: mouseVisible = True
