2.8032 	WARNING 	We strongly recommend you activate the PTB sound engine in PsychoPy prefs as the preferred audio engine. Its timing is vastly superior. Your prefs are currently set to use ['sounddevice', 'PTB', 'pyo', 'pygame'] (in that order).
13.0960 	EXP 	Created window1 = Window(allowGUI=True, allowStencil=False, autoLog=True, backendConf=UNKNOWN, bitsMode=UNKNOWN, blendMode='avg', bpc=(8, 8, 8), color=array([0, 0, 0]), colorSpace='rgb', depthBits=8, fullscr=<method-wrapper '__getattribute__' of attributeSetter object at 0x7fc9656d35b0>, gamma=None, gammaErrorPolicy='raise', lms=UNKNOWN, monitor=<psychopy.monitors.calibTools.Monitor object at 0x7fc967c567f0>, multiSample=False, name='window1', numSamples=2, pos=(560, 350), screen=0, size=array([2240, 1400]), stencilBits=0, stereo=False, units='height', useFBO=True, useRetina=True, viewOri=0.0, viewPos=None, viewScale=None, waitBlanking=True, winType='pyglet')
13.0962 	EXP 	window1: mouseVisible = True
13.0962 	EXP 	window1: Attempting to measure frame rate of screen (0) ...
13.0962 	EXP 	window1: recordFrameIntervals = False
13.2712 	EXP 	window1: recordFrameIntervals = True
13.3898 	WARNING 	t of last frame was 27.84ms (=1/35)
13.6139 	EXP 	Screen (0) actual frame rate measured at 60.56Hz
13.6141 	EXP 	window1: recordFrameIntervals = False
13.6684 	WARNING 	launchHubServer: If using the iohub mouse or eyetracker devices, fullScr should be True.
16.8025 	EXP 	Created letterDisp = TextStim(__class__=<class 'psychopy.visual.text.TextStim'>, alignHoriz=method-wrapper(...), alignText='center', alignVert=method-wrapper(...), anchorHoriz='center', anchorVert='center', antialias=True, autoDraw=False, autoLog=True, bold=False, color=array([1., 1., 1.]), colorSpace='rgb', contrast=1.0, depth=-1.0, flipHoriz=False, flipVert=False, font='Open Sans', fontFiles=[], height=0.05, italic=False, languageStyle='LTR', name='letterDisp', opacity=1.0, ori=0.0, pos=array([0., 0.]), rgb=UNKNOWN, text='', units='height', win=Window(...), wrapWidth=1)
16.8483 	EXP 	Created isiText = TextStim(__class__=<class 'psychopy.visual.text.TextStim'>, alignHoriz=method-wrapper(...), alignText='center', alignVert=method-wrapper(...), anchorHoriz='center', anchorVert='center', antialias=True, autoDraw=False, autoLog=True, bold=False, color=array([1., 1., 1.]), colorSpace='rgb', contrast=1.0, depth=0.0, flipHoriz=False, flipVert=False, font='Open Sans', fontFiles=[], height=0.05, italic=False, languageStyle='LTR', name='isiText', opacity=1.0, ori=0.0, pos=array([0., 0.]), rgb=UNKNOWN, text='+', units='height', win=Window(...), wrapWidth=1)
16.8520 	EXP 	Created text_2 = TextStim(__class__=<class 'psychopy.visual.text.TextStim'>, alignHoriz=method-wrapper(...), alignText='center', alignVert=method-wrapper(...), anchorHoriz='center', anchorVert='center', antialias=True, autoDraw=False, autoLog=True, bold=False, color=array([1., 1., 1.]), colorSpace='rgb', contrast=1.0, depth=0.0, flipHoriz=False, flipVert=False, font='Open Sans', fontFiles=[], height=0.05, italic=False, languageStyle='LTR', name='text_2', opacity=1.0, ori=0.0, pos=array([0., 0.]), rgb=UNKNOWN, text='+', units='height', win=Window(...), wrapWidth=1)
16.8579 	EXP 	Created PBox = Rect(__class__=<class 'psychopy.visual.rect.Rect'>, anchor=('center', 'center'), autoDraw=False, autoLog=True, closeShape=True, color=method-wrapper(...), colorSpace='rgb', contrast=None, depth=0.0, fillColor=array([1, 1, 1]), fillColorSpace='rgb', fillRGB=array([1, 1, 1]), interpolate=True, lineColor=array([1., 1., 1.]), lineColorSpace='rgb', lineRGB=array([1, 1, 1]), lineWidth=1.0, name='PBox', opacity=1.0, ori=0.0, pos=array([-0.25,  0.15]), size=array([0.1, 0.1]), units='height', vertices=ndarray(...), win=Window(...))
16.8606 	EXP 	Created NBox2 = Rect(__class__=<class 'psychopy.visual.rect.Rect'>, anchor=('center', 'center'), autoDraw=False, autoLog=True, closeShape=True, color=method-wrapper(...), colorSpace='rgb', contrast=None, depth=-1.0, fillColor=array([1, 1, 1]), fillColorSpace='rgb', fillRGB=array([1, 1, 1]), interpolate=True, lineColor=array([1., 1., 1.]), lineColorSpace='rgb', lineRGB=array([1, 1, 1]), lineWidth=1.0, name='NBox2', opacity=1.0, ori=0.0, pos=array([0.25, 0.  ]), size=array([0.1, 0.1]), units='height', vertices=ndarray(...), win=Window(...))
16.8632 	EXP 	Created SBox2 = Rect(__class__=<class 'psychopy.visual.rect.Rect'>, anchor=('center', 'center'), autoDraw=False, autoLog=True, closeShape=True, color=method-wrapper(...), colorSpace='rgb', contrast=None, depth=-2.0, fillColor=array([1, 1, 1]), fillColorSpace='rgb', fillRGB=array([1, 1, 1]), interpolate=True, lineColor=array([1., 1., 1.]), lineColorSpace='rgb', lineRGB=array([1, 1, 1]), lineWidth=1.0, name='SBox2', opacity=1.0, ori=0.0, pos=array([-0.25,  0.  ]), size=array([0.1, 0.1]), units='height', vertices=ndarray(...), win=Window(...))
16.8658 	EXP 	Created KBox2 = Rect(__class__=<class 'psychopy.visual.rect.Rect'>, anchor=('center', 'center'), autoDraw=False, autoLog=True, closeShape=True, color=method-wrapper(...), colorSpace='rgb', contrast=None, depth=-3.0, fillColor=array([1, 1, 1]), fillColorSpace='rgb', fillRGB=array([1, 1, 1]), interpolate=True, lineColor=array([1., 1., 1.]), lineColorSpace='rgb', lineRGB=array([1, 1, 1]), lineWidth=1.0, name='KBox2', opacity=1.0, ori=0.0, pos=array([0., 0.]), size=array([0.1, 0.1]), units='height', vertices=ndarray(...), win=Window(...))
16.8684 	EXP 	Created HBox = Rect(__class__=<class 'psychopy.visual.rect.Rect'>, anchor=('center', 'center'), autoDraw=False, autoLog=True, closeShape=True, color=method-wrapper(...), colorSpace='rgb', contrast=None, depth=-4.0, fillColor=array([1, 1, 1]), fillColorSpace='rgb', fillRGB=array([1, 1, 1]), interpolate=True, lineColor=array([1., 1., 1.]), lineColorSpace='rgb', lineRGB=array([1, 1, 1]), lineWidth=1.0, name='HBox', opacity=1.0, ori=0.0, pos=array([0.25, 0.15]), size=array([0.1, 0.1]), units='height', vertices=ndarray(...), win=Window(...))
16.8711 	EXP 	Created FBox = Rect(__class__=<class 'psychopy.visual.rect.Rect'>, anchor=('center', 'center'), autoDraw=False, autoLog=True, closeShape=True, color=method-wrapper(...), colorSpace='rgb', contrast=None, depth=-5.0, fillColor=array([1, 1, 1]), fillColorSpace='rgb', fillRGB=array([1, 1, 1]), interpolate=True, lineColor=array([1., 1., 1.]), lineColorSpace='rgb', lineRGB=array([1, 1, 1]), lineWidth=1.0, name='FBox', opacity=1.0, ori=0.0, pos=array([0.  , 0.15]), size=array([0.1, 0.1]), units='height', vertices=ndarray(...), win=Window(...))
16.8737 	EXP 	Created QBox = Rect(__class__=<class 'psychopy.visual.rect.Rect'>, anchor=('center', 'center'), autoDraw=False, autoLog=True, closeShape=True, color=method-wrapper(...), colorSpace='rgb', contrast=None, depth=-6.0, fillColor=array([1, 1, 1]), fillColorSpace='rgb', fillRGB=array([1, 1, 1]), interpolate=True, lineColor=array([1., 1., 1.]), lineColorSpace='rgb', lineRGB=array([1, 1, 1]), lineWidth=1.0, name='QBox', opacity=1.0, ori=0.0, pos=array([ 0.  , -0.15]), size=array([0.1, 0.1]), units='height', vertices=ndarray(...), win=Window(...))
16.8763 	EXP 	Created LBox = Rect(__class__=<class 'psychopy.visual.rect.Rect'>, anchor=('center', 'center'), autoDraw=False, autoLog=True, closeShape=True, color=method-wrapper(...), colorSpace='rgb', contrast=None, depth=-7.0, fillColor=array([1, 1, 1]), fillColorSpace='rgb', fillRGB=array([1, 1, 1]), interpolate=True, lineColor=array([1., 1., 1.]), lineColorSpace='rgb', lineRGB=array([1, 1, 1]), lineWidth=1.0, name='LBox', opacity=1.0, ori=0.0, pos=array([-0.25, -0.15]), size=array([0.1, 0.1]), units='height', vertices=ndarray(...), win=Window(...))
16.8788 	EXP 	Created RBox = Rect(__class__=<class 'psychopy.visual.rect.Rect'>, anchor=('center', 'center'), autoDraw=False, autoLog=True, closeShape=True, color=method-wrapper(...), colorSpace='rgb', contrast=None, depth=-8.0, fillColor=array([1, 1, 1]), fillColorSpace='rgb', fillRGB=array([1, 1, 1]), interpolate=True, lineColor=array([1., 1., 1.]), lineColorSpace='rgb', lineRGB=array([1, 1, 1]), lineWidth=1.0, name='RBox', opacity=1.0, ori=0.0, pos=array([ 0.25, -0.15]), size=array([0.1, 0.1]), units='height', vertices=ndarray(...), win=Window(...))
16.8814 	EXP 	Created TBox = Rect(__class__=<class 'psychopy.visual.rect.Rect'>, anchor=('center', 'center'), autoDraw=False, autoLog=True, closeShape=True, color=method-wrapper(...), colorSpace='rgb', contrast=None, depth=-9.0, fillColor=array([1, 1, 1]), fillColorSpace='rgb', fillRGB=array([1, 1, 1]), interpolate=True, lineColor=array([1., 1., 1.]), lineColorSpace='rgb', lineRGB=array([1, 1, 1]), lineWidth=1.0, name='TBox', opacity=1.0, ori=0.0, pos=array([ 0.25, -0.3 ]), size=array([0.1, 0.1]), units='height', vertices=ndarray(...), win=Window(...))
16.8840 	EXP 	Created YBox = Rect(__class__=<class 'psychopy.visual.rect.Rect'>, anchor=('center', 'center'), autoDraw=False, autoLog=True, closeShape=True, color=method-wrapper(...), colorSpace='rgb', contrast=None, depth=-10.0, fillColor=array([1, 1, 1]), fillColorSpace='rgb', fillRGB=array([1, 1, 1]), interpolate=True, lineColor=array([1., 1., 1.]), lineColorSpace='rgb', lineRGB=array([1, 1, 1]), lineWidth=1.0, name='YBox', opacity=1.0, ori=0.0, pos=array([ 0. , -0.3]), size=array([0.1, 0.1]), units='height', vertices=ndarray(...), win=Window(...))
16.8865 	EXP 	Created JBox = Rect(__class__=<class 'psychopy.visual.rect.Rect'>, anchor=('center', 'center'), autoDraw=False, autoLog=True, closeShape=True, color=method-wrapper(...), colorSpace='rgb', contrast=None, depth=-11.0, fillColor=array([1, 1, 1]), fillColorSpace='rgb', fillRGB=array([1, 1, 1]), interpolate=True, lineColor=array([1., 1., 1.]), lineColorSpace='rgb', lineRGB=array([1, 1, 1]), lineWidth=1.0, name='JBox', opacity=1.0, ori=0.0, pos=array([-0.25, -0.3 ]), size=array([0.1, 0.1]), units='height', vertices=ndarray(...), win=Window(...))
16.8869 	EXP 	window1: mouseVisible = True
16.9182 	EXP 	Created RecallINS = TextStim(__class__=<class 'psychopy.visual.text.TextStim'>, alignHoriz=method-wrapper(...), alignText='center', alignVert=method-wrapper(...), anchorHoriz='center', anchorVert='center', antialias=True, autoDraw=False, autoLog=True, bold=False, color=array([1., 1., 1.]), colorSpace='rgb', contrast=1.0, depth=-14.0, flipHoriz=False, flipVert=False, font='Open Sans', fontFiles=[], height=0.035, italic=False, languageStyle='LTR', name='RecallINS', opacity=1.0, ori=0.0, pos=array([0. , 0.3]), rgb=UNKNOWN, text=str(...), units='height', win=Window(...), wrapWidth=1)
16.9225 	EXP 	Created P = TextStim(__class__=<class 'psychopy.visual.text.TextStim'>, alignHoriz=method-wrapper(...), alignText='center', alignVert=method-wrapper(...), anchorHoriz='center', anchorVert='center', antialias=True, autoDraw=False, autoLog=True, bold=False, color=array([-1., -1., -1.]), colorSpace='rgb', contrast=1.0, depth=-15.0, flipHoriz=False, flipVert=False, font='Open Sans', fontFiles=[], height=0.05, italic=False, languageStyle='LTR', name='P', opacity=1.0, ori=0.0, pos=array([-0.25,  0.15]), rgb=UNKNOWN, text='P', units='height', win=Window(...), wrapWidth=1)
16.9267 	EXP 	Created F_2 = TextStim(__class__=<class 'psychopy.visual.text.TextStim'>, alignHoriz=method-wrapper(...), alignText='center', alignVert=method-wrapper(...), anchorHoriz='center', anchorVert='center', antialias=True, autoDraw=False, autoLog=True, bold=False, color=array([-1., -1., -1.]), colorSpace='rgb', contrast=1.0, depth=-16.0, flipHoriz=False, flipVert=False, font='Open Sans', fontFiles=[], height=0.05, italic=False, languageStyle='LTR', name='F_2', opacity=1.0, ori=0.0, pos=array([0.  , 0.15]), rgb=UNKNOWN, text='F', units='height', win=Window(...), wrapWidth=1)
16.9309 	EXP 	Created H = TextStim(__class__=<class 'psychopy.visual.text.TextStim'>, alignHoriz=method-wrapper(...), alignText='center', alignVert=method-wrapper(...), anchorHoriz='center', anchorVert='center', antialias=True, autoDraw=False, autoLog=True, bold=False, color=array([-1., -1., -1.]), colorSpace='rgb', contrast=1.0, depth=-17.0, flipHoriz=False, flipVert=False, font='Open Sans', fontFiles=[], height=0.05, italic=False, languageStyle='LTR', name='H', opacity=1.0, ori=0.0, pos=array([0.25, 0.15]), rgb=UNKNOWN, text='H', units='height', win=Window(...), wrapWidth=1)
16.9347 	EXP 	Created S = TextStim(__class__=<class 'psychopy.visual.text.TextStim'>, alignHoriz=method-wrapper(...), alignText='center', alignVert=method-wrapper(...), anchorHoriz='center', anchorVert='center', antialias=True, autoDraw=False, autoLog=True, bold=False, color=array([-1., -1., -1.]), colorSpace='rgb', contrast=1.0, depth=-18.0, flipHoriz=False, flipVert=False, font='Open Sans', fontFiles=[], height=0.05, italic=False, languageStyle='LTR', name='S', opacity=1.0, ori=0.0, pos=array([-0.25,  0.  ]), rgb=UNKNOWN, text='S', units='height', win=Window(...), wrapWidth=1)
16.9387 	EXP 	Created K = TextStim(__class__=<class 'psychopy.visual.text.TextStim'>, alignHoriz=method-wrapper(...), alignText='center', alignVert=method-wrapper(...), anchorHoriz='center', anchorVert='center', antialias=True, autoDraw=False, autoLog=True, bold=False, color=array([-1., -1., -1.]), colorSpace='rgb', contrast=1.0, depth=-19.0, flipHoriz=False, flipVert=False, font='Open Sans', fontFiles=[], height=0.05, italic=False, languageStyle='LTR', name='K', opacity=1.0, ori=0.0, pos=array([0., 0.]), rgb=UNKNOWN, text='K', units='height', win=Window(...), wrapWidth=1)
16.9429 	EXP 	Created N = TextStim(__class__=<class 'psychopy.visual.text.TextStim'>, alignHoriz=method-wrapper(...), alignText='center', alignVert=method-wrapper(...), anchorHoriz='center', anchorVert='center', antialias=True, autoDraw=False, autoLog=True, bold=False, color=array([-1., -1., -1.]), colorSpace='rgb', contrast=1.0, depth=-20.0, flipHoriz=False, flipVert=False, font='Open Sans', fontFiles=[], height=0.05, italic=False, languageStyle='LTR', name='N', opacity=1.0, ori=0.0, pos=array([0.25, 0.  ]), rgb=UNKNOWN, text='N', units='height', win=Window(...), wrapWidth=1)
16.9470 	EXP 	Created L = TextStim(__class__=<class 'psychopy.visual.text.TextStim'>, alignHoriz=method-wrapper(...), alignText='center', alignVert=method-wrapper(...), anchorHoriz='center', anchorVert='center', antialias=True, autoDraw=False, autoLog=True, bold=False, color=array([-1., -1., -1.]), colorSpace='rgb', contrast=1.0, depth=-21.0, flipHoriz=False, flipVert=False, font='Open Sans', fontFiles=[], height=0.05, italic=False, languageStyle='LTR', name='L', opacity=1.0, ori=0.0, pos=array([-0.25, -0.15]), rgb=UNKNOWN, text='L', units='height', win=Window(...), wrapWidth=1)
16.9512 	EXP 	Created Q = TextStim(__class__=<class 'psychopy.visual.text.TextStim'>, alignHoriz=method-wrapper(...), alignText='center', alignVert=method-wrapper(...), anchorHoriz='center', anchorVert='center', antialias=True, autoDraw=False, autoLog=True, bold=False, color=array([-1., -1., -1.]), colorSpace='rgb', contrast=1.0, depth=-22.0, flipHoriz=False, flipVert=False, font='Open Sans', fontFiles=[], height=0.05, italic=False, languageStyle='LTR', name='Q', opacity=1.0, ori=0.0, pos=array([ 0.  , -0.15]), rgb=UNKNOWN, text='Q', units='height', win=Window(...), wrapWidth=1)
16.9555 	EXP 	Created R = TextStim(__class__=<class 'psychopy.visual.text.TextStim'>, alignHoriz=method-wrapper(...), alignText='center', alignVert=method-wrapper(...), anchorHoriz='center', anchorVert='center', antialias=True, autoDraw=False, autoLog=True, bold=False, color=array([-1., -1., -1.]), colorSpace='rgb', contrast=1.0, depth=-23.0, flipHoriz=False, flipVert=False, font='Open Sans', fontFiles=[], height=0.05, italic=False, languageStyle='LTR', name='R', opacity=1.0, ori=0.0, pos=array([ 0.25, -0.15]), rgb=UNKNOWN, text='R', units='height', win=Window(...), wrapWidth=1)
16.9602 	EXP 	Created J = TextStim(__class__=<class 'psychopy.visual.text.TextStim'>, alignHoriz=method-wrapper(...), alignText='center', alignVert=method-wrapper(...), anchorHoriz='center', anchorVert='center', antialias=True, autoDraw=False, autoLog=True, bold=False, color=array([-1., -1., -1.]), colorSpace='rgb', contrast=1.0, depth=-24.0, flipHoriz=False, flipVert=False, font='Open Sans', fontFiles=[], height=0.05, italic=False, languageStyle='LTR', name='J', opacity=1.0, ori=0.0, pos=array([-0.25, -0.3 ]), rgb=UNKNOWN, text='J', units='height', win=Window(...), wrapWidth=1)
16.9646 	EXP 	Created Y = TextStim(__class__=<class 'psychopy.visual.text.TextStim'>, alignHoriz=method-wrapper(...), alignText='center', alignVert=method-wrapper(...), anchorHoriz='center', anchorVert='center', antialias=True, autoDraw=False, autoLog=True, bold=False, color=array([-1., -1., -1.]), colorSpace='rgb', contrast=1.0, depth=-25.0, flipHoriz=False, flipVert=False, font='Open Sans', fontFiles=[], height=0.05, italic=False, languageStyle='LTR', name='Y', opacity=1.0, ori=0.0, pos=array([ 0. , -0.3]), rgb=UNKNOWN, text='Y', units='height', win=Window(...), wrapWidth=1)
16.9688 	EXP 	Created T_2 = TextStim(__class__=<class 'psychopy.visual.text.TextStim'>, alignHoriz=method-wrapper(...), alignText='center', alignVert=method-wrapper(...), anchorHoriz='center', anchorVert='center', antialias=True, autoDraw=False, autoLog=True, bold=False, color=array([-1., -1., -1.]), colorSpace='rgb', contrast=1.0, depth=-26.0, flipHoriz=False, flipVert=False, font='Open Sans', fontFiles=[], height=0.05, italic=False, languageStyle='LTR', name='T_2', opacity=1.0, ori=0.0, pos=array([ 0.25, -0.3 ]), rgb=UNKNOWN, text='T', units='height', win=Window(...), wrapWidth=1)
16.9715 	EXP 	Created CLEAR = Rect(__class__=<class 'psychopy.visual.rect.Rect'>, anchor=('center', 'center'), autoDraw=False, autoLog=True, closeShape=True, color=method-wrapper(...), colorSpace='rgb', contrast=None, depth=-28.0, fillColor=array([ 1, -1, -1]), fillColorSpace='rgb', fillRGB=array([ 1, -1, -1]), interpolate=True, lineColor=array([1., 1., 1.]), lineColorSpace='rgb', lineRGB=array([1, 1, 1]), lineWidth=1.0, name='CLEAR', opacity=1.0, ori=0.0, pos=array([ 0.55, -0.05]), size=array([0.35, 0.15]), units='height', vertices=ndarray(...), win=Window(...))
16.9780 	EXP 	Created ClearText = TextStim(__class__=<class 'psychopy.visual.text.TextStim'>, alignHoriz=method-wrapper(...), alignText='center', alignVert=method-wrapper(...), anchorHoriz='center', anchorVert='center', antialias=True, autoDraw=False, autoLog=True, bold=False, color=array([-1., -1., -1.]), colorSpace='rgb', contrast=1.0, depth=-29.0, flipHoriz=False, flipVert=False, font='Open Sans', fontFiles=[], height=0.05, italic=False, languageStyle='LTR', name='ClearText', opacity=1.0, ori=0.0, pos=array([ 0.55, -0.05]), rgb=UNKNOWN, text='CLEAR', units='height', win=Window(...), wrapWidth=1)
16.9806 	EXP 	Created BLANK = Rect(__class__=<class 'psychopy.visual.rect.Rect'>, anchor=('center', 'center'), autoDraw=False, autoLog=True, closeShape=True, color=method-wrapper(...), colorSpace='rgb', contrast=None, depth=-30.0, fillColor=array([1, 1, 1]), fillColorSpace='rgb', fillRGB=array([1, 1, 1]), interpolate=True, lineColor=array([1., 1., 1.]), lineColorSpace='rgb', lineRGB=array([1, 1, 1]), lineWidth=1.0, name='BLANK', opacity=1.0, ori=0.0, pos=array([0.55, 0.15]), size=array([0.35, 0.15]), units='height', vertices=ndarray(...), win=Window(...))
16.9853 	EXP 	Created BlankText = TextStim(__class__=<class 'psychopy.visual.text.TextStim'>, alignHoriz=method-wrapper(...), alignText='center', alignVert=method-wrapper(...), anchorHoriz='center', anchorVert='center', antialias=True, autoDraw=False, autoLog=True, bold=False, color=array([-1., -1., -1.]), colorSpace='rgb', contrast=1.0, depth=-31.0, flipHoriz=False, flipVert=False, font='Open Sans', fontFiles=[], height=0.05, italic=False, languageStyle='LTR', name='BlankText', opacity=1.0, ori=0.0, pos=array([0.55, 0.15]), rgb=UNKNOWN, text='BLANK', units='height', win=Window(...), wrapWidth=1)
16.9881 	EXP 	Created ENTER = Rect(__class__=<class 'psychopy.visual.rect.Rect'>, anchor=('center', 'center'), autoDraw=False, autoLog=True, closeShape=True, color=method-wrapper(...), colorSpace='rgb', contrast=None, depth=-32.0, fillColor=array([-1.        ,  0.00392157, -1.        ]), fillColorSpace='rgb', fillRGB=array([-1.        ,  0.00392157, -1.        ]), interpolate=True, lineColor=array([1., 1., 1.]), lineColorSpace='rgb', lineRGB=array([1, 1, 1]), lineWidth=1.0, name='ENTER', opacity=1.0, ori=0.0, pos=array([ 0.55, -0.3 ]), size=array([0.35, 0.15]), units='height', vertices=ndarray(...), win=Window(...))
16.9919 	EXP 	Created EnterText = TextStim(__class__=<class 'psychopy.visual.text.TextStim'>, alignHoriz=method-wrapper(...), alignText='center', alignVert=method-wrapper(...), anchorHoriz='center', anchorVert='center', antialias=True, autoDraw=False, autoLog=True, bold=False, color=array([-1., -1., -1.]), colorSpace='rgb', contrast=1.0, depth=-33.0, flipHoriz=False, flipVert=False, font='Open Sans', fontFiles=[], height=0.05, italic=False, languageStyle='LTR', name='EnterText', opacity=1.0, ori=0.0, pos=array([ 0.55, -0.3 ]), rgb=UNKNOWN, text='ENTER', units='height', win=Window(...), wrapWidth=1)
17.0071 	EXP 	Created text_3 = TextStim(__class__=<class 'psychopy.visual.text.TextStim'>, alignHoriz=method-wrapper(...), alignText='center', alignVert=method-wrapper(...), anchorHoriz='center', anchorVert='center', antialias=True, autoDraw=False, autoLog=True, bold=False, color=array([1., 1., 1.]), colorSpace='rgb', contrast=1.0, depth=-1.0, flipHoriz=False, flipVert=False, font='Open Sans', fontFiles=[], height=0.05, italic=False, languageStyle='LTR', name='text_3', opacity=1.0, ori=0.0, pos=array([0., 0.]), rgb=UNKNOWN, text=str(...), units='height', win=Window(...), wrapWidth=1)
17.0191 	EXP 	Imported practiceletters.xlsx as conditions, 1 conditions, 1 params
17.0207 	EXP 	Created sequence: random, trialTypes=1, nReps=1, seed=None
17.0211 	EXP 	New trial (rep=0, index=0): {'letters': "K'"}
17.0548 	EXP 	letterDisp: autoDraw = True
18.0401 	EXP 	letterDisp: autoDraw = False
18.0401 	EXP 	isiText: autoDraw = True
18.2901 	EXP 	isiText: autoDraw = False
18.2901 	EXP 	text_2: autoDraw = True
19.2744 	EXP 	Created sequence: random, trialTypes=1, nReps=1, seed=None
19.2746 	EXP 	New trial (rep=0, index=0): None
19.3248 	EXP 	text_2: autoDraw = False
19.3248 	EXP 	PBox: autoDraw = True
19.3248 	EXP 	NBox2: autoDraw = True
19.3248 	EXP 	SBox2: autoDraw = True
19.3248 	EXP 	KBox2: autoDraw = True
19.3248 	EXP 	HBox: autoDraw = True
19.3248 	EXP 	FBox: autoDraw = True
19.3248 	EXP 	QBox: autoDraw = True
19.3248 	EXP 	LBox: autoDraw = True
19.3248 	EXP 	RBox: autoDraw = True
19.3248 	EXP 	TBox: autoDraw = True
19.3248 	EXP 	YBox: autoDraw = True
19.3248 	EXP 	JBox: autoDraw = True
19.3248 	EXP 	RecallINS: autoDraw = True
19.3248 	EXP 	P: autoDraw = True
19.3248 	EXP 	F_2: autoDraw = True
19.3248 	EXP 	H: autoDraw = True
19.3248 	EXP 	S: autoDraw = True
19.3248 	EXP 	K: autoDraw = True
19.3248 	EXP 	N: autoDraw = True
19.3248 	EXP 	L: autoDraw = True
19.3248 	EXP 	Q: autoDraw = True
19.3248 	EXP 	R: autoDraw = True
19.3248 	EXP 	J: autoDraw = True
19.3248 	EXP 	Y: autoDraw = True
19.3248 	EXP 	T_2: autoDraw = True
19.3248 	EXP 	CLEAR: autoDraw = True
19.3248 	EXP 	ClearText: autoDraw = True
19.3248 	EXP 	BLANK: autoDraw = True
19.3248 	EXP 	BlankText: autoDraw = True
19.3248 	EXP 	ENTER: autoDraw = True
19.3248 	EXP 	EnterText: autoDraw = True
25.9741 	DATA 	Mouse: Left button down, pos=(572,145)
26.1282 	DATA 	Mouse:  Left button up, pos=(572,145)
27.2490 	DATA 	Mouse: Left button down, pos=(570,342)
27.2965 	EXP 	KBox2: color = 'blue'
27.3371 	EXP 	KBox2: color = 'blue'
27.3748 	EXP 	KBox2: color = 'blue'
27.4125 	EXP 	KBox2: color = 'blue'
27.4436 	DATA 	Mouse:  Left button up, pos=(570,342)
27.4535 	EXP 	KBox2: color = 'blue'
27.4899 	EXP 	KBox2: color = 'blue'
27.5263 	EXP 	KBox2: color = 'blue'
27.5626 	EXP 	KBox2: color = 'blue'
27.5982 	EXP 	KBox2: color = 'blue'
27.6349 	EXP 	KBox2: color = 'blue'
27.6720 	EXP 	KBox2: color = 'blue'
27.7076 	EXP 	KBox2: color = 'blue'
27.7463 	EXP 	KBox2: color = 'blue'
27.7825 	EXP 	KBox2: color = 'blue'
27.8186 	EXP 	KBox2: color = 'blue'
27.8561 	EXP 	KBox2: color = 'blue'
27.8916 	EXP 	KBox2: color = 'blue'
27.9276 	EXP 	KBox2: color = 'blue'
27.9650 	EXP 	KBox2: color = 'blue'
28.0037 	EXP 	KBox2: color = 'blue'
28.0445 	EXP 	KBox2: color = 'blue'
28.0821 	EXP 	KBox2: color = 'blue'
28.1200 	EXP 	KBox2: color = 'blue'
28.1556 	EXP 	KBox2: color = 'blue'
28.1913 	EXP 	KBox2: color = 'blue'
28.2270 	EXP 	KBox2: color = 'blue'
28.2620 	EXP 	KBox2: color = 'blue'
28.2987 	EXP 	KBox2: color = 'blue'
28.3346 	EXP 	KBox2: color = 'blue'
28.3708 	EXP 	KBox2: color = 'blue'
28.4080 	EXP 	KBox2: color = 'blue'
28.4450 	EXP 	KBox2: color = 'blue'
28.4787 	EXP 	KBox2: color = 'blue'
28.5154 	EXP 	KBox2: color = 'blue'
28.5528 	EXP 	KBox2: color = 'blue'
28.5879 	EXP 	KBox2: color = 'blue'
28.6236 	EXP 	KBox2: color = 'blue'
28.6599 	EXP 	KBox2: color = 'blue'
28.6964 	EXP 	KBox2: color = 'blue'
28.7325 	EXP 	KBox2: color = 'blue'
28.7683 	EXP 	KBox2: color = 'blue'
28.8044 	EXP 	KBox2: color = 'blue'
28.8400 	EXP 	KBox2: color = 'blue'
28.8778 	EXP 	KBox2: color = 'blue'
28.9143 	EXP 	KBox2: color = 'blue'
28.9501 	EXP 	KBox2: color = 'blue'
28.9857 	EXP 	KBox2: color = 'blue'
29.0214 	EXP 	KBox2: color = 'blue'
29.0575 	EXP 	KBox2: color = 'blue'
29.0925 	EXP 	KBox2: color = 'blue'
29.1304 	EXP 	KBox2: color = 'blue'
29.1646 	EXP 	KBox2: color = 'blue'
29.2015 	EXP 	KBox2: color = 'blue'
29.2373 	EXP 	KBox2: color = 'blue'
29.2732 	EXP 	KBox2: color = 'blue'
29.3103 	EXP 	KBox2: color = 'blue'
29.3467 	EXP 	KBox2: color = 'blue'
29.3823 	EXP 	KBox2: color = 'blue'
29.4175 	EXP 	KBox2: color = 'blue'
29.4525 	EXP 	KBox2: color = 'blue'
29.4888 	EXP 	KBox2: color = 'blue'
29.5236 	EXP 	KBox2: color = 'blue'
29.5617 	EXP 	KBox2: color = 'blue'
29.5968 	EXP 	KBox2: color = 'blue'
29.6326 	EXP 	KBox2: color = 'blue'
29.6687 	EXP 	KBox2: color = 'blue'
29.7049 	EXP 	KBox2: color = 'blue'
29.7434 	EXP 	KBox2: color = 'blue'
29.7798 	EXP 	KBox2: color = 'blue'
29.8189 	EXP 	KBox2: color = 'blue'
29.8571 	EXP 	KBox2: color = 'blue'
29.8973 	EXP 	KBox2: color = 'blue'
29.9329 	EXP 	KBox2: color = 'blue'
29.9698 	EXP 	KBox2: color = 'blue'
30.0003 	DATA 	Mouse: Left button down, pos=(558,241)
30.0098 	EXP 	KBox2: color = 'blue'
30.0477 	EXP 	KBox2: color = 'blue'
30.0477 	EXP 	YBox: color = 'blue'
30.0888 	EXP 	KBox2: color = 'blue'
30.0888 	EXP 	YBox: color = 'blue'
30.1270 	EXP 	KBox2: color = 'blue'
30.1270 	EXP 	YBox: color = 'blue'
30.1657 	EXP 	KBox2: color = 'blue'
30.1657 	EXP 	YBox: color = 'blue'
30.1976 	DATA 	Mouse:  Left button up, pos=(558,241)
30.2064 	EXP 	KBox2: color = 'blue'
30.2064 	EXP 	YBox: color = 'blue'
30.2443 	EXP 	KBox2: color = 'blue'
30.2443 	EXP 	YBox: color = 'blue'
30.2815 	EXP 	KBox2: color = 'blue'
30.2815 	EXP 	YBox: color = 'blue'
30.3188 	EXP 	KBox2: color = 'blue'
30.3188 	EXP 	YBox: color = 'blue'
30.3569 	EXP 	KBox2: color = 'blue'
30.3569 	EXP 	YBox: color = 'blue'
30.3924 	EXP 	KBox2: color = 'blue'
30.3924 	EXP 	YBox: color = 'blue'
30.4301 	EXP 	KBox2: color = 'blue'
30.4301 	EXP 	YBox: color = 'blue'
30.4679 	EXP 	KBox2: color = 'blue'
30.4679 	EXP 	YBox: color = 'blue'
30.5036 	EXP 	KBox2: color = 'blue'
30.5036 	EXP 	YBox: color = 'blue'
30.5409 	EXP 	KBox2: color = 'blue'
30.5409 	EXP 	YBox: color = 'blue'
30.5787 	EXP 	KBox2: color = 'blue'
30.5787 	EXP 	YBox: color = 'blue'
30.6145 	EXP 	KBox2: color = 'blue'
30.6145 	EXP 	YBox: color = 'blue'
30.6516 	EXP 	KBox2: color = 'blue'
30.6516 	EXP 	YBox: color = 'blue'
30.6885 	EXP 	KBox2: color = 'blue'
30.6885 	EXP 	YBox: color = 'blue'
30.7269 	EXP 	KBox2: color = 'blue'
30.7269 	EXP 	YBox: color = 'blue'
30.7634 	EXP 	KBox2: color = 'blue'
30.7634 	EXP 	YBox: color = 'blue'
30.7995 	EXP 	KBox2: color = 'blue'
30.7995 	EXP 	YBox: color = 'blue'
30.8377 	EXP 	KBox2: color = 'blue'
30.8377 	EXP 	YBox: color = 'blue'
30.8744 	EXP 	KBox2: color = 'blue'
30.8744 	EXP 	YBox: color = 'blue'
30.9121 	EXP 	KBox2: color = 'blue'
30.9121 	EXP 	YBox: color = 'blue'
30.9485 	EXP 	KBox2: color = 'blue'
30.9485 	EXP 	YBox: color = 'blue'
30.9865 	EXP 	KBox2: color = 'blue'
30.9865 	EXP 	YBox: color = 'blue'
31.0234 	EXP 	KBox2: color = 'blue'
31.0234 	EXP 	YBox: color = 'blue'
31.0609 	EXP 	KBox2: color = 'blue'
31.0609 	EXP 	YBox: color = 'blue'
31.0957 	EXP 	KBox2: color = 'blue'
31.0957 	EXP 	YBox: color = 'blue'
31.1328 	EXP 	KBox2: color = 'blue'
31.1328 	EXP 	YBox: color = 'blue'
31.1685 	EXP 	KBox2: color = 'blue'
31.1685 	EXP 	YBox: color = 'blue'
31.2064 	EXP 	KBox2: color = 'blue'
31.2064 	EXP 	YBox: color = 'blue'
31.2427 	EXP 	KBox2: color = 'blue'
31.2427 	EXP 	YBox: color = 'blue'
31.2813 	EXP 	KBox2: color = 'blue'
31.2813 	EXP 	YBox: color = 'blue'
31.3208 	EXP 	KBox2: color = 'blue'
31.3208 	EXP 	YBox: color = 'blue'
31.3613 	EXP 	KBox2: color = 'blue'
31.3613 	EXP 	YBox: color = 'blue'
31.4009 	EXP 	KBox2: color = 'blue'
31.4009 	EXP 	YBox: color = 'blue'
31.4400 	EXP 	KBox2: color = 'blue'
31.4400 	EXP 	YBox: color = 'blue'
31.4812 	EXP 	KBox2: color = 'blue'
31.4812 	EXP 	YBox: color = 'blue'
31.5205 	EXP 	KBox2: color = 'blue'
31.5205 	EXP 	YBox: color = 'blue'
31.5614 	EXP 	KBox2: color = 'blue'
31.5614 	EXP 	YBox: color = 'blue'
31.6000 	EXP 	KBox2: color = 'blue'
31.6000 	EXP 	YBox: color = 'blue'
31.6385 	EXP 	KBox2: color = 'blue'
31.6385 	EXP 	YBox: color = 'blue'
31.6789 	EXP 	KBox2: color = 'blue'
31.6789 	EXP 	YBox: color = 'blue'
31.7161 	EXP 	KBox2: color = 'blue'
31.7161 	EXP 	YBox: color = 'blue'
31.7551 	EXP 	KBox2: color = 'blue'
31.7551 	EXP 	YBox: color = 'blue'
31.7847 	DATA 	Mouse: Left button down, pos=(402,252)
31.7931 	EXP 	KBox2: color = 'blue'
31.7931 	EXP 	YBox: color = 'blue'
31.8338 	EXP 	KBox2: color = 'blue'
31.8338 	EXP 	YBox: color = 'blue'
31.8730 	EXP 	KBox2: color = 'blue'
31.8730 	EXP 	YBox: color = 'blue'
31.9142 	EXP 	KBox2: color = 'blue'
31.9142 	EXP 	YBox: color = 'blue'
31.9151 	DATA 	Mouse:  Left button up, pos=(402,252)
31.9517 	EXP 	KBox2: color = 'blue'
31.9517 	EXP 	YBox: color = 'blue'
31.9886 	EXP 	KBox2: color = 'blue'
31.9886 	EXP 	YBox: color = 'blue'
32.0273 	EXP 	KBox2: color = 'blue'
32.0273 	EXP 	YBox: color = 'blue'
32.0750 	EXP 	KBox2: color = 'blue'
32.0750 	EXP 	YBox: color = 'blue'
32.1141 	EXP 	KBox2: color = 'blue'
32.1141 	EXP 	YBox: color = 'blue'
32.1507 	EXP 	KBox2: color = 'blue'
32.1507 	EXP 	YBox: color = 'blue'
32.1884 	EXP 	KBox2: color = 'blue'
32.1884 	EXP 	YBox: color = 'blue'
32.2267 	EXP 	KBox2: color = 'blue'
32.2267 	EXP 	YBox: color = 'blue'
32.2640 	EXP 	KBox2: color = 'blue'
32.2640 	EXP 	YBox: color = 'blue'
32.3005 	EXP 	KBox2: color = 'blue'
32.3005 	EXP 	YBox: color = 'blue'
32.3367 	EXP 	KBox2: color = 'blue'
32.3367 	EXP 	YBox: color = 'blue'
32.3733 	EXP 	KBox2: color = 'blue'
32.3733 	EXP 	YBox: color = 'blue'
32.4109 	EXP 	KBox2: color = 'blue'
32.4109 	EXP 	YBox: color = 'blue'
32.4472 	EXP 	KBox2: color = 'blue'
32.4472 	EXP 	YBox: color = 'blue'
32.4836 	EXP 	KBox2: color = 'blue'
32.4836 	EXP 	YBox: color = 'blue'
32.5206 	EXP 	KBox2: color = 'blue'
32.5206 	EXP 	YBox: color = 'blue'
32.5611 	EXP 	KBox2: color = 'blue'
32.5611 	EXP 	YBox: color = 'blue'
32.5999 	EXP 	KBox2: color = 'blue'
32.5999 	EXP 	YBox: color = 'blue'
32.6381 	EXP 	KBox2: color = 'blue'
32.6381 	EXP 	YBox: color = 'blue'
32.6787 	EXP 	KBox2: color = 'blue'
32.6787 	EXP 	YBox: color = 'blue'
32.7168 	EXP 	KBox2: color = 'blue'
32.7168 	EXP 	YBox: color = 'blue'
32.7551 	EXP 	KBox2: color = 'blue'
32.7551 	EXP 	YBox: color = 'blue'
32.7955 	EXP 	KBox2: color = 'blue'
32.7955 	EXP 	YBox: color = 'blue'
32.8339 	EXP 	KBox2: color = 'blue'
32.8339 	EXP 	YBox: color = 'blue'
32.8717 	EXP 	KBox2: color = 'blue'
32.8717 	EXP 	YBox: color = 'blue'
32.9099 	EXP 	KBox2: color = 'blue'
32.9099 	EXP 	YBox: color = 'blue'
32.9468 	EXP 	KBox2: color = 'blue'
32.9468 	EXP 	YBox: color = 'blue'
32.9477 	DATA 	Mouse: Left button down, pos=(393,450)
32.9864 	EXP 	KBox2: color = 'blue'
32.9864 	EXP 	YBox: color = 'blue'
33.0268 	EXP 	KBox2: color = 'blue'
33.0268 	EXP 	YBox: color = 'blue'
33.0655 	EXP 	KBox2: color = 'blue'
33.0655 	EXP 	YBox: color = 'blue'
33.0971 	DATA 	Mouse:  Left button up, pos=(393,450)
33.1058 	EXP 	KBox2: color = 'blue'
33.1058 	EXP 	YBox: color = 'blue'
33.1441 	EXP 	KBox2: color = 'blue'
33.1441 	EXP 	YBox: color = 'blue'
33.1793 	EXP 	KBox2: color = 'blue'
33.1793 	EXP 	YBox: color = 'blue'
33.2164 	EXP 	KBox2: color = 'blue'
33.2164 	EXP 	YBox: color = 'blue'
33.2534 	EXP 	KBox2: color = 'blue'
33.2534 	EXP 	YBox: color = 'blue'
33.2896 	EXP 	KBox2: color = 'blue'
33.2896 	EXP 	YBox: color = 'blue'
33.3274 	EXP 	KBox2: color = 'blue'
33.3274 	EXP 	YBox: color = 'blue'
33.3637 	EXP 	KBox2: color = 'blue'
33.3637 	EXP 	YBox: color = 'blue'
33.4009 	EXP 	KBox2: color = 'blue'
33.4009 	EXP 	YBox: color = 'blue'
33.4399 	EXP 	KBox2: color = 'blue'
33.4399 	EXP 	YBox: color = 'blue'
33.4804 	EXP 	KBox2: color = 'blue'
33.4804 	EXP 	YBox: color = 'blue'
33.5191 	EXP 	KBox2: color = 'blue'
33.5191 	EXP 	YBox: color = 'blue'
33.5595 	EXP 	KBox2: color = 'blue'
33.5595 	EXP 	YBox: color = 'blue'
33.5987 	EXP 	KBox2: color = 'blue'
33.5987 	EXP 	YBox: color = 'blue'
33.6383 	EXP 	KBox2: color = 'blue'
33.6383 	EXP 	YBox: color = 'blue'
33.6751 	EXP 	KBox2: color = 'blue'
33.6751 	EXP 	YBox: color = 'blue'
33.7122 	EXP 	KBox2: color = 'blue'
33.7122 	EXP 	YBox: color = 'blue'
33.7527 	EXP 	KBox2: color = 'blue'
33.7527 	EXP 	YBox: color = 'blue'
33.7942 	EXP 	KBox2: color = 'blue'
33.7942 	EXP 	YBox: color = 'blue'
33.8329 	EXP 	KBox2: color = 'blue'
33.8329 	EXP 	YBox: color = 'blue'
33.8728 	EXP 	KBox2: color = 'blue'
33.8728 	EXP 	YBox: color = 'blue'
33.9137 	EXP 	KBox2: color = 'blue'
33.9137 	EXP 	YBox: color = 'blue'
33.9431 	DATA 	Mouse: Left button down, pos=(714,456)
33.9518 	EXP 	KBox2: color = 'blue'
33.9518 	EXP 	YBox: color = 'blue'
33.9928 	EXP 	KBox2: color = 'blue'
33.9928 	EXP 	YBox: color = 'blue'
34.0318 	EXP 	KBox2: color = 'blue'
34.0318 	EXP 	YBox: color = 'blue'
34.0631 	DATA 	Mouse:  Left button up, pos=(714,456)
34.0724 	EXP 	KBox2: color = 'blue'
34.0724 	EXP 	YBox: color = 'blue'
34.1102 	EXP 	KBox2: color = 'blue'
34.1102 	EXP 	YBox: color = 'blue'
34.1473 	EXP 	KBox2: color = 'blue'
34.1473 	EXP 	YBox: color = 'blue'
34.1844 	EXP 	KBox2: color = 'blue'
34.1844 	EXP 	YBox: color = 'blue'
34.2209 	EXP 	KBox2: color = 'blue'
34.2209 	EXP 	YBox: color = 'blue'
34.2577 	EXP 	KBox2: color = 'blue'
34.2577 	EXP 	YBox: color = 'blue'
34.2978 	EXP 	KBox2: color = 'blue'
34.2978 	EXP 	YBox: color = 'blue'
34.3369 	EXP 	KBox2: color = 'blue'
34.3369 	EXP 	YBox: color = 'blue'
34.3781 	EXP 	KBox2: color = 'blue'
34.3781 	EXP 	YBox: color = 'blue'
34.4148 	EXP 	KBox2: color = 'blue'
34.4148 	EXP 	YBox: color = 'blue'
34.4525 	EXP 	KBox2: color = 'blue'
34.4525 	EXP 	YBox: color = 'blue'
34.4896 	EXP 	KBox2: color = 'blue'
34.4896 	EXP 	YBox: color = 'blue'
34.5282 	EXP 	KBox2: color = 'blue'
34.5282 	EXP 	YBox: color = 'blue'
34.5649 	EXP 	KBox2: color = 'blue'
34.5649 	EXP 	YBox: color = 'blue'
34.5658 	DATA 	Mouse: Left button down, pos=(943,473)
34.6048 	EXP 	KBox2: color = 'blue'
34.6048 	EXP 	YBox: color = 'blue'
34.6453 	EXP 	KBox2: color = 'blue'
34.6453 	EXP 	YBox: color = 'blue'
34.6829 	EXP 	KBox2: color = 'blue'
34.6829 	EXP 	YBox: color = 'blue'
34.7151 	DATA 	Mouse:  Left button up, pos=(943,473)
34.7236 	EXP 	KBox2: color = 'blue'
34.7236 	EXP 	YBox: color = 'blue'
34.7596 	EXP 	KBox2: color = 'blue'
34.7596 	EXP 	YBox: color = 'blue'
34.7973 	EXP 	KBox2: color = 'blue'
34.7973 	EXP 	YBox: color = 'blue'
34.8341 	EXP 	KBox2: color = 'blue'
34.8341 	EXP 	YBox: color = 'blue'
34.8706 	EXP 	KBox2: color = 'blue'
34.8706 	EXP 	YBox: color = 'blue'
34.9076 	EXP 	KBox2: color = 'blue'
34.9076 	EXP 	YBox: color = 'blue'
34.9439 	EXP 	KBox2: color = 'blue'
34.9439 	EXP 	YBox: color = 'blue'
34.9840 	EXP 	KBox2: color = 'blue'
34.9840 	EXP 	YBox: color = 'blue'
35.0228 	EXP 	KBox2: color = 'blue'
35.0228 	EXP 	YBox: color = 'blue'
35.0633 	EXP 	KBox2: color = 'blue'
35.0633 	EXP 	YBox: color = 'blue'
35.1021 	EXP 	KBox2: color = 'blue'
35.1021 	EXP 	YBox: color = 'blue'
35.1408 	EXP 	KBox2: color = 'blue'
35.1408 	EXP 	YBox: color = 'blue'
35.1814 	EXP 	KBox2: color = 'blue'
35.1814 	EXP 	YBox: color = 'blue'
35.2187 	EXP 	KBox2: color = 'blue'
35.2187 	EXP 	YBox: color = 'blue'
35.2600 	EXP 	KBox2: color = 'blue'
35.2600 	EXP 	YBox: color = 'blue'
35.2970 	EXP 	KBox2: color = 'blue'
35.2970 	EXP 	YBox: color = 'blue'
35.3367 	EXP 	KBox2: color = 'blue'
35.3367 	EXP 	YBox: color = 'blue'
35.3773 	EXP 	KBox2: color = 'blue'
35.3773 	EXP 	YBox: color = 'blue'
35.4137 	EXP 	KBox2: color = 'blue'
35.4137 	EXP 	YBox: color = 'blue'
35.4153 	DATA 	Mouse: Left button down, pos=(746,356)
35.4548 	EXP 	KBox2: color = 'blue'
35.4548 	EXP 	YBox: color = 'blue'
35.4955 	EXP 	KBox2: color = 'blue'
35.4955 	EXP 	YBox: color = 'blue'
35.4962 	DATA 	Mouse:  Left button up, pos=(746,356)
35.5327 	EXP 	KBox2: color = 'blue'
35.5327 	EXP 	YBox: color = 'blue'
35.5687 	EXP 	KBox2: color = 'blue'
35.5687 	EXP 	YBox: color = 'blue'
35.6054 	EXP 	KBox2: color = 'blue'
35.6054 	EXP 	YBox: color = 'blue'
35.6429 	EXP 	KBox2: color = 'blue'
35.6429 	EXP 	YBox: color = 'blue'
35.6805 	EXP 	KBox2: color = 'blue'
35.6805 	EXP 	YBox: color = 'blue'
35.7166 	EXP 	KBox2: color = 'blue'
35.7166 	EXP 	YBox: color = 'blue'
35.7531 	EXP 	KBox2: color = 'blue'
35.7531 	EXP 	YBox: color = 'blue'
35.7910 	EXP 	KBox2: color = 'blue'
35.7910 	EXP 	YBox: color = 'blue'
35.8289 	EXP 	KBox2: color = 'blue'
35.8289 	EXP 	YBox: color = 'blue'
35.8641 	EXP 	KBox2: color = 'blue'
35.8641 	EXP 	YBox: color = 'blue'
35.9008 	EXP 	KBox2: color = 'blue'
35.9008 	EXP 	YBox: color = 'blue'
35.9378 	EXP 	KBox2: color = 'blue'
35.9378 	EXP 	YBox: color = 'blue'
35.9744 	EXP 	KBox2: color = 'blue'
35.9744 	EXP 	YBox: color = 'blue'
36.0121 	EXP 	KBox2: color = 'blue'
36.0121 	EXP 	YBox: color = 'blue'
36.0484 	EXP 	KBox2: color = 'blue'
36.0484 	EXP 	YBox: color = 'blue'
36.0837 	EXP 	KBox2: color = 'blue'
36.0837 	EXP 	YBox: color = 'blue'
36.1206 	EXP 	KBox2: color = 'blue'
36.1206 	EXP 	YBox: color = 'blue'
36.1574 	EXP 	KBox2: color = 'blue'
36.1574 	EXP 	YBox: color = 'blue'
36.1953 	EXP 	KBox2: color = 'blue'
36.1953 	EXP 	YBox: color = 'blue'
36.2306 	EXP 	KBox2: color = 'blue'
36.2306 	EXP 	YBox: color = 'blue'
36.2676 	EXP 	KBox2: color = 'blue'
36.2676 	EXP 	YBox: color = 'blue'
36.3038 	EXP 	KBox2: color = 'blue'
36.3038 	EXP 	YBox: color = 'blue'
36.3395 	EXP 	KBox2: color = 'blue'
36.3395 	EXP 	YBox: color = 'blue'
36.3780 	EXP 	KBox2: color = 'blue'
36.3780 	EXP 	YBox: color = 'blue'
36.4135 	EXP 	KBox2: color = 'blue'
36.4135 	EXP 	YBox: color = 'blue'
36.4509 	EXP 	KBox2: color = 'blue'
36.4509 	EXP 	YBox: color = 'blue'
36.4876 	EXP 	KBox2: color = 'blue'
36.4876 	EXP 	YBox: color = 'blue'
36.5238 	EXP 	KBox2: color = 'blue'
36.5238 	EXP 	YBox: color = 'blue'
36.5619 	EXP 	KBox2: color = 'blue'
36.5619 	EXP 	YBox: color = 'blue'
36.5985 	EXP 	KBox2: color = 'blue'
36.5985 	EXP 	YBox: color = 'blue'
36.6367 	EXP 	KBox2: color = 'blue'
36.6367 	EXP 	YBox: color = 'blue'
36.6733 	EXP 	KBox2: color = 'blue'
36.6733 	EXP 	YBox: color = 'blue'
36.7109 	EXP 	KBox2: color = 'blue'
36.7109 	EXP 	YBox: color = 'blue'
36.7467 	EXP 	KBox2: color = 'blue'
36.7467 	EXP 	YBox: color = 'blue'
36.7848 	EXP 	KBox2: color = 'blue'
36.7848 	EXP 	YBox: color = 'blue'
36.8209 	EXP 	KBox2: color = 'blue'
36.8209 	EXP 	YBox: color = 'blue'
36.8574 	EXP 	KBox2: color = 'blue'
36.8574 	EXP 	YBox: color = 'blue'
36.8952 	EXP 	KBox2: color = 'blue'
36.8952 	EXP 	YBox: color = 'blue'
36.9305 	EXP 	KBox2: color = 'blue'
36.9305 	EXP 	YBox: color = 'blue'
36.9665 	EXP 	KBox2: color = 'blue'
36.9665 	EXP 	YBox: color = 'blue'
37.0037 	EXP 	KBox2: color = 'blue'
37.0037 	EXP 	YBox: color = 'blue'
37.0407 	EXP 	KBox2: color = 'blue'
37.0407 	EXP 	YBox: color = 'blue'
37.0768 	EXP 	KBox2: color = 'blue'
37.0768 	EXP 	YBox: color = 'blue'
37.1143 	EXP 	KBox2: color = 'blue'
37.1143 	EXP 	YBox: color = 'blue'
37.1504 	EXP 	KBox2: color = 'blue'
37.1504 	EXP 	YBox: color = 'blue'
37.1883 	EXP 	KBox2: color = 'blue'
37.1883 	EXP 	YBox: color = 'blue'
37.2237 	EXP 	KBox2: color = 'blue'
37.2237 	EXP 	YBox: color = 'blue'
37.2621 	EXP 	KBox2: color = 'blue'
37.2621 	EXP 	YBox: color = 'blue'
37.2983 	EXP 	KBox2: color = 'blue'
37.2983 	EXP 	YBox: color = 'blue'
37.3349 	EXP 	KBox2: color = 'blue'
37.3349 	EXP 	YBox: color = 'blue'
37.3714 	EXP 	KBox2: color = 'blue'
37.3714 	EXP 	YBox: color = 'blue'
37.4092 	EXP 	KBox2: color = 'blue'
37.4092 	EXP 	YBox: color = 'blue'
37.4471 	EXP 	KBox2: color = 'blue'
37.4471 	EXP 	YBox: color = 'blue'
37.4834 	EXP 	KBox2: color = 'blue'
37.4834 	EXP 	YBox: color = 'blue'
37.5196 	EXP 	KBox2: color = 'blue'
37.5196 	EXP 	YBox: color = 'blue'
37.5563 	EXP 	KBox2: color = 'blue'
37.5563 	EXP 	YBox: color = 'blue'
37.5941 	EXP 	KBox2: color = 'blue'
37.5941 	EXP 	YBox: color = 'blue'
37.6297 	EXP 	KBox2: color = 'blue'
37.6297 	EXP 	YBox: color = 'blue'
37.6669 	EXP 	KBox2: color = 'blue'
37.6669 	EXP 	YBox: color = 'blue'
37.7026 	EXP 	KBox2: color = 'blue'
37.7026 	EXP 	YBox: color = 'blue'
37.7403 	EXP 	KBox2: color = 'blue'
37.7403 	EXP 	YBox: color = 'blue'
37.7766 	EXP 	KBox2: color = 'blue'
37.7766 	EXP 	YBox: color = 'blue'
37.8144 	EXP 	KBox2: color = 'blue'
37.8144 	EXP 	YBox: color = 'blue'
37.8529 	EXP 	KBox2: color = 'blue'
37.8529 	EXP 	YBox: color = 'blue'
37.8896 	EXP 	KBox2: color = 'blue'
37.8896 	EXP 	YBox: color = 'blue'
37.9255 	EXP 	KBox2: color = 'blue'
37.9255 	EXP 	YBox: color = 'blue'
37.9642 	EXP 	KBox2: color = 'blue'
37.9642 	EXP 	YBox: color = 'blue'
38.0005 	EXP 	KBox2: color = 'blue'
38.0005 	EXP 	YBox: color = 'blue'
38.0366 	EXP 	KBox2: color = 'blue'
38.0366 	EXP 	YBox: color = 'blue'
38.0740 	EXP 	KBox2: color = 'blue'
38.0740 	EXP 	YBox: color = 'blue'
38.1096 	EXP 	KBox2: color = 'blue'
38.1096 	EXP 	YBox: color = 'blue'
38.1467 	EXP 	KBox2: color = 'blue'
38.1467 	EXP 	YBox: color = 'blue'
38.1826 	EXP 	KBox2: color = 'blue'
38.1826 	EXP 	YBox: color = 'blue'
38.2188 	EXP 	KBox2: color = 'blue'
38.2188 	EXP 	YBox: color = 'blue'
38.2547 	EXP 	KBox2: color = 'blue'
38.2547 	EXP 	YBox: color = 'blue'
38.2931 	EXP 	KBox2: color = 'blue'
38.2931 	EXP 	YBox: color = 'blue'
38.3286 	EXP 	KBox2: color = 'blue'
38.3286 	EXP 	YBox: color = 'blue'
38.3664 	EXP 	KBox2: color = 'blue'
38.3664 	EXP 	YBox: color = 'blue'
38.4027 	EXP 	KBox2: color = 'blue'
38.4027 	EXP 	YBox: color = 'blue'
38.4385 	EXP 	KBox2: color = 'blue'
38.4385 	EXP 	YBox: color = 'blue'
38.4771 	EXP 	KBox2: color = 'blue'
38.4771 	EXP 	YBox: color = 'blue'
38.5143 	EXP 	KBox2: color = 'blue'
38.5143 	EXP 	YBox: color = 'blue'
38.5495 	EXP 	KBox2: color = 'blue'
38.5495 	EXP 	YBox: color = 'blue'
38.5867 	EXP 	KBox2: color = 'blue'
38.5867 	EXP 	YBox: color = 'blue'
38.6234 	EXP 	KBox2: color = 'blue'
38.6234 	EXP 	YBox: color = 'blue'
38.6613 	EXP 	KBox2: color = 'blue'
38.6613 	EXP 	YBox: color = 'blue'
38.6965 	EXP 	KBox2: color = 'blue'
38.6965 	EXP 	YBox: color = 'blue'
38.7337 	EXP 	KBox2: color = 'blue'
38.7337 	EXP 	YBox: color = 'blue'
38.7686 	EXP 	KBox2: color = 'blue'
38.7686 	EXP 	YBox: color = 'blue'
38.8058 	EXP 	KBox2: color = 'blue'
38.8058 	EXP 	YBox: color = 'blue'
38.8438 	EXP 	KBox2: color = 'blue'
38.8438 	EXP 	YBox: color = 'blue'
38.8809 	EXP 	KBox2: color = 'blue'
38.8809 	EXP 	YBox: color = 'blue'
38.9167 	EXP 	KBox2: color = 'blue'
38.9167 	EXP 	YBox: color = 'blue'
38.9536 	EXP 	KBox2: color = 'blue'
38.9536 	EXP 	YBox: color = 'blue'
38.9896 	EXP 	KBox2: color = 'blue'
38.9896 	EXP 	YBox: color = 'blue'
39.0280 	EXP 	KBox2: color = 'blue'
39.0280 	EXP 	YBox: color = 'blue'
39.0639 	EXP 	KBox2: color = 'blue'
39.0639 	EXP 	YBox: color = 'blue'
39.1006 	EXP 	KBox2: color = 'blue'
39.1006 	EXP 	YBox: color = 'blue'
39.1375 	EXP 	KBox2: color = 'blue'
39.1375 	EXP 	YBox: color = 'blue'
39.1736 	EXP 	KBox2: color = 'blue'
39.1736 	EXP 	YBox: color = 'blue'
39.2130 	EXP 	KBox2: color = 'blue'
39.2130 	EXP 	YBox: color = 'blue'
39.2493 	EXP 	KBox2: color = 'blue'
39.2493 	EXP 	YBox: color = 'blue'
39.2857 	EXP 	KBox2: color = 'blue'
39.2857 	EXP 	YBox: color = 'blue'
39.3226 	EXP 	KBox2: color = 'blue'
39.3226 	EXP 	YBox: color = 'blue'
39.3591 	EXP 	KBox2: color = 'blue'
39.3591 	EXP 	YBox: color = 'blue'
39.3968 	EXP 	KBox2: color = 'blue'
39.3968 	EXP 	YBox: color = 'blue'
39.4330 	EXP 	KBox2: color = 'blue'
39.4330 	EXP 	YBox: color = 'blue'
39.4719 	EXP 	KBox2: color = 'blue'
39.4719 	EXP 	YBox: color = 'blue'
39.5085 	EXP 	KBox2: color = 'blue'
39.5085 	EXP 	YBox: color = 'blue'
39.5479 	EXP 	KBox2: color = 'blue'
39.5479 	EXP 	YBox: color = 'blue'
39.5828 	EXP 	KBox2: color = 'blue'
39.5828 	EXP 	YBox: color = 'blue'
39.6188 	EXP 	KBox2: color = 'blue'
39.6188 	EXP 	YBox: color = 'blue'
39.6562 	EXP 	KBox2: color = 'blue'
39.6562 	EXP 	YBox: color = 'blue'
39.6941 	EXP 	KBox2: color = 'blue'
39.6941 	EXP 	YBox: color = 'blue'
39.7299 	EXP 	KBox2: color = 'blue'
39.7299 	EXP 	YBox: color = 'blue'
39.7678 	EXP 	KBox2: color = 'blue'
39.7678 	EXP 	YBox: color = 'blue'
39.8043 	EXP 	KBox2: color = 'blue'
39.8043 	EXP 	YBox: color = 'blue'
39.8409 	EXP 	KBox2: color = 'blue'
39.8409 	EXP 	YBox: color = 'blue'
39.8791 	EXP 	KBox2: color = 'blue'
39.8791 	EXP 	YBox: color = 'blue'
39.9147 	EXP 	KBox2: color = 'blue'
39.9147 	EXP 	YBox: color = 'blue'
39.9515 	EXP 	KBox2: color = 'blue'
39.9515 	EXP 	YBox: color = 'blue'
39.9886 	EXP 	KBox2: color = 'blue'
39.9886 	EXP 	YBox: color = 'blue'
40.0267 	EXP 	KBox2: color = 'blue'
40.0267 	EXP 	YBox: color = 'blue'
40.0642 	EXP 	KBox2: color = 'blue'
40.0642 	EXP 	YBox: color = 'blue'
40.0997 	EXP 	KBox2: color = 'blue'
40.0997 	EXP 	YBox: color = 'blue'
40.1378 	EXP 	KBox2: color = 'blue'
40.1378 	EXP 	YBox: color = 'blue'
40.1744 	EXP 	KBox2: color = 'blue'
40.1744 	EXP 	YBox: color = 'blue'
40.2131 	EXP 	KBox2: color = 'blue'
40.2131 	EXP 	YBox: color = 'blue'
40.2492 	EXP 	KBox2: color = 'blue'
40.2492 	EXP 	YBox: color = 'blue'
40.2853 	EXP 	KBox2: color = 'blue'
40.2853 	EXP 	YBox: color = 'blue'
40.3226 	EXP 	KBox2: color = 'blue'
40.3226 	EXP 	YBox: color = 'blue'
40.3608 	EXP 	KBox2: color = 'blue'
40.3608 	EXP 	YBox: color = 'blue'
40.3972 	EXP 	KBox2: color = 'blue'
40.3972 	EXP 	YBox: color = 'blue'
40.4338 	EXP 	KBox2: color = 'blue'
40.4338 	EXP 	YBox: color = 'blue'
40.4702 	EXP 	KBox2: color = 'blue'
40.4702 	EXP 	YBox: color = 'blue'
40.5067 	EXP 	KBox2: color = 'blue'
40.5067 	EXP 	YBox: color = 'blue'
40.5425 	EXP 	KBox2: color = 'blue'
40.5425 	EXP 	YBox: color = 'blue'
40.5810 	EXP 	KBox2: color = 'blue'
40.5810 	EXP 	YBox: color = 'blue'
40.6169 	EXP 	KBox2: color = 'blue'
40.6169 	EXP 	YBox: color = 'blue'
40.6523 	EXP 	KBox2: color = 'blue'
40.6523 	EXP 	YBox: color = 'blue'
40.6886 	EXP 	KBox2: color = 'blue'
40.6886 	EXP 	YBox: color = 'blue'
40.7268 	EXP 	KBox2: color = 'blue'
40.7268 	EXP 	YBox: color = 'blue'
40.7641 	EXP 	KBox2: color = 'blue'
40.7641 	EXP 	YBox: color = 'blue'
40.7998 	EXP 	KBox2: color = 'blue'
40.7998 	EXP 	YBox: color = 'blue'
40.8367 	EXP 	KBox2: color = 'blue'
40.8367 	EXP 	YBox: color = 'blue'
40.8745 	EXP 	KBox2: color = 'blue'
40.8745 	EXP 	YBox: color = 'blue'
40.9128 	EXP 	KBox2: color = 'blue'
40.9128 	EXP 	YBox: color = 'blue'
40.9487 	EXP 	KBox2: color = 'blue'
40.9487 	EXP 	YBox: color = 'blue'
40.9855 	EXP 	KBox2: color = 'blue'
40.9855 	EXP 	YBox: color = 'blue'
41.0218 	EXP 	KBox2: color = 'blue'
41.0218 	EXP 	YBox: color = 'blue'
41.0575 	EXP 	KBox2: color = 'blue'
41.0575 	EXP 	YBox: color = 'blue'
41.0962 	EXP 	KBox2: color = 'blue'
41.0962 	EXP 	YBox: color = 'blue'
41.1325 	EXP 	KBox2: color = 'blue'
41.1325 	EXP 	YBox: color = 'blue'
41.1694 	EXP 	KBox2: color = 'blue'
41.1694 	EXP 	YBox: color = 'blue'
41.2058 	EXP 	KBox2: color = 'blue'
41.2058 	EXP 	YBox: color = 'blue'
41.2439 	EXP 	KBox2: color = 'blue'
41.2439 	EXP 	YBox: color = 'blue'
41.2807 	EXP 	KBox2: color = 'blue'
41.2807 	EXP 	YBox: color = 'blue'
41.3173 	EXP 	KBox2: color = 'blue'
41.3173 	EXP 	YBox: color = 'blue'
41.3524 	EXP 	KBox2: color = 'blue'
41.3524 	EXP 	YBox: color = 'blue'
41.3898 	EXP 	KBox2: color = 'blue'
41.3898 	EXP 	YBox: color = 'blue'
41.4277 	EXP 	KBox2: color = 'blue'
41.4277 	EXP 	YBox: color = 'blue'
41.4635 	EXP 	KBox2: color = 'blue'
41.4635 	EXP 	YBox: color = 'blue'
41.4998 	EXP 	KBox2: color = 'blue'
41.4998 	EXP 	YBox: color = 'blue'
41.5369 	EXP 	KBox2: color = 'blue'
41.5369 	EXP 	YBox: color = 'blue'
41.5767 	EXP 	KBox2: color = 'blue'
41.5767 	EXP 	YBox: color = 'blue'
41.6119 	EXP 	KBox2: color = 'blue'
41.6119 	EXP 	YBox: color = 'blue'
41.6493 	EXP 	KBox2: color = 'blue'
41.6493 	EXP 	YBox: color = 'blue'
41.6859 	EXP 	KBox2: color = 'blue'
41.6859 	EXP 	YBox: color = 'blue'
41.7233 	EXP 	KBox2: color = 'blue'
41.7233 	EXP 	YBox: color = 'blue'
41.7613 	EXP 	KBox2: color = 'blue'
41.7613 	EXP 	YBox: color = 'blue'
41.7973 	EXP 	KBox2: color = 'blue'
41.7973 	EXP 	YBox: color = 'blue'
41.8327 	EXP 	KBox2: color = 'blue'
41.8327 	EXP 	YBox: color = 'blue'
41.8687 	EXP 	KBox2: color = 'blue'
41.8687 	EXP 	YBox: color = 'blue'
41.9058 	EXP 	KBox2: color = 'blue'
41.9058 	EXP 	YBox: color = 'blue'
41.9438 	EXP 	KBox2: color = 'blue'
41.9438 	EXP 	YBox: color = 'blue'
41.9810 	EXP 	KBox2: color = 'blue'
41.9810 	EXP 	YBox: color = 'blue'
42.0162 	EXP 	KBox2: color = 'blue'
42.0162 	EXP 	YBox: color = 'blue'
42.0555 	EXP 	KBox2: color = 'blue'
42.0555 	EXP 	YBox: color = 'blue'
42.0915 	EXP 	KBox2: color = 'blue'
42.0915 	EXP 	YBox: color = 'blue'
42.1280 	EXP 	KBox2: color = 'blue'
42.1280 	EXP 	YBox: color = 'blue'
42.1650 	EXP 	KBox2: color = 'blue'
42.1650 	EXP 	YBox: color = 'blue'
42.2016 	EXP 	KBox2: color = 'blue'
42.2016 	EXP 	YBox: color = 'blue'
42.2376 	EXP 	KBox2: color = 'blue'
42.2376 	EXP 	YBox: color = 'blue'
42.2768 	EXP 	KBox2: color = 'blue'
42.2768 	EXP 	YBox: color = 'blue'
42.3116 	EXP 	KBox2: color = 'blue'
42.3116 	EXP 	YBox: color = 'blue'
42.3496 	EXP 	KBox2: color = 'blue'
42.3496 	EXP 	YBox: color = 'blue'
42.3865 	EXP 	KBox2: color = 'blue'
42.3865 	EXP 	YBox: color = 'blue'
42.4237 	EXP 	KBox2: color = 'blue'
42.4237 	EXP 	YBox: color = 'blue'
42.4621 	EXP 	KBox2: color = 'blue'
42.4621 	EXP 	YBox: color = 'blue'
42.4987 	EXP 	KBox2: color = 'blue'
42.4987 	EXP 	YBox: color = 'blue'
42.5351 	EXP 	KBox2: color = 'blue'
42.5351 	EXP 	YBox: color = 'blue'
42.5365 	DATA 	Mouse: Left button down, pos=(745,356)
42.5771 	EXP 	KBox2: color = 'blue'
42.5771 	EXP 	YBox: color = 'blue'
42.6154 	EXP 	KBox2: color = 'blue'
42.6154 	EXP 	YBox: color = 'blue'
42.6548 	EXP 	KBox2: color = 'blue'
42.6548 	EXP 	YBox: color = 'blue'
42.6861 	DATA 	Mouse:  Left button up, pos=(745,356)
42.6964 	EXP 	KBox2: color = 'blue'
42.6964 	EXP 	YBox: color = 'blue'
42.7326 	EXP 	KBox2: color = 'blue'
42.7326 	EXP 	YBox: color = 'blue'
42.7694 	EXP 	KBox2: color = 'blue'
42.7694 	EXP 	YBox: color = 'blue'
42.8063 	EXP 	KBox2: color = 'blue'
42.8063 	EXP 	YBox: color = 'blue'
42.8441 	EXP 	KBox2: color = 'blue'
42.8441 	EXP 	YBox: color = 'blue'
42.8803 	EXP 	KBox2: color = 'blue'
42.8803 	EXP 	YBox: color = 'blue'
42.9170 	EXP 	KBox2: color = 'blue'
42.9170 	EXP 	YBox: color = 'blue'
42.9546 	EXP 	KBox2: color = 'blue'
42.9546 	EXP 	YBox: color = 'blue'
42.9930 	EXP 	KBox2: color = 'blue'
42.9930 	EXP 	YBox: color = 'blue'
43.0281 	EXP 	KBox2: color = 'blue'
43.0281 	EXP 	YBox: color = 'blue'
43.0654 	EXP 	KBox2: color = 'blue'
43.0654 	EXP 	YBox: color = 'blue'
43.1017 	EXP 	KBox2: color = 'blue'
43.1017 	EXP 	YBox: color = 'blue'
43.1388 	EXP 	KBox2: color = 'blue'
43.1388 	EXP 	YBox: color = 'blue'
43.1792 	EXP 	KBox2: color = 'blue'
43.1792 	EXP 	YBox: color = 'blue'
43.2156 	EXP 	KBox2: color = 'blue'
43.2156 	EXP 	YBox: color = 'blue'
43.2524 	EXP 	KBox2: color = 'blue'
43.2524 	EXP 	YBox: color = 'blue'
43.2894 	EXP 	KBox2: color = 'blue'
43.2894 	EXP 	YBox: color = 'blue'
43.3257 	EXP 	KBox2: color = 'blue'
43.3257 	EXP 	YBox: color = 'blue'
43.3642 	EXP 	KBox2: color = 'blue'
43.3642 	EXP 	YBox: color = 'blue'
43.3993 	EXP 	KBox2: color = 'blue'
43.3993 	EXP 	YBox: color = 'blue'
43.4385 	EXP 	KBox2: color = 'blue'
43.4385 	EXP 	YBox: color = 'blue'
43.4766 	EXP 	KBox2: color = 'blue'
43.4766 	EXP 	YBox: color = 'blue'
43.5120 	EXP 	KBox2: color = 'blue'
43.5120 	EXP 	YBox: color = 'blue'
43.5493 	EXP 	KBox2: color = 'blue'
43.5493 	EXP 	YBox: color = 'blue'
43.5848 	EXP 	KBox2: color = 'blue'
43.5848 	EXP 	YBox: color = 'blue'
43.6213 	EXP 	KBox2: color = 'blue'
43.6213 	EXP 	YBox: color = 'blue'
43.6583 	EXP 	KBox2: color = 'blue'
43.6583 	EXP 	YBox: color = 'blue'
43.6965 	EXP 	KBox2: color = 'blue'
43.6965 	EXP 	YBox: color = 'blue'
43.7284 	DATA 	Keypress: escape
43.7362 	EXP 	KBox2: color = 'blue'
43.7362 	EXP 	YBox: color = 'blue'
43.7765 	EXP 	KBox2: color = 'blue'
43.7765 	EXP 	YBox: color = 'blue'
44.3597 	EXP 	window1: mouseVisible = True
