2.2551 	WARNING 	We strongly recommend you activate the PTB sound engine in PsychoPy prefs as the preferred audio engine. Its timing is vastly superior. Your prefs are currently set to use ['sounddevice', 'PTB', 'pyo', 'pygame'] (in that order).
13.0776 	WARNING 	Couldn't measure a consistent frame rate!
  - Is your graphics card set to sync to vertical blank?
  - Are you running other processes on your computer?

13.0780 	EXP 	Created window1 = Window(allowGUI=True, allowStencil=False, autoLog=True, backendConf=UNKNOWN, bitsMode=UNKNOWN, blendMode='avg', bpc=(8, 8, 8), color=array([0, 0, 0]), colorSpace='rgb', depthBits=8, fullscr=<method-wrapper '__getattribute__' of attributeSetter object at 0x7fc90c014580>, gamma=None, gammaErrorPolicy='raise', lms=UNKNOWN, monitor=<psychopy.monitors.calibTools.Monitor object at 0x7fc90eca58e0>, multiSample=False, name='window1', numSamples=2, pos=(406, 251), screen=0, size=array([2240, 1400]), stencilBits=0, stereo=False, units='height', useFBO=True, useRetina=True, viewOri=0.0, viewPos=None, viewScale=None, waitBlanking=True, winType='pyglet')
13.0782 	EXP 	window1: mouseVisible = True
13.0783 	EXP 	window1: Attempting to measure frame rate of screen (0) ...
13.0783 	EXP 	window1: recordFrameIntervals = False
13.2441 	EXP 	window1: recordFrameIntervals = True
13.3257 	WARNING 	t of last frame was 22.28ms (=1/44)
13.3741 	WARNING 	t of last frame was 20.93ms (=1/47)
13.4416 	WARNING 	t of last frame was 24.69ms (=1/40)
13.5599 	WARNING 	t of last frame was 22.87ms (=1/43)
13.6073 	WARNING 	Multiple dropped frames have occurred - I'll stop bothering you about them!
14.4688 	EXP 	Screen (0) actual frame rate measured at 60.60Hz
14.4688 	EXP 	window1: recordFrameIntervals = True
14.5195 	WARNING 	launchHubServer: If using the iohub mouse or eyetracker devices, fullScr should be True.
17.8437 	EXP 	Created letterDisp = TextStim(__class__=<class 'psychopy.visual.text.TextStim'>, alignHoriz=method-wrapper(...), alignText='center', alignVert=method-wrapper(...), anchorHoriz='center', anchorVert='center', antialias=True, autoDraw=False, autoLog=True, bold=False, color=array([1., 1., 1.]), colorSpace='rgb', contrast=1.0, depth=-1.0, flipHoriz=False, flipVert=False, font='Open Sans', fontFiles=[], height=0.05, italic=False, languageStyle='LTR', name='letterDisp', opacity=1.0, ori=0.0, pos=array([0., 0.]), rgb=UNKNOWN, text='', units='height', win=Window(...), wrapWidth=1)
17.8866 	EXP 	Created isiText = TextStim(__class__=<class 'psychopy.visual.text.TextStim'>, alignHoriz=method-wrapper(...), alignText='center', alignVert=method-wrapper(...), anchorHoriz='center', anchorVert='center', antialias=True, autoDraw=False, autoLog=True, bold=False, color=array([1., 1., 1.]), colorSpace='rgb', contrast=1.0, depth=0.0, flipHoriz=False, flipVert=False, font='Open Sans', fontFiles=[], height=0.05, italic=False, languageStyle='LTR', name='isiText', opacity=1.0, ori=0.0, pos=array([0., 0.]), rgb=UNKNOWN, text='+', units='height', win=Window(...), wrapWidth=1)
17.8902 	EXP 	Created text_2 = TextStim(__class__=<class 'psychopy.visual.text.TextStim'>, alignHoriz=method-wrapper(...), alignText='center', alignVert=method-wrapper(...), anchorHoriz='center', anchorVert='center', antialias=True, autoDraw=False, autoLog=True, bold=False, color=array([1., 1., 1.]), colorSpace='rgb', contrast=1.0, depth=0.0, flipHoriz=False, flipVert=False, font='Open Sans', fontFiles=[], height=0.05, italic=False, languageStyle='LTR', name='text_2', opacity=1.0, ori=0.0, pos=array([0., 0.]), rgb=UNKNOWN, text='+', units='height', win=Window(...), wrapWidth=1)
17.8958 	EXP 	Created PBox = Rect(__class__=<class 'psychopy.visual.rect.Rect'>, anchor=('center', 'center'), autoDraw=False, autoLog=True, closeShape=True, color=method-wrapper(...), colorSpace='rgb', contrast=None, depth=0.0, fillColor=array([1, 1, 1]), fillColorSpace='rgb', fillRGB=array([1, 1, 1]), interpolate=True, lineColor=array([1., 1., 1.]), lineColorSpace='rgb', lineRGB=array([1, 1, 1]), lineWidth=1.0, name='PBox', opacity=1.0, ori=0.0, pos=array([-200.,  300.]), size=array([0.1, 0.1]), units='height', vertices=ndarray(...), win=Window(...))
17.8987 	EXP 	Created NBox2 = Rect(__class__=<class 'psychopy.visual.rect.Rect'>, anchor=('center', 'center'), autoDraw=False, autoLog=True, closeShape=True, color=method-wrapper(...), colorSpace='rgb', contrast=None, depth=-1.0, fillColor=array([1, 1, 1]), fillColorSpace='rgb', fillRGB=array([1, 1, 1]), interpolate=True, lineColor=array([1., 1., 1.]), lineColorSpace='rgb', lineRGB=array([1, 1, 1]), lineWidth=1.0, name='NBox2', opacity=1.0, ori=0.0, pos=array([0.25, 0.  ]), size=array([0.1, 0.1]), units='height', vertices=ndarray(...), win=Window(...))
17.9013 	EXP 	Created SBox2 = Rect(__class__=<class 'psychopy.visual.rect.Rect'>, anchor=('center', 'center'), autoDraw=False, autoLog=True, closeShape=True, color=method-wrapper(...), colorSpace='rgb', contrast=None, depth=-2.0, fillColor=array([1, 1, 1]), fillColorSpace='rgb', fillRGB=array([1, 1, 1]), interpolate=True, lineColor=array([1., 1., 1.]), lineColorSpace='rgb', lineRGB=array([1, 1, 1]), lineWidth=1.0, name='SBox2', opacity=1.0, ori=0.0, pos=array([-0.25,  0.  ]), size=array([0.1, 0.1]), units='height', vertices=ndarray(...), win=Window(...))
17.9038 	EXP 	Created KBox2 = Rect(__class__=<class 'psychopy.visual.rect.Rect'>, anchor=('center', 'center'), autoDraw=False, autoLog=True, closeShape=True, color=method-wrapper(...), colorSpace='rgb', contrast=None, depth=-3.0, fillColor=array([1, 1, 1]), fillColorSpace='rgb', fillRGB=array([1, 1, 1]), interpolate=True, lineColor=array([1., 1., 1.]), lineColorSpace='rgb', lineRGB=array([1, 1, 1]), lineWidth=1.0, name='KBox2', opacity=1.0, ori=0.0, pos=array([0., 0.]), size=array([0.1, 0.1]), units='height', vertices=ndarray(...), win=Window(...))
17.9063 	EXP 	Created HBox = Rect(__class__=<class 'psychopy.visual.rect.Rect'>, anchor=('center', 'center'), autoDraw=False, autoLog=True, closeShape=True, color=method-wrapper(...), colorSpace='rgb', contrast=None, depth=-4.0, fillColor=array([1, 1, 1]), fillColorSpace='rgb', fillRGB=array([1, 1, 1]), interpolate=True, lineColor=array([1., 1., 1.]), lineColorSpace='rgb', lineRGB=array([1, 1, 1]), lineWidth=1.0, name='HBox', opacity=1.0, ori=0.0, pos=array([  0., 300.]), size=array([90., 90.]), units='pix', vertices=ndarray(...), win=Window(...))
17.9088 	EXP 	Created FBox = Rect(__class__=<class 'psychopy.visual.rect.Rect'>, anchor=('center', 'center'), autoDraw=False, autoLog=True, closeShape=True, color=method-wrapper(...), colorSpace='rgb', contrast=None, depth=-5.0, fillColor=array([1, 1, 1]), fillColorSpace='rgb', fillRGB=array([1, 1, 1]), interpolate=True, lineColor=array([1., 1., 1.]), lineColorSpace='rgb', lineRGB=array([1, 1, 1]), lineWidth=1.0, name='FBox', opacity=1.0, ori=0.0, pos=array([-200.,  300.]), size=array([90., 90.]), units='pix', vertices=ndarray(...), win=Window(...))
17.9118 	EXP 	Created QBox = Rect(__class__=<class 'psychopy.visual.rect.Rect'>, anchor=('center', 'center'), autoDraw=False, autoLog=True, closeShape=True, color=method-wrapper(...), colorSpace='rgb', contrast=None, depth=-6.0, fillColor=array([1, 1, 1]), fillColorSpace='rgb', fillRGB=array([1, 1, 1]), interpolate=True, lineColor=array([1., 1., 1.]), lineColorSpace='rgb', lineRGB=array([1, 1, 1]), lineWidth=1.0, name='QBox', opacity=1.0, ori=0.0, pos=array([ 0.  , -0.15]), size=array([0.1, 0.1]), units='height', vertices=ndarray(...), win=Window(...))
17.9147 	EXP 	Created LBox = Rect(__class__=<class 'psychopy.visual.rect.Rect'>, anchor=('center', 'center'), autoDraw=False, autoLog=True, closeShape=True, color=method-wrapper(...), colorSpace='rgb', contrast=None, depth=-7.0, fillColor=array([1, 1, 1]), fillColorSpace='rgb', fillRGB=array([1, 1, 1]), interpolate=True, lineColor=array([1., 1., 1.]), lineColorSpace='rgb', lineRGB=array([1, 1, 1]), lineWidth=1.0, name='LBox', opacity=1.0, ori=0.0, pos=array([-0.25, -0.15]), size=array([0.1, 0.1]), units='height', vertices=ndarray(...), win=Window(...))
17.9174 	EXP 	Created RBox = Rect(__class__=<class 'psychopy.visual.rect.Rect'>, anchor=('center', 'center'), autoDraw=False, autoLog=True, closeShape=True, color=method-wrapper(...), colorSpace='rgb', contrast=None, depth=-8.0, fillColor=array([1, 1, 1]), fillColorSpace='rgb', fillRGB=array([1, 1, 1]), interpolate=True, lineColor=array([1., 1., 1.]), lineColorSpace='rgb', lineRGB=array([1, 1, 1]), lineWidth=1.0, name='RBox', opacity=1.0, ori=0.0, pos=array([ 0.25, -0.15]), size=array([0.1, 0.1]), units='pix', vertices=ndarray(...), win=Window(...))
17.9200 	EXP 	Created TBox = Rect(__class__=<class 'psychopy.visual.rect.Rect'>, anchor=('center', 'center'), autoDraw=False, autoLog=True, closeShape=True, color=method-wrapper(...), colorSpace='rgb', contrast=None, depth=-9.0, fillColor=array([1, 1, 1]), fillColorSpace='rgb', fillRGB=array([1, 1, 1]), interpolate=True, lineColor=array([1., 1., 1.]), lineColorSpace='rgb', lineRGB=array([1, 1, 1]), lineWidth=1.0, name='TBox', opacity=1.0, ori=0.0, pos=array([ 0.25, -0.3 ]), size=array([0.1, 0.1]), units='height', vertices=ndarray(...), win=Window(...))
17.9232 	EXP 	Created YBox = Rect(__class__=<class 'psychopy.visual.rect.Rect'>, anchor=('center', 'center'), autoDraw=False, autoLog=True, closeShape=True, color=method-wrapper(...), colorSpace='rgb', contrast=None, depth=-10.0, fillColor=array([1, 1, 1]), fillColorSpace='rgb', fillRGB=array([1, 1, 1]), interpolate=True, lineColor=array([1., 1., 1.]), lineColorSpace='rgb', lineRGB=array([1, 1, 1]), lineWidth=1.0, name='YBox', opacity=1.0, ori=0.0, pos=array([ 0. , -0.3]), size=array([0.1, 0.1]), units='height', vertices=ndarray(...), win=Window(...))
17.9262 	EXP 	Created JBox = Rect(__class__=<class 'psychopy.visual.rect.Rect'>, anchor=('center', 'center'), autoDraw=False, autoLog=True, closeShape=True, color=method-wrapper(...), colorSpace='rgb', contrast=None, depth=-11.0, fillColor=array([1, 1, 1]), fillColorSpace='rgb', fillRGB=array([1, 1, 1]), interpolate=True, lineColor=array([1., 1., 1.]), lineColorSpace='rgb', lineRGB=array([1, 1, 1]), lineWidth=1.0, name='JBox', opacity=1.0, ori=0.0, pos=array([200., 300.]), size=array([90., 90.]), units='pix', vertices=ndarray(...), win=Window(...))
17.9265 	EXP 	window1: mouseVisible = True
17.9603 	EXP 	Created RecallINS = TextStim(__class__=<class 'psychopy.visual.text.TextStim'>, alignHoriz=method-wrapper(...), alignText='center', alignVert=method-wrapper(...), anchorHoriz='center', anchorVert='center', antialias=True, autoDraw=False, autoLog=True, bold=False, color=array([1., 1., 1.]), colorSpace='rgb', contrast=1.0, depth=-14.0, flipHoriz=False, flipVert=False, font='Open Sans', fontFiles=[], height=0.035, italic=False, languageStyle='LTR', name='RecallINS', opacity=1.0, ori=0.0, pos=array([0. , 0.3]), rgb=UNKNOWN, text=str(...), units='height', win=Window(...), wrapWidth=1)
17.9658 	EXP 	Created P = TextStim(__class__=<class 'psychopy.visual.text.TextStim'>, alignHoriz=method-wrapper(...), alignText='center', alignVert=method-wrapper(...), anchorHoriz='center', anchorVert='center', antialias=True, autoDraw=False, autoLog=True, bold=False, color=array([-1., -1., -1.]), colorSpace='rgb', contrast=1.0, depth=-15.0, flipHoriz=False, flipVert=False, font='Open Sans', fontFiles=[], height=0.05, italic=False, languageStyle='LTR', name='P', opacity=1.0, ori=0.0, pos=array([-0.25,  0.15]), rgb=UNKNOWN, text='P', units='height', win=Window(...), wrapWidth=1)
17.9705 	EXP 	Created F_2 = TextStim(__class__=<class 'psychopy.visual.text.TextStim'>, alignHoriz=method-wrapper(...), alignText='center', alignVert=method-wrapper(...), anchorHoriz='center', anchorVert='center', antialias=True, autoDraw=False, autoLog=True, bold=False, color=array([-1., -1., -1.]), colorSpace='rgb', contrast=1.0, depth=-16.0, flipHoriz=False, flipVert=False, font='Open Sans', fontFiles=[], height=0.05, italic=False, languageStyle='LTR', name='F_2', opacity=1.0, ori=0.0, pos=array([0.  , 0.15]), rgb=UNKNOWN, text='F', units='height', win=Window(...), wrapWidth=1)
17.9747 	EXP 	Created H = TextStim(__class__=<class 'psychopy.visual.text.TextStim'>, alignHoriz=method-wrapper(...), alignText='center', alignVert=method-wrapper(...), anchorHoriz='center', anchorVert='center', antialias=True, autoDraw=False, autoLog=True, bold=False, color=array([-1., -1., -1.]), colorSpace='rgb', contrast=1.0, depth=-17.0, flipHoriz=False, flipVert=False, font='Open Sans', fontFiles=[], height=0.05, italic=False, languageStyle='LTR', name='H', opacity=1.0, ori=0.0, pos=array([0.25, 0.15]), rgb=UNKNOWN, text='H', units='height', win=Window(...), wrapWidth=1)
17.9794 	EXP 	Created S = TextStim(__class__=<class 'psychopy.visual.text.TextStim'>, alignHoriz=method-wrapper(...), alignText='center', alignVert=method-wrapper(...), anchorHoriz='center', anchorVert='center', antialias=True, autoDraw=False, autoLog=True, bold=False, color=array([-1., -1., -1.]), colorSpace='rgb', contrast=1.0, depth=-18.0, flipHoriz=False, flipVert=False, font='Open Sans', fontFiles=[], height=0.05, italic=False, languageStyle='LTR', name='S', opacity=1.0, ori=0.0, pos=array([-0.25,  0.  ]), rgb=UNKNOWN, text='S', units='height', win=Window(...), wrapWidth=1)
17.9844 	EXP 	Created K = TextStim(__class__=<class 'psychopy.visual.text.TextStim'>, alignHoriz=method-wrapper(...), alignText='center', alignVert=method-wrapper(...), anchorHoriz='center', anchorVert='center', antialias=True, autoDraw=False, autoLog=True, bold=False, color=array([-1., -1., -1.]), colorSpace='rgb', contrast=1.0, depth=-19.0, flipHoriz=False, flipVert=False, font='Open Sans', fontFiles=[], height=0.05, italic=False, languageStyle='LTR', name='K', opacity=1.0, ori=0.0, pos=array([0., 0.]), rgb=UNKNOWN, text='K', units='height', win=Window(...), wrapWidth=1)
17.9887 	EXP 	Created N = TextStim(__class__=<class 'psychopy.visual.text.TextStim'>, alignHoriz=method-wrapper(...), alignText='center', alignVert=method-wrapper(...), anchorHoriz='center', anchorVert='center', antialias=True, autoDraw=False, autoLog=True, bold=False, color=array([-1., -1., -1.]), colorSpace='rgb', contrast=1.0, depth=-20.0, flipHoriz=False, flipVert=False, font='Open Sans', fontFiles=[], height=0.05, italic=False, languageStyle='LTR', name='N', opacity=1.0, ori=0.0, pos=array([0.25, 0.  ]), rgb=UNKNOWN, text='N', units='height', win=Window(...), wrapWidth=1)
17.9940 	EXP 	Created L = TextStim(__class__=<class 'psychopy.visual.text.TextStim'>, alignHoriz=method-wrapper(...), alignText='center', alignVert=method-wrapper(...), anchorHoriz='center', anchorVert='center', antialias=True, autoDraw=False, autoLog=True, bold=False, color=array([-1., -1., -1.]), colorSpace='rgb', contrast=1.0, depth=-21.0, flipHoriz=False, flipVert=False, font='Open Sans', fontFiles=[], height=0.05, italic=False, languageStyle='LTR', name='L', opacity=1.0, ori=0.0, pos=array([-0.25, -0.15]), rgb=UNKNOWN, text='L', units='height', win=Window(...), wrapWidth=1)
17.9992 	EXP 	Created Q = TextStim(__class__=<class 'psychopy.visual.text.TextStim'>, alignHoriz=method-wrapper(...), alignText='center', alignVert=method-wrapper(...), anchorHoriz='center', anchorVert='center', antialias=True, autoDraw=False, autoLog=True, bold=False, color=array([-1., -1., -1.]), colorSpace='rgb', contrast=1.0, depth=-22.0, flipHoriz=False, flipVert=False, font='Open Sans', fontFiles=[], height=0.05, italic=False, languageStyle='LTR', name='Q', opacity=1.0, ori=0.0, pos=array([ 0.  , -0.15]), rgb=UNKNOWN, text='Q', units='height', win=Window(...), wrapWidth=1)
18.0050 	EXP 	Created R = TextStim(__class__=<class 'psychopy.visual.text.TextStim'>, alignHoriz=method-wrapper(...), alignText='center', alignVert=method-wrapper(...), anchorHoriz='center', anchorVert='center', antialias=True, autoDraw=False, autoLog=True, bold=False, color=array([-1., -1., -1.]), colorSpace='rgb', contrast=1.0, depth=-23.0, flipHoriz=False, flipVert=False, font='Open Sans', fontFiles=[], height=0.05, italic=False, languageStyle='LTR', name='R', opacity=1.0, ori=0.0, pos=array([ 0.25, -0.15]), rgb=UNKNOWN, text='R', units='pix', win=Window(...), wrapWidth=500)
18.0102 	EXP 	Created J = TextStim(__class__=<class 'psychopy.visual.text.TextStim'>, alignHoriz=method-wrapper(...), alignText='center', alignVert=method-wrapper(...), anchorHoriz='center', anchorVert='center', antialias=True, autoDraw=False, autoLog=True, bold=False, color=array([-1., -1., -1.]), colorSpace='rgb', contrast=1.0, depth=-24.0, flipHoriz=False, flipVert=False, font='Open Sans', fontFiles=[], height=0.05, italic=False, languageStyle='LTR', name='J', opacity=1.0, ori=0.0, pos=array([-0.25, -0.3 ]), rgb=UNKNOWN, text='J', units='height', win=Window(...), wrapWidth=1)
18.0153 	EXP 	Created Y = TextStim(__class__=<class 'psychopy.visual.text.TextStim'>, alignHoriz=method-wrapper(...), alignText='center', alignVert=method-wrapper(...), anchorHoriz='center', anchorVert='center', antialias=True, autoDraw=False, autoLog=True, bold=False, color=array([-1., -1., -1.]), colorSpace='rgb', contrast=1.0, depth=-25.0, flipHoriz=False, flipVert=False, font='Open Sans', fontFiles=[], height=0.05, italic=False, languageStyle='LTR', name='Y', opacity=1.0, ori=0.0, pos=array([ 0. , -0.3]), rgb=UNKNOWN, text='Y', units='height', win=Window(...), wrapWidth=1)
18.0202 	EXP 	Created T_2 = TextStim(__class__=<class 'psychopy.visual.text.TextStim'>, alignHoriz=method-wrapper(...), alignText='center', alignVert=method-wrapper(...), anchorHoriz='center', anchorVert='center', antialias=True, autoDraw=False, autoLog=True, bold=False, color=array([-1., -1., -1.]), colorSpace='rgb', contrast=1.0, depth=-26.0, flipHoriz=False, flipVert=False, font='Open Sans', fontFiles=[], height=0.05, italic=False, languageStyle='LTR', name='T_2', opacity=1.0, ori=0.0, pos=array([ 0.25, -0.3 ]), rgb=UNKNOWN, text='T', units='height', win=Window(...), wrapWidth=1)
18.0231 	EXP 	Created CLEAR = Rect(__class__=<class 'psychopy.visual.rect.Rect'>, anchor=('center', 'center'), autoDraw=False, autoLog=True, closeShape=True, color=method-wrapper(...), colorSpace='rgb', contrast=None, depth=-28.0, fillColor=array([ 1, -1, -1]), fillColorSpace='rgb', fillRGB=array([ 1, -1, -1]), interpolate=True, lineColor=array([1., 1., 1.]), lineColorSpace='rgb', lineRGB=array([1, 1, 1]), lineWidth=1.0, name='CLEAR', opacity=1.0, ori=0.0, pos=array([ 0.55, -0.05]), size=array([0.35, 0.15]), units='height', vertices=ndarray(...), win=Window(...))
18.0331 	EXP 	Created ClearText = TextStim(__class__=<class 'psychopy.visual.text.TextStim'>, alignHoriz=method-wrapper(...), alignText='center', alignVert=method-wrapper(...), anchorHoriz='center', anchorVert='center', antialias=True, autoDraw=False, autoLog=True, bold=False, color=array([-1., -1., -1.]), colorSpace='rgb', contrast=1.0, depth=-29.0, flipHoriz=False, flipVert=False, font='Open Sans', fontFiles=[], height=0.05, italic=False, languageStyle='LTR', name='ClearText', opacity=1.0, ori=0.0, pos=array([ 0.55, -0.05]), rgb=UNKNOWN, text='CLEAR', units='height', win=Window(...), wrapWidth=1)
18.0358 	EXP 	Created BLANK = Rect(__class__=<class 'psychopy.visual.rect.Rect'>, anchor=('center', 'center'), autoDraw=False, autoLog=True, closeShape=True, color=method-wrapper(...), colorSpace='rgb', contrast=None, depth=-30.0, fillColor=array([1, 1, 1]), fillColorSpace='rgb', fillRGB=array([1, 1, 1]), interpolate=True, lineColor=array([1., 1., 1.]), lineColorSpace='rgb', lineRGB=array([1, 1, 1]), lineWidth=1.0, name='BLANK', opacity=1.0, ori=0.0, pos=array([0.55, 0.15]), size=array([0.35, 0.15]), units='height', vertices=ndarray(...), win=Window(...))
18.0424 	EXP 	Created BlankText = TextStim(__class__=<class 'psychopy.visual.text.TextStim'>, alignHoriz=method-wrapper(...), alignText='center', alignVert=method-wrapper(...), anchorHoriz='center', anchorVert='center', antialias=True, autoDraw=False, autoLog=True, bold=False, color=array([-1., -1., -1.]), colorSpace='rgb', contrast=1.0, depth=-31.0, flipHoriz=False, flipVert=False, font='Open Sans', fontFiles=[], height=0.05, italic=False, languageStyle='LTR', name='BlankText', opacity=1.0, ori=0.0, pos=array([0.55, 0.15]), rgb=UNKNOWN, text='BLANK', units='height', win=Window(...), wrapWidth=1)
18.0454 	EXP 	Created ENTER = Rect(__class__=<class 'psychopy.visual.rect.Rect'>, anchor=('center', 'center'), autoDraw=False, autoLog=True, closeShape=True, color=method-wrapper(...), colorSpace='rgb', contrast=None, depth=-32.0, fillColor=array([-1.        ,  0.00392157, -1.        ]), fillColorSpace='rgb', fillRGB=array([-1.        ,  0.00392157, -1.        ]), interpolate=True, lineColor=array([1., 1., 1.]), lineColorSpace='rgb', lineRGB=array([1, 1, 1]), lineWidth=1.0, name='ENTER', opacity=1.0, ori=0.0, pos=array([ 350., -150.]), size=array([270., 135.]), units='pix', vertices=ndarray(...), win=Window(...))
18.0509 	EXP 	Created EnterText = TextStim(__class__=<class 'psychopy.visual.text.TextStim'>, alignHoriz=method-wrapper(...), alignText='center', alignVert=method-wrapper(...), anchorHoriz='center', anchorVert='center', antialias=True, autoDraw=False, autoLog=True, bold=False, color=array([-1., -1., -1.]), colorSpace='rgb', contrast=1.0, depth=-33.0, flipHoriz=False, flipVert=False, font='Open Sans', fontFiles=[], height=0.05, italic=False, languageStyle='LTR', name='EnterText', opacity=1.0, ori=0.0, pos=array([ 0.55, -0.3 ]), rgb=UNKNOWN, text='ENTER', units='pix', win=Window(...), wrapWidth=500)
18.0727 	EXP 	Created text_3 = TextStim(__class__=<class 'psychopy.visual.text.TextStim'>, alignHoriz=method-wrapper(...), alignText='center', alignVert=method-wrapper(...), anchorHoriz='center', anchorVert='center', antialias=True, autoDraw=False, autoLog=True, bold=False, color=array([1., 1., 1.]), colorSpace='rgb', contrast=1.0, depth=-1.0, flipHoriz=False, flipVert=False, font='Open Sans', fontFiles=[], height=0.05, italic=False, languageStyle='LTR', name='text_3', opacity=1.0, ori=0.0, pos=array([0., 0.]), rgb=UNKNOWN, text=str(...), units='height', win=Window(...), wrapWidth=1)
18.0836 	EXP 	Imported practiceletters.xlsx as conditions, 1 conditions, 1 params
18.0843 	EXP 	Created sequence: random, trialTypes=1, nReps=1, seed=None
18.0846 	EXP 	New trial (rep=0, index=0): {'letters': "K'"}
18.1062 	EXP 	letterDisp: autoDraw = True
19.0896 	EXP 	letterDisp: autoDraw = False
19.0896 	EXP 	isiText: autoDraw = True
19.3522 	EXP 	isiText: autoDraw = False
19.3522 	EXP 	text_2: autoDraw = True
20.3370 	EXP 	Created sequence: random, trialTypes=1, nReps=1, seed=None
20.3372 	EXP 	New trial (rep=0, index=0): None
20.3979 	EXP 	text_2: autoDraw = False
20.3979 	EXP 	PBox: autoDraw = True
20.3979 	EXP 	NBox2: autoDraw = True
20.3979 	EXP 	SBox2: autoDraw = True
20.3979 	EXP 	KBox2: autoDraw = True
20.3979 	EXP 	HBox: autoDraw = True
20.3979 	EXP 	FBox: autoDraw = True
20.3979 	EXP 	QBox: autoDraw = True
20.3979 	EXP 	LBox: autoDraw = True
20.3979 	EXP 	RBox: autoDraw = True
20.3979 	EXP 	TBox: autoDraw = True
20.3979 	EXP 	YBox: autoDraw = True
20.3979 	EXP 	JBox: autoDraw = True
20.3979 	EXP 	RecallINS: autoDraw = True
20.3979 	EXP 	P: autoDraw = True
20.3979 	EXP 	F_2: autoDraw = True
20.3979 	EXP 	H: autoDraw = True
20.3979 	EXP 	S: autoDraw = True
20.3979 	EXP 	K: autoDraw = True
20.3979 	EXP 	N: autoDraw = True
20.3979 	EXP 	L: autoDraw = True
20.3979 	EXP 	Q: autoDraw = True
20.3979 	EXP 	R: autoDraw = True
20.3979 	EXP 	J: autoDraw = True
20.3979 	EXP 	Y: autoDraw = True
20.3979 	EXP 	T_2: autoDraw = True
20.3979 	EXP 	CLEAR: autoDraw = True
20.3979 	EXP 	ClearText: autoDraw = True
20.3979 	EXP 	BLANK: autoDraw = True
20.3979 	EXP 	BlankText: autoDraw = True
20.3979 	EXP 	ENTER: autoDraw = True
20.3979 	EXP 	EnterText: autoDraw = True
87.7324 	DATA 	Mouse: Left button down, pos=(858,198)
87.9183 	DATA 	Mouse:  Left button up, pos=(858,198)
89.1998 	DATA 	Mouse: Left button down, pos=(911,194)
89.4119 	DATA 	Mouse:  Left button up, pos=(911,194)
93.1784 	DATA 	Mouse: Left button down, pos=(960,190)
93.3075 	DATA 	Mouse:  Left button up, pos=(960,190)
93.4704 	DATA 	Mouse: Left button down, pos=(960,190)
93.6006 	DATA 	Mouse:  Left button up, pos=(960,190)
93.7350 	DATA 	Mouse: Left button down, pos=(960,190)
93.9037 	DATA 	Mouse:  Left button up, pos=(960,190)
95.3659 	DATA 	Mouse: Left button down, pos=(944,179)
95.5332 	DATA 	Mouse:  Left button up, pos=(944,179)
95.7708 	DATA 	Mouse: Left button down, pos=(944,179)
95.9550 	DATA 	Mouse:  Left button up, pos=(944,179)
96.1873 	DATA 	Mouse: Left button down, pos=(944,179)
96.3597 	DATA 	Mouse:  Left button up, pos=(944,179)
97.4982 	DATA 	Mouse: Left button down, pos=(888,188)
97.6734 	DATA 	Mouse:  Left button up, pos=(888,188)
97.8740 	DATA 	Mouse: Left button down, pos=(888,188)
98.0486 	DATA 	Mouse:  Left button up, pos=(888,188)
98.2438 	DATA 	Mouse: Left button down, pos=(888,188)
98.4680 	DATA 	Mouse:  Left button up, pos=(888,188)
100.7455 	DATA 	Mouse: Left button down, pos=(935,315)
100.9311 	DATA 	Mouse:  Left button up, pos=(935,315)
101.5699 	DATA 	Mouse: Left button down, pos=(935,315)
101.7562 	DATA 	Mouse:  Left button up, pos=(935,315)
101.8810 	DATA 	Mouse: Left button down, pos=(935,315)
102.0556 	DATA 	Mouse:  Left button up, pos=(935,315)
102.1298 	DATA 	Mouse: Left button down, pos=(935,315)
102.3153 	DATA 	Mouse:  Left button up, pos=(935,315)
103.3396 	DATA 	Mouse: Left button down, pos=(730,343)
103.4032 	EXP 	FBox: color = 'white'
103.4032 	EXP 	KBox2: color = 'white'
103.4032 	EXP 	PBox: color = 'white'
103.4032 	EXP 	SBox2: color = 'white'
103.4032 	EXP 	HBox: color = 'white'
103.4032 	EXP 	LBox: color = 'white'
103.4032 	EXP 	QBox: color = 'white'
103.4032 	EXP 	TBox: color = 'white'
103.4032 	EXP 	JBox: color = 'white'
103.4032 	EXP 	NBox2: color = 'white'
103.4032 	EXP 	RBox: color = 'white'
103.4032 	EXP 	YBox: color = 'white'
103.4557 	EXP 	FBox: color = 'white'
103.4557 	EXP 	KBox2: color = 'white'
103.4557 	EXP 	PBox: color = 'white'
103.4557 	EXP 	SBox2: color = 'white'
103.4557 	EXP 	HBox: color = 'white'
103.4557 	EXP 	LBox: color = 'white'
103.4557 	EXP 	QBox: color = 'white'
103.4557 	EXP 	TBox: color = 'white'
103.4557 	EXP 	JBox: color = 'white'
103.4557 	EXP 	NBox2: color = 'white'
103.4557 	EXP 	RBox: color = 'white'
103.4557 	EXP 	YBox: color = 'white'
103.5088 	EXP 	FBox: color = 'white'
103.5088 	EXP 	KBox2: color = 'white'
103.5088 	EXP 	PBox: color = 'white'
103.5088 	EXP 	SBox2: color = 'white'
103.5088 	EXP 	HBox: color = 'white'
103.5088 	EXP 	LBox: color = 'white'
103.5088 	EXP 	QBox: color = 'white'
103.5088 	EXP 	TBox: color = 'white'
103.5088 	EXP 	JBox: color = 'white'
103.5088 	EXP 	NBox2: color = 'white'
103.5088 	EXP 	RBox: color = 'white'
103.5088 	EXP 	YBox: color = 'white'
103.5137 	DATA 	Mouse:  Left button up, pos=(730,343)
104.9388 	DATA 	Mouse: Left button down, pos=(563,345)
104.9885 	EXP 	KBox2: color = 'blue'
105.0367 	EXP 	KBox2: color = 'blue'
105.0772 	EXP 	KBox2: color = 'blue'
105.1223 	EXP 	KBox2: color = 'blue'
105.1308 	DATA 	Mouse:  Left button up, pos=(563,345)
105.1685 	EXP 	KBox2: color = 'blue'
105.2089 	EXP 	KBox2: color = 'blue'
105.2469 	EXP 	KBox2: color = 'blue'
105.2876 	EXP 	KBox2: color = 'blue'
105.3297 	EXP 	KBox2: color = 'blue'
105.3713 	EXP 	KBox2: color = 'blue'
105.4111 	EXP 	KBox2: color = 'blue'
105.4536 	EXP 	KBox2: color = 'blue'
105.4935 	EXP 	KBox2: color = 'blue'
105.5338 	EXP 	KBox2: color = 'blue'
105.5730 	EXP 	KBox2: color = 'blue'
105.6128 	EXP 	KBox2: color = 'blue'
105.6541 	EXP 	KBox2: color = 'blue'
105.6948 	EXP 	KBox2: color = 'blue'
105.7347 	EXP 	KBox2: color = 'blue'
105.7746 	EXP 	KBox2: color = 'blue'
105.8132 	EXP 	KBox2: color = 'blue'
105.8528 	EXP 	KBox2: color = 'blue'
105.8929 	EXP 	KBox2: color = 'blue'
105.9356 	EXP 	KBox2: color = 'blue'
105.9788 	EXP 	KBox2: color = 'blue'
106.0205 	EXP 	KBox2: color = 'blue'
106.0602 	EXP 	KBox2: color = 'blue'
106.1034 	EXP 	KBox2: color = 'blue'
106.1410 	EXP 	KBox2: color = 'blue'
106.1808 	EXP 	KBox2: color = 'blue'
106.2208 	EXP 	KBox2: color = 'blue'
106.2612 	EXP 	KBox2: color = 'blue'
106.3026 	EXP 	KBox2: color = 'blue'
106.3413 	EXP 	KBox2: color = 'blue'
106.3872 	EXP 	KBox2: color = 'blue'
106.4276 	EXP 	KBox2: color = 'blue'
106.4692 	EXP 	KBox2: color = 'blue'
106.5073 	EXP 	KBox2: color = 'blue'
106.5489 	EXP 	KBox2: color = 'blue'
106.5908 	EXP 	KBox2: color = 'blue'
106.6342 	EXP 	KBox2: color = 'blue'
106.6743 	EXP 	KBox2: color = 'blue'
106.7157 	EXP 	KBox2: color = 'blue'
106.7544 	EXP 	KBox2: color = 'blue'
106.7938 	EXP 	KBox2: color = 'blue'
106.8338 	EXP 	KBox2: color = 'blue'
106.8743 	EXP 	KBox2: color = 'blue'
106.9209 	EXP 	KBox2: color = 'blue'
106.9646 	EXP 	KBox2: color = 'blue'
107.0071 	EXP 	KBox2: color = 'blue'
107.0546 	EXP 	KBox2: color = 'blue'
107.1006 	EXP 	KBox2: color = 'blue'
107.1427 	EXP 	KBox2: color = 'blue'
107.1871 	EXP 	KBox2: color = 'blue'
107.2316 	EXP 	KBox2: color = 'blue'
107.2754 	EXP 	KBox2: color = 'blue'
107.3210 	EXP 	KBox2: color = 'blue'
107.3724 	EXP 	KBox2: color = 'blue'
107.4094 	DATA 	Mouse: Left button down, pos=(552,245)
107.4228 	EXP 	KBox2: color = 'blue'
107.4703 	EXP 	KBox2: color = 'blue'
107.4703 	EXP 	YBox: color = 'blue'
107.5157 	EXP 	KBox2: color = 'blue'
107.5157 	EXP 	YBox: color = 'blue'
107.5660 	EXP 	KBox2: color = 'blue'
107.5660 	EXP 	YBox: color = 'blue'
107.5673 	DATA 	Mouse:  Left button up, pos=(552,245)
107.6090 	EXP 	KBox2: color = 'blue'
107.6090 	EXP 	YBox: color = 'blue'
107.6486 	EXP 	KBox2: color = 'blue'
107.6486 	EXP 	YBox: color = 'blue'
107.6896 	EXP 	KBox2: color = 'blue'
107.6896 	EXP 	YBox: color = 'blue'
107.7291 	EXP 	KBox2: color = 'blue'
107.7291 	EXP 	YBox: color = 'blue'
107.7706 	EXP 	KBox2: color = 'blue'
107.7706 	EXP 	YBox: color = 'blue'
107.8105 	EXP 	KBox2: color = 'blue'
107.8105 	EXP 	YBox: color = 'blue'
107.8541 	EXP 	KBox2: color = 'blue'
107.8541 	EXP 	YBox: color = 'blue'
107.8950 	EXP 	KBox2: color = 'blue'
107.8950 	EXP 	YBox: color = 'blue'
107.9342 	EXP 	KBox2: color = 'blue'
107.9342 	EXP 	YBox: color = 'blue'
107.9750 	EXP 	KBox2: color = 'blue'
107.9750 	EXP 	YBox: color = 'blue'
108.0156 	EXP 	KBox2: color = 'blue'
108.0156 	EXP 	YBox: color = 'blue'
108.0544 	EXP 	KBox2: color = 'blue'
108.0544 	EXP 	YBox: color = 'blue'
108.0959 	EXP 	KBox2: color = 'blue'
108.0959 	EXP 	YBox: color = 'blue'
108.1376 	EXP 	KBox2: color = 'blue'
108.1376 	EXP 	YBox: color = 'blue'
108.1860 	EXP 	KBox2: color = 'blue'
108.1860 	EXP 	YBox: color = 'blue'
108.2294 	EXP 	KBox2: color = 'blue'
108.2294 	EXP 	YBox: color = 'blue'
108.2703 	EXP 	KBox2: color = 'blue'
108.2703 	EXP 	YBox: color = 'blue'
108.3131 	EXP 	KBox2: color = 'blue'
108.3131 	EXP 	YBox: color = 'blue'
108.3542 	EXP 	KBox2: color = 'blue'
108.3542 	EXP 	YBox: color = 'blue'
108.3946 	EXP 	KBox2: color = 'blue'
108.3946 	EXP 	YBox: color = 'blue'
108.4386 	EXP 	KBox2: color = 'blue'
108.4386 	EXP 	YBox: color = 'blue'
108.4770 	EXP 	KBox2: color = 'blue'
108.4770 	EXP 	YBox: color = 'blue'
108.5207 	EXP 	KBox2: color = 'blue'
108.5207 	EXP 	YBox: color = 'blue'
108.5655 	EXP 	KBox2: color = 'blue'
108.5655 	EXP 	YBox: color = 'blue'
108.6057 	EXP 	KBox2: color = 'blue'
108.6057 	EXP 	YBox: color = 'blue'
108.6494 	EXP 	KBox2: color = 'blue'
108.6494 	EXP 	YBox: color = 'blue'
108.6870 	EXP 	KBox2: color = 'blue'
108.6870 	EXP 	YBox: color = 'blue'
108.7311 	EXP 	KBox2: color = 'blue'
108.7311 	EXP 	YBox: color = 'blue'
108.7716 	EXP 	KBox2: color = 'blue'
108.7716 	EXP 	YBox: color = 'blue'
108.8147 	EXP 	KBox2: color = 'blue'
108.8147 	EXP 	YBox: color = 'blue'
108.8570 	EXP 	KBox2: color = 'blue'
108.8570 	EXP 	YBox: color = 'blue'
108.9017 	EXP 	KBox2: color = 'blue'
108.9017 	EXP 	YBox: color = 'blue'
108.9402 	EXP 	KBox2: color = 'blue'
108.9402 	EXP 	YBox: color = 'blue'
108.9857 	EXP 	KBox2: color = 'blue'
108.9857 	EXP 	YBox: color = 'blue'
109.0263 	EXP 	KBox2: color = 'blue'
109.0263 	EXP 	YBox: color = 'blue'
109.0675 	EXP 	KBox2: color = 'blue'
109.0675 	EXP 	YBox: color = 'blue'
109.1071 	EXP 	KBox2: color = 'blue'
109.1071 	EXP 	YBox: color = 'blue'
109.1460 	EXP 	KBox2: color = 'blue'
109.1460 	EXP 	YBox: color = 'blue'
109.1879 	EXP 	KBox2: color = 'blue'
109.1879 	EXP 	YBox: color = 'blue'
109.2291 	EXP 	KBox2: color = 'blue'
109.2291 	EXP 	YBox: color = 'blue'
109.2701 	EXP 	KBox2: color = 'blue'
109.2701 	EXP 	YBox: color = 'blue'
109.3095 	EXP 	KBox2: color = 'blue'
109.3095 	EXP 	YBox: color = 'blue'
109.3524 	EXP 	KBox2: color = 'blue'
109.3524 	EXP 	YBox: color = 'blue'
109.3957 	EXP 	KBox2: color = 'blue'
109.3957 	EXP 	YBox: color = 'blue'
109.4346 	EXP 	KBox2: color = 'blue'
109.4346 	EXP 	YBox: color = 'blue'
109.4738 	EXP 	KBox2: color = 'blue'
109.4738 	EXP 	YBox: color = 'blue'
109.5163 	EXP 	KBox2: color = 'blue'
109.5163 	EXP 	YBox: color = 'blue'
109.5536 	EXP 	KBox2: color = 'blue'
109.5536 	EXP 	YBox: color = 'blue'
109.5983 	EXP 	KBox2: color = 'blue'
109.5983 	EXP 	YBox: color = 'blue'
109.6394 	EXP 	KBox2: color = 'blue'
109.6394 	EXP 	YBox: color = 'blue'
109.6778 	EXP 	KBox2: color = 'blue'
109.6778 	EXP 	YBox: color = 'blue'
109.7205 	EXP 	KBox2: color = 'blue'
109.7205 	EXP 	YBox: color = 'blue'
109.7604 	EXP 	KBox2: color = 'blue'
109.7604 	EXP 	YBox: color = 'blue'
109.7997 	EXP 	KBox2: color = 'blue'
109.7997 	EXP 	YBox: color = 'blue'
109.8447 	EXP 	KBox2: color = 'blue'
109.8447 	EXP 	YBox: color = 'blue'
109.8873 	EXP 	KBox2: color = 'blue'
109.8873 	EXP 	YBox: color = 'blue'
109.9311 	EXP 	KBox2: color = 'blue'
109.9311 	EXP 	YBox: color = 'blue'
109.9734 	EXP 	KBox2: color = 'blue'
109.9734 	EXP 	YBox: color = 'blue'
110.0140 	EXP 	KBox2: color = 'blue'
110.0140 	EXP 	YBox: color = 'blue'
110.0537 	EXP 	KBox2: color = 'blue'
110.0537 	EXP 	YBox: color = 'blue'
110.0941 	EXP 	KBox2: color = 'blue'
110.0941 	EXP 	YBox: color = 'blue'
110.1347 	EXP 	KBox2: color = 'blue'
110.1347 	EXP 	YBox: color = 'blue'
110.1777 	EXP 	KBox2: color = 'blue'
110.1777 	EXP 	YBox: color = 'blue'
110.2206 	EXP 	KBox2: color = 'blue'
110.2206 	EXP 	YBox: color = 'blue'
110.2612 	EXP 	KBox2: color = 'blue'
110.2612 	EXP 	YBox: color = 'blue'
110.3030 	EXP 	KBox2: color = 'blue'
110.3030 	EXP 	YBox: color = 'blue'
110.3455 	EXP 	KBox2: color = 'blue'
110.3455 	EXP 	YBox: color = 'blue'
110.3873 	EXP 	KBox2: color = 'blue'
110.3873 	EXP 	YBox: color = 'blue'
110.4271 	EXP 	KBox2: color = 'blue'
110.4271 	EXP 	YBox: color = 'blue'
110.4691 	EXP 	KBox2: color = 'blue'
110.4691 	EXP 	YBox: color = 'blue'
110.5164 	EXP 	KBox2: color = 'blue'
110.5164 	EXP 	YBox: color = 'blue'
110.5581 	EXP 	KBox2: color = 'blue'
110.5581 	EXP 	YBox: color = 'blue'
110.6027 	EXP 	KBox2: color = 'blue'
110.6027 	EXP 	YBox: color = 'blue'
110.6466 	EXP 	KBox2: color = 'blue'
110.6466 	EXP 	YBox: color = 'blue'
110.6914 	EXP 	KBox2: color = 'blue'
110.6914 	EXP 	YBox: color = 'blue'
110.7371 	EXP 	KBox2: color = 'blue'
110.7371 	EXP 	YBox: color = 'blue'
110.7790 	EXP 	KBox2: color = 'blue'
110.7790 	EXP 	YBox: color = 'blue'
110.8195 	EXP 	KBox2: color = 'blue'
110.8195 	EXP 	YBox: color = 'blue'
110.8691 	EXP 	KBox2: color = 'blue'
110.8691 	EXP 	YBox: color = 'blue'
110.9098 	EXP 	KBox2: color = 'blue'
110.9098 	EXP 	YBox: color = 'blue'
110.9538 	EXP 	KBox2: color = 'blue'
110.9538 	EXP 	YBox: color = 'blue'
111.0028 	EXP 	KBox2: color = 'blue'
111.0028 	EXP 	YBox: color = 'blue'
111.0474 	EXP 	KBox2: color = 'blue'
111.0474 	EXP 	YBox: color = 'blue'
111.0829 	DATA 	Mouse: Left button down, pos=(578,645)
111.0907 	EXP 	KBox2: color = 'blue'
111.0907 	EXP 	YBox: color = 'blue'
111.1407 	EXP 	KBox2: color = 'blue'
111.1407 	EXP 	YBox: color = 'blue'
111.1866 	EXP 	KBox2: color = 'blue'
111.1866 	EXP 	YBox: color = 'blue'
111.2272 	DATA 	Mouse:  Left button up, pos=(578,645)
111.2372 	EXP 	KBox2: color = 'blue'
111.2372 	EXP 	YBox: color = 'blue'
111.2798 	EXP 	KBox2: color = 'blue'
111.2798 	EXP 	YBox: color = 'blue'
111.3207 	EXP 	KBox2: color = 'blue'
111.3207 	EXP 	YBox: color = 'blue'
111.3625 	EXP 	KBox2: color = 'blue'
111.3625 	EXP 	YBox: color = 'blue'
111.4040 	EXP 	KBox2: color = 'blue'
111.4040 	EXP 	YBox: color = 'blue'
111.4451 	EXP 	KBox2: color = 'blue'
111.4451 	EXP 	YBox: color = 'blue'
111.4864 	EXP 	KBox2: color = 'blue'
111.4864 	EXP 	YBox: color = 'blue'
111.5290 	EXP 	KBox2: color = 'blue'
111.5290 	EXP 	YBox: color = 'blue'
111.5691 	EXP 	KBox2: color = 'blue'
111.5691 	EXP 	YBox: color = 'blue'
111.6131 	EXP 	KBox2: color = 'blue'
111.6131 	EXP 	YBox: color = 'blue'
111.6529 	EXP 	KBox2: color = 'blue'
111.6529 	EXP 	YBox: color = 'blue'
111.6927 	EXP 	KBox2: color = 'blue'
111.6927 	EXP 	YBox: color = 'blue'
111.7368 	EXP 	KBox2: color = 'blue'
111.7368 	EXP 	YBox: color = 'blue'
111.7788 	EXP 	KBox2: color = 'blue'
111.7788 	EXP 	YBox: color = 'blue'
111.8191 	EXP 	KBox2: color = 'blue'
111.8191 	EXP 	YBox: color = 'blue'
111.8617 	EXP 	KBox2: color = 'blue'
111.8617 	EXP 	YBox: color = 'blue'
111.9040 	EXP 	KBox2: color = 'blue'
111.9040 	EXP 	YBox: color = 'blue'
111.9486 	EXP 	KBox2: color = 'blue'
111.9486 	EXP 	YBox: color = 'blue'
111.9913 	EXP 	KBox2: color = 'blue'
111.9913 	EXP 	YBox: color = 'blue'
112.0368 	EXP 	KBox2: color = 'blue'
112.0368 	EXP 	YBox: color = 'blue'
112.0800 	EXP 	KBox2: color = 'blue'
112.0800 	EXP 	YBox: color = 'blue'
112.1175 	DATA 	Mouse: Left button down, pos=(778,654)
112.1248 	EXP 	KBox2: color = 'blue'
112.1248 	EXP 	YBox: color = 'blue'
112.1697 	EXP 	KBox2: color = 'blue'
112.1697 	EXP 	YBox: color = 'blue'
112.2149 	EXP 	KBox2: color = 'blue'
112.2149 	EXP 	YBox: color = 'blue'
112.2552 	DATA 	Mouse:  Left button up, pos=(778,654)
112.2627 	EXP 	KBox2: color = 'blue'
112.2627 	EXP 	YBox: color = 'blue'
112.3053 	EXP 	KBox2: color = 'blue'
112.3053 	EXP 	YBox: color = 'blue'
112.3457 	EXP 	KBox2: color = 'blue'
112.3457 	EXP 	YBox: color = 'blue'
112.3867 	EXP 	KBox2: color = 'blue'
112.3867 	EXP 	YBox: color = 'blue'
112.4293 	EXP 	KBox2: color = 'blue'
112.4293 	EXP 	YBox: color = 'blue'
112.4706 	EXP 	KBox2: color = 'blue'
112.4706 	EXP 	YBox: color = 'blue'
112.5125 	EXP 	KBox2: color = 'blue'
112.5125 	EXP 	YBox: color = 'blue'
112.5494 	DATA 	Mouse: Left button down, pos=(778,654)
112.5576 	EXP 	KBox2: color = 'blue'
112.5576 	EXP 	YBox: color = 'blue'
112.6031 	EXP 	KBox2: color = 'blue'
112.6031 	EXP 	YBox: color = 'blue'
112.6470 	EXP 	KBox2: color = 'blue'
112.6470 	EXP 	YBox: color = 'blue'
112.6924 	EXP 	KBox2: color = 'blue'
112.6924 	EXP 	YBox: color = 'blue'
112.7374 	EXP 	KBox2: color = 'blue'
112.7374 	EXP 	YBox: color = 'blue'
112.7382 	DATA 	Mouse:  Left button up, pos=(778,654)
112.7794 	EXP 	KBox2: color = 'blue'
112.7794 	EXP 	YBox: color = 'blue'
112.8194 	EXP 	KBox2: color = 'blue'
112.8194 	EXP 	YBox: color = 'blue'
112.8579 	EXP 	KBox2: color = 'blue'
112.8579 	EXP 	YBox: color = 'blue'
112.8996 	EXP 	KBox2: color = 'blue'
112.8996 	EXP 	YBox: color = 'blue'
112.9341 	DATA 	Mouse: Left button down, pos=(778,655)
112.9411 	EXP 	KBox2: color = 'blue'
112.9411 	EXP 	YBox: color = 'blue'
112.9871 	EXP 	KBox2: color = 'blue'
112.9871 	EXP 	YBox: color = 'blue'
113.0375 	EXP 	KBox2: color = 'blue'
113.0375 	EXP 	YBox: color = 'blue'
113.0801 	EXP 	KBox2: color = 'blue'
113.0801 	EXP 	YBox: color = 'blue'
113.1232 	EXP 	KBox2: color = 'blue'
113.1232 	EXP 	YBox: color = 'blue'
113.1630 	DATA 	Mouse:  Left button up, pos=(778,655)
113.1705 	EXP 	KBox2: color = 'blue'
113.1705 	EXP 	YBox: color = 'blue'
113.2098 	EXP 	KBox2: color = 'blue'
113.2098 	EXP 	YBox: color = 'blue'
113.2539 	EXP 	KBox2: color = 'blue'
113.2539 	EXP 	YBox: color = 'blue'
113.3025 	EXP 	KBox2: color = 'blue'
113.3025 	EXP 	YBox: color = 'blue'
113.3437 	EXP 	KBox2: color = 'blue'
113.3437 	EXP 	YBox: color = 'blue'
113.3873 	EXP 	KBox2: color = 'blue'
113.3873 	EXP 	YBox: color = 'blue'
113.4377 	EXP 	KBox2: color = 'blue'
113.4377 	EXP 	YBox: color = 'blue'
113.4831 	EXP 	KBox2: color = 'blue'
113.4831 	EXP 	YBox: color = 'blue'
113.5309 	EXP 	KBox2: color = 'blue'
113.5309 	EXP 	YBox: color = 'blue'
113.5735 	EXP 	KBox2: color = 'blue'
113.5735 	EXP 	YBox: color = 'blue'
113.6204 	EXP 	KBox2: color = 'blue'
113.6204 	EXP 	YBox: color = 'blue'
113.6685 	EXP 	KBox2: color = 'blue'
113.6685 	EXP 	YBox: color = 'blue'
113.7144 	EXP 	KBox2: color = 'blue'
113.7144 	EXP 	YBox: color = 'blue'
113.7492 	DATA 	Mouse: Left button down, pos=(361,665)
113.7579 	EXP 	KBox2: color = 'blue'
113.7579 	EXP 	YBox: color = 'blue'
113.8021 	EXP 	KBox2: color = 'blue'
113.8021 	EXP 	YBox: color = 'blue'
113.8482 	EXP 	KBox2: color = 'blue'
113.8482 	EXP 	YBox: color = 'blue'
113.8952 	EXP 	KBox2: color = 'blue'
113.8952 	EXP 	YBox: color = 'blue'
113.9337 	DATA 	Mouse:  Left button up, pos=(361,665)
113.9411 	EXP 	KBox2: color = 'blue'
113.9411 	EXP 	YBox: color = 'blue'
113.9829 	EXP 	KBox2: color = 'blue'
113.9829 	EXP 	YBox: color = 'blue'
114.0174 	DATA 	Mouse: Left button down, pos=(362,664)
114.0249 	EXP 	KBox2: color = 'blue'
114.0249 	EXP 	YBox: color = 'blue'
114.0697 	EXP 	KBox2: color = 'blue'
114.0697 	EXP 	YBox: color = 'blue'
114.1131 	EXP 	KBox2: color = 'blue'
114.1131 	EXP 	YBox: color = 'blue'
114.1546 	DATA 	Mouse:  Left button up, pos=(362,664)
114.1641 	EXP 	KBox2: color = 'blue'
114.1641 	EXP 	YBox: color = 'blue'
114.2052 	EXP 	KBox2: color = 'blue'
114.2052 	EXP 	YBox: color = 'blue'
114.2476 	EXP 	KBox2: color = 'blue'
114.2476 	EXP 	YBox: color = 'blue'
114.2898 	EXP 	KBox2: color = 'blue'
114.2898 	EXP 	YBox: color = 'blue'
114.3372 	EXP 	KBox2: color = 'blue'
114.3372 	EXP 	YBox: color = 'blue'
114.3812 	EXP 	KBox2: color = 'blue'
114.3812 	EXP 	YBox: color = 'blue'
114.4230 	EXP 	KBox2: color = 'blue'
114.4230 	EXP 	YBox: color = 'blue'
114.4709 	EXP 	KBox2: color = 'blue'
114.4709 	EXP 	YBox: color = 'blue'
114.5160 	EXP 	KBox2: color = 'blue'
114.5160 	EXP 	YBox: color = 'blue'
114.5527 	DATA 	Mouse: Left button down, pos=(162,427)
114.5599 	EXP 	KBox2: color = 'blue'
114.5599 	EXP 	YBox: color = 'blue'
114.6038 	EXP 	KBox2: color = 'blue'
114.6038 	EXP 	YBox: color = 'blue'
114.6497 	EXP 	KBox2: color = 'blue'
114.6497 	EXP 	YBox: color = 'blue'
114.6892 	DATA 	Mouse:  Left button up, pos=(162,427)
114.6965 	EXP 	KBox2: color = 'blue'
114.6965 	EXP 	YBox: color = 'blue'
114.7447 	EXP 	KBox2: color = 'blue'
114.7447 	EXP 	YBox: color = 'blue'
114.8027 	EXP 	KBox2: color = 'blue'
114.8027 	EXP 	YBox: color = 'blue'
114.8465 	DATA 	Mouse: Left button down, pos=(162,427)
114.8548 	EXP 	KBox2: color = 'blue'
114.8548 	EXP 	YBox: color = 'blue'
114.9106 	EXP 	KBox2: color = 'blue'
114.9106 	EXP 	YBox: color = 'blue'
114.9677 	EXP 	KBox2: color = 'blue'
114.9677 	EXP 	YBox: color = 'blue'
114.9690 	DATA 	Mouse:  Left button up, pos=(162,427)
115.0198 	EXP 	KBox2: color = 'blue'
115.0198 	EXP 	YBox: color = 'blue'
115.0704 	EXP 	KBox2: color = 'blue'
115.0704 	EXP 	YBox: color = 'blue'
115.1234 	EXP 	KBox2: color = 'blue'
115.1234 	EXP 	YBox: color = 'blue'
115.1707 	DATA 	Mouse: Left button down, pos=(162,427)
115.1784 	EXP 	KBox2: color = 'blue'
115.1784 	EXP 	YBox: color = 'blue'
115.2309 	EXP 	KBox2: color = 'blue'
115.2309 	EXP 	YBox: color = 'blue'
115.2819 	EXP 	KBox2: color = 'blue'
115.2819 	EXP 	YBox: color = 'blue'
115.3282 	DATA 	Mouse:  Left button up, pos=(162,427)
115.3360 	EXP 	KBox2: color = 'blue'
115.3360 	EXP 	YBox: color = 'blue'
115.3867 	EXP 	KBox2: color = 'blue'
115.3867 	EXP 	YBox: color = 'blue'
115.4308 	EXP 	KBox2: color = 'blue'
115.4308 	EXP 	YBox: color = 'blue'
115.4705 	EXP 	KBox2: color = 'blue'
115.4705 	EXP 	YBox: color = 'blue'
115.5140 	EXP 	KBox2: color = 'blue'
115.5140 	EXP 	YBox: color = 'blue'
115.5583 	EXP 	KBox2: color = 'blue'
115.5583 	EXP 	YBox: color = 'blue'
115.6053 	EXP 	KBox2: color = 'blue'
115.6053 	EXP 	YBox: color = 'blue'
115.6528 	EXP 	KBox2: color = 'blue'
115.6528 	EXP 	YBox: color = 'blue'
115.6973 	EXP 	KBox2: color = 'blue'
115.6973 	EXP 	YBox: color = 'blue'
115.7408 	EXP 	KBox2: color = 'blue'
115.7408 	EXP 	YBox: color = 'blue'
115.7866 	EXP 	KBox2: color = 'blue'
115.7866 	EXP 	YBox: color = 'blue'
115.8323 	EXP 	KBox2: color = 'blue'
115.8323 	EXP 	YBox: color = 'blue'
115.8757 	EXP 	KBox2: color = 'blue'
115.8757 	EXP 	YBox: color = 'blue'
115.8804 	DATA 	Mouse: Left button down, pos=(477,374)
115.9230 	EXP 	KBox2: color = 'blue'
115.9230 	EXP 	YBox: color = 'blue'
115.9705 	EXP 	KBox2: color = 'blue'
115.9705 	EXP 	YBox: color = 'blue'
116.0096 	DATA 	Mouse:  Left button up, pos=(476,374)
116.0167 	EXP 	KBox2: color = 'blue'
116.0167 	EXP 	YBox: color = 'blue'
116.0569 	EXP 	KBox2: color = 'blue'
116.0569 	EXP 	YBox: color = 'blue'
116.0959 	EXP 	KBox2: color = 'blue'
116.0959 	EXP 	YBox: color = 'blue'
116.1322 	DATA 	Mouse: Left button down, pos=(476,374)
116.1391 	EXP 	KBox2: color = 'blue'
116.1391 	EXP 	YBox: color = 'blue'
116.1858 	EXP 	KBox2: color = 'blue'
116.1858 	EXP 	YBox: color = 'blue'
116.2311 	EXP 	KBox2: color = 'blue'
116.2311 	EXP 	YBox: color = 'blue'
116.2694 	DATA 	Mouse:  Left button up, pos=(476,374)
116.2785 	EXP 	KBox2: color = 'blue'
116.2785 	EXP 	YBox: color = 'blue'
116.3199 	EXP 	KBox2: color = 'blue'
116.3199 	EXP 	YBox: color = 'blue'
116.3630 	EXP 	KBox2: color = 'blue'
116.3630 	EXP 	YBox: color = 'blue'
116.4083 	EXP 	KBox2: color = 'blue'
116.4083 	EXP 	YBox: color = 'blue'
116.4565 	EXP 	KBox2: color = 'blue'
116.4565 	EXP 	YBox: color = 'blue'
116.5031 	EXP 	KBox2: color = 'blue'
116.5031 	EXP 	YBox: color = 'blue'
116.5544 	EXP 	KBox2: color = 'blue'
116.5544 	EXP 	YBox: color = 'blue'
116.5892 	DATA 	Mouse: Left button down, pos=(373,344)
116.6043 	EXP 	KBox2: color = 'blue'
116.6043 	EXP 	YBox: color = 'blue'
116.6486 	EXP 	KBox2: color = 'blue'
116.6486 	EXP 	YBox: color = 'blue'
116.6944 	EXP 	KBox2: color = 'blue'
116.6944 	EXP 	YBox: color = 'blue'
116.6977 	DATA 	Mouse:  Left button up, pos=(373,344)
116.7402 	EXP 	KBox2: color = 'blue'
116.7402 	EXP 	YBox: color = 'blue'
116.7812 	EXP 	KBox2: color = 'blue'
116.7812 	EXP 	YBox: color = 'blue'
116.8181 	DATA 	Mouse: Left button down, pos=(373,344)
116.8251 	EXP 	KBox2: color = 'blue'
116.8251 	EXP 	YBox: color = 'blue'
116.8693 	EXP 	KBox2: color = 'blue'
116.8693 	EXP 	YBox: color = 'blue'
116.9141 	EXP 	KBox2: color = 'blue'
116.9141 	EXP 	YBox: color = 'blue'
116.9542 	DATA 	Mouse:  Left button up, pos=(373,344)
116.9638 	EXP 	KBox2: color = 'blue'
116.9638 	EXP 	YBox: color = 'blue'
117.0026 	EXP 	KBox2: color = 'blue'
117.0026 	EXP 	YBox: color = 'blue'
117.0470 	EXP 	KBox2: color = 'blue'
117.0470 	EXP 	YBox: color = 'blue'
117.0878 	EXP 	KBox2: color = 'blue'
117.0878 	EXP 	YBox: color = 'blue'
117.1284 	EXP 	KBox2: color = 'blue'
117.1284 	EXP 	YBox: color = 'blue'
117.1697 	EXP 	KBox2: color = 'blue'
117.1697 	EXP 	YBox: color = 'blue'
117.2125 	EXP 	KBox2: color = 'blue'
117.2125 	EXP 	YBox: color = 'blue'
117.2544 	EXP 	KBox2: color = 'blue'
117.2544 	EXP 	YBox: color = 'blue'
117.2975 	EXP 	KBox2: color = 'blue'
117.2975 	EXP 	YBox: color = 'blue'
117.3411 	EXP 	KBox2: color = 'blue'
117.3411 	EXP 	YBox: color = 'blue'
117.3853 	EXP 	KBox2: color = 'blue'
117.3853 	EXP 	YBox: color = 'blue'
117.4364 	EXP 	KBox2: color = 'blue'
117.4364 	EXP 	YBox: color = 'blue'
117.4799 	EXP 	KBox2: color = 'blue'
117.4799 	EXP 	YBox: color = 'blue'
117.5286 	EXP 	KBox2: color = 'blue'
117.5286 	EXP 	YBox: color = 'blue'
117.5729 	EXP 	KBox2: color = 'blue'
117.5729 	EXP 	YBox: color = 'blue'
117.6191 	EXP 	KBox2: color = 'blue'
117.6191 	EXP 	YBox: color = 'blue'
117.6626 	EXP 	KBox2: color = 'blue'
117.6626 	EXP 	YBox: color = 'blue'
117.7098 	EXP 	KBox2: color = 'blue'
117.7098 	EXP 	YBox: color = 'blue'
117.7552 	EXP 	KBox2: color = 'blue'
117.7552 	EXP 	YBox: color = 'blue'
117.8039 	EXP 	KBox2: color = 'blue'
117.8039 	EXP 	YBox: color = 'blue'
117.8387 	DATA 	Mouse: Left button down, pos=(700,464)
117.8470 	EXP 	KBox2: color = 'blue'
117.8470 	EXP 	YBox: color = 'blue'
117.8951 	EXP 	KBox2: color = 'blue'
117.8951 	EXP 	YBox: color = 'blue'
117.9387 	DATA 	Mouse:  Left button up, pos=(700,464)
117.9479 	EXP 	KBox2: color = 'blue'
117.9479 	EXP 	YBox: color = 'blue'
117.9883 	EXP 	KBox2: color = 'blue'
117.9883 	EXP 	YBox: color = 'blue'
118.0346 	EXP 	KBox2: color = 'blue'
118.0346 	EXP 	YBox: color = 'blue'
118.0772 	EXP 	KBox2: color = 'blue'
118.0772 	EXP 	YBox: color = 'blue'
118.1196 	EXP 	KBox2: color = 'blue'
118.1196 	EXP 	YBox: color = 'blue'
118.1692 	EXP 	KBox2: color = 'blue'
118.1692 	EXP 	YBox: color = 'blue'
118.2194 	EXP 	KBox2: color = 'blue'
118.2194 	EXP 	YBox: color = 'blue'
118.2624 	EXP 	KBox2: color = 'blue'
118.2624 	EXP 	YBox: color = 'blue'
118.3061 	EXP 	KBox2: color = 'blue'
118.3061 	EXP 	YBox: color = 'blue'
118.3510 	EXP 	KBox2: color = 'blue'
118.3510 	EXP 	YBox: color = 'blue'
118.3993 	EXP 	KBox2: color = 'blue'
118.3993 	EXP 	YBox: color = 'blue'
118.4460 	EXP 	KBox2: color = 'blue'
118.4460 	EXP 	YBox: color = 'blue'
118.4887 	EXP 	KBox2: color = 'blue'
118.4887 	EXP 	YBox: color = 'blue'
118.5371 	EXP 	KBox2: color = 'blue'
118.5371 	EXP 	YBox: color = 'blue'
118.5382 	DATA 	Mouse: Left button down, pos=(749,462)
118.5830 	EXP 	KBox2: color = 'blue'
118.5830 	EXP 	YBox: color = 'blue'
118.6288 	EXP 	KBox2: color = 'blue'
118.6288 	EXP 	YBox: color = 'blue'
118.6349 	DATA 	Mouse:  Left button up, pos=(749,462)
118.6783 	EXP 	KBox2: color = 'blue'
118.6783 	EXP 	YBox: color = 'blue'
118.7199 	EXP 	KBox2: color = 'blue'
118.7199 	EXP 	YBox: color = 'blue'
118.7611 	EXP 	KBox2: color = 'blue'
118.7611 	EXP 	YBox: color = 'blue'
118.8036 	EXP 	KBox2: color = 'blue'
118.8036 	EXP 	YBox: color = 'blue'
118.8466 	EXP 	KBox2: color = 'blue'
118.8466 	EXP 	YBox: color = 'blue'
118.8952 	EXP 	KBox2: color = 'blue'
118.8952 	EXP 	YBox: color = 'blue'
118.9390 	EXP 	KBox2: color = 'blue'
118.9390 	EXP 	YBox: color = 'blue'
118.9823 	EXP 	KBox2: color = 'blue'
118.9823 	EXP 	YBox: color = 'blue'
119.0295 	EXP 	KBox2: color = 'blue'
119.0295 	EXP 	YBox: color = 'blue'
119.0741 	EXP 	KBox2: color = 'blue'
119.0741 	EXP 	YBox: color = 'blue'
119.1185 	EXP 	KBox2: color = 'blue'
119.1185 	EXP 	YBox: color = 'blue'
119.1199 	DATA 	Mouse: Left button down, pos=(730,345)
119.1733 	EXP 	FBox: color = 'white'
119.1733 	EXP 	KBox2: color = 'white'
119.1733 	EXP 	PBox: color = 'white'
119.1733 	EXP 	SBox2: color = 'white'
119.1733 	EXP 	HBox: color = 'white'
119.1733 	EXP 	LBox: color = 'white'
119.1733 	EXP 	QBox: color = 'white'
119.1733 	EXP 	TBox: color = 'white'
119.1733 	EXP 	JBox: color = 'white'
119.1733 	EXP 	NBox2: color = 'white'
119.1733 	EXP 	RBox: color = 'white'
119.1733 	EXP 	YBox: color = 'white'
119.2290 	EXP 	FBox: color = 'white'
119.2290 	EXP 	KBox2: color = 'white'
119.2290 	EXP 	PBox: color = 'white'
119.2290 	EXP 	SBox2: color = 'white'
119.2290 	EXP 	HBox: color = 'white'
119.2290 	EXP 	LBox: color = 'white'
119.2290 	EXP 	QBox: color = 'white'
119.2290 	EXP 	TBox: color = 'white'
119.2290 	EXP 	JBox: color = 'white'
119.2290 	EXP 	NBox2: color = 'white'
119.2290 	EXP 	RBox: color = 'white'
119.2290 	EXP 	YBox: color = 'white'
119.2821 	EXP 	FBox: color = 'white'
119.2821 	EXP 	KBox2: color = 'white'
119.2821 	EXP 	PBox: color = 'white'
119.2821 	EXP 	SBox2: color = 'white'
119.2821 	EXP 	HBox: color = 'white'
119.2821 	EXP 	LBox: color = 'white'
119.2821 	EXP 	QBox: color = 'white'
119.2821 	EXP 	TBox: color = 'white'
119.2821 	EXP 	JBox: color = 'white'
119.2821 	EXP 	NBox2: color = 'white'
119.2821 	EXP 	RBox: color = 'white'
119.2821 	EXP 	YBox: color = 'white'
119.2837 	DATA 	Mouse:  Left button up, pos=(730,345)
125.2369 	DATA 	Keypress: escape
125.4964 	EXP 	window1: mouseVisible = True
