0.8692 	WARNING 	We strongly recommend you activate the PTB sound engine in PsychoPy prefs as the preferred audio engine. Its timing is vastly superior. Your prefs are currently set to use ['sounddevice', 'pyo', 'pygame'] (in that order).
3.7786 	EXP 	Created window1 = Window(allowGUI=True, allowStencil=False, autoLog=True, backendConf=UNKNOWN, bitsMode=UNKNOWN, blendMode='avg', bpc=(8, 8, 8), color=array([-1, -1, -1]), colorSpace='rgb', depthBits=8, fullscr=<method-wrapper '__getattribute__' of attributeSetter object at 0x7f89bfbe3790>, gamma=None, gammaErrorPolicy='raise', lms=UNKNOWN, monitor=<psychopy.monitors.calibTools.Monitor object at 0x7f8997e50ca0>, multiSample=False, name='window1', numSamples=2, pos=(1024, 576), screen=0, size=array([2048, 1152]), stencilBits=0, stereo=False, units='height', useFBO=True, useRetina=True, viewOri=0.0, viewPos=None, viewScale=None, waitBlanking=True, winType='pyglet')
3.7788 	EXP 	window1: mouseVisible = True
3.7788 	EXP 	window1: mouseVisible = True
3.7788 	EXP 	window1: Attempting to measure frame rate of screen (0) ...
3.7788 	EXP 	window1: recordFrameIntervals = False
3.9451 	EXP 	window1: recordFrameIntervals = True
4.1793 	EXP 	Screen (0) actual frame rate measured at 60.90Hz
4.1794 	EXP 	window1: recordFrameIntervals = False
4.2084 	WARNING 	launchHubServer: If using the iohub mouse or eyetracker devices, fullScr should be True.
5.8517 	EXP 	Created breaktxt = TextStim(__class__=<class 'psychopy.visual.text.TextStim'>, alignHoriz=method-wrapper(...), alignText='center', alignVert=method-wrapper(...), anchorHoriz='center', anchorVert='center', antialias=True, autoDraw=False, autoLog=True, bold=False, color=array([1., 1., 1.]), colorSpace='rgb', contrast=1.0, depth=0.0, flipHoriz=False, flipVert=False, font='Open Sans', fontFiles=[], height=0.04, italic=False, languageStyle='LTR', name='breaktxt', opacity=1.0, ori=0.0, pos=array([0., 0.]), rgb=UNKNOWN, text=str(...), units='height', win=Window(...), wrapWidth=1)
5.8520 	EXP 	window1: mouseVisible = True
5.8673 	EXP 	Created cont_buttonBreak = ImageStim(__class__=<class 'psychopy.visual.image.ImageStim'>, anchor=('center', 'center'), autoLog=True, color=array([1., 1., 1.]), colorSpace='rgb', contrast=1.0, depth=-2.0, flipHoriz=False, flipVert=False, image='continue.png', interpolate=True, mask=None, maskParams=None, name='cont_buttonBreak', opacity=1.0, ori=0.0, pos=array([ 0. , -0.4]), size=array([0.3 , 0.07]), texRes=128.0, units='height', win=Window(...))
5.8885 	EXP 	Created GenInsText = TextStim(__class__=<class 'psychopy.visual.text.TextStim'>, alignHoriz=method-wrapper(...), alignText='center', alignVert=method-wrapper(...), anchorHoriz='center', anchorVert='center', antialias=True, autoDraw=False, autoLog=True, bold=False, color=array([1., 1., 1.]), colorSpace='rgb', contrast=1.0, depth=0.0, flipHoriz=False, flipVert=False, font='Open Sans', fontFiles=[], height=0.030000000000000002, italic=False, languageStyle='LTR', name='GenInsText', opacity=1.0, ori=0.0, pos=array([0., 0.]), rgb=UNKNOWN, text=str(...), units='height', win=Window(...), wrapWidth=1)
5.8886 	EXP 	window1: mouseVisible = True
5.8958 	EXP 	Created cont_buttonGEN = ImageStim(__class__=<class 'psychopy.visual.image.ImageStim'>, anchor=('center', 'center'), autoLog=True, color=array([1., 1., 1.]), colorSpace='rgb', contrast=1.0, depth=-2.0, flipHoriz=False, flipVert=False, image='continue.png', interpolate=True, mask=None, maskParams=None, name='cont_buttonGEN', opacity=1.0, ori=0.0, pos=array([ 0. , -0.4]), size=array([0.3 , 0.07]), texRes=128.0, units='height', win=Window(...))
5.9146 	EXP 	Created FSGenInsText = TextStim(__class__=<class 'psychopy.visual.text.TextStim'>, alignHoriz=method-wrapper(...), alignText='center', alignVert=method-wrapper(...), anchorHoriz='center', anchorVert='center', antialias=True, autoDraw=False, autoLog=True, bold=False, color=array([1., 1., 1.]), colorSpace='rgb', contrast=1.0, depth=0.0, flipHoriz=False, flipVert=False, font='Open Sans', fontFiles=[], height=0.030000000000000002, italic=False, languageStyle='LTR', name='FSGenInsText', opacity=1.0, ori=0.0, pos=array([0., 0.]), rgb=UNKNOWN, text=str(...), units='height', win=Window(...), wrapWidth=1)
5.9147 	EXP 	window1: mouseVisible = True
5.9220 	EXP 	Created cont_buttonFSIns = ImageStim(__class__=<class 'psychopy.visual.image.ImageStim'>, anchor=('center', 'center'), autoLog=True, color=array([1., 1., 1.]), colorSpace='rgb', contrast=1.0, depth=-2.0, flipHoriz=False, flipVert=False, image='continue.png', interpolate=True, mask=None, maskParams=None, name='cont_buttonFSIns', opacity=1.0, ori=0.0, pos=array([ 0. , -0.4]), size=array([0.3 , 0.07]), texRes=128.0, units='height', win=Window(...))
5.9289 	EXP 	Created fixation_2 = TextStim(__class__=<class 'psychopy.visual.text.TextStim'>, alignHoriz=method-wrapper(...), alignText='center', alignVert=method-wrapper(...), anchorHoriz='center', anchorVert='center', antialias=True, autoDraw=False, autoLog=True, bold=False, color=array([1., 1., 1.]), colorSpace='rgb', contrast=1.0, depth=0.0, flipHoriz=False, flipVert=False, font='Arial', fontFiles=[], height=0.1, italic=False, languageStyle='LTR', name='fixation_2', opacity=1.0, ori=0, pos=array([0., 0.]), rgb=UNKNOWN, text='+', units='height', win=Window(...), wrapWidth=1)
5.9300 	EXP 	Created pres_text_practice = TextStim(__class__=<class 'psychopy.visual.text.TextStim'>, alignHoriz=method-wrapper(...), alignText='center', alignVert=method-wrapper(...), anchorHoriz='center', anchorVert='center', antialias=True, autoDraw=False, autoLog=True, bold=False, color=array([1., 1., 1.]), colorSpace='rgb', contrast=1.0, depth=-1.0, flipHoriz=False, flipVert=False, font='Arial', fontFiles=[], height=0.1, italic=False, languageStyle='LTR', name='pres_text_practice', opacity=1.0, ori=0, pos=array([0., 0.]), rgb=UNKNOWN, text='', units='height', win=Window(...), wrapWidth=1)
5.9354 	EXP 	Created recall_txtPractice = TextStim(__class__=<class 'psychopy.visual.text.TextStim'>, alignHoriz=method-wrapper(...), alignText='center', alignVert=method-wrapper(...), anchorHoriz='center', anchorVert='center', antialias=True, autoDraw=False, autoLog=True, bold=False, color=array([1., 1., 1.]), colorSpace='rgb', contrast=1.0, depth=0.0, flipHoriz=False, flipVert=False, font='Arial', fontFiles=[], height=0.05, italic=False, languageStyle='LTR', name='recall_txtPractice', opacity=1.0, ori=0, pos=array([0.  , 0.25]), rgb=UNKNOWN, text='Recall', units='height', win=Window(...), wrapWidth=1)
5.9482 	EXP 	Created cont_buttonPractice = ImageStim(__class__=<class 'psychopy.visual.image.ImageStim'>, anchor=('center', 'center'), autoLog=True, color=array([1., 1., 1.]), colorSpace='rgb', contrast=1.0, depth=-2.0, flipHoriz=False, flipVert=False, image='continue.png', interpolate=True, mask=None, maskParams=None, name='cont_buttonPractice', opacity=1.0, ori=0.0, pos=array([ 0. , -0.4]), size=array([0.3 , 0.07]), texRes=128.0, units='height', win=Window(...))
5.9483 	EXP 	window1: mouseVisible = True
5.9495 	EXP 	Created feedbac_textPractice = TextStim(__class__=<class 'psychopy.visual.text.TextStim'>, alignHoriz=method-wrapper(...), alignText='center', alignVert=method-wrapper(...), anchorHoriz='center', anchorVert='center', antialias=True, autoDraw=False, autoLog=True, bold=False, color=array([1., 1., 1.]), colorSpace='rgb', contrast=1.0, depth=0.0, flipHoriz=False, flipVert=False, font='Arial', fontFiles=[], height=0.05, italic=False, languageStyle='LTR', name='feedbac_textPractice', opacity=1.0, ori=0, pos=array([0., 0.]), rgb=UNKNOWN, text='', units='height', win=Window(...), wrapWidth=1)
5.9641 	EXP 	Created praccomplete = TextStim(__class__=<class 'psychopy.visual.text.TextStim'>, alignHoriz=method-wrapper(...), alignText='center', alignVert=method-wrapper(...), anchorHoriz='center', anchorVert='center', antialias=True, autoDraw=False, autoLog=True, bold=False, color=array([1., 1., 1.]), colorSpace='rgb', contrast=1.0, depth=0.0, flipHoriz=False, flipVert=False, font='Open Sans', fontFiles=[], height=0.04, italic=False, languageStyle='LTR', name='praccomplete', opacity=1.0, ori=0.0, pos=array([0., 0.]), rgb=UNKNOWN, text=str(...), units='height', win=Window(...), wrapWidth=1)
5.9716 	EXP 	Created cont_buttonFSReal = ImageStim(__class__=<class 'psychopy.visual.image.ImageStim'>, anchor=('center', 'center'), autoLog=True, color=array([1., 1., 1.]), colorSpace='rgb', contrast=1.0, depth=-1.0, flipHoriz=False, flipVert=False, image='continue.png', interpolate=True, mask=None, maskParams=None, name='cont_buttonFSReal', opacity=1.0, ori=0.0, pos=array([ 0. , -0.4]), size=array([0.3 , 0.07]), texRes=128.0, units='height', win=Window(...))
5.9717 	EXP 	window1: mouseVisible = True
5.9756 	EXP 	Created fixation = TextStim(__class__=<class 'psychopy.visual.text.TextStim'>, alignHoriz=method-wrapper(...), alignText='center', alignVert=method-wrapper(...), anchorHoriz='center', anchorVert='center', antialias=True, autoDraw=False, autoLog=True, bold=False, color=array([1., 1., 1.]), colorSpace='rgb', contrast=1.0, depth=-1.0, flipHoriz=False, flipVert=False, font='Arial', fontFiles=[], height=0.1, italic=False, languageStyle='LTR', name='fixation', opacity=1.0, ori=0, pos=array([0., 0.]), rgb=UNKNOWN, text='+', units='height', win=Window(...), wrapWidth=1)
5.9767 	EXP 	Created presentation_text = TextStim(__class__=<class 'psychopy.visual.text.TextStim'>, alignHoriz=method-wrapper(...), alignText='center', alignVert=method-wrapper(...), anchorHoriz='center', anchorVert='center', antialias=True, autoDraw=False, autoLog=True, bold=False, color=array([1., 1., 1.]), colorSpace='rgb', contrast=1.0, depth=-2.0, flipHoriz=False, flipVert=False, font='Arial', fontFiles=[], height=0.1, italic=False, languageStyle='LTR', name='presentation_text', opacity=1.0, ori=0, pos=array([0., 0.]), rgb=UNKNOWN, text='', units='height', win=Window(...), wrapWidth=1)
5.9802 	EXP 	Created recall_txt = TextStim(__class__=<class 'psychopy.visual.text.TextStim'>, alignHoriz=method-wrapper(...), alignText='center', alignVert=method-wrapper(...), anchorHoriz='center', anchorVert='center', antialias=True, autoDraw=False, autoLog=True, bold=False, color=array([1., 1., 1.]), colorSpace='rgb', contrast=1.0, depth=0.0, flipHoriz=False, flipVert=False, font='Arial', fontFiles=[], height=0.05, italic=False, languageStyle='LTR', name='recall_txt', opacity=1.0, ori=0, pos=array([0.  , 0.25]), rgb=UNKNOWN, text='Recall', units='height', win=Window(...), wrapWidth=1)
5.9917 	EXP 	Created cont_button = ImageStim(__class__=<class 'psychopy.visual.image.ImageStim'>, anchor=('center', 'center'), autoLog=True, color=array([1., 1., 1.]), colorSpace='rgb', contrast=1.0, depth=-2.0, flipHoriz=False, flipVert=False, image='continue.png', interpolate=True, mask=None, maskParams=None, name='cont_button', opacity=1.0, ori=0.0, pos=array([ 0. , -0.4]), size=array([0.3 , 0.07]), texRes=128.0, units='height', win=Window(...))
5.9918 	EXP 	window1: mouseVisible = True
5.9930 	EXP 	Created feedback_text = TextStim(__class__=<class 'psychopy.visual.text.TextStim'>, alignHoriz=method-wrapper(...), alignText='center', alignVert=method-wrapper(...), anchorHoriz='center', anchorVert='center', antialias=True, autoDraw=False, autoLog=True, bold=False, color=array([1., 1., 1.]), colorSpace='rgb', contrast=1.0, depth=0.0, flipHoriz=False, flipVert=False, font='Arial', fontFiles=[], height=0.05, italic=False, languageStyle='LTR', name='feedback_text', opacity=1.0, ori=0, pos=array([0., 0.]), rgb=UNKNOWN, text='', units='height', win=Window(...), wrapWidth=1)
6.0233 	EXP 	Created BSGenInsText = TextStim(__class__=<class 'psychopy.visual.text.TextStim'>, alignHoriz=method-wrapper(...), alignText='center', alignVert=method-wrapper(...), anchorHoriz='center', anchorVert='center', antialias=True, autoDraw=False, autoLog=True, bold=False, color=array([1., 1., 1.]), colorSpace='rgb', contrast=1.0, depth=0.0, flipHoriz=False, flipVert=False, font='Open Sans', fontFiles=[], height=0.04, italic=False, languageStyle='LTR', name='BSGenInsText', opacity=1.0, ori=0.0, pos=array([0., 0.]), rgb=UNKNOWN, text=str(...), units='height', win=Window(...), wrapWidth=1)
6.0234 	EXP 	window1: mouseVisible = True
6.0311 	EXP 	Created cont_buttonBSIns = ImageStim(__class__=<class 'psychopy.visual.image.ImageStim'>, anchor=('center', 'center'), autoLog=True, color=array([1., 1., 1.]), colorSpace='rgb', contrast=1.0, depth=-2.0, flipHoriz=False, flipVert=False, image='continue.png', interpolate=True, mask=None, maskParams=None, name='cont_buttonBSIns', opacity=1.0, ori=0.0, pos=array([ 0. , -0.4]), size=array([0.3 , 0.07]), texRes=128.0, units='height', win=Window(...))
6.0334 	EXP 	Created fixation_3 = TextStim(__class__=<class 'psychopy.visual.text.TextStim'>, alignHoriz=method-wrapper(...), alignText='center', alignVert=method-wrapper(...), anchorHoriz='center', anchorVert='center', antialias=True, autoDraw=False, autoLog=True, bold=False, color=array([1., 1., 1.]), colorSpace='rgb', contrast=1.0, depth=0.0, flipHoriz=False, flipVert=False, font='Arial', fontFiles=[], height=0.1, italic=False, languageStyle='LTR', name='fixation_3', opacity=1.0, ori=0, pos=array([0., 0.]), rgb=UNKNOWN, text='+', units='height', win=Window(...), wrapWidth=1)
6.0347 	EXP 	Created pres_text_practice_2 = TextStim(__class__=<class 'psychopy.visual.text.TextStim'>, alignHoriz=method-wrapper(...), alignText='center', alignVert=method-wrapper(...), anchorHoriz='center', anchorVert='center', antialias=True, autoDraw=False, autoLog=True, bold=False, color=array([1., 1., 1.]), colorSpace='rgb', contrast=1.0, depth=-1.0, flipHoriz=False, flipVert=False, font='Arial', fontFiles=[], height=0.1, italic=False, languageStyle='LTR', name='pres_text_practice_2', opacity=1.0, ori=0, pos=array([0., 0.]), rgb=UNKNOWN, text='', units='height', win=Window(...), wrapWidth=1)
6.0371 	EXP 	Created recall_txtPractice_2 = TextStim(__class__=<class 'psychopy.visual.text.TextStim'>, alignHoriz=method-wrapper(...), alignText='center', alignVert=method-wrapper(...), anchorHoriz='center', anchorVert='center', antialias=True, autoDraw=False, autoLog=True, bold=False, color=array([1., 1., 1.]), colorSpace='rgb', contrast=1.0, depth=0.0, flipHoriz=False, flipVert=False, font='Arial', fontFiles=[], height=0.05, italic=False, languageStyle='LTR', name='recall_txtPractice_2', opacity=1.0, ori=0, pos=array([0.  , 0.25]), rgb=UNKNOWN, text='Recall', units='height', win=Window(...), wrapWidth=1)
6.0483 	EXP 	Created cont_buttonPractice_2 = ImageStim(__class__=<class 'psychopy.visual.image.ImageStim'>, anchor=('center', 'center'), autoLog=True, color=array([1., 1., 1.]), colorSpace='rgb', contrast=1.0, depth=-2.0, flipHoriz=False, flipVert=False, image='continue.png', interpolate=True, mask=None, maskParams=None, name='cont_buttonPractice_2', opacity=1.0, ori=0.0, pos=array([ 0. , -0.4]), size=array([0.3 , 0.07]), texRes=128.0, units='height', win=Window(...))
6.0485 	EXP 	window1: mouseVisible = True
6.0496 	EXP 	Created feedbac_textPractice_2 = TextStim(__class__=<class 'psychopy.visual.text.TextStim'>, alignHoriz=method-wrapper(...), alignText='center', alignVert=method-wrapper(...), anchorHoriz='center', anchorVert='center', antialias=True, autoDraw=False, autoLog=True, bold=False, color=array([1., 1., 1.]), colorSpace='rgb', contrast=1.0, depth=0.0, flipHoriz=False, flipVert=False, font='Arial', fontFiles=[], height=0.05, italic=False, languageStyle='LTR', name='feedbac_textPractice_2', opacity=1.0, ori=0, pos=array([0., 0.]), rgb=UNKNOWN, text='', units='height', win=Window(...), wrapWidth=1)
6.0613 	EXP 	Created praccompleteBS = TextStim(__class__=<class 'psychopy.visual.text.TextStim'>, alignHoriz=method-wrapper(...), alignText='center', alignVert=method-wrapper(...), anchorHoriz='center', anchorVert='center', antialias=True, autoDraw=False, autoLog=True, bold=False, color=array([1., 1., 1.]), colorSpace='rgb', contrast=1.0, depth=0.0, flipHoriz=False, flipVert=False, font='Open Sans', fontFiles=[], height=0.05, italic=False, languageStyle='LTR', name='praccompleteBS', opacity=1.0, ori=0.0, pos=array([0., 0.]), rgb=UNKNOWN, text=str(...), units='height', win=Window(...), wrapWidth=1)
6.0687 	EXP 	Created cont_buttonBSReal = ImageStim(__class__=<class 'psychopy.visual.image.ImageStim'>, anchor=('center', 'center'), autoLog=True, color=array([1., 1., 1.]), colorSpace='rgb', contrast=1.0, depth=-1.0, flipHoriz=False, flipVert=False, image='continue.png', interpolate=True, mask=None, maskParams=None, name='cont_buttonBSReal', opacity=1.0, ori=0.0, pos=array([ 0. , -0.4]), size=array([0.3 , 0.07]), texRes=128.0, units='height', win=Window(...))
6.0689 	EXP 	window1: mouseVisible = True
6.0712 	EXP 	Created fixationBS = TextStim(__class__=<class 'psychopy.visual.text.TextStim'>, alignHoriz=method-wrapper(...), alignText='center', alignVert=method-wrapper(...), anchorHoriz='center', anchorVert='center', antialias=True, autoDraw=False, autoLog=True, bold=False, color=array([1., 1., 1.]), colorSpace='rgb', contrast=1.0, depth=-1.0, flipHoriz=False, flipVert=False, font='Arial', fontFiles=[], height=0.1, italic=False, languageStyle='LTR', name='fixationBS', opacity=1.0, ori=0, pos=array([0., 0.]), rgb=UNKNOWN, text='+', units='height', win=Window(...), wrapWidth=1)
6.0722 	EXP 	Created presentation_textBS = TextStim(__class__=<class 'psychopy.visual.text.TextStim'>, alignHoriz=method-wrapper(...), alignText='center', alignVert=method-wrapper(...), anchorHoriz='center', anchorVert='center', antialias=True, autoDraw=False, autoLog=True, bold=False, color=array([1., 1., 1.]), colorSpace='rgb', contrast=1.0, depth=-2.0, flipHoriz=False, flipVert=False, font='Arial', fontFiles=[], height=0.1, italic=False, languageStyle='LTR', name='presentation_textBS', opacity=1.0, ori=0, pos=array([0., 0.]), rgb=UNKNOWN, text='', units='height', win=Window(...), wrapWidth=1)
6.0766 	EXP 	Created recall_txtBS = TextStim(__class__=<class 'psychopy.visual.text.TextStim'>, alignHoriz=method-wrapper(...), alignText='center', alignVert=method-wrapper(...), anchorHoriz='center', anchorVert='center', antialias=True, autoDraw=False, autoLog=True, bold=False, color=array([1., 1., 1.]), colorSpace='rgb', contrast=1.0, depth=0.0, flipHoriz=False, flipVert=False, font='Arial', fontFiles=[], height=0.05, italic=False, languageStyle='LTR', name='recall_txtBS', opacity=1.0, ori=0, pos=array([0.  , 0.25]), rgb=UNKNOWN, text='Recall', units='height', win=Window(...), wrapWidth=1)
6.0881 	EXP 	Created cont_buttonBS = ImageStim(__class__=<class 'psychopy.visual.image.ImageStim'>, anchor=('center', 'center'), autoLog=True, color=array([1., 1., 1.]), colorSpace='rgb', contrast=1.0, depth=-2.0, flipHoriz=False, flipVert=False, image='continue.png', interpolate=True, mask=None, maskParams=None, name='cont_buttonBS', opacity=1.0, ori=0.0, pos=array([ 0. , -0.4]), size=array([0.3 , 0.07]), texRes=128.0, units='height', win=Window(...))
6.0882 	EXP 	window1: mouseVisible = True
6.0894 	EXP 	Created feedback_textBS = TextStim(__class__=<class 'psychopy.visual.text.TextStim'>, alignHoriz=method-wrapper(...), alignText='center', alignVert=method-wrapper(...), anchorHoriz='center', anchorVert='center', antialias=True, autoDraw=False, autoLog=True, bold=False, color=array([1., 1., 1.]), colorSpace='rgb', contrast=1.0, depth=0.0, flipHoriz=False, flipVert=False, font='Arial', fontFiles=[], height=0.05, italic=False, languageStyle='LTR', name='feedback_textBS', opacity=1.0, ori=0, pos=array([0., 0.]), rgb=UNKNOWN, text='', units='height', win=Window(...), wrapWidth=1)
6.1092 	EXP 	Created ThankYou = TextStim(__class__=<class 'psychopy.visual.text.TextStim'>, alignHoriz=method-wrapper(...), alignText='center', alignVert=method-wrapper(...), anchorHoriz='center', anchorVert='center', antialias=True, autoDraw=False, autoLog=True, bold=False, color=array([1., 1., 1.]), colorSpace='rgb', contrast=1.0, depth=0.0, flipHoriz=False, flipVert=False, font='Open Sans', fontFiles=[], height=0.030000000000000002, italic=False, languageStyle='LTR', name='ThankYou', opacity=1.0, ori=0.0, pos=array([0., 0.]), rgb=UNKNOWN, text=str(...), units='height', win=Window(...), wrapWidth=1)
6.1155 	EXP 	Imported cgtPractice.xlsx as conditions, 5 conditions, 6 params
6.1159 	EXP 	Created sequence: sequential, trialTypes=5, nReps=1, seed=None
6.1162 	EXP 	New trial (rep=0, index=0): {'riskyGain': 18.23, 'riskyLoss': 0, 'alternative': 9.45, 'isi': 2, 'iti': 1, 'loc': 1}
6.1171 	EXP 	New trial (rep=0, index=1): {'riskyGain': 53.27, 'riskyLoss': 0, 'alternative': 35.16, 'isi': 1, 'iti': 3, 'loc': 1}
6.1179 	EXP 	New trial (rep=0, index=2): {'riskyGain': 8.27, 'riskyLoss': 0, 'alternative': 1.15, 'isi': 1, 'iti': 2, 'loc': 2}
6.1188 	EXP 	New trial (rep=0, index=3): {'riskyGain': 45.88, 'riskyLoss': 0, 'alternative': 40.41, 'isi': 3, 'iti': 1, 'loc': 1}
6.1198 	EXP 	New trial (rep=0, index=4): {'riskyGain': 21.56, 'riskyLoss': 0, 'alternative': 11.96, 'isi': 1, 'iti': 1, 'loc': 2}
6.1260 	EXP 	Imported CGT-choice-set.csv as conditions, 50 conditions, 4 params
6.1265 	EXP 	Created sequence: random, trialTypes=50, nReps=1, seed=None
6.1267 	EXP 	New trial (rep=0, index=0): OrderedDict([('riskyoption1', 20.53), ('riskyoption2', 0.0), ('safeoption', 7.73), ('ischecktrial', 0)])
6.1277 	EXP 	New trial (rep=0, index=1): OrderedDict([('riskyoption1', 17.73), ('riskyoption2', 0.0), ('safeoption', 3.13), ('ischecktrial', 0)])
6.1286 	EXP 	New trial (rep=0, index=2): OrderedDict([('riskyoption1', 20.03), ('riskyoption2', 0.0), ('safeoption', 1.99), ('ischecktrial', 0)])
6.1294 	EXP 	New trial (rep=0, index=3): OrderedDict([('riskyoption1', 0.0), ('riskyoption2', 0.0), ('safeoption', 3.13), ('ischecktrial', 1)])
6.1303 	EXP 	New trial (rep=0, index=4): OrderedDict([('riskyoption1', 13.94), ('riskyoption2', 0.0), ('safeoption', 5.03), ('ischecktrial', 0)])
6.1310 	EXP 	New trial (rep=0, index=5): OrderedDict([('riskyoption1', 18.33), ('riskyoption2', 0.0), ('safeoption', 8.84), ('ischecktrial', 0)])
6.1316 	EXP 	New trial (rep=0, index=6): OrderedDict([('riskyoption1', 19.28), ('riskyoption2', 0.0), ('safeoption', 8.36), ('ischecktrial', 0)])
6.1323 	EXP 	New trial (rep=0, index=7): OrderedDict([('riskyoption1', 15.96), ('riskyoption2', 0.0), ('safeoption', 10.02), ('ischecktrial', 0)])
6.1330 	EXP 	New trial (rep=0, index=8): OrderedDict([('riskyoption1', 28.21), ('riskyoption2', 0.0), ('safeoption', 3.89), ('ischecktrial', 0)])
6.1337 	EXP 	New trial (rep=0, index=9): OrderedDict([('riskyoption1', 17.28), ('riskyoption2', 0.0), ('safeoption', 9.36), ('ischecktrial', 0)])
6.1344 	EXP 	New trial (rep=0, index=10): OrderedDict([('riskyoption1', 12.08), ('riskyoption2', 0.0), ('safeoption', 5.96), ('ischecktrial', 0)])
6.1351 	EXP 	New trial (rep=0, index=11): OrderedDict([('riskyoption1', 15.7), ('riskyoption2', 0.0), ('safeoption', 10.15), ('ischecktrial', 0)])
6.1357 	EXP 	New trial (rep=0, index=12): OrderedDict([('riskyoption1', 12.36), ('riskyoption2', 0.0), ('safeoption', 5.82), ('ischecktrial', 0)])
6.1364 	EXP 	New trial (rep=0, index=13): OrderedDict([('riskyoption1', 13.1), ('riskyoption2', 7.73), ('safeoption', 4.68), ('ischecktrial', 1)])
6.1371 	EXP 	New trial (rep=0, index=14): OrderedDict([('riskyoption1', 19.86), ('riskyoption2', 0.0), ('safeoption', 8.07), ('ischecktrial', 0)])
6.1378 	EXP 	New trial (rep=0, index=15): OrderedDict([('riskyoption1', 11.84), ('riskyoption2', 0.0), ('safeoption', 6.08), ('ischecktrial', 0)])
6.1385 	EXP 	New trial (rep=0, index=16): OrderedDict([('riskyoption1', 10.68), ('riskyoption2', 0.0), ('safeoption', 10.68), ('ischecktrial', 1)])
6.1392 	EXP 	New trial (rep=0, index=17): OrderedDict([('riskyoption1', 11.43), ('riskyoption2', 0.0), ('safeoption', 6.29), ('ischecktrial', 0)])
6.1399 	EXP 	New trial (rep=0, index=18): OrderedDict([('riskyoption1', 0.0), ('riskyoption2', 0.0), ('safeoption', 7.55), ('ischecktrial', 1)])
6.1406 	EXP 	New trial (rep=0, index=19): OrderedDict([('riskyoption1', 11.62), ('riskyoption2', 0.0), ('safeoption', 6.19), ('ischecktrial', 0)])
6.1414 	EXP 	New trial (rep=0, index=20): OrderedDict([('riskyoption1', 10.35), ('riskyoption2', 0.0), ('safeoption', 0.0), ('ischecktrial', 1)])
6.1422 	EXP 	New trial (rep=0, index=21): OrderedDict([('riskyoption1', 14.26), ('riskyoption2', 0.0), ('safeoption', 0.0), ('ischecktrial', 1)])
6.1429 	EXP 	New trial (rep=0, index=22): OrderedDict([('riskyoption1', 14.72), ('riskyoption2', 0.0), ('safeoption', 4.64), ('ischecktrial', 0)])
6.1436 	EXP 	New trial (rep=0, index=23): OrderedDict([('riskyoption1', 10.24), ('riskyoption2', 0.0), ('safeoption', 6.88), ('ischecktrial', 0)])
6.1443 	EXP 	New trial (rep=0, index=24): OrderedDict([('riskyoption1', 15.09), ('riskyoption2', 0.0), ('safeoption', 10.46), ('ischecktrial', 0)])
6.1450 	EXP 	New trial (rep=0, index=25): OrderedDict([('riskyoption1', 10.55), ('riskyoption2', 0.0), ('safeoption', 6.73), ('ischecktrial', 0)])
6.1457 	EXP 	New trial (rep=0, index=26): OrderedDict([('riskyoption1', 17.59), ('riskyoption2', 0.0), ('safeoption', 9.2), ('ischecktrial', 0)])
6.1464 	EXP 	New trial (rep=0, index=27): OrderedDict([('riskyoption1', 15.47), ('riskyoption2', 0.0), ('safeoption', 10.27), ('ischecktrial', 0)])
6.1471 	EXP 	New trial (rep=0, index=28): OrderedDict([('riskyoption1', 16.26), ('riskyoption2', 0.0), ('safeoption', 9.87), ('ischecktrial', 0)])
6.1477 	EXP 	New trial (rep=0, index=29): OrderedDict([('riskyoption1', 10.12), ('riskyoption2', 0.0), ('safeoption', 6.94), ('ischecktrial', 0)])
6.1485 	EXP 	New trial (rep=0, index=30): OrderedDict([('riskyoption1', 6.79), ('riskyoption2', 0.0), ('safeoption', 9.92), ('ischecktrial', 1)])
6.1491 	EXP 	New trial (rep=0, index=31): OrderedDict([('riskyoption1', 22.97), ('riskyoption2', 0.0), ('safeoption', 6.51), ('ischecktrial', 0)])
6.1498 	EXP 	New trial (rep=0, index=32): OrderedDict([('riskyoption1', 0.0), ('riskyoption2', 0.0), ('safeoption', 10.25), ('ischecktrial', 1)])
6.1505 	EXP 	New trial (rep=0, index=33): OrderedDict([('riskyoption1', 21.32), ('riskyoption2', 0.0), ('safeoption', 7.34), ('ischecktrial', 0)])
6.1512 	EXP 	New trial (rep=0, index=34): OrderedDict([('riskyoption1', 10.73), ('riskyoption2', 0.0), ('safeoption', 6.63), ('ischecktrial', 0)])
6.1519 	EXP 	New trial (rep=0, index=35): OrderedDict([('riskyoption1', 25.2), ('riskyoption2', 0.0), ('safeoption', 5.4), ('ischecktrial', 0)])
6.1526 	EXP 	New trial (rep=0, index=36): OrderedDict([('riskyoption1', 19.86), ('riskyoption2', 0.0), ('safeoption', 0.0), ('ischecktrial', 1)])
6.1532 	EXP 	New trial (rep=0, index=37): OrderedDict([('riskyoption1', 17.94), ('riskyoption2', 0.0), ('safeoption', 9.03), ('ischecktrial', 0)])
6.1539 	EXP 	New trial (rep=0, index=38): OrderedDict([('riskyoption1', 16.11), ('riskyoption2', 6.99), ('safeoption', 6.99), ('ischecktrial', 1)])
6.1546 	EXP 	New trial (rep=0, index=39): OrderedDict([('riskyoption1', 13.45), ('riskyoption2', 0.0), ('safeoption', 5.27), ('ischecktrial', 0)])
6.1553 	EXP 	New trial (rep=0, index=40): OrderedDict([('riskyoption1', 17.0), ('riskyoption2', 0.0), ('safeoption', 9.5), ('ischecktrial', 0)])
6.1561 	EXP 	New trial (rep=0, index=41): OrderedDict([('riskyoption1', 16.6), ('riskyoption2', 0.0), ('safeoption', 9.7), ('ischecktrial', 0)])
6.1568 	EXP 	New trial (rep=0, index=42): OrderedDict([('riskyoption1', 12.68), ('riskyoption2', 0.0), ('safeoption', 5.66), ('ischecktrial', 0)])
6.1575 	EXP 	New trial (rep=0, index=43): OrderedDict([('riskyoption1', 10.95), ('riskyoption2', 0.0), ('safeoption', 6.53), ('ischecktrial', 0)])
6.1582 	EXP 	New trial (rep=0, index=44): OrderedDict([('riskyoption1', 11.2), ('riskyoption2', 0.0), ('safeoption', 6.4), ('ischecktrial', 0)])
6.1589 	EXP 	New trial (rep=0, index=45): OrderedDict([('riskyoption1', 13.04), ('riskyoption2', 0.0), ('safeoption', 5.48), ('ischecktrial', 0)])
6.1596 	EXP 	New trial (rep=0, index=46): OrderedDict([('riskyoption1', 16.0), ('riskyoption2', 0.0), ('safeoption', 4.0), ('ischecktrial', 0)])
6.1603 	EXP 	New trial (rep=0, index=47): OrderedDict([('riskyoption1', 15.27), ('riskyoption2', 0.0), ('safeoption', 10.37), ('ischecktrial', 0)])
6.1610 	EXP 	New trial (rep=0, index=48): OrderedDict([('riskyoption1', 18.77), ('riskyoption2', 0.0), ('safeoption', 8.61), ('ischecktrial', 0)])
6.1617 	EXP 	New trial (rep=0, index=49): OrderedDict([('riskyoption1', 10.39), ('riskyoption2', 0.0), ('safeoption', 6.81), ('ischecktrial', 0)])
6.1670 	EXP 	window1: mouseVisible = True
